{"_index":"logs-endpoint-winevent-wmiactivity-2022.01.18","_type":"_doc","_id":"60934ef0728413dec68c7d251d1a4900184d9b7d","_score":1.0,"_source":{"level":"error","wmi_component":"Unknown","wmi_xml_operation":"Operation_ClientFailure","etl_processed_time":"2022-01-18T19:17:23.882Z","etl_kafka_topic":"winlogbeat","event_id":5858,"meta_user_name_is_machine":"false","task":"","etl_host_agent_type":"winlogbeat","user_domain":"nt authority","user_name":"system","wmi_client_machine":"WIN10","etl_kafka_offset":3092,"etl_version":"2020.04.19.01","etl_host_agent_uid":"8faec186-b368-44a8-a9c5-6e284dfc7aea","@timestamp":"2022-01-18T17:41:12.386Z","beat_version":"7.6.2","z_elastic_ecs":{"agent":{},"log":{},"host":{},"event":{"provider":"Microsoft-Windows-WMI-Activity","kind":"event","created":"2022-01-18T19:17:14.645Z","code":5858},"ecs":{"version":"1.4.0"},"user":{"type":"User","identifier":"S-1-5-18","domain":"NT AUTHORITY","name":"SYSTEM"},"winlog":{"process":{"thread":{}}}},"beat_hostname":"win10","log_name":"Microsoft-Windows-WMI-Activity/Operational","wmi_id":"{3C52321B-3A5D-4210-AE56-79EECB96E4FD}","etl_kafka_partition":0,"wmi_operation":"Start IWbemServices::DeleteInstance - Root\\Rsop\\User\\S_1_5_21_2710683477_379927232_207942850_1000 : RSOP_ExtensionStatus.extensionGuid=\"{CF7639F3-ABA2-41DB-97F2-81E2C5DBFC5D}\"","wmi_possible_cause":"Unknown","User":"nt authority\\system","type":"wineventlog","provider_guid":"1418ef04-b0b4-4623-bf7e-d74ab47bbdaa","wmi_result_code":"0x80041002","event_original_time":"2022-01-18T17:41:12.386Z","thread_id":3816,"etl_host_agent_ephemeral_uid":"298c86f2-fe36-4c4c-88aa-2a80cc6ed89e","@version":"1","opcode":"Info","etl_pipeline":["all-filter-0098","all-add_processed_timestamp","fingerprint-winlogbeats7","winlogbeat_7_and_above-field_nest_cleanup","winlogbeat_7_and_above-field_cleanups","1500","1522","wmi-user_field_renames","wmi-all-extract_domain_and_user_name","wmi-event_id-5858-field_rename","general_rename-various_global_options","provider_guid-cleanup","winevent-hostname-cleanup","winevent-user_name-is-machine-account","final-cleanup-message_field"],"record_number":340,"event_original_message":"Id = {3C52321B-3A5D-4210-AE56-79EECB96E4FD}; ClientMachine = WIN10; User = NT AUTHORITY\\SYSTEM; ClientProcessId = 2740; Component = Unknown; Operation = Start IWbemServices::DeleteInstance - Root\\Rsop\\User\\S_1_5_21_2710683477_379927232_207942850_1000 : RSOP_ExtensionStatus.extensionGuid=\"{CF7639F3-ABA2-41DB-97F2-81E2C5DBFC5D}\"; ResultCode = 0x80041002; PossibleCause = Unknown","source_name":"Microsoft-Windows-WMI-Activity","process_id":"2740","etl_kafka_time":1642527672386,"host_name":"win10.windomain.local"}},{"_index":"logs-endpoint-winevent-wmiactivity-2022.01.18","_type":"_doc","_id":"572a22d0b492b477063488095ef3f6e1f5207535","_score":1.0,"_source":{"level":"error","wmi_component":"Unknown","wmi_xml_operation":"Operation_ClientFailure","etl_processed_time":"2022-01-18T19:17:23.882Z","etl_kafka_topic":"winlogbeat","event_id":5858,"meta_user_name_is_machine":"false","task":"","etl_host_agent_type":"winlogbeat","user_domain":"nt authority","user_name":"system","wmi_client_machine":"WIN10","etl_kafka_offset":3093,"etl_version":"2020.04.19.01","etl_host_agent_uid":"8faec186-b368-44a8-a9c5-6e284dfc7aea","@timestamp":"2022-01-18T17:41:13.031Z","beat_version":"7.6.2","z_elastic_ecs":{"agent":{},"log":{},"host":{},"event":{"provider":"Microsoft-Windows-WMI-Activity","kind":"event","created":"2022-01-18T19:17:14.645Z","code":5858},"ecs":{"version":"1.4.0"},"user":{"type":"User","identifier":"S-1-5-18","domain":"NT AUTHORITY","name":"SYSTEM"},"winlog":{"process":{"thread":{}}}},"beat_hostname":"win10","log_name":"Microsoft-Windows-WMI-Activity/Operational","wmi_id":"{3C52321B-3A5D-4210-AE56-79EECB96E4FD}","etl_kafka_partition":0,"wmi_operation":"Start IWbemServices::DeleteInstance - Root\\Rsop\\User\\S_1_5_21_2710683477_379927232_207942850_1000 : RSOP_ExtensionStatus.extensionGuid=\"{CFF649BD-601D-4361-AD3D-0FC365DB4DB7}\"","wmi_possible_cause":"Unknown","User":"nt authority\\system","type":"wineventlog","provider_guid":"1418ef04-b0b4-4623-bf7e-d74ab47bbdaa","wmi_result_code":"0x80041002","event_original_time":"2022-01-18T17:41:13.031Z","thread_id":3816,"etl_host_agent_ephemeral_uid":"298c86f2-fe36-4c4c-88aa-2a80cc6ed89e","@version":"1","opcode":"Info","etl_pipeline":["all-filter-0098","all-add_processed_timestamp","fingerprint-winlogbeats7","winlogbeat_7_and_above-field_nest_cleanup","winlogbeat_7_and_above-field_cleanups","1500","1522","wmi-user_field_renames","wmi-all-extract_domain_and_user_name","wmi-event_id-5858-field_rename","general_rename-various_global_options","provider_guid-cleanup","winevent-hostname-cleanup","winevent-user_name-is-machine-account","final-cleanup-message_field"],"record_number":341,"event_original_message":"Id = {3C52321B-3A5D-4210-AE56-79EECB96E4FD}; ClientMachine = WIN10; User = NT AUTHORITY\\SYSTEM; ClientProcessId = 2740; Component = Unknown; Operation = Start IWbemServices::DeleteInstance - Root\\Rsop\\User\\S_1_5_21_2710683477_379927232_207942850_1000 : RSOP_ExtensionStatus.extensionGuid=\"{CFF649BD-601D-4361-AD3D-0FC365DB4DB7}\"; ResultCode = 0x80041002; PossibleCause = Unknown","source_name":"Microsoft-Windows-WMI-Activity","process_id":"2740","etl_kafka_time":1642527673031,"host_name":"win10.windomain.local"}},{"_index":"logs-endpoint-winevent-wmiactivity-2022.01.18","_type":"_doc","_id":"00ef14be64813cd5aa6500f568afb7338ca1aac0","_score":1.0,"_source":{"level":"error","wmi_component":"Unknown","wmi_xml_operation":"Operation_ClientFailure","etl_processed_time":"2022-01-18T19:17:23.882Z","etl_kafka_topic":"winlogbeat","event_id":5858,"meta_user_name_is_machine":"false","task":"","etl_host_agent_type":"winlogbeat","user_domain":"nt authority","user_name":"system","wmi_client_machine":"WIN10","etl_kafka_offset":3094,"etl_version":"2020.04.19.01","etl_host_agent_uid":"8faec186-b368-44a8-a9c5-6e284dfc7aea","@timestamp":"2022-01-18T17:41:13.034Z","beat_version":"7.6.2","z_elastic_ecs":{"agent":{},"log":{},"host":{},"event":{"provider":"Microsoft-Windows-WMI-Activity","kind":"event","created":"2022-01-18T19:17:14.645Z","code":5858},"ecs":{"version":"1.4.0"},"user":{"identifier":"S-1-5-18","type":"User","domain":"NT AUTHORITY","name":"SYSTEM"},"winlog":{"process":{"thread":{}}}},"beat_hostname":"win10","log_name":"Microsoft-Windows-WMI-Activity/Operational","wmi_id":"{3C52321B-3A5D-4210-AE56-79EECB96E4FD}","etl_kafka_partition":0,"wmi_operation":"Start IWbemServices::DeleteInstance - Root\\Rsop\\User\\S_1_5_21_2710683477_379927232_207942850_1000 : RSOP_ExtensionStatus.extensionGuid=\"{E47248BA-94CC-49c4-BBB5-9EB7F05183D0}\"","wmi_possible_cause":"Unknown","User":"nt authority\\system","type":"wineventlog","provider_guid":"1418ef04-b0b4-4623-bf7e-d74ab47bbdaa","wmi_result_code":"0x80041002","event_original_time":"2022-01-18T17:41:13.034Z","thread_id":3816,"etl_host_agent_ephemeral_uid":"298c86f2-fe36-4c4c-88aa-2a80cc6ed89e","@version":"1","opcode":"Info","etl_pipeline":["all-filter-0098","all-add_processed_timestamp","fingerprint-winlogbeats7","winlogbeat_7_and_above-field_nest_cleanup","winlogbeat_7_and_above-field_cleanups","1500","1522","wmi-user_field_renames","wmi-all-extract_domain_and_user_name","wmi-event_id-5858-field_rename","general_rename-various_global_options","provider_guid-cleanup","winevent-hostname-cleanup","winevent-user_name-is-machine-account","final-cleanup-message_field"],"record_number":342,"event_original_message":"Id = {3C52321B-3A5D-4210-AE56-79EECB96E4FD}; ClientMachine = WIN10; User = NT AUTHORITY\\SYSTEM; ClientProcessId = 2740; Component = Unknown; Operation = Start IWbemServices::DeleteInstance - Root\\Rsop\\User\\S_1_5_21_2710683477_379927232_207942850_1000 : RSOP_ExtensionStatus.extensionGuid=\"{E47248BA-94CC-49c4-BBB5-9EB7F05183D0}\"; ResultCode = 0x80041002; PossibleCause = Unknown","source_name":"Microsoft-Windows-WMI-Activity","process_id":"2740","etl_kafka_time":1642527673035,"host_name":"win10.windomain.local"}},{"_index":"logs-endpoint-winevent-wmiactivity-2022.01.18","_type":"_doc","_id":"8a871ef37f0c1f0d2966d0ca29b9ad1d722e1383","_score":1.0,"_source":{"level":"error","wmi_component":"Unknown","wmi_xml_operation":"Operation_ClientFailure","etl_processed_time":"2022-01-18T19:17:23.882Z","etl_kafka_topic":"winlogbeat","event_id":5858,"meta_user_name_is_machine":"false","task":"","etl_host_agent_type":"winlogbeat","user_domain":"nt authority","user_name":"system","wmi_client_machine":"WIN10","etl_kafka_offset":3095,"etl_version":"2020.04.19.01","etl_host_agent_uid":"8faec186-b368-44a8-a9c5-6e284dfc7aea","@timestamp":"2022-01-18T17:41:13.039Z","beat_version":"7.6.2","z_elastic_ecs":{"agent":{},"log":{},"host":{},"event":{"provider":"Microsoft-Windows-WMI-Activity","kind":"event","created":"2022-01-18T19:17:14.645Z","code":5858},"ecs":{"version":"1.4.0"},"user":{"type":"User","identifier":"S-1-5-18","domain":"NT AUTHORITY","name":"SYSTEM"},"winlog":{"process":{"thread":{}}}},"beat_hostname":"win10","log_name":"Microsoft-Windows-WMI-Activity/Operational","wmi_id":"{3C52321B-3A5D-4210-AE56-79EECB96E4FD}","etl_kafka_partition":0,"wmi_operation":"Start IWbemServices::DeleteInstance - Root\\Rsop\\User\\S_1_5_21_2710683477_379927232_207942850_1000 : RSOP_ExtensionStatus.extensionGuid=\"{E4F48E54-F38D-4884-BFB9-D4D2E5729C18}\"","wmi_possible_cause":"Unknown","User":"nt authority\\system","type":"wineventlog","provider_guid":"1418ef04-b0b4-4623-bf7e-d74ab47bbdaa","wmi_result_code":"0x80041002","event_original_time":"2022-01-18T17:41:13.039Z","thread_id":3816,"etl_host_agent_ephemeral_uid":"298c86f2-fe36-4c4c-88aa-2a80cc6ed89e","@version":"1","opcode":"Info","etl_pipeline":["all-filter-0098","all-add_processed_timestamp","fingerprint-winlogbeats7","winlogbeat_7_and_above-field_nest_cleanup","winlogbeat_7_and_above-field_cleanups","1500","1522","wmi-user_field_renames","wmi-all-extract_domain_and_user_name","wmi-event_id-5858-field_rename","general_rename-various_global_options","provider_guid-cleanup","winevent-hostname-cleanup","winevent-user_name-is-machine-account","final-cleanup-message_field"],"record_number":343,"event_original_message":"Id = {3C52321B-3A5D-4210-AE56-79EECB96E4FD}; ClientMachine = WIN10; User = NT AUTHORITY\\SYSTEM; ClientProcessId = 2740; Component = Unknown; Operation = Start IWbemServices::DeleteInstance - Root\\Rsop\\User\\S_1_5_21_2710683477_379927232_207942850_1000 : RSOP_ExtensionStatus.extensionGuid=\"{E4F48E54-F38D-4884-BFB9-D4D2E5729C18}\"; ResultCode = 0x80041002; PossibleCause = Unknown","source_name":"Microsoft-Windows-WMI-Activity","process_id":"2740","etl_kafka_time":1642527673040,"host_name":"win10.windomain.local"}},{"_index":"logs-endpoint-winevent-wmiactivity-2022.01.18","_type":"_doc","_id":"287e50f5aa0025c42693d6bbfbdb7b6f3eda302a","_score":1.0,"_source":{"level":"error","wmi_component":"Unknown","wmi_xml_operation":"Operation_ClientFailure","etl_processed_time":"2022-01-18T19:17:23.882Z","etl_kafka_topic":"winlogbeat","event_id":5858,"meta_user_name_is_machine":"false","task":"","etl_host_agent_type":"winlogbeat","user_domain":"nt authority","user_name":"system","wmi_client_machine":"WIN10","etl_kafka_offset":3096,"etl_version":"2020.04.19.01","etl_host_agent_uid":"8faec186-b368-44a8-a9c5-6e284dfc7aea","@timestamp":"2022-01-18T17:41:13.043Z","beat_version":"7.6.2","z_elastic_ecs":{"agent":{},"log":{},"host":{},"event":{"provider":"Microsoft-Windows-WMI-Activity","kind":"event","created":"2022-01-18T19:17:14.645Z","code":5858},"ecs":{"version":"1.4.0"},"user":{"type":"User","identifier":"S-1-5-18","domain":"NT AUTHORITY","name":"SYSTEM"},"winlog":{"process":{"thread":{}}}},"beat_hostname":"win10","log_name":"Microsoft-Windows-WMI-Activity/Operational","wmi_id":"{3C52321B-3A5D-4210-AE56-79EECB96E4FD}","etl_kafka_partition":0,"wmi_operation":"Start IWbemServices::DeleteInstance - Root\\Rsop\\User\\S_1_5_21_2710683477_379927232_207942850_1000 : RSOP_ExtensionStatus.extensionGuid=\"{E5094040-C46C-4115-B030-04FB2E545B00}\"","wmi_possible_cause":"Unknown","User":"nt authority\\system","type":"wineventlog","provider_guid":"1418ef04-b0b4-4623-bf7e-d74ab47bbdaa","wmi_result_code":"0x80041002","event_original_time":"2022-01-18T17:41:13.043Z","thread_id":3816,"etl_host_agent_ephemeral_uid":"298c86f2-fe36-4c4c-88aa-2a80cc6ed89e","@version":"1","opcode":"Info","etl_pipeline":["all-filter-0098","all-add_processed_timestamp","fingerprint-winlogbeats7","winlogbeat_7_and_above-field_nest_cleanup","winlogbeat_7_and_above-field_cleanups","1500","1522","wmi-user_field_renames","wmi-all-extract_domain_and_user_name","wmi-event_id-5858-field_rename","general_rename-various_global_options","provider_guid-cleanup","winevent-hostname-cleanup","winevent-user_name-is-machine-account","final-cleanup-message_field"],"record_number":344,"event_original_message":"Id = {3C52321B-3A5D-4210-AE56-79EECB96E4FD}; ClientMachine = WIN10; User = NT AUTHORITY\\SYSTEM; ClientProcessId = 2740; Component = Unknown; Operation = Start IWbemServices::DeleteInstance - Root\\Rsop\\User\\S_1_5_21_2710683477_379927232_207942850_1000 : RSOP_ExtensionStatus.extensionGuid=\"{E5094040-C46C-4115-B030-04FB2E545B00}\"; ResultCode = 0x80041002; PossibleCause = Unknown","source_name":"Microsoft-Windows-WMI-Activity","process_id":"2740","etl_kafka_time":1642527673043,"host_name":"win10.windomain.local"}},{"_index":"logs-endpoint-winevent-wmiactivity-2022.01.18","_type":"_doc","_id":"6bd16b081ed6b1df647ecb073e444f83e806e7b5","_score":1.0,"_source":{"level":"error","wmi_component":"Unknown","wmi_xml_operation":"Operation_ClientFailure","etl_processed_time":"2022-01-18T19:17:23.882Z","etl_kafka_topic":"winlogbeat","event_id":5858,"meta_user_name_is_machine":"false","task":"","etl_host_agent_type":"winlogbeat","user_domain":"nt authority","user_name":"system","wmi_client_machine":"WIN10","etl_kafka_offset":3097,"etl_version":"2020.04.19.01","etl_host_agent_uid":"8faec186-b368-44a8-a9c5-6e284dfc7aea","@timestamp":"2022-01-18T17:41:13.046Z","beat_version":"7.6.2","z_elastic_ecs":{"agent":{},"log":{},"host":{},"event":{"provider":"Microsoft-Windows-WMI-Activity","kind":"event","created":"2022-01-18T19:17:14.646Z","code":5858},"ecs":{"version":"1.4.0"},"user":{"type":"User","identifier":"S-1-5-18","domain":"NT AUTHORITY","name":"SYSTEM"},"winlog":{"process":{"thread":{}}}},"beat_hostname":"win10","log_name":"Microsoft-Windows-WMI-Activity/Operational","wmi_id":"{3C52321B-3A5D-4210-AE56-79EECB96E4FD}","etl_kafka_partition":0,"wmi_operation":"Start IWbemServices::DeleteInstance - Root\\Rsop\\User\\S_1_5_21_2710683477_379927232_207942850_1000 : RSOP_ExtensionStatus.extensionGuid=\"{E62688F0-25FD-4c90-BFF5-F508B9D2E31F}\"","wmi_possible_cause":"Unknown","User":"nt authority\\system","type":"wineventlog","provider_guid":"1418ef04-b0b4-4623-bf7e-d74ab47bbdaa","wmi_result_code":"0x80041002","event_original_time":"2022-01-18T17:41:13.046Z","thread_id":3816,"etl_host_agent_ephemeral_uid":"298c86f2-fe36-4c4c-88aa-2a80cc6ed89e","@version":"1","opcode":"Info","etl_pipeline":["all-filter-0098","all-add_processed_timestamp","fingerprint-winlogbeats7","winlogbeat_7_and_above-field_nest_cleanup","winlogbeat_7_and_above-field_cleanups","1500","1522","wmi-user_field_renames","wmi-all-extract_domain_and_user_name","wmi-event_id-5858-field_rename","general_rename-various_global_options","provider_guid-cleanup","winevent-hostname-cleanup","winevent-user_name-is-machine-account","final-cleanup-message_field"],"record_number":345,"event_original_message":"Id = {3C52321B-3A5D-4210-AE56-79EECB96E4FD}; ClientMachine = WIN10; User = NT AUTHORITY\\SYSTEM; ClientProcessId = 2740; Component = Unknown; Operation = Start IWbemServices::DeleteInstance - Root\\Rsop\\User\\S_1_5_21_2710683477_379927232_207942850_1000 : RSOP_ExtensionStatus.extensionGuid=\"{E62688F0-25FD-4c90-BFF5-F508B9D2E31F}\"; ResultCode = 0x80041002; PossibleCause = Unknown","source_name":"Microsoft-Windows-WMI-Activity","process_id":"2740","etl_kafka_time":1642527673046,"host_name":"win10.windomain.local"}},{"_index":"logs-endpoint-winevent-wmiactivity-2022.01.18","_type":"_doc","_id":"dc9e57ce7469f0708ce96f723ddc8dc92dbb1c4b","_score":1.0,"_source":{"level":"error","wmi_component":"Unknown","wmi_xml_operation":"Operation_ClientFailure","etl_processed_time":"2022-01-18T19:17:23.882Z","etl_kafka_topic":"winlogbeat","event_id":5858,"meta_user_name_is_machine":"false","task":"","etl_host_agent_type":"winlogbeat","user_domain":"nt authority","user_name":"system","wmi_client_machine":"WIN10","etl_kafka_offset":3098,"etl_version":"2020.04.19.01","etl_host_agent_uid":"8faec186-b368-44a8-a9c5-6e284dfc7aea","@timestamp":"2022-01-18T17:41:13.050Z","beat_version":"7.6.2","z_elastic_ecs":{"agent":{},"log":{},"host":{},"event":{"provider":"Microsoft-Windows-WMI-Activity","kind":"event","created":"2022-01-18T19:17:14.646Z","code":5858},"ecs":{"version":"1.4.0"},"user":{"type":"User","identifier":"S-1-5-18","domain":"NT AUTHORITY","name":"SYSTEM"},"winlog":{"process":{"thread":{}}}},"beat_hostname":"win10","log_name":"Microsoft-Windows-WMI-Activity/Operational","wmi_id":"{3C52321B-3A5D-4210-AE56-79EECB96E4FD}","etl_kafka_partition":0,"wmi_operation":"Start IWbemServices::DeleteInstance - Root\\Rsop\\User\\S_1_5_21_2710683477_379927232_207942850_1000 : RSOP_ExtensionStatus.extensionGuid=\"{F9C77450-3A41-477E-9310-9ACD617BD9E3}\"","wmi_possible_cause":"Unknown","User":"nt authority\\system","type":"wineventlog","provider_guid":"1418ef04-b0b4-4623-bf7e-d74ab47bbdaa","wmi_result_code":"0x80041002","event_original_time":"2022-01-18T17:41:13.050Z","thread_id":3816,"etl_host_agent_ephemeral_uid":"298c86f2-fe36-4c4c-88aa-2a80cc6ed89e","@version":"1","opcode":"Info","etl_pipeline":["all-filter-0098","all-add_processed_timestamp","fingerprint-winlogbeats7","winlogbeat_7_and_above-field_nest_cleanup","winlogbeat_7_and_above-field_cleanups","1500","1522","wmi-user_field_renames","wmi-all-extract_domain_and_user_name","wmi-event_id-5858-field_rename","general_rename-various_global_options","provider_guid-cleanup","winevent-hostname-cleanup","winevent-user_name-is-machine-account","final-cleanup-message_field"],"record_number":346,"event_original_message":"Id = {3C52321B-3A5D-4210-AE56-79EECB96E4FD}; ClientMachine = WIN10; User = NT AUTHORITY\\SYSTEM; ClientProcessId = 2740; Component = Unknown; Operation = Start IWbemServices::DeleteInstance - Root\\Rsop\\User\\S_1_5_21_2710683477_379927232_207942850_1000 : RSOP_ExtensionStatus.extensionGuid=\"{F9C77450-3A41-477E-9310-9ACD617BD9E3}\"; ResultCode = 0x80041002; PossibleCause = Unknown","source_name":"Microsoft-Windows-WMI-Activity","process_id":"2740","etl_kafka_time":1642527673050,"host_name":"win10.windomain.local"}},{"_index":"logs-endpoint-winevent-wmiactivity-2022.01.18","_type":"_doc","_id":"cb234f0dcf41f8204867f93b128254ab39ed756c","_score":1.0,"_source":{"level":"error","wmi_component":"Unknown","wmi_xml_operation":"Operation_ClientFailure","etl_processed_time":"2022-01-18T19:17:23.882Z","etl_kafka_topic":"winlogbeat","event_id":5858,"meta_user_name_is_machine":"false","task":"","etl_host_agent_type":"winlogbeat","user_domain":"nt authority","user_name":"system","wmi_client_machine":"WIN10","etl_kafka_offset":3099,"etl_version":"2020.04.19.01","etl_host_agent_uid":"8faec186-b368-44a8-a9c5-6e284dfc7aea","@timestamp":"2022-01-18T17:41:13.076Z","beat_version":"7.6.2","z_elastic_ecs":{"agent":{},"log":{},"host":{},"event":{"provider":"Microsoft-Windows-WMI-Activity","kind":"event","created":"2022-01-18T19:17:14.646Z","code":5858},"ecs":{"version":"1.4.0"},"user":{"identifier":"S-1-5-18","type":"User","domain":"NT AUTHORITY","name":"SYSTEM"},"winlog":{"process":{"thread":{}}}},"beat_hostname":"win10","log_name":"Microsoft-Windows-WMI-Activity/Operational","wmi_id":"{3C52321B-3A5D-4210-AE56-79EECB96E4FD}","etl_kafka_partition":0,"wmi_operation":"Start IWbemServices::DeleteInstance - Root\\Rsop\\User\\S_1_5_21_2710683477_379927232_207942850_1000 : RSOP_ExtensionStatus.extensionGuid=\"{FB2CA36D-0B40-4307-821B-A13B252DE56C}\"","wmi_possible_cause":"Unknown","User":"nt authority\\system","type":"wineventlog","provider_guid":"1418ef04-b0b4-4623-bf7e-d74ab47bbdaa","wmi_result_code":"0x80041002","event_original_time":"2022-01-18T17:41:13.076Z","thread_id":3816,"etl_host_agent_ephemeral_uid":"298c86f2-fe36-4c4c-88aa-2a80cc6ed89e","@version":"1","opcode":"Info","etl_pipeline":["all-filter-0098","all-add_processed_timestamp","fingerprint-winlogbeats7","winlogbeat_7_and_above-field_nest_cleanup","winlogbeat_7_and_above-field_cleanups","1500","1522","wmi-user_field_renames","wmi-all-extract_domain_and_user_name","wmi-event_id-5858-field_rename","general_rename-various_global_options","provider_guid-cleanup","winevent-hostname-cleanup","winevent-user_name-is-machine-account","final-cleanup-message_field"],"record_number":347,"event_original_message":"Id = {3C52321B-3A5D-4210-AE56-79EECB96E4FD}; ClientMachine = WIN10; User = NT AUTHORITY\\SYSTEM; ClientProcessId = 2740; Component = Unknown; Operation = Start IWbemServices::DeleteInstance - Root\\Rsop\\User\\S_1_5_21_2710683477_379927232_207942850_1000 : RSOP_ExtensionStatus.extensionGuid=\"{FB2CA36D-0B40-4307-821B-A13B252DE56C}\"; ResultCode = 0x80041002; PossibleCause = Unknown","source_name":"Microsoft-Windows-WMI-Activity","process_id":"2740","etl_kafka_time":1642527673076,"host_name":"win10.windomain.local"}},{"_index":"logs-endpoint-winevent-wmiactivity-2022.01.18","_type":"_doc","_id":"6a21a3599208f78a5bce306603a45a969ee07437","_score":1.0,"_source":{"level":"information","wmi_xml_operation":"Operation_ESStoConsumerBinding","type":"wineventlog","etl_processed_time":"2022-01-18T19:17:23.882Z","etl_kafka_topic":"winlogbeat","event_id":5861,"provider_guid":"1418ef04-b0b4-4623-bf7e-d74ab47bbdaa","task":"","wmi_namespace":"//./ROOT/Subscription","event_original_time":"2022-01-18T19:11:57.924Z","etl_host_agent_type":"winlogbeat","wmi_consumer":"NTEventLogEventConsumer=\"SCM Event Log Consumer\"","thread_id":3180,"etl_host_agent_ephemeral_uid":"298c86f2-fe36-4c4c-88aa-2a80cc6ed89e","@version":"1","etl_kafka_offset":3101,"etl_version":"2020.04.19.01","opcode":"Info","etl_host_agent_uid":"8faec186-b368-44a8-a9c5-6e284dfc7aea","etl_pipeline":["all-filter-0098","all-add_processed_timestamp","fingerprint-winlogbeats7","winlogbeat_7_and_above-field_nest_cleanup","winlogbeat_7_and_above-field_cleanups","1500","1522","wmi-user_field_renames","wmi-event_id-5861-field_rename","general_rename-various_global_options","provider_guid-cleanup","winevent-hostname-cleanup","final-cleanup-message_field"],"@timestamp":"2022-01-18T19:11:57.924Z","beat_version":"7.6.2","event_original_message":"Namespace = //./ROOT/Subscription; Eventfilter = SCM Event Log Filter (refer to its activate eventid:5859); Consumer = NTEventLogEventConsumer=\"SCM Event Log Consumer\"; PossibleCause = Binding EventFilter: \ninstance of __EventFilter\n{\n\tCreatorSID = {1, 2, 0, 0, 0, 0, 0, 5, 32, 0, 0, 0, 32, 2, 0, 0};\n\tEventNamespace = \"root\\\\cimv2\";\n\tName = \"SCM Event Log Filter\";\n\tQuery = \"select * from MSFT_SCMEventLogEvent\";\n\tQueryLanguage = \"WQL\";\n};\nPerm. Consumer: \ninstance of NTEventLogEventConsumer\n{\n\tCategory = 0;\n\tCreatorSID = {1, 2, 0, 0, 0, 0, 0, 5, 32, 0, 0, 0, 32, 2, 0, 0};\n\tEventType = 1;\n\tName = \"SCM Event Log Consumer\";\n\tNameOfUserSIDProperty = \"sid\";\n\tSourceName = \"Service Control Manager\";\n};","source_name":"Microsoft-Windows-WMI-Activity","z_elastic_ecs":{"agent":{},"log":{},"host":{},"event":{"provider":"Microsoft-Windows-WMI-Activity","kind":"event","created":"2022-01-18T19:17:14.646Z","code":5861},"ecs":{"version":"1.4.0"},"user":{"type":"User","identifier":"S-1-5-18","domain":"NT AUTHORITY","name":"SYSTEM"},"winlog":{"process":{"thread":{}}}},"beat_hostname":"win10","process_id":2892,"log_name":"Microsoft-Windows-WMI-Activity/Operational","etl_kafka_time":1642533117925,"record_number":349,"etl_kafka_partition":0,"host_name":"win10.windomain.local","wmi_event_subsystem":"SCM Event Log Filter","wmi_possible_cause":"Binding EventFilter: \ninstance of __EventFilter\n{\n\tCreatorSID = {1, 2, 0, 0, 0, 0, 0, 5, 32, 0, 0, 0, 32, 2, 0, 0};\n\tEventNamespace = \"root\\\\cimv2\";\n\tName = \"SCM Event Log Filter\";\n\tQuery = \"select * from MSFT_SCMEventLogEvent\";\n\tQueryLanguage = \"WQL\";\n};\nPerm. Consumer: \ninstance of NTEventLogEventConsumer\n{\n\tCategory = 0;\n\tCreatorSID = {1, 2, 0, 0, 0, 0, 0, 5, 32, 0, 0, 0, 32, 2, 0, 0};\n\tEventType = 1;\n\tName = \"SCM Event Log Consumer\";\n\tNameOfUserSIDProperty = \"sid\";\n\tSourceName = \"Service Control Manager\";\n};"}},{"_index":"logs-endpoint-winevent-wmiactivity-2022.01.18","_type":"_doc","_id":"295a93c6d73ceb3fd4501dccb21530f180c422e8","_score":1.0,"_source":{"level":"information","activity_id":"{29b7cf4b-0c9f-0002-12d0-b7299f0cd801}","wmi_xml_operation":"Operation_EssStarted","etl_processed_time":"2022-01-18T19:17:23.883Z","etl_kafka_topic":"winlogbeat","event_id":5859,"task":"","wmi_namespace":"//./root/cimv2","etl_host_agent_type":"winlogbeat","etl_kafka_offset":3103,"etl_version":"2020.04.19.01","etl_host_agent_uid":"8faec186-b368-44a8-a9c5-6e284dfc7aea","@timestamp":"2022-01-18T19:11:58.410Z","wmi_query_id":"0","beat_version":"7.6.2","z_elastic_ecs":{"agent":{},"log":{},"host":{},"event":{"provider":"Microsoft-Windows-WMI-Activity","kind":"event","created":"2022-01-18T19:17:14.646Z","code":5859},"ecs":{"version":"1.4.0"},"user":{"identifier":"S-1-5-18","type":"User","domain":"NT AUTHORITY","name":"SYSTEM"},"winlog":{"process":{"thread":{}}}},"beat_hostname":"win10","log_name":"Microsoft-Windows-WMI-Activity/Operational","etl_kafka_partition":0,"wmi_possible_cause":"Permanent","User":"s-1-5-32-544","type":"wineventlog","tags":["_parsefailure","parsefailure-grok-User-extract_domain_and_user_name"],"provider_guid":"1418ef04-b0b4-4623-bf7e-d74ab47bbdaa","wmi_provider":"SCM Event Provider","event_original_time":"2022-01-18T19:11:58.410Z","wmi_query":"select * from MSFT_SCMEventLogEvent","thread_id":3220,"etl_host_agent_ephemeral_uid":"298c86f2-fe36-4c4c-88aa-2a80cc6ed89e","@version":"1","opcode":"Info","etl_pipeline":["all-filter-0098","all-add_processed_timestamp","fingerprint-winlogbeats7","winlogbeat_7_and_above-field_nest_cleanup","winlogbeat_7_and_above-field_cleanups","1500","1522","wmi-user_field_renames","wmi-event_id-5859-field_rename","general_rename-various_global_options","provider_guid-cleanup","winevent-hostname-cleanup","final-cleanup-message_field"],"record_number":351,"event_original_message":"Namespace = //./ROOT/CIMV2; NotificationQuery = select * from MSFT_SCMEventLogEvent; OwnerName = S-1-5-32-544; HostProcessID = 2892;  Provider= SCM Event Provider, queryID = 0; PossibleCause = Permanent","source_name":"Microsoft-Windows-WMI-Activity","process_id":"2892","etl_kafka_time":1642533118409,"host_name":"win10.windomain.local"}},{"_index":"logs-endpoint-winevent-wmiactivity-2022.01.18","_type":"_doc","_id":"a7ae09bf3cd9a24296330b60d52e9627904b1330","_score":1.0,"_source":{"level":"information","wmi_provider_path":"%systemroot%\\system32\\wbem\\wmiprov.dll","wmi_xml_operation":"Operation_StartedOperational","etl_processed_time":"2022-01-18T19:17:23.880Z","etl_kafka_topic":"winlogbeat","event_id":5857,"task":"","etl_host_agent_type":"winlogbeat","etl_kafka_offset":3056,"etl_version":"2020.04.19.01","etl_host_agent_uid":"8faec186-b368-44a8-a9c5-6e284dfc7aea","@timestamp":"2022-01-18T16:47:38.777Z","beat_version":"7.6.2","z_elastic_ecs":{"agent":{},"log":{},"host":{},"event":{"provider":"Microsoft-Windows-WMI-Activity","kind":"event","created":"2022-01-18T19:17:14.616Z","code":5857},"ecs":{"version":"1.4.0"},"user":{"type":"User","identifier":"S-1-5-18","domain":"NT AUTHORITY","name":"SYSTEM"},"winlog":{"process":{"thread":{}}}},"beat_hostname":"win10","log_name":"Microsoft-Windows-WMI-Activity/Operational","etl_kafka_partition":0,"process_name":"wmiprvse.exe","type":"wineventlog","provider_guid":"1418ef04-b0b4-4623-bf7e-d74ab47bbdaa","wmi_result_code":"0x0","wmi_provider":"WMIProv","event_original_time":"2022-01-18T16:47:38.777Z","thread_id":1860,"etl_host_agent_ephemeral_uid":"298c86f2-fe36-4c4c-88aa-2a80cc6ed89e","@version":"1","opcode":"Info","etl_pipeline":["all-filter-0098","all-add_processed_timestamp","fingerprint-winlogbeats7","winlogbeat_7_and_above-field_nest_cleanup","winlogbeat_7_and_above-field_cleanups","1500","1522","wmi-user_field_renames","wmi-event_id_5857_rename","general_rename-various_global_options","provider_guid-cleanup","winevent-hostname-cleanup","final-cleanup-message_field"],"record_number":304,"event_original_message":"WMIProv provider started with result code 0x0. HostProcess = wmiprvse.exe; ProcessID = 4868; ProviderPath = %systemroot%\\system32\\wbem\\wmiprov.dll","source_name":"Microsoft-Windows-WMI-Activity","process_id":"4868","etl_kafka_time":1642524458777,"host_name":"win10.windomain.local"}},{"_index":"logs-endpoint-winevent-wmiactivity-2022.01.18","_type":"_doc","_id":"35b69c690b90f98b6b8306bd8e46fafb5060e539","_score":1.0,"_source":{"level":"information","wmi_provider_path":"%systemroot%\\system32\\wbem\\wmiprov.dll","wmi_xml_operation":"Operation_StartedOperational","etl_processed_time":"2022-01-18T19:17:23.882Z","etl_kafka_topic":"winlogbeat","event_id":5857,"task":"","etl_host_agent_type":"winlogbeat","etl_kafka_offset":3100,"etl_version":"2020.04.19.01","etl_host_agent_uid":"8faec186-b368-44a8-a9c5-6e284dfc7aea","@timestamp":"2022-01-18T17:42:19.436Z","beat_version":"7.6.2","z_elastic_ecs":{"agent":{},"log":{},"host":{},"event":{"provider":"Microsoft-Windows-WMI-Activity","kind":"event","created":"2022-01-18T19:17:14.646Z","code":5857},"ecs":{"version":"1.4.0"},"user":{"identifier":"S-1-5-18","type":"User","domain":"NT AUTHORITY","name":"SYSTEM"},"winlog":{"process":{"thread":{}}}},"beat_hostname":"win10","log_name":"Microsoft-Windows-WMI-Activity/Operational","etl_kafka_partition":0,"process_name":"wmiprvse.exe","type":"wineventlog","provider_guid":"1418ef04-b0b4-4623-bf7e-d74ab47bbdaa","wmi_result_code":"0x0","wmi_provider":"WMIProv","event_original_time":"2022-01-18T17:42:19.436Z","thread_id":6376,"etl_host_agent_ephemeral_uid":"298c86f2-fe36-4c4c-88aa-2a80cc6ed89e","@version":"1","opcode":"Info","etl_pipeline":["all-filter-0098","all-add_processed_timestamp","fingerprint-winlogbeats7","winlogbeat_7_and_above-field_nest_cleanup","winlogbeat_7_and_above-field_cleanups","1500","1522","wmi-user_field_renames","wmi-event_id_5857_rename","general_rename-various_global_options","provider_guid-cleanup","winevent-hostname-cleanup","final-cleanup-message_field"],"record_number":348,"event_original_message":"WMIProv provider started with result code 0x0. HostProcess = wmiprvse.exe; ProcessID = 6316; ProviderPath = %systemroot%\\system32\\wbem\\wmiprov.dll","source_name":"Microsoft-Windows-WMI-Activity","process_id":"6316","etl_kafka_time":1642527739436,"host_name":"win10.windomain.local"}},{"_index":"logs-endpoint-winevent-wmiactivity-2022.01.18","_type":"_doc","_id":"e42cbac4edf7b94df99e9b78422b3da46afe864a","_score":1.0,"_source":{"level":"information","wmi_provider_path":"%systemroot%\\system32\\wbem\\cimwin32.dll","wmi_xml_operation":"Operation_StartedOperational","etl_processed_time":"2022-01-18T19:17:23.883Z","etl_kafka_topic":"winlogbeat","event_id":5857,"task":"","etl_host_agent_type":"winlogbeat","etl_kafka_offset":3104,"etl_version":"2020.04.19.01","etl_host_agent_uid":"8faec186-b368-44a8-a9c5-6e284dfc7aea","@timestamp":"2022-01-18T19:11:58.843Z","beat_version":"7.6.2","z_elastic_ecs":{"agent":{},"log":{},"host":{},"event":{"provider":"Microsoft-Windows-WMI-Activity","kind":"event","created":"2022-01-18T19:17:14.647Z","code":5857},"ecs":{"version":"1.4.0"},"user":{"type":"Well Known Group","identifier":"S-1-5-20","domain":"NT AUTHORITY","name":"NETWORK SERVICE"},"winlog":{"process":{"thread":{}}}},"beat_hostname":"win10","log_name":"Microsoft-Windows-WMI-Activity/Operational","etl_kafka_partition":0,"process_name":"wmiprvse.exe","type":"wineventlog","provider_guid":"1418ef04-b0b4-4623-bf7e-d74ab47bbdaa","wmi_result_code":"0x0","wmi_provider":"CIMWin32","event_original_time":"2022-01-18T19:11:58.843Z","thread_id":1092,"etl_host_agent_ephemeral_uid":"298c86f2-fe36-4c4c-88aa-2a80cc6ed89e","@version":"1","opcode":"Info","etl_pipeline":["all-filter-0098","all-add_processed_timestamp","fingerprint-winlogbeats7","winlogbeat_7_and_above-field_nest_cleanup","winlogbeat_7_and_above-field_cleanups","1500","1522","wmi-user_field_renames","wmi-event_id_5857_rename","general_rename-various_global_options","provider_guid-cleanup","winevent-hostname-cleanup","final-cleanup-message_field"],"record_number":352,"event_original_message":"CIMWin32 provider started with result code 0x0. HostProcess = wmiprvse.exe; ProcessID = 4080; ProviderPath = %systemroot%\\system32\\wbem\\cimwin32.dll","source_name":"Microsoft-Windows-WMI-Activity","process_id":"4080","etl_kafka_time":1642533118842,"host_name":"win10.windomain.local"}},{"_index":"logs-endpoint-winevent-wmiactivity-2022.01.18","_type":"_doc","_id":"4197df60fae5e861af7322a96677bb2469fd9347","_score":1.0,"_source":{"level":"information","wmi_provider_path":"%systemroot%\\system32\\wbem\\wmiprov.dll","wmi_xml_operation":"Operation_StartedOperational","etl_processed_time":"2022-01-18T19:17:23.883Z","etl_kafka_topic":"winlogbeat","event_id":5857,"task":"","etl_host_agent_type":"winlogbeat","etl_kafka_offset":3105,"etl_version":"2020.04.19.01","etl_host_agent_uid":"8faec186-b368-44a8-a9c5-6e284dfc7aea","@timestamp":"2022-01-18T19:12:07.097Z","beat_version":"7.6.2","z_elastic_ecs":{"agent":{},"log":{},"host":{},"event":{"provider":"Microsoft-Windows-WMI-Activity","kind":"event","created":"2022-01-18T19:17:14.647Z","code":5857},"ecs":{"version":"1.4.0"},"user":{"identifier":"S-1-5-18","type":"User","domain":"NT AUTHORITY","name":"SYSTEM"},"winlog":{"process":{"thread":{}}}},"beat_hostname":"win10","log_name":"Microsoft-Windows-WMI-Activity/Operational","etl_kafka_partition":0,"process_name":"wmiprvse.exe","type":"wineventlog","provider_guid":"1418ef04-b0b4-4623-bf7e-d74ab47bbdaa","wmi_result_code":"0x0","wmi_provider":"WMIProv","event_original_time":"2022-01-18T19:12:07.097Z","thread_id":3944,"etl_host_agent_ephemeral_uid":"298c86f2-fe36-4c4c-88aa-2a80cc6ed89e","@version":"1","opcode":"Info","etl_pipeline":["all-filter-0098","all-add_processed_timestamp","fingerprint-winlogbeats7","winlogbeat_7_and_above-field_nest_cleanup","winlogbeat_7_and_above-field_cleanups","1500","1522","wmi-user_field_renames","wmi-event_id_5857_rename","general_rename-various_global_options","provider_guid-cleanup","winevent-hostname-cleanup","final-cleanup-message_field"],"record_number":353,"event_original_message":"WMIProv provider started with result code 0x0. HostProcess = wmiprvse.exe; ProcessID = 3348; ProviderPath = %systemroot%\\system32\\wbem\\wmiprov.dll","source_name":"Microsoft-Windows-WMI-Activity","process_id":"3348","etl_kafka_time":1642533127097,"host_name":"win10.windomain.local"}},{"_index":"logs-endpoint-winevent-wmiactivity-2022.01.18","_type":"_doc","_id":"8807f7a2820e29eacd740fe8d6ae2e9236aad0be","_score":1.0,"_source":{"level":"information","activity_id":"{29b7cf4b-0c9f-0000-f5cf-b7299f0cd801}","wmi_provider_path":"C:\\Windows\\System32\\wbem\\WmiPerfClass.dll","wmi_xml_operation":"Operation_StartedOperational","etl_processed_time":"2022-01-18T19:17:23.883Z","etl_kafka_topic":"winlogbeat","event_id":5857,"task":"","etl_host_agent_type":"winlogbeat","etl_kafka_offset":3106,"etl_version":"2020.04.19.01","etl_host_agent_uid":"8faec186-b368-44a8-a9c5-6e284dfc7aea","@timestamp":"2022-01-18T19:12:12.978Z","beat_version":"7.6.2","z_elastic_ecs":{"agent":{},"log":{},"host":{},"event":{"provider":"Microsoft-Windows-WMI-Activity","kind":"event","created":"2022-01-18T19:17:14.647Z","code":5857},"ecs":{"version":"1.4.0"},"user":{"identifier":"S-1-5-18","type":"User","domain":"NT AUTHORITY","name":"SYSTEM"},"winlog":{"process":{"thread":{}}}},"beat_hostname":"win10","log_name":"Microsoft-Windows-WMI-Activity/Operational","etl_kafka_partition":0,"process_name":"wmiprvse.exe","type":"wineventlog","provider_guid":"1418ef04-b0b4-4623-bf7e-d74ab47bbdaa","wmi_result_code":"0x0","wmi_provider":"WmiPerfClass","event_original_time":"2022-01-18T19:12:12.978Z","thread_id":3944,"etl_host_agent_ephemeral_uid":"298c86f2-fe36-4c4c-88aa-2a80cc6ed89e","@version":"1","opcode":"Info","etl_pipeline":["all-filter-0098","all-add_processed_timestamp","fingerprint-winlogbeats7","winlogbeat_7_and_above-field_nest_cleanup","winlogbeat_7_and_above-field_cleanups","1500","1522","wmi-user_field_renames","wmi-event_id_5857_rename","general_rename-various_global_options","provider_guid-cleanup","winevent-hostname-cleanup","final-cleanup-message_field"],"record_number":354,"event_original_message":"WmiPerfClass provider started with result code 0x0. HostProcess = wmiprvse.exe; ProcessID = 3348; ProviderPath = C:\\Windows\\System32\\wbem\\WmiPerfClass.dll","source_name":"Microsoft-Windows-WMI-Activity","process_id":"3348","etl_kafka_time":1642533132978,"host_name":"win10.windomain.local"}},{"_index":"logs-endpoint-winevent-wmiactivity-2022.01.18","_type":"_doc","_id":"bcc5f6819d47dca65c54408274c4568f64bf640d","_score":1.0,"_source":{"level":"information","wmi_provider_path":"C:\\Windows\\System32\\wbem\\krnlprov.dll","wmi_xml_operation":"Operation_StartedOperational","etl_processed_time":"2022-01-18T19:17:23.883Z","etl_kafka_topic":"winlogbeat","event_id":5857,"task":"","etl_host_agent_type":"winlogbeat","etl_kafka_offset":3107,"etl_version":"2020.04.19.01","etl_host_agent_uid":"8faec186-b368-44a8-a9c5-6e284dfc7aea","@timestamp":"2022-01-18T19:12:53.352Z","beat_version":"7.6.2","z_elastic_ecs":{"agent":{},"log":{},"host":{},"event":{"provider":"Microsoft-Windows-WMI-Activity","kind":"event","created":"2022-01-18T19:17:14.647Z","code":5857},"ecs":{"version":"1.4.0"},"user":{"type":"User","identifier":"S-1-5-18","domain":"NT AUTHORITY","name":"SYSTEM"},"winlog":{"process":{"thread":{}}}},"beat_hostname":"win10","log_name":"Microsoft-Windows-WMI-Activity/Operational","etl_kafka_partition":0,"process_name":"wmiprvse.exe","type":"wineventlog","provider_guid":"1418ef04-b0b4-4623-bf7e-d74ab47bbdaa","wmi_result_code":"0x0","wmi_provider":"WMI Kernel Trace Event Provider","event_original_time":"2022-01-18T19:12:53.352Z","thread_id":2580,"etl_host_agent_ephemeral_uid":"298c86f2-fe36-4c4c-88aa-2a80cc6ed89e","@version":"1","opcode":"Info","etl_pipeline":["all-filter-0098","all-add_processed_timestamp","fingerprint-winlogbeats7","winlogbeat_7_and_above-field_nest_cleanup","winlogbeat_7_and_above-field_cleanups","1500","1522","wmi-user_field_renames","wmi-event_id_5857_rename","general_rename-various_global_options","provider_guid-cleanup","winevent-hostname-cleanup","final-cleanup-message_field"],"record_number":355,"event_original_message":"WMI Kernel Trace Event Provider provider started with result code 0x0. HostProcess = wmiprvse.exe; ProcessID = 2892; ProviderPath = C:\\Windows\\System32\\wbem\\krnlprov.dll","source_name":"Microsoft-Windows-WMI-Activity","process_id":"2892","etl_kafka_time":1642533173351,"host_name":"win10.windomain.local"}},{"_index":"logs-endpoint-winevent-wmiactivity-2022.01.18","_type":"_doc","_id":"12adb2f220cbd18c57743def1da67f6cde449f01","_score":1.0,"_source":{"level":"information","wmi_provider_path":"%systemroot%\\system32\\wbem\\cimwin32.dll","wmi_xml_operation":"Operation_StartedOperational","etl_processed_time":"2022-01-18T19:17:23.883Z","etl_kafka_topic":"winlogbeat","event_id":5857,"task":"","etl_host_agent_type":"winlogbeat","etl_kafka_offset":3109,"etl_version":"2020.04.19.01","etl_host_agent_uid":"8faec186-b368-44a8-a9c5-6e284dfc7aea","@timestamp":"2022-01-18T19:13:42.724Z","beat_version":"7.6.2","z_elastic_ecs":{"agent":{},"log":{},"host":{},"event":{"provider":"Microsoft-Windows-WMI-Activity","kind":"event","created":"2022-01-18T19:17:14.647Z","code":5857},"ecs":{"version":"1.4.0"},"user":{"identifier":"S-1-5-20","type":"Well Known Group","domain":"NT AUTHORITY","name":"NETWORK SERVICE"},"winlog":{"process":{"thread":{}}}},"beat_hostname":"win10","log_name":"Microsoft-Windows-WMI-Activity/Operational","etl_kafka_partition":0,"process_name":"wmiprvse.exe","type":"wineventlog","provider_guid":"1418ef04-b0b4-4623-bf7e-d74ab47bbdaa","wmi_result_code":"0x0","wmi_provider":"CIMWin32","event_original_time":"2022-01-18T19:13:42.724Z","thread_id":3016,"etl_host_agent_ephemeral_uid":"298c86f2-fe36-4c4c-88aa-2a80cc6ed89e","@version":"1","opcode":"Info","etl_pipeline":["all-filter-0098","all-add_processed_timestamp","fingerprint-winlogbeats7","winlogbeat_7_and_above-field_nest_cleanup","winlogbeat_7_and_above-field_cleanups","1500","1522","wmi-user_field_renames","wmi-event_id_5857_rename","general_rename-various_global_options","provider_guid-cleanup","winevent-hostname-cleanup","final-cleanup-message_field"],"record_number":357,"event_original_message":"CIMWin32 provider started with result code 0x0. HostProcess = wmiprvse.exe; ProcessID = 4080; ProviderPath = %systemroot%\\system32\\wbem\\cimwin32.dll","source_name":"Microsoft-Windows-WMI-Activity","process_id":"4080","etl_kafka_time":1642533222723,"host_name":"win10.windomain.local"}},{"_index":"logs-endpoint-winevent-wmiactivity-2022.01.18","_type":"_doc","_id":"c3ab6061c81cb87a1ef771d3857ccd42b8af7ea2","_score":1.0,"_source":{"level":"information","wmi_provider_path":"%systemroot%\\system32\\wbem\\ntevt.dll","wmi_xml_operation":"Operation_StartedOperational","etl_processed_time":"2022-01-18T19:17:23.883Z","etl_kafka_topic":"winlogbeat","event_id":5857,"task":"","etl_host_agent_type":"winlogbeat","etl_kafka_offset":3110,"etl_version":"2020.04.19.01","etl_host_agent_uid":"8faec186-b368-44a8-a9c5-6e284dfc7aea","@timestamp":"2022-01-18T19:13:45.097Z","beat_version":"7.6.2","z_elastic_ecs":{"agent":{},"log":{},"host":{},"event":{"provider":"Microsoft-Windows-WMI-Activity","kind":"event","created":"2022-01-18T19:17:14.647Z","code":5857},"ecs":{"version":"1.4.0"},"user":{"identifier":"S-1-5-20","type":"Well Known Group","domain":"NT AUTHORITY","name":"NETWORK SERVICE"},"winlog":{"process":{"thread":{}}}},"beat_hostname":"win10","log_name":"Microsoft-Windows-WMI-Activity/Operational","etl_kafka_partition":0,"process_name":"wmiprvse.exe","type":"wineventlog","provider_guid":"1418ef04-b0b4-4623-bf7e-d74ab47bbdaa","wmi_result_code":"0x0","wmi_provider":"MS_NT_EVENTLOG_PROVIDER","event_original_time":"2022-01-18T19:13:45.097Z","thread_id":6072,"etl_host_agent_ephemeral_uid":"298c86f2-fe36-4c4c-88aa-2a80cc6ed89e","@version":"1","opcode":"Info","etl_pipeline":["all-filter-0098","all-add_processed_timestamp","fingerprint-winlogbeats7","winlogbeat_7_and_above-field_nest_cleanup","winlogbeat_7_and_above-field_cleanups","1500","1522","wmi-user_field_renames","wmi-event_id_5857_rename","general_rename-various_global_options","provider_guid-cleanup","winevent-hostname-cleanup","final-cleanup-message_field"],"record_number":358,"event_original_message":"MS_NT_EVENTLOG_PROVIDER provider started with result code 0x0. HostProcess = wmiprvse.exe; ProcessID = 4080; ProviderPath = %systemroot%\\system32\\wbem\\ntevt.dll","source_name":"Microsoft-Windows-WMI-Activity","process_id":"4080","etl_kafka_time":1642533225097,"host_name":"win10.windomain.local"}}]}}