{"_index":"logs-endpoint-winevent-wmiactivity-2022.01.18","_type":"_doc","_id":"ae3a4a3ddd5be4ee696578604c55fe607d971546","_score":1.0,"_source":{"level":"error","wmi_component":"Unknown","wmi_xml_operation":"Operation_ClientFailure","etl_processed_time":"2022-01-18T19:15:05.686Z","etl_kafka_topic":"winlogbeat","event_id":5858,"task":"","etl_host_agent_type":"winlogbeat","wmi_client_machine":"DC","etl_kafka_offset":878,"etl_version":"2020.04.19.01","etl_host_agent_uid":"a1f88b3f-2f88-447f-b94f-5b4a29bbdc8b","@timestamp":"2022-01-18T19:01:04.161Z","beat_version":"7.6.2","z_elastic_ecs":{"agent":{},"log":{},"host":{},"event":{"provider":"Microsoft-Windows-WMI-Activity","kind":"event","created":"2022-01-18T19:02:55.232Z","code":5858},"ecs":{"version":"1.4.0"},"user":{"identifier":"S-1-5-18","type":"User","domain":"NT AUTHORITY","name":"SYSTEM"},"winlog":{"process":{"thread":{}}}},"beat_hostname":"dc","log_name":"Microsoft-Windows-WMI-Activity/Operational","wmi_id":"{DF03AD11-93CB-4276-BC27-F45AE0874B1D}","etl_kafka_partition":0,"wmi_operation":"Start IWbemServices::DeleteInstance - Root\\Rsop\\User\\S_1_5_21_3851490644_1949014395_434759042_1000 : RSOP_ExtensionStatus.extensionGuid=\"{FB2CA36D-0B40-4307-821B-A13B252DE56C}\"","wmi_possible_cause":"Unknown","type":"wineventlog","provider_guid":"1418EF04-B0B4-4623-BF7E-D74AB47BBDAA","wmi_result_code":"0x80041002","event_original_time":"2022-01-18T19:01:04.161Z","thread_id":2100,"etl_host_agent_ephemeral_uid":"473ad3e0-64cb-46c2-b806-1b5bf2ee3534","@version":"1","opcode":"Info","etl_pipeline":["all-filter-0098","all-add_processed_timestamp","fingerprint-winlogbeats7","winlogbeat_7_and_above-field_nest_cleanup","winlogbeat_7_and_above-field_cleanups","1500","1522","wmi-user_field_renames","wmi-event_id-5858-field_rename","general_rename-various_global_options","provider_guid-cleanup","winevent-hostname-cleanup","final-cleanup-message_field"],"record_number":1003,"event_original_message":"Id = {DF03AD11-93CB-4276-BC27-F45AE0874B1D}; ClientMachine = DC; User = ; ClientProcessId = 980; Component = Unknown; Operation = Start IWbemServices::DeleteInstance - Root\\Rsop\\User\\S_1_5_21_3851490644_1949014395_434759042_1000 : RSOP_ExtensionStatus.extensionGuid=\"{FB2CA36D-0B40-4307-821B-A13B252DE56C}\"; ResultCode = 0x80041002; PossibleCause = Unknown","source_name":"Microsoft-Windows-WMI-Activity","process_id":"980","etl_kafka_time":1642532464161,"host_name":"dc.windomain.local"}},{"_index":"logs-endpoint-winevent-wmiactivity-2022.01.18","_type":"_doc","_id":"1bae30e30cdd972349bba0ea82a6d083e95676bf","_score":1.0,"_source":{"level":"information","wmi_provider_path":"%systemroot%\\system32\\wbem\\cimwin32.dll","wmi_xml_operation":"Operation_StartedOperational","etl_processed_time":"2022-01-18T19:15:05.642Z","etl_kafka_topic":"winlogbeat","event_id":5857,"task":"","etl_host_agent_type":"winlogbeat","etl_kafka_offset":797,"etl_version":"2020.04.19.01","etl_host_agent_uid":"a1f88b3f-2f88-447f-b94f-5b4a29bbdc8b","@timestamp":"2022-01-18T19:00:26.233Z","beat_version":"7.6.2","z_elastic_ecs":{"agent":{},"log":{},"host":{},"event":{"provider":"Microsoft-Windows-WMI-Activity","kind":"event","created":"2022-01-18T19:02:55.214Z","code":5857},"ecs":{"version":"1.4.0"},"user":{"type":"Well Known Group","identifier":"S-1-5-20","domain":"NT AUTHORITY","name":"NETWORK SERVICE"},"winlog":{"process":{"thread":{}}}},"beat_hostname":"dc","log_name":"Microsoft-Windows-WMI-Activity/Operational","etl_kafka_partition":0,"process_name":"wmiprvse.exe","type":"wineventlog","provider_guid":"1418EF04-B0B4-4623-BF7E-D74AB47BBDAA","wmi_result_code":"0x0","wmi_provider":"CIMWin32","event_original_time":"2022-01-18T19:00:26.233Z","thread_id":3160,"etl_host_agent_ephemeral_uid":"473ad3e0-64cb-46c2-b806-1b5bf2ee3534","@version":"1","opcode":"Info","etl_pipeline":["all-filter-0098","all-add_processed_timestamp","fingerprint-winlogbeats7","winlogbeat_7_and_above-field_nest_cleanup","winlogbeat_7_and_above-field_cleanups","1500","1522","wmi-user_field_renames","wmi-event_id_5857_rename","general_rename-various_global_options","provider_guid-cleanup","winevent-hostname-cleanup","final-cleanup-message_field"],"record_number":922,"event_original_message":"CIMWin32 provider started with result code 0x0. HostProcess = wmiprvse.exe; ProcessID = 2684; ProviderPath = %systemroot%\\system32\\wbem\\cimwin32.dll","source_name":"Microsoft-Windows-WMI-Activity","process_id":"2684","etl_kafka_time":1642532426233,"host_name":"dc.windomain.local"}},{"_index":"logs-endpoint-winevent-wmiactivity-2022.01.18","_type":"_doc","_id":"23676b720a15e01e57db6ad38c7be297a5b6303c","_score":1.0,"_source":{"level":"information","wmi_provider_path":"C:\\Windows\\System32\\wbem\\WmiPerfClass.dll","wmi_xml_operation":"Operation_StartedOperational","etl_processed_time":"2022-01-18T19:15:05.642Z","etl_kafka_topic":"winlogbeat","event_id":5857,"task":"","etl_host_agent_type":"winlogbeat","etl_kafka_offset":799,"etl_version":"2020.04.19.01","etl_host_agent_uid":"a1f88b3f-2f88-447f-b94f-5b4a29bbdc8b","@timestamp":"2022-01-18T19:00:37.208Z","beat_version":"7.6.2","z_elastic_ecs":{"agent":{},"log":{},"host":{},"event":{"provider":"Microsoft-Windows-WMI-Activity","kind":"event","created":"2022-01-18T19:02:55.214Z","code":5857},"ecs":{"version":"1.4.0"},"user":{"identifier":"S-1-5-18","type":"User","domain":"NT AUTHORITY","name":"SYSTEM"},"winlog":{"process":{"thread":{}}}},"beat_hostname":"dc","log_name":"Microsoft-Windows-WMI-Activity/Operational","etl_kafka_partition":0,"process_name":"wmiprvse.exe","type":"wineventlog","provider_guid":"1418EF04-B0B4-4623-BF7E-D74AB47BBDAA","wmi_result_code":"0x0","wmi_provider":"WmiPerfClass","event_original_time":"2022-01-18T19:00:37.208Z","thread_id":3184,"etl_host_agent_ephemeral_uid":"473ad3e0-64cb-46c2-b806-1b5bf2ee3534","@version":"1","opcode":"Info","etl_pipeline":["all-filter-0098","all-add_processed_timestamp","fingerprint-winlogbeats7","winlogbeat_7_and_above-field_nest_cleanup","winlogbeat_7_and_above-field_cleanups","1500","1522","wmi-user_field_renames","wmi-event_id_5857_rename","general_rename-various_global_options","provider_guid-cleanup","winevent-hostname-cleanup","final-cleanup-message_field"],"record_number":924,"event_original_message":"WmiPerfClass provider started with result code 0x0. HostProcess = wmiprvse.exe; ProcessID = 988; ProviderPath = C:\\Windows\\System32\\wbem\\WmiPerfClass.dll","source_name":"Microsoft-Windows-WMI-Activity","process_id":"988","etl_kafka_time":1642532437208,"host_name":"dc.windomain.local"}},{"_index":"logs-endpoint-winevent-wmiactivity-2022.01.18","_type":"_doc","_id":"d16668f34ae4840dad10a70d3730d1d076bc7ca9","_score":1.0,"_source":{"level":"information","wmi_provider_path":"%systemroot%\\system32\\wbem\\wmiprov.dll","wmi_xml_operation":"Operation_StartedOperational","etl_processed_time":"2022-01-18T19:15:05.643Z","etl_kafka_topic":"winlogbeat","event_id":5857,"task":"","etl_host_agent_type":"winlogbeat","etl_kafka_offset":800,"etl_version":"2020.04.19.01","etl_host_agent_uid":"a1f88b3f-2f88-447f-b94f-5b4a29bbdc8b","@timestamp":"2022-01-18T19:00:38.997Z","beat_version":"7.6.2","z_elastic_ecs":{"agent":{},"log":{},"host":{},"event":{"provider":"Microsoft-Windows-WMI-Activity","kind":"event","created":"2022-01-18T19:02:55.215Z","code":5857},"ecs":{"version":"1.4.0"},"user":{"type":"User","identifier":"S-1-5-18","domain":"NT AUTHORITY","name":"SYSTEM"},"winlog":{"process":{"thread":{}}}},"beat_hostname":"dc","log_name":"Microsoft-Windows-WMI-Activity/Operational","etl_kafka_partition":0,"process_name":"wmiprvse.exe","type":"wineventlog","provider_guid":"1418EF04-B0B4-4623-BF7E-D74AB47BBDAA","wmi_result_code":"0x0","wmi_provider":"WMIProv","event_original_time":"2022-01-18T19:00:38.997Z","thread_id":3256,"etl_host_agent_ephemeral_uid":"473ad3e0-64cb-46c2-b806-1b5bf2ee3534","@version":"1","opcode":"Info","etl_pipeline":["all-filter-0098","all-add_processed_timestamp","fingerprint-winlogbeats7","winlogbeat_7_and_above-field_nest_cleanup","winlogbeat_7_and_above-field_cleanups","1500","1522","wmi-user_field_renames","wmi-event_id_5857_rename","general_rename-various_global_options","provider_guid-cleanup","winevent-hostname-cleanup","final-cleanup-message_field"],"record_number":925,"event_original_message":"WMIProv provider started with result code 0x0. HostProcess = wmiprvse.exe; ProcessID = 988; ProviderPath = %systemroot%\\system32\\wbem\\wmiprov.dll","source_name":"Microsoft-Windows-WMI-Activity","process_id":"988","etl_kafka_time":1642532438997,"host_name":"dc.windomain.local"}},{"_index":"logs-endpoint-winevent-wmiactivity-2022.01.18","_type":"_doc","_id":"7d175dcd98fbd98b1154fabcc50c5ec1d20ead13","_score":1.0,"_source":{"level":"information","wmi_provider_path":"%systemroot%\\system32\\wbem\\cimwin32.dll","wmi_xml_operation":"Operation_StartedOperational","etl_processed_time":"2022-01-18T19:15:05.686Z","etl_kafka_topic":"winlogbeat","event_id":5857,"task":"","etl_host_agent_type":"winlogbeat","etl_kafka_offset":879,"etl_version":"2020.04.19.01","etl_host_agent_uid":"a1f88b3f-2f88-447f-b94f-5b4a29bbdc8b","@timestamp":"2022-01-18T19:01:36.127Z","beat_version":"7.6.2","z_elastic_ecs":{"agent":{},"log":{},"host":{},"event":{"provider":"Microsoft-Windows-WMI-Activity","kind":"event","created":"2022-01-18T19:02:55.232Z","code":5857},"ecs":{"version":"1.4.0"},"user":{"type":"Well Known Group","identifier":"S-1-5-20","domain":"NT AUTHORITY","name":"NETWORK SERVICE"},"winlog":{"process":{"thread":{}}}},"beat_hostname":"dc","log_name":"Microsoft-Windows-WMI-Activity/Operational","etl_kafka_partition":0,"process_name":"wmiprvse.exe","type":"wineventlog","provider_guid":"1418EF04-B0B4-4623-BF7E-D74AB47BBDAA","wmi_result_code":"0x0","wmi_provider":"CIMWin32","event_original_time":"2022-01-18T19:01:36.127Z","thread_id":3160,"etl_host_agent_ephemeral_uid":"473ad3e0-64cb-46c2-b806-1b5bf2ee3534","@version":"1","opcode":"Info","etl_pipeline":["all-filter-0098","all-add_processed_timestamp","fingerprint-winlogbeats7","winlogbeat_7_and_above-field_nest_cleanup","winlogbeat_7_and_above-field_cleanups","1500","1522","wmi-user_field_renames","wmi-event_id_5857_rename","general_rename-various_global_options","provider_guid-cleanup","winevent-hostname-cleanup","final-cleanup-message_field"],"record_number":1004,"event_original_message":"CIMWin32 provider started with result code 0x0. HostProcess = wmiprvse.exe; ProcessID = 2684; ProviderPath = %systemroot%\\system32\\wbem\\cimwin32.dll","source_name":"Microsoft-Windows-WMI-Activity","process_id":"2684","etl_kafka_time":1642532496127,"host_name":"dc.windomain.local"}},{"_index":"logs-endpoint-winevent-wmiactivity-2022.01.18","_type":"_doc","_id":"01352470924587510bbfbc1ac6b9c1f50e744c46","_score":1.0,"_source":{"level":"error","wmi_component":"Unknown","wmi_xml_operation":"Operation_ClientFailure","etl_processed_time":"2022-01-18T19:15:07.594Z","etl_kafka_topic":"winlogbeat","event_id":5858,"meta_user_name_is_machine":"false","task":"","etl_host_agent_type":"winlogbeat","user_domain":"nt authority","user_name":"system","wmi_client_machine":"DC","etl_kafka_offset":881,"etl_version":"2020.04.19.01","etl_host_agent_uid":"a1f88b3f-2f88-447f-b94f-5b4a29bbdc8b","@timestamp":"2022-01-18T19:02:33.792Z","beat_version":"7.6.2","z_elastic_ecs":{"agent":{},"log":{},"host":{},"event":{"provider":"Microsoft-Windows-WMI-Activity","kind":"event","created":"2022-01-18T19:02:55.232Z","code":5858},"ecs":{"version":"1.4.0"},"user":{"type":"User","identifier":"S-1-5-18","domain":"NT AUTHORITY","name":"SYSTEM"},"winlog":{"process":{"thread":{}}}},"beat_hostname":"dc","log_name":"Microsoft-Windows-WMI-Activity/Operational","wmi_id":"{00000000-0000-0000-0000-000000000000}","etl_kafka_partition":0,"wmi_operation":"Start IWbemServices::ExecQuery - root\\cimv2 : SELECT * FROM Win32_ComputerSystemProduct","wmi_possible_cause":"Unknown","User":"nt authority\\system","type":"wineventlog","provider_guid":"1418EF04-B0B4-4623-BF7E-D74AB47BBDAA","wmi_result_code":"0x80041032","event_original_time":"2022-01-18T19:02:33.792Z","thread_id":2168,"etl_host_agent_ephemeral_uid":"473ad3e0-64cb-46c2-b806-1b5bf2ee3534","@version":"1","opcode":"Info","etl_pipeline":["all-filter-0098","all-add_processed_timestamp","fingerprint-winlogbeats7","winlogbeat_7_and_above-field_nest_cleanup","winlogbeat_7_and_above-field_cleanups","1500","1522","wmi-user_field_renames","wmi-all-extract_domain_and_user_name","wmi-event_id-5858-field_rename","general_rename-various_global_options","provider_guid-cleanup","winevent-hostname-cleanup","winevent-user_name-is-machine-account","final-cleanup-message_field"],"record_number":1006,"event_original_message":"Id = {00000000-0000-0000-0000-000000000000}; ClientMachine = DC; User = NT AUTHORITY\\SYSTEM; ClientProcessId = 252; Component = Unknown; Operation = Start IWbemServices::ExecQuery - root\\cimv2 : SELECT * FROM Win32_ComputerSystemProduct; ResultCode = 0x80041032; PossibleCause = Unknown","source_name":"Microsoft-Windows-WMI-Activity","process_id":"252","etl_kafka_time":1642532553792,"host_name":"dc.windomain.local"}},{"_index":"logs-endpoint-winevent-wmiactivity-2022.01.18","_type":"_doc","_id":"f3b3782be410b34e568dfdede97846fd9517f57a","_score":1.0,"_source":{"level":"error","wmi_component":"Unknown","wmi_xml_operation":"Operation_ClientFailure","etl_processed_time":"2022-01-18T19:15:07.596Z","etl_kafka_topic":"winlogbeat","event_id":5858,"meta_user_name_is_machine":"false","task":"","etl_host_agent_type":"winlogbeat","user_domain":"nt authority","user_name":"system","wmi_client_machine":"DC","etl_kafka_offset":882,"etl_version":"2020.04.19.01","etl_host_agent_uid":"a1f88b3f-2f88-447f-b94f-5b4a29bbdc8b","@timestamp":"2022-01-18T19:02:33.823Z","beat_version":"7.6.2","z_elastic_ecs":{"agent":{},"log":{},"host":{},"event":{"provider":"Microsoft-Windows-WMI-Activity","kind":"event","created":"2022-01-18T19:02:55.232Z","code":5858},"ecs":{"version":"1.4.0"},"user":{"identifier":"S-1-5-18","type":"User","domain":"NT AUTHORITY","name":"SYSTEM"},"winlog":{"process":{"thread":{}}}},"beat_hostname":"dc","log_name":"Microsoft-Windows-WMI-Activity/Operational","wmi_id":"{00000000-0000-0000-0000-000000000000}","etl_kafka_partition":0,"wmi_operation":"Start IWbemServices::ExecQuery - root\\cimv2 : SELECT * FROM Win32_ComputerSystemProduct","wmi_possible_cause":"Unknown","User":"nt authority\\system","type":"wineventlog","provider_guid":"1418EF04-B0B4-4623-BF7E-D74AB47BBDAA","wmi_result_code":"0x80041032","event_original_time":"2022-01-18T19:02:33.823Z","thread_id":2168,"etl_host_agent_ephemeral_uid":"473ad3e0-64cb-46c2-b806-1b5bf2ee3534","@version":"1","opcode":"Info","etl_pipeline":["all-filter-0098","all-add_processed_timestamp","fingerprint-winlogbeats7","winlogbeat_7_and_above-field_nest_cleanup","winlogbeat_7_and_above-field_cleanups","1500","1522","wmi-user_field_renames","wmi-all-extract_domain_and_user_name","wmi-event_id-5858-field_rename","general_rename-various_global_options","provider_guid-cleanup","winevent-hostname-cleanup","winevent-user_name-is-machine-account","final-cleanup-message_field"],"record_number":1007,"event_original_message":"Id = {00000000-0000-0000-0000-000000000000}; ClientMachine = DC; User = NT AUTHORITY\\SYSTEM; ClientProcessId = 252; Component = Unknown; Operation = Start IWbemServices::ExecQuery - root\\cimv2 : SELECT * FROM Win32_ComputerSystemProduct; ResultCode = 0x80041032; PossibleCause = Unknown","source_name":"Microsoft-Windows-WMI-Activity","process_id":"252","etl_kafka_time":1642532553823,"host_name":"dc.windomain.local"}},{"_index":"logs-endpoint-winevent-wmiactivity-2022.01.18","_type":"_doc","_id":"8967a2de9cecea3f3fbfa0115efff9d72971c89d","_score":1.0,"_source":{"level":"error","wmi_component":"Unknown","wmi_xml_operation":"Operation_ClientFailure","etl_processed_time":"2022-01-18T19:15:07.598Z","etl_kafka_topic":"winlogbeat","event_id":5858,"meta_user_name_is_machine":"false","task":"","etl_host_agent_type":"winlogbeat","user_domain":"nt authority","user_name":"system","wmi_client_machine":"DC","etl_kafka_offset":883,"etl_version":"2020.04.19.01","etl_host_agent_uid":"a1f88b3f-2f88-447f-b94f-5b4a29bbdc8b","@timestamp":"2022-01-18T19:02:38.308Z","beat_version":"7.6.2","z_elastic_ecs":{"agent":{},"log":{},"host":{},"event":{"provider":"Microsoft-Windows-WMI-Activity","kind":"event","created":"2022-01-18T19:02:55.232Z","code":5858},"ecs":{"version":"1.4.0"},"user":{"type":"User","identifier":"S-1-5-18","domain":"NT AUTHORITY","name":"SYSTEM"},"winlog":{"process":{"thread":{}}}},"beat_hostname":"dc","log_name":"Microsoft-Windows-WMI-Activity/Operational","wmi_id":"{00000000-0000-0000-0000-000000000000}","etl_kafka_partition":0,"wmi_operation":"Start IWbemServices::ExecQuery - root\\cimv2 : SELECT * FROM Win32_ComputerSystem","wmi_possible_cause":"Unknown","User":"nt authority\\system","type":"wineventlog","provider_guid":"1418EF04-B0B4-4623-BF7E-D74AB47BBDAA","wmi_result_code":"0x80041032","event_original_time":"2022-01-18T19:02:38.308Z","thread_id":1944,"etl_host_agent_ephemeral_uid":"473ad3e0-64cb-46c2-b806-1b5bf2ee3534","@version":"1","opcode":"Info","etl_pipeline":["all-filter-0098","all-add_processed_timestamp","fingerprint-winlogbeats7","winlogbeat_7_and_above-field_nest_cleanup","winlogbeat_7_and_above-field_cleanups","1500","1522","wmi-user_field_renames","wmi-all-extract_domain_and_user_name","wmi-event_id-5858-field_rename","general_rename-various_global_options","provider_guid-cleanup","winevent-hostname-cleanup","winevent-user_name-is-machine-account","final-cleanup-message_field"],"record_number":1008,"event_original_message":"Id = {00000000-0000-0000-0000-000000000000}; ClientMachine = DC; User = NT AUTHORITY\\SYSTEM; ClientProcessId = 252; Component = Unknown; Operation = Start IWbemServices::ExecQuery - root\\cimv2 : SELECT * FROM Win32_ComputerSystem; ResultCode = 0x80041032; PossibleCause = Unknown","source_name":"Microsoft-Windows-WMI-Activity","process_id":"252","etl_kafka_time":1642532558308,"host_name":"dc.windomain.local"}},{"_index":"logs-endpoint-winevent-wmiactivity-2022.01.18","_type":"_doc","_id":"dca7e53ef401fbac67e0bd18d22483572b7f5dcf","_score":1.0,"_source":{"level":"information","wmi_provider_path":"%systemroot%\\system32\\wbem\\ntevt.dll","wmi_xml_operation":"Operation_StartedOperational","etl_processed_time":"2022-01-18T19:15:07.591Z","etl_kafka_topic":"winlogbeat","event_id":5857,"task":"","etl_host_agent_type":"winlogbeat","etl_kafka_offset":880,"etl_version":"2020.04.19.01","etl_host_agent_uid":"a1f88b3f-2f88-447f-b94f-5b4a29bbdc8b","@timestamp":"2022-01-18T19:01:38.297Z","beat_version":"7.6.2","z_elastic_ecs":{"agent":{},"log":{},"host":{},"event":{"provider":"Microsoft-Windows-WMI-Activity","kind":"event","created":"2022-01-18T19:02:55.232Z","code":5857},"ecs":{"version":"1.4.0"},"user":{"type":"Well Known Group","identifier":"S-1-5-20","domain":"NT AUTHORITY","name":"NETWORK SERVICE"},"winlog":{"process":{"thread":{}}}},"beat_hostname":"dc","log_name":"Microsoft-Windows-WMI-Activity/Operational","etl_kafka_partition":0,"process_name":"wmiprvse.exe","type":"wineventlog","provider_guid":"1418EF04-B0B4-4623-BF7E-D74AB47BBDAA","wmi_result_code":"0x0","wmi_provider":"MS_NT_EVENTLOG_PROVIDER","event_original_time":"2022-01-18T19:01:38.297Z","thread_id":4196,"etl_host_agent_ephemeral_uid":"473ad3e0-64cb-46c2-b806-1b5bf2ee3534","@version":"1","opcode":"Info","etl_pipeline":["all-filter-0098","all-add_processed_timestamp","fingerprint-winlogbeats7","winlogbeat_7_and_above-field_nest_cleanup","winlogbeat_7_and_above-field_cleanups","1500","1522","wmi-user_field_renames","wmi-event_id_5857_rename","general_rename-various_global_options","provider_guid-cleanup","winevent-hostname-cleanup","final-cleanup-message_field"],"record_number":1005,"event_original_message":"MS_NT_EVENTLOG_PROVIDER provider started with result code 0x0. HostProcess = wmiprvse.exe; ProcessID = 2684; ProviderPath = %systemroot%\\system32\\wbem\\ntevt.dll","source_name":"Microsoft-Windows-WMI-Activity","process_id":"2684","etl_kafka_time":1642532498297,"host_name":"dc.windomain.local"}},{"_index":"logs-endpoint-winevent-wmiactivity-2022.01.18","_type":"_doc","_id":"795ce573518349e41bc807a65ce23d46c0763dd8","_score":1.0,"_source":{"level":"error","wmi_component":"Unknown","wmi_xml_operation":"Operation_ClientFailure","etl_processed_time":"2022-01-18T19:14:39.281Z","etl_kafka_topic":"winlogbeat","event_id":5858,"task":"","etl_host_agent_type":"winlogbeat","wmi_client_machine":"DC","etl_kafka_offset":596,"etl_version":"2020.04.19.01","etl_host_agent_uid":"a1f88b3f-2f88-447f-b94f-5b4a29bbdc8b","@timestamp":"2022-01-18T17:13:36.588Z","beat_version":"7.6.2","z_elastic_ecs":{"agent":{},"log":{},"host":{},"event":{"provider":"Microsoft-Windows-WMI-Activity","kind":"event","created":"2022-01-18T19:02:54.413Z","code":5858},"ecs":{"version":"1.4.0"},"user":{"identifier":"S-1-5-18","type":"User","domain":"NT AUTHORITY","name":"SYSTEM"},"winlog":{"process":{"thread":{}}}},"beat_hostname":"dc","log_name":"Microsoft-Windows-WMI-Activity/Operational","wmi_id":"{95DA4E87-3F99-4ADB-A254-AC79C47D77DE}","etl_kafka_partition":0,"wmi_operation":"Start IWbemServices::DeleteInstance - Root\\Rsop\\Computer : RSOP_ExtensionStatus.extensionGuid=\"{BC75B1ED-5833-4858-9BB8-CBF0B166DF9D}\"","wmi_possible_cause":"Unknown","type":"wineventlog","provider_guid":"1418EF04-B0B4-4623-BF7E-D74AB47BBDAA","wmi_result_code":"0x80041002","event_original_time":"2022-01-18T17:13:36.588Z","thread_id":32,"etl_host_agent_ephemeral_uid":"473ad3e0-64cb-46c2-b806-1b5bf2ee3534","@version":"1","opcode":"Info","etl_pipeline":["all-filter-0098","all-add_processed_timestamp","fingerprint-winlogbeats7","winlogbeat_7_and_above-field_nest_cleanup","winlogbeat_7_and_above-field_cleanups","1500","1522","wmi-user_field_renames","wmi-event_id-5858-field_rename","general_rename-various_global_options","provider_guid-cleanup","winevent-hostname-cleanup","final-cleanup-message_field"],"record_number":821,"event_original_message":"Id = {95DA4E87-3F99-4ADB-A254-AC79C47D77DE}; ClientMachine = DC; User = ; ClientProcessId = 80; Component = Unknown; Operation = Start IWbemServices::DeleteInstance - Root\\Rsop\\Computer : RSOP_ExtensionStatus.extensionGuid=\"{BC75B1ED-5833-4858-9BB8-CBF0B166DF9D}\"; ResultCode = 0x80041002; PossibleCause = Unknown","source_name":"Microsoft-Windows-WMI-Activity","process_id":"80","etl_kafka_time":1642526016588,"host_name":"dc.windomain.local"}},{"_index":"logs-endpoint-winevent-wmiactivity-2022.01.18","_type":"_doc","_id":"0a24b337408fa0951ce96ba709a73406ed0c1b7d","_score":1.0,"_source":{"level":"error","wmi_component":"Unknown","wmi_xml_operation":"Operation_ClientFailure","etl_processed_time":"2022-01-18T19:14:39.284Z","etl_kafka_topic":"winlogbeat","event_id":5858,"task":"","etl_host_agent_type":"winlogbeat","wmi_client_machine":"DC","etl_kafka_offset":597,"etl_version":"2020.04.19.01","etl_host_agent_uid":"a1f88b3f-2f88-447f-b94f-5b4a29bbdc8b","@timestamp":"2022-01-18T17:13:36.591Z","beat_version":"7.6.2","z_elastic_ecs":{"agent":{},"log":{},"host":{},"event":{"provider":"Microsoft-Windows-WMI-Activity","kind":"event","created":"2022-01-18T19:02:54.413Z","code":5858},"ecs":{"version":"1.4.0"},"user":{"identifier":"S-1-5-18","type":"User","domain":"NT AUTHORITY","name":"SYSTEM"},"winlog":{"process":{"thread":{}}}},"beat_hostname":"dc","log_name":"Microsoft-Windows-WMI-Activity/Operational","wmi_id":"{95DA4E87-3F99-4ADB-A254-AC79C47D77DE}","etl_kafka_partition":0,"wmi_operation":"Start IWbemServices::DeleteInstance - Root\\Rsop\\Computer : RSOP_ExtensionStatus.extensionGuid=\"{C34B2751-1CF4-44F5-9262-C3FC39666591}\"","wmi_possible_cause":"Unknown","type":"wineventlog","provider_guid":"1418EF04-B0B4-4623-BF7E-D74AB47BBDAA","wmi_result_code":"0x80041002","event_original_time":"2022-01-18T17:13:36.591Z","thread_id":32,"etl_host_agent_ephemeral_uid":"473ad3e0-64cb-46c2-b806-1b5bf2ee3534","@version":"1","opcode":"Info","etl_pipeline":["all-filter-0098","all-add_processed_timestamp","fingerprint-winlogbeats7","winlogbeat_7_and_above-field_nest_cleanup","winlogbeat_7_and_above-field_cleanups","1500","1522","wmi-user_field_renames","wmi-event_id-5858-field_rename","general_rename-various_global_options","provider_guid-cleanup","winevent-hostname-cleanup","final-cleanup-message_field"],"record_number":822,"event_original_message":"Id = {95DA4E87-3F99-4ADB-A254-AC79C47D77DE}; ClientMachine = DC; User = ; ClientProcessId = 80; Component = Unknown; Operation = Start IWbemServices::DeleteInstance - Root\\Rsop\\Computer : RSOP_ExtensionStatus.extensionGuid=\"{C34B2751-1CF4-44F5-9262-C3FC39666591}\"; ResultCode = 0x80041002; PossibleCause = Unknown","source_name":"Microsoft-Windows-WMI-Activity","process_id":"80","etl_kafka_time":1642526016591,"host_name":"dc.windomain.local"}},{"_index":"logs-endpoint-winevent-wmiactivity-2022.01.18","_type":"_doc","_id":"5e91f88121e7687e26393693b8faad6520a06155","_score":1.0,"_source":{"level":"error","wmi_component":"Unknown","wmi_xml_operation":"Operation_ClientFailure","etl_processed_time":"2022-01-18T19:14:39.285Z","etl_kafka_topic":"winlogbeat","event_id":5858,"task":"","etl_host_agent_type":"winlogbeat","wmi_client_machine":"DC","etl_kafka_offset":598,"etl_version":"2020.04.19.01","etl_host_agent_uid":"a1f88b3f-2f88-447f-b94f-5b4a29bbdc8b","@timestamp":"2022-01-18T17:13:36.593Z","beat_version":"7.6.2","z_elastic_ecs":{"agent":{},"log":{},"host":{},"event":{"provider":"Microsoft-Windows-WMI-Activity","kind":"event","created":"2022-01-18T19:02:54.413Z","code":5858},"ecs":{"version":"1.4.0"},"user":{"type":"User","identifier":"S-1-5-18","domain":"NT AUTHORITY","name":"SYSTEM"},"winlog":{"process":{"thread":{}}}},"beat_hostname":"dc","log_name":"Microsoft-Windows-WMI-Activity/Operational","wmi_id":"{95DA4E87-3F99-4ADB-A254-AC79C47D77DE}","etl_kafka_partition":0,"wmi_operation":"Start IWbemServices::DeleteInstance - Root\\Rsop\\Computer : RSOP_ExtensionStatus.extensionGuid=\"{C418DD9D-0D14-4efb-8FBF-CFE535C8FAC7}\"","wmi_possible_cause":"Unknown","type":"wineventlog","provider_guid":"1418EF04-B0B4-4623-BF7E-D74AB47BBDAA","wmi_result_code":"0x80041002","event_original_time":"2022-01-18T17:13:36.593Z","thread_id":32,"etl_host_agent_ephemeral_uid":"473ad3e0-64cb-46c2-b806-1b5bf2ee3534","@version":"1","opcode":"Info","etl_pipeline":["all-filter-0098","all-add_processed_timestamp","fingerprint-winlogbeats7","winlogbeat_7_and_above-field_nest_cleanup","winlogbeat_7_and_above-field_cleanups","1500","1522","wmi-user_field_renames","wmi-event_id-5858-field_rename","general_rename-various_global_options","provider_guid-cleanup","winevent-hostname-cleanup","final-cleanup-message_field"],"record_number":823,"event_original_message":"Id = {95DA4E87-3F99-4ADB-A254-AC79C47D77DE}; ClientMachine = DC; User = ; ClientProcessId = 80; Component = Unknown; Operation = Start IWbemServices::DeleteInstance - Root\\Rsop\\Computer : RSOP_ExtensionStatus.extensionGuid=\"{C418DD9D-0D14-4efb-8FBF-CFE535C8FAC7}\"; ResultCode = 0x80041002; PossibleCause = Unknown","source_name":"Microsoft-Windows-WMI-Activity","process_id":"80","etl_kafka_time":1642526016593,"host_name":"dc.windomain.local"}},{"_index":"logs-endpoint-winevent-wmiactivity-2022.01.18","_type":"_doc","_id":"257c6e944db991cc90daea161541220aec3a6115","_score":1.0,"_source":{"level":"error","wmi_component":"Unknown","wmi_xml_operation":"Operation_ClientFailure","etl_processed_time":"2022-01-18T19:14:39.285Z","etl_kafka_topic":"winlogbeat","event_id":5858,"task":"","etl_host_agent_type":"winlogbeat","wmi_client_machine":"DC","etl_kafka_offset":599,"etl_version":"2020.04.19.01","etl_host_agent_uid":"a1f88b3f-2f88-447f-b94f-5b4a29bbdc8b","@timestamp":"2022-01-18T17:13:36.594Z","beat_version":"7.6.2","z_elastic_ecs":{"agent":{},"log":{},"host":{},"event":{"provider":"Microsoft-Windows-WMI-Activity","kind":"event","created":"2022-01-18T19:02:54.414Z","code":5858},"ecs":{"version":"1.4.0"},"user":{"identifier":"S-1-5-18","type":"User","domain":"NT AUTHORITY","name":"SYSTEM"},"winlog":{"process":{"thread":{}}}},"beat_hostname":"dc","log_name":"Microsoft-Windows-WMI-Activity/Operational","wmi_id":"{95DA4E87-3F99-4ADB-A254-AC79C47D77DE}","etl_kafka_partition":0,"wmi_operation":"Start IWbemServices::DeleteInstance - Root\\Rsop\\Computer : RSOP_ExtensionStatus.extensionGuid=\"{C631DF4C-088F-4156-B058-4375F0853CD8}\"","wmi_possible_cause":"Unknown","type":"wineventlog","provider_guid":"1418EF04-B0B4-4623-BF7E-D74AB47BBDAA","wmi_result_code":"0x80041002","event_original_time":"2022-01-18T17:13:36.594Z","thread_id":32,"etl_host_agent_ephemeral_uid":"473ad3e0-64cb-46c2-b806-1b5bf2ee3534","@version":"1","opcode":"Info","etl_pipeline":["all-filter-0098","all-add_processed_timestamp","fingerprint-winlogbeats7","winlogbeat_7_and_above-field_nest_cleanup","winlogbeat_7_and_above-field_cleanups","1500","1522","wmi-user_field_renames","wmi-event_id-5858-field_rename","general_rename-various_global_options","provider_guid-cleanup","winevent-hostname-cleanup","final-cleanup-message_field"],"record_number":824,"event_original_message":"Id = {95DA4E87-3F99-4ADB-A254-AC79C47D77DE}; ClientMachine = DC; User = ; ClientProcessId = 80; Component = Unknown; Operation = Start IWbemServices::DeleteInstance - Root\\Rsop\\Computer : RSOP_ExtensionStatus.extensionGuid=\"{C631DF4C-088F-4156-B058-4375F0853CD8}\"; ResultCode = 0x80041002; PossibleCause = Unknown","source_name":"Microsoft-Windows-WMI-Activity","process_id":"80","etl_kafka_time":1642526016595,"host_name":"dc.windomain.local"}},{"_index":"logs-endpoint-winevent-wmiactivity-2022.01.18","_type":"_doc","_id":"6a4a980327c0f8c31106071f4717a635384fafd5","_score":1.0,"_source":{"level":"error","wmi_component":"Unknown","wmi_xml_operation":"Operation_ClientFailure","etl_processed_time":"2022-01-18T19:14:39.285Z","etl_kafka_topic":"winlogbeat","event_id":5858,"task":"","etl_host_agent_type":"winlogbeat","wmi_client_machine":"DC","etl_kafka_offset":600,"etl_version":"2020.04.19.01","etl_host_agent_uid":"a1f88b3f-2f88-447f-b94f-5b4a29bbdc8b","@timestamp":"2022-01-18T17:13:36.596Z","beat_version":"7.6.2","z_elastic_ecs":{"agent":{},"log":{},"host":{},"event":{"provider":"Microsoft-Windows-WMI-Activity","kind":"event","created":"2022-01-18T19:02:54.414Z","code":5858},"ecs":{"version":"1.4.0"},"user":{"type":"User","identifier":"S-1-5-18","domain":"NT AUTHORITY","name":"SYSTEM"},"winlog":{"process":{"thread":{}}}},"beat_hostname":"dc","log_name":"Microsoft-Windows-WMI-Activity/Operational","wmi_id":"{95DA4E87-3F99-4ADB-A254-AC79C47D77DE}","etl_kafka_partition":0,"wmi_operation":"Start IWbemServices::DeleteInstance - Root\\Rsop\\Computer : RSOP_ExtensionStatus.extensionGuid=\"{c6dc5466-785a-11d2-84d0-00c04fb169f7}\"","wmi_possible_cause":"Unknown","type":"wineventlog","provider_guid":"1418EF04-B0B4-4623-BF7E-D74AB47BBDAA","wmi_result_code":"0x80041002","event_original_time":"2022-01-18T17:13:36.596Z","thread_id":32,"etl_host_agent_ephemeral_uid":"473ad3e0-64cb-46c2-b806-1b5bf2ee3534","@version":"1","opcode":"Info","etl_pipeline":["all-filter-0098","all-add_processed_timestamp","fingerprint-winlogbeats7","winlogbeat_7_and_above-field_nest_cleanup","winlogbeat_7_and_above-field_cleanups","1500","1522","wmi-user_field_renames","wmi-event_id-5858-field_rename","general_rename-various_global_options","provider_guid-cleanup","winevent-hostname-cleanup","final-cleanup-message_field"],"record_number":825,"event_original_message":"Id = {95DA4E87-3F99-4ADB-A254-AC79C47D77DE}; ClientMachine = DC; User = ; ClientProcessId = 80; Component = Unknown; Operation = Start IWbemServices::DeleteInstance - Root\\Rsop\\Computer : RSOP_ExtensionStatus.extensionGuid=\"{c6dc5466-785a-11d2-84d0-00c04fb169f7}\"; ResultCode = 0x80041002; PossibleCause = Unknown","source_name":"Microsoft-Windows-WMI-Activity","process_id":"80","etl_kafka_time":1642526016596,"host_name":"dc.windomain.local"}},{"_index":"logs-endpoint-winevent-wmiactivity-2022.01.18","_type":"_doc","_id":"544e0567f6221cfc66a4e36a669938f47e8058a1","_score":1.0,"_source":{"level":"error","wmi_component":"Unknown","wmi_xml_operation":"Operation_ClientFailure","etl_processed_time":"2022-01-18T19:14:39.285Z","etl_kafka_topic":"winlogbeat","event_id":5858,"task":"","etl_host_agent_type":"winlogbeat","wmi_client_machine":"DC","etl_kafka_offset":601,"etl_version":"2020.04.19.01","etl_host_agent_uid":"a1f88b3f-2f88-447f-b94f-5b4a29bbdc8b","@timestamp":"2022-01-18T17:13:36.597Z","beat_version":"7.6.2","z_elastic_ecs":{"agent":{},"log":{},"host":{},"event":{"provider":"Microsoft-Windows-WMI-Activity","kind":"event","created":"2022-01-18T19:02:54.414Z","code":5858},"ecs":{"version":"1.4.0"},"user":{"identifier":"S-1-5-18","type":"User","domain":"NT AUTHORITY","name":"SYSTEM"},"winlog":{"process":{"thread":{}}}},"beat_hostname":"dc","log_name":"Microsoft-Windows-WMI-Activity/Operational","wmi_id":"{95DA4E87-3F99-4ADB-A254-AC79C47D77DE}","etl_kafka_partition":0,"wmi_operation":"Start IWbemServices::DeleteInstance - Root\\Rsop\\Computer : RSOP_ExtensionStatus.extensionGuid=\"{cdeafc3d-948d-49dd-ab12-e578ba4af7aa}\"","wmi_possible_cause":"Unknown","type":"wineventlog","provider_guid":"1418EF04-B0B4-4623-BF7E-D74AB47BBDAA","wmi_result_code":"0x80041002","event_original_time":"2022-01-18T17:13:36.597Z","thread_id":32,"etl_host_agent_ephemeral_uid":"473ad3e0-64cb-46c2-b806-1b5bf2ee3534","@version":"1","opcode":"Info","etl_pipeline":["all-filter-0098","all-add_processed_timestamp","fingerprint-winlogbeats7","winlogbeat_7_and_above-field_nest_cleanup","winlogbeat_7_and_above-field_cleanups","1500","1522","wmi-user_field_renames","wmi-event_id-5858-field_rename","general_rename-various_global_options","provider_guid-cleanup","winevent-hostname-cleanup","final-cleanup-message_field"],"record_number":826,"event_original_message":"Id = {95DA4E87-3F99-4ADB-A254-AC79C47D77DE}; ClientMachine = DC; User = ; ClientProcessId = 80; Component = Unknown; Operation = Start IWbemServices::DeleteInstance - Root\\Rsop\\Computer : RSOP_ExtensionStatus.extensionGuid=\"{cdeafc3d-948d-49dd-ab12-e578ba4af7aa}\"; ResultCode = 0x80041002; PossibleCause = Unknown","source_name":"Microsoft-Windows-WMI-Activity","process_id":"80","etl_kafka_time":1642526016597,"host_name":"dc.windomain.local"}},{"_index":"logs-endpoint-winevent-wmiactivity-2022.01.18","_type":"_doc","_id":"7d0c67d2a88f5147af8bcafdcf4948fa7651852f","_score":1.0,"_source":{"level":"error","wmi_component":"Unknown","wmi_xml_operation":"Operation_ClientFailure","etl_processed_time":"2022-01-18T19:14:39.285Z","etl_kafka_topic":"winlogbeat","event_id":5858,"task":"","etl_host_agent_type":"winlogbeat","wmi_client_machine":"DC","etl_kafka_offset":602,"etl_version":"2020.04.19.01","etl_host_agent_uid":"a1f88b3f-2f88-447f-b94f-5b4a29bbdc8b","@timestamp":"2022-01-18T17:13:36.598Z","beat_version":"7.6.2","z_elastic_ecs":{"agent":{},"log":{},"host":{},"event":{"provider":"Microsoft-Windows-WMI-Activity","kind":"event","created":"2022-01-18T19:02:54.414Z","code":5858},"ecs":{"version":"1.4.0"},"user":{"type":"User","identifier":"S-1-5-18","domain":"NT AUTHORITY","name":"SYSTEM"},"winlog":{"process":{"thread":{}}}},"beat_hostname":"dc","log_name":"Microsoft-Windows-WMI-Activity/Operational","wmi_id":"{95DA4E87-3F99-4ADB-A254-AC79C47D77DE}","etl_kafka_partition":0,"wmi_operation":"Start IWbemServices::DeleteInstance - Root\\Rsop\\Computer : RSOP_ExtensionStatus.extensionGuid=\"{CF7639F3-ABA2-41DB-97F2-81E2C5DBFC5D}\"","wmi_possible_cause":"Unknown","type":"wineventlog","provider_guid":"1418EF04-B0B4-4623-BF7E-D74AB47BBDAA","wmi_result_code":"0x80041002","event_original_time":"2022-01-18T17:13:36.598Z","thread_id":32,"etl_host_agent_ephemeral_uid":"473ad3e0-64cb-46c2-b806-1b5bf2ee3534","@version":"1","opcode":"Info","etl_pipeline":["all-filter-0098","all-add_processed_timestamp","fingerprint-winlogbeats7","winlogbeat_7_and_above-field_nest_cleanup","winlogbeat_7_and_above-field_cleanups","1500","1522","wmi-user_field_renames","wmi-event_id-5858-field_rename","general_rename-various_global_options","provider_guid-cleanup","winevent-hostname-cleanup","final-cleanup-message_field"],"record_number":827,"event_original_message":"Id = {95DA4E87-3F99-4ADB-A254-AC79C47D77DE}; ClientMachine = DC; User = ; ClientProcessId = 80; Component = Unknown; Operation = Start IWbemServices::DeleteInstance - Root\\Rsop\\Computer : RSOP_ExtensionStatus.extensionGuid=\"{CF7639F3-ABA2-41DB-97F2-81E2C5DBFC5D}\"; ResultCode = 0x80041002; PossibleCause = Unknown","source_name":"Microsoft-Windows-WMI-Activity","process_id":"80","etl_kafka_time":1642526016598,"host_name":"dc.windomain.local"}},{"_index":"logs-endpoint-winevent-wmiactivity-2022.01.18","_type":"_doc","_id":"a39aca788608fedc0165b986866206265c2f944f","_score":1.0,"_source":{"level":"error","wmi_component":"Unknown","wmi_xml_operation":"Operation_ClientFailure","etl_processed_time":"2022-01-18T19:14:39.285Z","etl_kafka_topic":"winlogbeat","event_id":5858,"task":"","etl_host_agent_type":"winlogbeat","wmi_client_machine":"DC","etl_kafka_offset":603,"etl_version":"2020.04.19.01","etl_host_agent_uid":"a1f88b3f-2f88-447f-b94f-5b4a29bbdc8b","@timestamp":"2022-01-18T17:13:36.600Z","beat_version":"7.6.2","z_elastic_ecs":{"agent":{},"log":{},"host":{},"event":{"provider":"Microsoft-Windows-WMI-Activity","kind":"event","created":"2022-01-18T19:02:54.414Z","code":5858},"ecs":{"version":"1.4.0"},"user":{"type":"User","identifier":"S-1-5-18","domain":"NT AUTHORITY","name":"SYSTEM"},"winlog":{"process":{"thread":{}}}},"beat_hostname":"dc","log_name":"Microsoft-Windows-WMI-Activity/Operational","wmi_id":"{95DA4E87-3F99-4ADB-A254-AC79C47D77DE}","etl_kafka_partition":0,"wmi_operation":"Start IWbemServices::DeleteInstance - Root\\Rsop\\Computer : RSOP_ExtensionStatus.extensionGuid=\"{e437bc1c-aa7d-11d2-a382-00c04f991e27}\"","wmi_possible_cause":"Unknown","type":"wineventlog","provider_guid":"1418EF04-B0B4-4623-BF7E-D74AB47BBDAA","wmi_result_code":"0x80041002","event_original_time":"2022-01-18T17:13:36.600Z","thread_id":32,"etl_host_agent_ephemeral_uid":"473ad3e0-64cb-46c2-b806-1b5bf2ee3534","@version":"1","opcode":"Info","etl_pipeline":["all-filter-0098","all-add_processed_timestamp","fingerprint-winlogbeats7","winlogbeat_7_and_above-field_nest_cleanup","winlogbeat_7_and_above-field_cleanups","1500","1522","wmi-user_field_renames","wmi-event_id-5858-field_rename","general_rename-various_global_options","provider_guid-cleanup","winevent-hostname-cleanup","final-cleanup-message_field"],"record_number":828,"event_original_message":"Id = {95DA4E87-3F99-4ADB-A254-AC79C47D77DE}; ClientMachine = DC; User = ; ClientProcessId = 80; Component = Unknown; Operation = Start IWbemServices::DeleteInstance - Root\\Rsop\\Computer : RSOP_ExtensionStatus.extensionGuid=\"{e437bc1c-aa7d-11d2-a382-00c04f991e27}\"; ResultCode = 0x80041002; PossibleCause = Unknown","source_name":"Microsoft-Windows-WMI-Activity","process_id":"80","etl_kafka_time":1642526016600,"host_name":"dc.windomain.local"}},{"_index":"logs-endpoint-winevent-wmiactivity-2022.01.18","_type":"_doc","_id":"b8ceedca8c39a2eaf0b2bee0a93132969ce889f9","_score":1.0,"_source":{"level":"error","wmi_component":"Unknown","wmi_xml_operation":"Operation_ClientFailure","etl_processed_time":"2022-01-18T19:14:39.291Z","etl_kafka_topic":"winlogbeat","event_id":5858,"task":"","etl_host_agent_type":"winlogbeat","wmi_client_machine":"DC","etl_kafka_offset":604,"etl_version":"2020.04.19.01","etl_host_agent_uid":"a1f88b3f-2f88-447f-b94f-5b4a29bbdc8b","@timestamp":"2022-01-18T17:13:36.601Z","beat_version":"7.6.2","z_elastic_ecs":{"agent":{},"log":{},"host":{},"event":{"provider":"Microsoft-Windows-WMI-Activity","kind":"event","created":"2022-01-18T19:02:54.414Z","code":5858},"ecs":{"version":"1.4.0"},"user":{"identifier":"S-1-5-18","type":"User","domain":"NT AUTHORITY","name":"SYSTEM"},"winlog":{"process":{"thread":{}}}},"beat_hostname":"dc","log_name":"Microsoft-Windows-WMI-Activity/Operational","wmi_id":"{95DA4E87-3F99-4ADB-A254-AC79C47D77DE}","etl_kafka_partition":0,"wmi_operation":"Start IWbemServices::DeleteInstance - Root\\Rsop\\Computer : RSOP_ExtensionStatus.extensionGuid=\"{E4F48E54-F38D-4884-BFB9-D4D2E5729C18}\"","wmi_possible_cause":"Unknown","type":"wineventlog","provider_guid":"1418EF04-B0B4-4623-BF7E-D74AB47BBDAA","wmi_result_code":"0x80041002","event_original_time":"2022-01-18T17:13:36.601Z","thread_id":32,"etl_host_agent_ephemeral_uid":"473ad3e0-64cb-46c2-b806-1b5bf2ee3534","@version":"1","opcode":"Info","etl_pipeline":["all-filter-0098","all-add_processed_timestamp","fingerprint-winlogbeats7","winlogbeat_7_and_above-field_nest_cleanup","winlogbeat_7_and_above-field_cleanups","1500","1522","wmi-user_field_renames","wmi-event_id-5858-field_rename","general_rename-various_global_options","provider_guid-cleanup","winevent-hostname-cleanup","final-cleanup-message_field"],"record_number":829,"event_original_message":"Id = {95DA4E87-3F99-4ADB-A254-AC79C47D77DE}; ClientMachine = DC; User = ; ClientProcessId = 80; Component = Unknown; Operation = Start IWbemServices::DeleteInstance - Root\\Rsop\\Computer : RSOP_ExtensionStatus.extensionGuid=\"{E4F48E54-F38D-4884-BFB9-D4D2E5729C18}\"; ResultCode = 0x80041002; PossibleCause = Unknown","source_name":"Microsoft-Windows-WMI-Activity","process_id":"80","etl_kafka_time":1642526016602,"host_name":"dc.windomain.local"}},{"_index":"logs-endpoint-winevent-wmiactivity-2022.01.18","_type":"_doc","_id":"d6f15f05c49f9ef4357676e15f80ca6794153917","_score":1.0,"_source":{"level":"error","wmi_component":"Unknown","wmi_xml_operation":"Operation_ClientFailure","etl_processed_time":"2022-01-18T19:14:39.291Z","etl_kafka_topic":"winlogbeat","event_id":5858,"task":"","etl_host_agent_type":"winlogbeat","wmi_client_machine":"DC","etl_kafka_offset":605,"etl_version":"2020.04.19.01","etl_host_agent_uid":"a1f88b3f-2f88-447f-b94f-5b4a29bbdc8b","@timestamp":"2022-01-18T17:13:36.603Z","beat_version":"7.6.2","z_elastic_ecs":{"agent":{},"log":{},"host":{},"event":{"provider":"Microsoft-Windows-WMI-Activity","kind":"event","created":"2022-01-18T19:02:54.415Z","code":5858},"ecs":{"version":"1.4.0"},"user":{"identifier":"S-1-5-18","type":"User","domain":"NT AUTHORITY","name":"SYSTEM"},"winlog":{"process":{"thread":{}}}},"beat_hostname":"dc","log_name":"Microsoft-Windows-WMI-Activity/Operational","wmi_id":"{95DA4E87-3F99-4ADB-A254-AC79C47D77DE}","etl_kafka_partition":0,"wmi_operation":"Start IWbemServices::DeleteInstance - Root\\Rsop\\Computer : RSOP_ExtensionStatus.extensionGuid=\"{E5094040-C46C-4115-B030-04FB2E545B00}\"","wmi_possible_cause":"Unknown","type":"wineventlog","provider_guid":"1418EF04-B0B4-4623-BF7E-D74AB47BBDAA","wmi_result_code":"0x80041002","event_original_time":"2022-01-18T17:13:36.603Z","thread_id":32,"etl_host_agent_ephemeral_uid":"473ad3e0-64cb-46c2-b806-1b5bf2ee3534","@version":"1","opcode":"Info","etl_pipeline":["all-filter-0098","all-add_processed_timestamp","fingerprint-winlogbeats7","winlogbeat_7_and_above-field_nest_cleanup","winlogbeat_7_and_above-field_cleanups","1500","1522","wmi-user_field_renames","wmi-event_id-5858-field_rename","general_rename-various_global_options","provider_guid-cleanup","winevent-hostname-cleanup","final-cleanup-message_field"],"record_number":830,"event_original_message":"Id = {95DA4E87-3F99-4ADB-A254-AC79C47D77DE}; ClientMachine = DC; User = ; ClientProcessId = 80; Component = Unknown; Operation = Start IWbemServices::DeleteInstance - Root\\Rsop\\Computer : RSOP_ExtensionStatus.extensionGuid=\"{E5094040-C46C-4115-B030-04FB2E545B00}\"; ResultCode = 0x80041002; PossibleCause = Unknown","source_name":"Microsoft-Windows-WMI-Activity","process_id":"80","etl_kafka_time":1642526016604,"host_name":"dc.windomain.local"}},{"_index":"logs-endpoint-winevent-wmiactivity-2022.01.18","_type":"_doc","_id":"6ce30739f2455fa62161c8ce8a831cb9aee48774","_score":1.0,"_source":{"level":"error","wmi_component":"Unknown","wmi_xml_operation":"Operation_ClientFailure","etl_processed_time":"2022-01-18T19:14:39.291Z","etl_kafka_topic":"winlogbeat","event_id":5858,"task":"","etl_host_agent_type":"winlogbeat","wmi_client_machine":"DC","etl_kafka_offset":606,"etl_version":"2020.04.19.01","etl_host_agent_uid":"a1f88b3f-2f88-447f-b94f-5b4a29bbdc8b","@timestamp":"2022-01-18T17:13:36.605Z","beat_version":"7.6.2","z_elastic_ecs":{"agent":{},"log":{},"host":{},"event":{"provider":"Microsoft-Windows-WMI-Activity","kind":"event","created":"2022-01-18T19:02:54.415Z","code":5858},"ecs":{"version":"1.4.0"},"user":{"type":"User","identifier":"S-1-5-18","domain":"NT AUTHORITY","name":"SYSTEM"},"winlog":{"process":{"thread":{}}}},"beat_hostname":"dc","log_name":"Microsoft-Windows-WMI-Activity/Operational","wmi_id":"{95DA4E87-3F99-4ADB-A254-AC79C47D77DE}","etl_kafka_partition":0,"wmi_operation":"Start IWbemServices::DeleteInstance - Root\\Rsop\\Computer : RSOP_ExtensionStatus.extensionGuid=\"{E62688F0-25FD-4c90-BFF5-F508B9D2E31F}\"","wmi_possible_cause":"Unknown","type":"wineventlog","provider_guid":"1418EF04-B0B4-4623-BF7E-D74AB47BBDAA","wmi_result_code":"0x80041002","event_original_time":"2022-01-18T17:13:36.605Z","thread_id":32,"etl_host_agent_ephemeral_uid":"473ad3e0-64cb-46c2-b806-1b5bf2ee3534","@version":"1","opcode":"Info","etl_pipeline":["all-filter-0098","all-add_processed_timestamp","fingerprint-winlogbeats7","winlogbeat_7_and_above-field_nest_cleanup","winlogbeat_7_and_above-field_cleanups","1500","1522","wmi-user_field_renames","wmi-event_id-5858-field_rename","general_rename-various_global_options","provider_guid-cleanup","winevent-hostname-cleanup","final-cleanup-message_field"],"record_number":831,"event_original_message":"Id = {95DA4E87-3F99-4ADB-A254-AC79C47D77DE}; ClientMachine = DC; User = ; ClientProcessId = 80; Component = Unknown; Operation = Start IWbemServices::DeleteInstance - Root\\Rsop\\Computer : RSOP_ExtensionStatus.extensionGuid=\"{E62688F0-25FD-4c90-BFF5-F508B9D2E31F}\"; ResultCode = 0x80041002; PossibleCause = Unknown","source_name":"Microsoft-Windows-WMI-Activity","process_id":"80","etl_kafka_time":1642526016605,"host_name":"dc.windomain.local"}},{"_index":"logs-endpoint-winevent-wmiactivity-2022.01.18","_type":"_doc","_id":"f20446773b2e1076c5bf34dd8c545a3842454e59","_score":1.0,"_source":{"level":"error","wmi_component":"Unknown","wmi_xml_operation":"Operation_ClientFailure","etl_processed_time":"2022-01-18T19:14:39.292Z","etl_kafka_topic":"winlogbeat","event_id":5858,"task":"","etl_host_agent_type":"winlogbeat","wmi_client_machine":"DC","etl_kafka_offset":607,"etl_version":"2020.04.19.01","etl_host_agent_uid":"a1f88b3f-2f88-447f-b94f-5b4a29bbdc8b","@timestamp":"2022-01-18T17:13:36.606Z","beat_version":"7.6.2","z_elastic_ecs":{"agent":{},"log":{},"host":{},"event":{"provider":"Microsoft-Windows-WMI-Activity","kind":"event","created":"2022-01-18T19:02:54.417Z","code":5858},"ecs":{"version":"1.4.0"},"user":{"type":"User","identifier":"S-1-5-18","domain":"NT AUTHORITY","name":"SYSTEM"},"winlog":{"process":{"thread":{}}}},"beat_hostname":"dc","log_name":"Microsoft-Windows-WMI-Activity/Operational","wmi_id":"{95DA4E87-3F99-4ADB-A254-AC79C47D77DE}","etl_kafka_partition":0,"wmi_operation":"Start IWbemServices::DeleteInstance - Root\\Rsop\\Computer : RSOP_ExtensionStatus.extensionGuid=\"{F312195E-3D9D-447A-A3F5-08DFFA24735E}\"","wmi_possible_cause":"Unknown","type":"wineventlog","provider_guid":"1418EF04-B0B4-4623-BF7E-D74AB47BBDAA","wmi_result_code":"0x80041002","event_original_time":"2022-01-18T17:13:36.606Z","thread_id":32,"etl_host_agent_ephemeral_uid":"473ad3e0-64cb-46c2-b806-1b5bf2ee3534","@version":"1","opcode":"Info","etl_pipeline":["all-filter-0098","all-add_processed_timestamp","fingerprint-winlogbeats7","winlogbeat_7_and_above-field_nest_cleanup","winlogbeat_7_and_above-field_cleanups","1500","1522","wmi-user_field_renames","wmi-event_id-5858-field_rename","general_rename-various_global_options","provider_guid-cleanup","winevent-hostname-cleanup","final-cleanup-message_field"],"record_number":832,"event_original_message":"Id = {95DA4E87-3F99-4ADB-A254-AC79C47D77DE}; ClientMachine = DC; User = ; ClientProcessId = 80; Component = Unknown; Operation = Start IWbemServices::DeleteInstance - Root\\Rsop\\Computer : RSOP_ExtensionStatus.extensionGuid=\"{F312195E-3D9D-447A-A3F5-08DFFA24735E}\"; ResultCode = 0x80041002; PossibleCause = Unknown","source_name":"Microsoft-Windows-WMI-Activity","process_id":"80","etl_kafka_time":1642526016607,"host_name":"dc.windomain.local"}},