{"_index":"logs-endpoint-winevent-wmiactivity-2022.01.18","_type":"_doc","_id":"1dbce612c1cf1fe01de6e541e5a21a3b64ec16d3","_score":1.0,"_source":{"level":"error","wmi_component":"Unknown","wmi_xml_operation":"Operation_ClientFailure","etl_processed_time":"2022-01-18T19:15:05.656Z","etl_kafka_topic":"winlogbeat","event_id":5858,"task":"","etl_host_agent_type":"winlogbeat","wmi_client_machine":"DC","etl_kafka_offset":817,"etl_version":"2020.04.19.01","etl_host_agent_uid":"a1f88b3f-2f88-447f-b94f-5b4a29bbdc8b","@timestamp":"2022-01-18T19:00:51.048Z","beat_version":"7.6.2","z_elastic_ecs":{"agent":{},"log":{},"host":{},"event":{"provider":"Microsoft-Windows-WMI-Activity","kind":"event","created":"2022-01-18T19:02:55.219Z","code":5858},"ecs":{"version":"1.4.0"},"user":{"type":"User","identifier":"S-1-5-18","domain":"NT AUTHORITY","name":"SYSTEM"},"winlog":{"process":{"thread":{}}}},"beat_hostname":"dc","log_name":"Microsoft-Windows-WMI-Activity/Operational","wmi_id":"{133BA7FD-419E-4EDA-B8CF-786E970ACED8}","etl_kafka_partition":0,"wmi_operation":"Start IWbemServices::DeleteInstance - Root\\Rsop\\Computer : RSOP_ExtensionStatus.extensionGuid=\"{6232C319-91AC-4931-9385-E70C2B099F0E}\"","wmi_possible_cause":"Unknown","type":"wineventlog","provider_guid":"1418EF04-B0B4-4623-BF7E-D74AB47BBDAA","wmi_result_code":"0x80041002","event_original_time":"2022-01-18T19:00:51.048Z","thread_id":2100,"etl_host_agent_ephemeral_uid":"473ad3e0-64cb-46c2-b806-1b5bf2ee3534","@version":"1","opcode":"Info","etl_pipeline":["all-filter-0098","all-add_processed_timestamp","fingerprint-winlogbeats7","winlogbeat_7_and_above-field_nest_cleanup","winlogbeat_7_and_above-field_cleanups","1500","1522","wmi-user_field_renames","wmi-event_id-5858-field_rename","general_rename-various_global_options","provider_guid-cleanup","winevent-hostname-cleanup","final-cleanup-message_field"],"record_number":942,"event_original_message":"Id = {133BA7FD-419E-4EDA-B8CF-786E970ACED8}; ClientMachine = DC; User = ; ClientProcessId = 980; Component = Unknown; Operation = Start IWbemServices::DeleteInstance - Root\\Rsop\\Computer : RSOP_ExtensionStatus.extensionGuid=\"{6232C319-91AC-4931-9385-E70C2B099F0E}\"; ResultCode = 0x80041002; PossibleCause = Unknown","source_name":"Microsoft-Windows-WMI-Activity","process_id":"980","etl_kafka_time":1642532451047,"host_name":"dc.windomain.local"}},{"_index":"logs-endpoint-winevent-wmiactivity-2022.01.18","_type":"_doc","_id":"c1362918955308689055d990a8d80800d0bf63da","_score":1.0,"_source":{"level":"error","wmi_component":"Unknown","wmi_xml_operation":"Operation_ClientFailure","etl_processed_time":"2022-01-18T19:15:05.656Z","etl_kafka_topic":"winlogbeat","event_id":5858,"task":"","etl_host_agent_type":"winlogbeat","wmi_client_machine":"DC","etl_kafka_offset":818,"etl_version":"2020.04.19.01","etl_host_agent_uid":"a1f88b3f-2f88-447f-b94f-5b4a29bbdc8b","@timestamp":"2022-01-18T19:00:51.051Z","beat_version":"7.6.2","z_elastic_ecs":{"agent":{},"log":{},"host":{},"event":{"provider":"Microsoft-Windows-WMI-Activity","kind":"event","created":"2022-01-18T19:02:55.219Z","code":5858},"ecs":{"version":"1.4.0"},"user":{"type":"User","identifier":"S-1-5-18","domain":"NT AUTHORITY","name":"SYSTEM"},"winlog":{"process":{"thread":{}}}},"beat_hostname":"dc","log_name":"Microsoft-Windows-WMI-Activity/Operational","wmi_id":"{133BA7FD-419E-4EDA-B8CF-786E970ACED8}","etl_kafka_partition":0,"wmi_operation":"Start IWbemServices::DeleteInstance - Root\\Rsop\\Computer : RSOP_ExtensionStatus.extensionGuid=\"{6A4C88C6-C502-4f74-8F60-2CB23EDC24E2}\"","wmi_possible_cause":"Unknown","type":"wineventlog","provider_guid":"1418EF04-B0B4-4623-BF7E-D74AB47BBDAA","wmi_result_code":"0x80041002","event_original_time":"2022-01-18T19:00:51.051Z","thread_id":2100,"etl_host_agent_ephemeral_uid":"473ad3e0-64cb-46c2-b806-1b5bf2ee3534","@version":"1","opcode":"Info","etl_pipeline":["all-filter-0098","all-add_processed_timestamp","fingerprint-winlogbeats7","winlogbeat_7_and_above-field_nest_cleanup","winlogbeat_7_and_above-field_cleanups","1500","1522","wmi-user_field_renames","wmi-event_id-5858-field_rename","general_rename-various_global_options","provider_guid-cleanup","winevent-hostname-cleanup","final-cleanup-message_field"],"record_number":943,"event_original_message":"Id = {133BA7FD-419E-4EDA-B8CF-786E970ACED8}; ClientMachine = DC; User = ; ClientProcessId = 980; Component = Unknown; Operation = Start IWbemServices::DeleteInstance - Root\\Rsop\\Computer : RSOP_ExtensionStatus.extensionGuid=\"{6A4C88C6-C502-4f74-8F60-2CB23EDC24E2}\"; ResultCode = 0x80041002; PossibleCause = Unknown","source_name":"Microsoft-Windows-WMI-Activity","process_id":"980","etl_kafka_time":1642532451051,"host_name":"dc.windomain.local"}},{"_index":"logs-endpoint-winevent-wmiactivity-2022.01.18","_type":"_doc","_id":"8415fe1573c793fd70e8881caaa6485232bdffb1","_score":1.0,"_source":{"level":"error","wmi_component":"Unknown","wmi_xml_operation":"Operation_ClientFailure","etl_processed_time":"2022-01-18T19:15:05.656Z","etl_kafka_topic":"winlogbeat","event_id":5858,"task":"","etl_host_agent_type":"winlogbeat","wmi_client_machine":"DC","etl_kafka_offset":819,"etl_version":"2020.04.19.01","etl_host_agent_uid":"a1f88b3f-2f88-447f-b94f-5b4a29bbdc8b","@timestamp":"2022-01-18T19:00:51.052Z","beat_version":"7.6.2","z_elastic_ecs":{"agent":{},"log":{},"host":{},"event":{"provider":"Microsoft-Windows-WMI-Activity","kind":"event","created":"2022-01-18T19:02:55.220Z","code":5858},"ecs":{"version":"1.4.0"},"user":{"type":"User","identifier":"S-1-5-18","domain":"NT AUTHORITY","name":"SYSTEM"},"winlog":{"process":{"thread":{}}}},"beat_hostname":"dc","log_name":"Microsoft-Windows-WMI-Activity/Operational","wmi_id":"{133BA7FD-419E-4EDA-B8CF-786E970ACED8}","etl_kafka_partition":0,"wmi_operation":"Start IWbemServices::DeleteInstance - Root\\Rsop\\Computer : RSOP_ExtensionStatus.extensionGuid=\"{7150F9BF-48AD-4da4-A49C-29EF4A8369BA}\"","wmi_possible_cause":"Unknown","type":"wineventlog","provider_guid":"1418EF04-B0B4-4623-BF7E-D74AB47BBDAA","wmi_result_code":"0x80041002","event_original_time":"2022-01-18T19:00:51.052Z","thread_id":2100,"etl_host_agent_ephemeral_uid":"473ad3e0-64cb-46c2-b806-1b5bf2ee3534","@version":"1","opcode":"Info","etl_pipeline":["all-filter-0098","all-add_processed_timestamp","fingerprint-winlogbeats7","winlogbeat_7_and_above-field_nest_cleanup","winlogbeat_7_and_above-field_cleanups","1500","1522","wmi-user_field_renames","wmi-event_id-5858-field_rename","general_rename-various_global_options","provider_guid-cleanup","winevent-hostname-cleanup","final-cleanup-message_field"],"record_number":944,"event_original_message":"Id = {133BA7FD-419E-4EDA-B8CF-786E970ACED8}; ClientMachine = DC; User = ; ClientProcessId = 980; Component = Unknown; Operation = Start IWbemServices::DeleteInstance - Root\\Rsop\\Computer : RSOP_ExtensionStatus.extensionGuid=\"{7150F9BF-48AD-4da4-A49C-29EF4A8369BA}\"; ResultCode = 0x80041002; PossibleCause = Unknown","source_name":"Microsoft-Windows-WMI-Activity","process_id":"980","etl_kafka_time":1642532451052,"host_name":"dc.windomain.local"}},{"_index":"logs-endpoint-winevent-wmiactivity-2022.01.18","_type":"_doc","_id":"b558e08876acc4c40ee177628d838b093763097d","_score":1.0,"_source":{"level":"error","wmi_component":"Unknown","wmi_xml_operation":"Operation_ClientFailure","etl_processed_time":"2022-01-18T19:15:05.657Z","etl_kafka_topic":"winlogbeat","event_id":5858,"task":"","etl_host_agent_type":"winlogbeat","wmi_client_machine":"DC","etl_kafka_offset":820,"etl_version":"2020.04.19.01","etl_host_agent_uid":"a1f88b3f-2f88-447f-b94f-5b4a29bbdc8b","@timestamp":"2022-01-18T19:00:51.055Z","beat_version":"7.6.2","z_elastic_ecs":{"agent":{},"log":{},"host":{},"event":{"provider":"Microsoft-Windows-WMI-Activity","kind":"event","created":"2022-01-18T19:02:55.220Z","code":5858},"ecs":{"version":"1.4.0"},"user":{"identifier":"S-1-5-18","type":"User","domain":"NT AUTHORITY","name":"SYSTEM"},"winlog":{"process":{"thread":{}}}},"beat_hostname":"dc","log_name":"Microsoft-Windows-WMI-Activity/Operational","wmi_id":"{133BA7FD-419E-4EDA-B8CF-786E970ACED8}","etl_kafka_partition":0,"wmi_operation":"Start IWbemServices::DeleteInstance - Root\\Rsop\\Computer : RSOP_ExtensionStatus.extensionGuid=\"{728EE579-943C-4519-9EF7-AB56765798ED}\"","wmi_possible_cause":"Unknown","type":"wineventlog","provider_guid":"1418EF04-B0B4-4623-BF7E-D74AB47BBDAA","wmi_result_code":"0x80041002","event_original_time":"2022-01-18T19:00:51.055Z","thread_id":2100,"etl_host_agent_ephemeral_uid":"473ad3e0-64cb-46c2-b806-1b5bf2ee3534","@version":"1","opcode":"Info","etl_pipeline":["all-filter-0098","all-add_processed_timestamp","fingerprint-winlogbeats7","winlogbeat_7_and_above-field_nest_cleanup","winlogbeat_7_and_above-field_cleanups","1500","1522","wmi-user_field_renames","wmi-event_id-5858-field_rename","general_rename-various_global_options","provider_guid-cleanup","winevent-hostname-cleanup","final-cleanup-message_field"],"record_number":945,"event_original_message":"Id = {133BA7FD-419E-4EDA-B8CF-786E970ACED8}; ClientMachine = DC; User = ; ClientProcessId = 980; Component = Unknown; Operation = Start IWbemServices::DeleteInstance - Root\\Rsop\\Computer : RSOP_ExtensionStatus.extensionGuid=\"{728EE579-943C-4519-9EF7-AB56765798ED}\"; ResultCode = 0x80041002; PossibleCause = Unknown","source_name":"Microsoft-Windows-WMI-Activity","process_id":"980","etl_kafka_time":1642532451055,"host_name":"dc.windomain.local"}},{"_index":"logs-endpoint-winevent-wmiactivity-2022.01.18","_type":"_doc","_id":"a12b4b499cbc67dd1658ea5ea28658cfa55c09f6","_score":1.0,"_source":{"level":"error","wmi_component":"Unknown","wmi_xml_operation":"Operation_ClientFailure","etl_processed_time":"2022-01-18T19:15:05.657Z","etl_kafka_topic":"winlogbeat","event_id":5858,"task":"","etl_host_agent_type":"winlogbeat","wmi_client_machine":"DC","etl_kafka_offset":821,"etl_version":"2020.04.19.01","etl_host_agent_uid":"a1f88b3f-2f88-447f-b94f-5b4a29bbdc8b","@timestamp":"2022-01-18T19:00:51.065Z","beat_version":"7.6.2","z_elastic_ecs":{"agent":{},"log":{},"host":{},"event":{"provider":"Microsoft-Windows-WMI-Activity","kind":"event","created":"2022-01-18T19:02:55.220Z","code":5858},"ecs":{"version":"1.4.0"},"user":{"type":"User","identifier":"S-1-5-18","domain":"NT AUTHORITY","name":"SYSTEM"},"winlog":{"process":{"thread":{}}}},"beat_hostname":"dc","log_name":"Microsoft-Windows-WMI-Activity/Operational","wmi_id":"{133BA7FD-419E-4EDA-B8CF-786E970ACED8}","etl_kafka_partition":0,"wmi_operation":"Start IWbemServices::DeleteInstance - Root\\Rsop\\Computer : RSOP_ExtensionStatus.extensionGuid=\"{74EE6C03-5363-4554-B161-627540339CAB}\"","wmi_possible_cause":"Unknown","type":"wineventlog","provider_guid":"1418EF04-B0B4-4623-BF7E-D74AB47BBDAA","wmi_result_code":"0x80041002","event_original_time":"2022-01-18T19:00:51.065Z","thread_id":2100,"etl_host_agent_ephemeral_uid":"473ad3e0-64cb-46c2-b806-1b5bf2ee3534","@version":"1","opcode":"Info","etl_pipeline":["all-filter-0098","all-add_processed_timestamp","fingerprint-winlogbeats7","winlogbeat_7_and_above-field_nest_cleanup","winlogbeat_7_and_above-field_cleanups","1500","1522","wmi-user_field_renames","wmi-event_id-5858-field_rename","general_rename-various_global_options","provider_guid-cleanup","winevent-hostname-cleanup","final-cleanup-message_field"],"record_number":946,"event_original_message":"Id = {133BA7FD-419E-4EDA-B8CF-786E970ACED8}; ClientMachine = DC; User = ; ClientProcessId = 980; Component = Unknown; Operation = Start IWbemServices::DeleteInstance - Root\\Rsop\\Computer : RSOP_ExtensionStatus.extensionGuid=\"{74EE6C03-5363-4554-B161-627540339CAB}\"; ResultCode = 0x80041002; PossibleCause = Unknown","source_name":"Microsoft-Windows-WMI-Activity","process_id":"980","etl_kafka_time":1642532451065,"host_name":"dc.windomain.local"}},{"_index":"logs-endpoint-winevent-wmiactivity-2022.01.18","_type":"_doc","_id":"232424fb397af205de754d4a69db76c81cc609ce","_score":1.0,"_source":{"level":"error","wmi_component":"Unknown","wmi_xml_operation":"Operation_ClientFailure","etl_processed_time":"2022-01-18T19:15:05.657Z","etl_kafka_topic":"winlogbeat","event_id":5858,"task":"","etl_host_agent_type":"winlogbeat","wmi_client_machine":"DC","etl_kafka_offset":822,"etl_version":"2020.04.19.01","etl_host_agent_uid":"a1f88b3f-2f88-447f-b94f-5b4a29bbdc8b","@timestamp":"2022-01-18T19:00:51.068Z","beat_version":"7.6.2","z_elastic_ecs":{"agent":{},"log":{},"host":{},"event":{"provider":"Microsoft-Windows-WMI-Activity","kind":"event","created":"2022-01-18T19:02:55.220Z","code":5858},"ecs":{"version":"1.4.0"},"user":{"identifier":"S-1-5-18","type":"User","domain":"NT AUTHORITY","name":"SYSTEM"},"winlog":{"process":{"thread":{}}}},"beat_hostname":"dc","log_name":"Microsoft-Windows-WMI-Activity/Operational","wmi_id":"{133BA7FD-419E-4EDA-B8CF-786E970ACED8}","etl_kafka_partition":0,"wmi_operation":"Start IWbemServices::DeleteInstance - Root\\Rsop\\Computer : RSOP_ExtensionStatus.extensionGuid=\"{7933F41E-56F8-41d6-A31C-4148A711EE93}\"","wmi_possible_cause":"Unknown","type":"wineventlog","provider_guid":"1418EF04-B0B4-4623-BF7E-D74AB47BBDAA","wmi_result_code":"0x80041002","event_original_time":"2022-01-18T19:00:51.068Z","thread_id":2100,"etl_host_agent_ephemeral_uid":"473ad3e0-64cb-46c2-b806-1b5bf2ee3534","@version":"1","opcode":"Info","etl_pipeline":["all-filter-0098","all-add_processed_timestamp","fingerprint-winlogbeats7","winlogbeat_7_and_above-field_nest_cleanup","winlogbeat_7_and_above-field_cleanups","1500","1522","wmi-user_field_renames","wmi-event_id-5858-field_rename","general_rename-various_global_options","provider_guid-cleanup","winevent-hostname-cleanup","final-cleanup-message_field"],"record_number":947,"event_original_message":"Id = {133BA7FD-419E-4EDA-B8CF-786E970ACED8}; ClientMachine = DC; User = ; ClientProcessId = 980; Component = Unknown; Operation = Start IWbemServices::DeleteInstance - Root\\Rsop\\Computer : RSOP_ExtensionStatus.extensionGuid=\"{7933F41E-56F8-41d6-A31C-4148A711EE93}\"; ResultCode = 0x80041002; PossibleCause = Unknown","source_name":"Microsoft-Windows-WMI-Activity","process_id":"980","etl_kafka_time":1642532451068,"host_name":"dc.windomain.local"}},{"_index":"logs-endpoint-winevent-wmiactivity-2022.01.18","_type":"_doc","_id":"cb7bcfe5002361cec86b56ca22a243947d1b6f38","_score":1.0,"_source":{"level":"error","wmi_component":"Unknown","wmi_xml_operation":"Operation_ClientFailure","etl_processed_time":"2022-01-18T19:15:05.658Z","etl_kafka_topic":"winlogbeat","event_id":5858,"task":"","etl_host_agent_type":"winlogbeat","wmi_client_machine":"DC","etl_kafka_offset":823,"etl_version":"2020.04.19.01","etl_host_agent_uid":"a1f88b3f-2f88-447f-b94f-5b4a29bbdc8b","@timestamp":"2022-01-18T19:00:51.070Z","beat_version":"7.6.2","z_elastic_ecs":{"agent":{},"log":{},"host":{},"event":{"provider":"Microsoft-Windows-WMI-Activity","kind":"event","created":"2022-01-18T19:02:55.220Z","code":5858},"ecs":{"version":"1.4.0"},"user":{"identifier":"S-1-5-18","type":"User","domain":"NT AUTHORITY","name":"SYSTEM"},"winlog":{"process":{"thread":{}}}},"beat_hostname":"dc","log_name":"Microsoft-Windows-WMI-Activity/Operational","wmi_id":"{133BA7FD-419E-4EDA-B8CF-786E970ACED8}","etl_kafka_partition":0,"wmi_operation":"Start IWbemServices::DeleteInstance - Root\\Rsop\\Computer : RSOP_ExtensionStatus.extensionGuid=\"{7B849a69-220F-451E-B3FE-2CB811AF94AE}\"","wmi_possible_cause":"Unknown","type":"wineventlog","provider_guid":"1418EF04-B0B4-4623-BF7E-D74AB47BBDAA","wmi_result_code":"0x80041002","event_original_time":"2022-01-18T19:00:51.070Z","thread_id":2100,"etl_host_agent_ephemeral_uid":"473ad3e0-64cb-46c2-b806-1b5bf2ee3534","@version":"1","opcode":"Info","etl_pipeline":["all-filter-0098","all-add_processed_timestamp","fingerprint-winlogbeats7","winlogbeat_7_and_above-field_nest_cleanup","winlogbeat_7_and_above-field_cleanups","1500","1522","wmi-user_field_renames","wmi-event_id-5858-field_rename","general_rename-various_global_options","provider_guid-cleanup","winevent-hostname-cleanup","final-cleanup-message_field"],"record_number":948,"event_original_message":"Id = {133BA7FD-419E-4EDA-B8CF-786E970ACED8}; ClientMachine = DC; User = ; ClientProcessId = 980; Component = Unknown; Operation = Start IWbemServices::DeleteInstance - Root\\Rsop\\Computer : RSOP_ExtensionStatus.extensionGuid=\"{7B849a69-220F-451E-B3FE-2CB811AF94AE}\"; ResultCode = 0x80041002; PossibleCause = Unknown","source_name":"Microsoft-Windows-WMI-Activity","process_id":"980","etl_kafka_time":1642532451070,"host_name":"dc.windomain.local"}},{"_index":"logs-endpoint-winevent-wmiactivity-2022.01.18","_type":"_doc","_id":"eaf447421dfd56ea40b95ba6dd51f80b3cb76774","_score":1.0,"_source":{"level":"error","wmi_component":"Unknown","wmi_xml_operation":"Operation_ClientFailure","etl_processed_time":"2022-01-18T19:15:05.658Z","etl_kafka_topic":"winlogbeat","event_id":5858,"task":"","etl_host_agent_type":"winlogbeat","wmi_client_machine":"DC","etl_kafka_offset":824,"etl_version":"2020.04.19.01","etl_host_agent_uid":"a1f88b3f-2f88-447f-b94f-5b4a29bbdc8b","@timestamp":"2022-01-18T19:00:51.104Z","beat_version":"7.6.2","z_elastic_ecs":{"agent":{},"log":{},"host":{},"event":{"provider":"Microsoft-Windows-WMI-Activity","kind":"event","created":"2022-01-18T19:02:55.220Z","code":5858},"ecs":{"version":"1.4.0"},"user":{"type":"User","identifier":"S-1-5-18","domain":"NT AUTHORITY","name":"SYSTEM"},"winlog":{"process":{"thread":{}}}},"beat_hostname":"dc","log_name":"Microsoft-Windows-WMI-Activity/Operational","wmi_id":"{133BA7FD-419E-4EDA-B8CF-786E970ACED8}","etl_kafka_partition":0,"wmi_operation":"Start IWbemServices::DeleteInstance - Root\\Rsop\\Computer : RSOP_ExtensionStatus.extensionGuid=\"{8A28E2C5-8D06-49A4-A08C-632DAA493E17}\"","wmi_possible_cause":"Unknown","type":"wineventlog","provider_guid":"1418EF04-B0B4-4623-BF7E-D74AB47BBDAA","wmi_result_code":"0x80041002","event_original_time":"2022-01-18T19:00:51.104Z","thread_id":2100,"etl_host_agent_ephemeral_uid":"473ad3e0-64cb-46c2-b806-1b5bf2ee3534","@version":"1","opcode":"Info","etl_pipeline":["all-filter-0098","all-add_processed_timestamp","fingerprint-winlogbeats7","winlogbeat_7_and_above-field_nest_cleanup","winlogbeat_7_and_above-field_cleanups","1500","1522","wmi-user_field_renames","wmi-event_id-5858-field_rename","general_rename-various_global_options","provider_guid-cleanup","winevent-hostname-cleanup","final-cleanup-message_field"],"record_number":949,"event_original_message":"Id = {133BA7FD-419E-4EDA-B8CF-786E970ACED8}; ClientMachine = DC; User = ; ClientProcessId = 980; Component = Unknown; Operation = Start IWbemServices::DeleteInstance - Root\\Rsop\\Computer : RSOP_ExtensionStatus.extensionGuid=\"{8A28E2C5-8D06-49A4-A08C-632DAA493E17}\"; ResultCode = 0x80041002; PossibleCause = Unknown","source_name":"Microsoft-Windows-WMI-Activity","process_id":"980","etl_kafka_time":1642532451104,"host_name":"dc.windomain.local"}},{"_index":"logs-endpoint-winevent-wmiactivity-2022.01.18","_type":"_doc","_id":"2aa0441d9dae3666445aac76c879e98c6bf59f2c","_score":1.0,"_source":{"level":"error","wmi_component":"Unknown","wmi_xml_operation":"Operation_ClientFailure","etl_processed_time":"2022-01-18T19:15:05.658Z","etl_kafka_topic":"winlogbeat","event_id":5858,"task":"","etl_host_agent_type":"winlogbeat","wmi_client_machine":"DC","etl_kafka_offset":825,"etl_version":"2020.04.19.01","etl_host_agent_uid":"a1f88b3f-2f88-447f-b94f-5b4a29bbdc8b","@timestamp":"2022-01-18T19:00:51.120Z","beat_version":"7.6.2","z_elastic_ecs":{"agent":{},"log":{},"host":{},"event":{"provider":"Microsoft-Windows-WMI-Activity","kind":"event","created":"2022-01-18T19:02:55.220Z","code":5858},"ecs":{"version":"1.4.0"},"user":{"type":"User","identifier":"S-1-5-18","domain":"NT AUTHORITY","name":"SYSTEM"},"winlog":{"process":{"thread":{}}}},"beat_hostname":"dc","log_name":"Microsoft-Windows-WMI-Activity/Operational","wmi_id":"{133BA7FD-419E-4EDA-B8CF-786E970ACED8}","etl_kafka_partition":0,"wmi_operation":"Start IWbemServices::DeleteInstance - Root\\Rsop\\Computer : RSOP_ExtensionStatus.extensionGuid=\"{91FBB303-0CD5-4055-BF42-E512A681B325}\"","wmi_possible_cause":"Unknown","type":"wineventlog","provider_guid":"1418EF04-B0B4-4623-BF7E-D74AB47BBDAA","wmi_result_code":"0x80041002","event_original_time":"2022-01-18T19:00:51.120Z","thread_id":2100,"etl_host_agent_ephemeral_uid":"473ad3e0-64cb-46c2-b806-1b5bf2ee3534","@version":"1","opcode":"Info","etl_pipeline":["all-filter-0098","all-add_processed_timestamp","fingerprint-winlogbeats7","winlogbeat_7_and_above-field_nest_cleanup","winlogbeat_7_and_above-field_cleanups","1500","1522","wmi-user_field_renames","wmi-event_id-5858-field_rename","general_rename-various_global_options","provider_guid-cleanup","winevent-hostname-cleanup","final-cleanup-message_field"],"record_number":950,"event_original_message":"Id = {133BA7FD-419E-4EDA-B8CF-786E970ACED8}; ClientMachine = DC; User = ; ClientProcessId = 980; Component = Unknown; Operation = Start IWbemServices::DeleteInstance - Root\\Rsop\\Computer : RSOP_ExtensionStatus.extensionGuid=\"{91FBB303-0CD5-4055-BF42-E512A681B325}\"; ResultCode = 0x80041002; PossibleCause = Unknown","source_name":"Microsoft-Windows-WMI-Activity","process_id":"980","etl_kafka_time":1642532451120,"host_name":"dc.windomain.local"}},{"_index":"logs-endpoint-winevent-wmiactivity-2022.01.18","_type":"_doc","_id":"b7de4620f9d5a7233fdc76ead9bb8f309b575df4","_score":1.0,"_source":{"level":"error","wmi_component":"Unknown","wmi_xml_operation":"Operation_ClientFailure","etl_processed_time":"2022-01-18T19:15:05.659Z","etl_kafka_topic":"winlogbeat","event_id":5858,"task":"","etl_host_agent_type":"winlogbeat","wmi_client_machine":"DC","etl_kafka_offset":826,"etl_version":"2020.04.19.01","etl_host_agent_uid":"a1f88b3f-2f88-447f-b94f-5b4a29bbdc8b","@timestamp":"2022-01-18T19:00:51.124Z","beat_version":"7.6.2","z_elastic_ecs":{"agent":{},"log":{},"host":{},"event":{"provider":"Microsoft-Windows-WMI-Activity","kind":"event","created":"2022-01-18T19:02:55.220Z","code":5858},"ecs":{"version":"1.4.0"},"user":{"identifier":"S-1-5-18","type":"User","domain":"NT AUTHORITY","name":"SYSTEM"},"winlog":{"process":{"thread":{}}}},"beat_hostname":"dc","log_name":"Microsoft-Windows-WMI-Activity/Operational","wmi_id":"{133BA7FD-419E-4EDA-B8CF-786E970ACED8}","etl_kafka_partition":0,"wmi_operation":"Start IWbemServices::DeleteInstance - Root\\Rsop\\Computer : RSOP_ExtensionStatus.extensionGuid=\"{A3F3E39B-5D83-4940-B954-28315B82F0A8}\"","wmi_possible_cause":"Unknown","type":"wineventlog","provider_guid":"1418EF04-B0B4-4623-BF7E-D74AB47BBDAA","wmi_result_code":"0x80041002","event_original_time":"2022-01-18T19:00:51.124Z","thread_id":2100,"etl_host_agent_ephemeral_uid":"473ad3e0-64cb-46c2-b806-1b5bf2ee3534","@version":"1","opcode":"Info","etl_pipeline":["all-filter-0098","all-add_processed_timestamp","fingerprint-winlogbeats7","winlogbeat_7_and_above-field_nest_cleanup","winlogbeat_7_and_above-field_cleanups","1500","1522","wmi-user_field_renames","wmi-event_id-5858-field_rename","general_rename-various_global_options","provider_guid-cleanup","winevent-hostname-cleanup","final-cleanup-message_field"],"record_number":951,"event_original_message":"Id = {133BA7FD-419E-4EDA-B8CF-786E970ACED8}; ClientMachine = DC; User = ; ClientProcessId = 980; Component = Unknown; Operation = Start IWbemServices::DeleteInstance - Root\\Rsop\\Computer : RSOP_ExtensionStatus.extensionGuid=\"{A3F3E39B-5D83-4940-B954-28315B82F0A8}\"; ResultCode = 0x80041002; PossibleCause = Unknown","source_name":"Microsoft-Windows-WMI-Activity","process_id":"980","etl_kafka_time":1642532451124,"host_name":"dc.windomain.local"}},{"_index":"logs-endpoint-winevent-wmiactivity-2022.01.18","_type":"_doc","_id":"b2beb3e35d4e117603b99192cf8dc5094afba592","_score":1.0,"_source":{"level":"error","wmi_component":"Unknown","wmi_xml_operation":"Operation_ClientFailure","etl_processed_time":"2022-01-18T19:15:05.660Z","etl_kafka_topic":"winlogbeat","event_id":5858,"task":"","etl_host_agent_type":"winlogbeat","wmi_client_machine":"DC","etl_kafka_offset":827,"etl_version":"2020.04.19.01","etl_host_agent_uid":"a1f88b3f-2f88-447f-b94f-5b4a29bbdc8b","@timestamp":"2022-01-18T19:00:51.127Z","beat_version":"7.6.2","z_elastic_ecs":{"agent":{},"log":{},"host":{},"event":{"provider":"Microsoft-Windows-WMI-Activity","kind":"event","created":"2022-01-18T19:02:55.220Z","code":5858},"ecs":{"version":"1.4.0"},"user":{"identifier":"S-1-5-18","type":"User","domain":"NT AUTHORITY","name":"SYSTEM"},"winlog":{"process":{"thread":{}}}},"beat_hostname":"dc","log_name":"Microsoft-Windows-WMI-Activity/Operational","wmi_id":"{133BA7FD-419E-4EDA-B8CF-786E970ACED8}","etl_kafka_partition":0,"wmi_operation":"Start IWbemServices::DeleteInstance - Root\\Rsop\\Computer : RSOP_ExtensionStatus.extensionGuid=\"{AADCED64-746C-4633-A97C-D61349046527}\"","wmi_possible_cause":"Unknown","type":"wineventlog","provider_guid":"1418EF04-B0B4-4623-BF7E-D74AB47BBDAA","wmi_result_code":"0x80041002","event_original_time":"2022-01-18T19:00:51.127Z","thread_id":2100,"etl_host_agent_ephemeral_uid":"473ad3e0-64cb-46c2-b806-1b5bf2ee3534","@version":"1","opcode":"Info","etl_pipeline":["all-filter-0098","all-add_processed_timestamp","fingerprint-winlogbeats7","winlogbeat_7_and_above-field_nest_cleanup","winlogbeat_7_and_above-field_cleanups","1500","1522","wmi-user_field_renames","wmi-event_id-5858-field_rename","general_rename-various_global_options","provider_guid-cleanup","winevent-hostname-cleanup","final-cleanup-message_field"],"record_number":952,"event_original_message":"Id = {133BA7FD-419E-4EDA-B8CF-786E970ACED8}; ClientMachine = DC; User = ; ClientProcessId = 980; Component = Unknown; Operation = Start IWbemServices::DeleteInstance - Root\\Rsop\\Computer : RSOP_ExtensionStatus.extensionGuid=\"{AADCED64-746C-4633-A97C-D61349046527}\"; ResultCode = 0x80041002; PossibleCause = Unknown","source_name":"Microsoft-Windows-WMI-Activity","process_id":"980","etl_kafka_time":1642532451127,"host_name":"dc.windomain.local"}},{"_index":"logs-endpoint-winevent-wmiactivity-2022.01.18","_type":"_doc","_id":"60aae293c51b25769a2dd8d5b6cfe574c75e1426","_score":1.0,"_source":{"level":"error","wmi_component":"Unknown","wmi_xml_operation":"Operation_ClientFailure","etl_processed_time":"2022-01-18T19:15:05.661Z","etl_kafka_topic":"winlogbeat","event_id":5858,"task":"","etl_host_agent_type":"winlogbeat","wmi_client_machine":"DC","etl_kafka_offset":828,"etl_version":"2020.04.19.01","etl_host_agent_uid":"a1f88b3f-2f88-447f-b94f-5b4a29bbdc8b","@timestamp":"2022-01-18T19:00:55.150Z","beat_version":"7.6.2","z_elastic_ecs":{"agent":{},"log":{},"host":{},"event":{"provider":"Microsoft-Windows-WMI-Activity","kind":"event","created":"2022-01-18T19:02:55.221Z","code":5858},"ecs":{"version":"1.4.0"},"user":{"type":"User","identifier":"S-1-5-18","domain":"NT AUTHORITY","name":"SYSTEM"},"winlog":{"process":{"thread":{}}}},"beat_hostname":"dc","log_name":"Microsoft-Windows-WMI-Activity/Operational","wmi_id":"{133BA7FD-419E-4EDA-B8CF-786E970ACED8}","etl_kafka_partition":0,"wmi_operation":"Start IWbemServices::DeleteInstance - Root\\Rsop\\Computer : RSOP_ExtensionStatus.extensionGuid=\"{B587E2B1-4D59-4e7e-AED9-22B9DF11D053}\"","wmi_possible_cause":"Unknown","type":"wineventlog","provider_guid":"1418EF04-B0B4-4623-BF7E-D74AB47BBDAA","wmi_result_code":"0x80041002","event_original_time":"2022-01-18T19:00:55.150Z","thread_id":2100,"etl_host_agent_ephemeral_uid":"473ad3e0-64cb-46c2-b806-1b5bf2ee3534","@version":"1","opcode":"Info","etl_pipeline":["all-filter-0098","all-add_processed_timestamp","fingerprint-winlogbeats7","winlogbeat_7_and_above-field_nest_cleanup","winlogbeat_7_and_above-field_cleanups","1500","1522","wmi-user_field_renames","wmi-event_id-5858-field_rename","general_rename-various_global_options","provider_guid-cleanup","winevent-hostname-cleanup","final-cleanup-message_field"],"record_number":953,"event_original_message":"Id = {133BA7FD-419E-4EDA-B8CF-786E970ACED8}; ClientMachine = DC; User = ; ClientProcessId = 980; Component = Unknown; Operation = Start IWbemServices::DeleteInstance - Root\\Rsop\\Computer : RSOP_ExtensionStatus.extensionGuid=\"{B587E2B1-4D59-4e7e-AED9-22B9DF11D053}\"; ResultCode = 0x80041002; PossibleCause = Unknown","source_name":"Microsoft-Windows-WMI-Activity","process_id":"980","etl_kafka_time":1642532455150,"host_name":"dc.windomain.local"}},{"_index":"logs-endpoint-winevent-wmiactivity-2022.01.18","_type":"_doc","_id":"23ebdb4748f48d4dff981d8aaa1f8d7ae6656cb2","_score":1.0,"_source":{"level":"error","wmi_component":"Unknown","wmi_xml_operation":"Operation_ClientFailure","etl_processed_time":"2022-01-18T19:15:05.661Z","etl_kafka_topic":"winlogbeat","event_id":5858,"task":"","etl_host_agent_type":"winlogbeat","wmi_client_machine":"DC","etl_kafka_offset":829,"etl_version":"2020.04.19.01","etl_host_agent_uid":"a1f88b3f-2f88-447f-b94f-5b4a29bbdc8b","@timestamp":"2022-01-18T19:00:55.151Z","beat_version":"7.6.2","z_elastic_ecs":{"agent":{},"log":{},"host":{},"event":{"provider":"Microsoft-Windows-WMI-Activity","kind":"event","created":"2022-01-18T19:02:55.221Z","code":5858},"ecs":{"version":"1.4.0"},"user":{"identifier":"S-1-5-18","type":"User","domain":"NT AUTHORITY","name":"SYSTEM"},"winlog":{"process":{"thread":{}}}},"beat_hostname":"dc","log_name":"Microsoft-Windows-WMI-Activity/Operational","wmi_id":"{133BA7FD-419E-4EDA-B8CF-786E970ACED8}","etl_kafka_partition":0,"wmi_operation":"Start IWbemServices::DeleteInstance - Root\\Rsop\\Computer : RSOP_ExtensionStatus.extensionGuid=\"{BA649533-0AAC-4E04-B9BC-4DBAE0325B12}\"","wmi_possible_cause":"Unknown","type":"wineventlog","provider_guid":"1418EF04-B0B4-4623-BF7E-D74AB47BBDAA","wmi_result_code":"0x80041002","event_original_time":"2022-01-18T19:00:55.151Z","thread_id":2100,"etl_host_agent_ephemeral_uid":"473ad3e0-64cb-46c2-b806-1b5bf2ee3534","@version":"1","opcode":"Info","etl_pipeline":["all-filter-0098","all-add_processed_timestamp","fingerprint-winlogbeats7","winlogbeat_7_and_above-field_nest_cleanup","winlogbeat_7_and_above-field_cleanups","1500","1522","wmi-user_field_renames","wmi-event_id-5858-field_rename","general_rename-various_global_options","provider_guid-cleanup","winevent-hostname-cleanup","final-cleanup-message_field"],"record_number":954,"event_original_message":"Id = {133BA7FD-419E-4EDA-B8CF-786E970ACED8}; ClientMachine = DC; User = ; ClientProcessId = 980; Component = Unknown; Operation = Start IWbemServices::DeleteInstance - Root\\Rsop\\Computer : RSOP_ExtensionStatus.extensionGuid=\"{BA649533-0AAC-4E04-B9BC-4DBAE0325B12}\"; ResultCode = 0x80041002; PossibleCause = Unknown","source_name":"Microsoft-Windows-WMI-Activity","process_id":"980","etl_kafka_time":1642532455151,"host_name":"dc.windomain.local"}},{"_index":"logs-endpoint-winevent-wmiactivity-2022.01.18","_type":"_doc","_id":"49197406e4df6e0e2ce332d294754fb2a70955c7","_score":1.0,"_source":{"level":"error","wmi_component":"Unknown","wmi_xml_operation":"Operation_ClientFailure","etl_processed_time":"2022-01-18T19:15:05.662Z","etl_kafka_topic":"winlogbeat","event_id":5858,"task":"","etl_host_agent_type":"winlogbeat","wmi_client_machine":"DC","etl_kafka_offset":830,"etl_version":"2020.04.19.01","etl_host_agent_uid":"a1f88b3f-2f88-447f-b94f-5b4a29bbdc8b","@timestamp":"2022-01-18T19:00:55.152Z","beat_version":"7.6.2","z_elastic_ecs":{"agent":{},"log":{},"host":{},"event":{"provider":"Microsoft-Windows-WMI-Activity","kind":"event","created":"2022-01-18T19:02:55.221Z","code":5858},"ecs":{"version":"1.4.0"},"user":{"type":"User","identifier":"S-1-5-18","domain":"NT AUTHORITY","name":"SYSTEM"},"winlog":{"process":{"thread":{}}}},"beat_hostname":"dc","log_name":"Microsoft-Windows-WMI-Activity/Operational","wmi_id":"{133BA7FD-419E-4EDA-B8CF-786E970ACED8}","etl_kafka_partition":0,"wmi_operation":"Start IWbemServices::DeleteInstance - Root\\Rsop\\Computer : RSOP_ExtensionStatus.extensionGuid=\"{BC75B1ED-5833-4858-9BB8-CBF0B166DF9D}\"","wmi_possible_cause":"Unknown","type":"wineventlog","provider_guid":"1418EF04-B0B4-4623-BF7E-D74AB47BBDAA","wmi_result_code":"0x80041002","event_original_time":"2022-01-18T19:00:55.152Z","thread_id":2100,"etl_host_agent_ephemeral_uid":"473ad3e0-64cb-46c2-b806-1b5bf2ee3534","@version":"1","opcode":"Info","etl_pipeline":["all-filter-0098","all-add_processed_timestamp","fingerprint-winlogbeats7","winlogbeat_7_and_above-field_nest_cleanup","winlogbeat_7_and_above-field_cleanups","1500","1522","wmi-user_field_renames","wmi-event_id-5858-field_rename","general_rename-various_global_options","provider_guid-cleanup","winevent-hostname-cleanup","final-cleanup-message_field"],"record_number":955,"event_original_message":"Id = {133BA7FD-419E-4EDA-B8CF-786E970ACED8}; ClientMachine = DC; User = ; ClientProcessId = 980; Component = Unknown; Operation = Start IWbemServices::DeleteInstance - Root\\Rsop\\Computer : RSOP_ExtensionStatus.extensionGuid=\"{BC75B1ED-5833-4858-9BB8-CBF0B166DF9D}\"; ResultCode = 0x80041002; PossibleCause = Unknown","source_name":"Microsoft-Windows-WMI-Activity","process_id":"980","etl_kafka_time":1642532455152,"host_name":"dc.windomain.local"}},{"_index":"logs-endpoint-winevent-wmiactivity-2022.01.18","_type":"_doc","_id":"86aca0d0cce5229f95b2a4da50b6f661a3d01ed4","_score":1.0,"_source":{"level":"error","wmi_component":"Unknown","wmi_xml_operation":"Operation_ClientFailure","etl_processed_time":"2022-01-18T19:15:05.663Z","etl_kafka_topic":"winlogbeat","event_id":5858,"task":"","etl_host_agent_type":"winlogbeat","wmi_client_machine":"DC","etl_kafka_offset":831,"etl_version":"2020.04.19.01","etl_host_agent_uid":"a1f88b3f-2f88-447f-b94f-5b4a29bbdc8b","@timestamp":"2022-01-18T19:00:55.153Z","beat_version":"7.6.2","z_elastic_ecs":{"agent":{},"log":{},"host":{},"event":{"provider":"Microsoft-Windows-WMI-Activity","kind":"event","created":"2022-01-18T19:02:55.221Z","code":5858},"ecs":{"version":"1.4.0"},"user":{"type":"User","identifier":"S-1-5-18","domain":"NT AUTHORITY","name":"SYSTEM"},"winlog":{"process":{"thread":{}}}},"beat_hostname":"dc","log_name":"Microsoft-Windows-WMI-Activity/Operational","wmi_id":"{133BA7FD-419E-4EDA-B8CF-786E970ACED8}","etl_kafka_partition":0,"wmi_operation":"Start IWbemServices::DeleteInstance - Root\\Rsop\\Computer : RSOP_ExtensionStatus.extensionGuid=\"{C34B2751-1CF4-44F5-9262-C3FC39666591}\"","wmi_possible_cause":"Unknown","type":"wineventlog","provider_guid":"1418EF04-B0B4-4623-BF7E-D74AB47BBDAA","wmi_result_code":"0x80041002","event_original_time":"2022-01-18T19:00:55.153Z","thread_id":2100,"etl_host_agent_ephemeral_uid":"473ad3e0-64cb-46c2-b806-1b5bf2ee3534","@version":"1","opcode":"Info","etl_pipeline":["all-filter-0098","all-add_processed_timestamp","fingerprint-winlogbeats7","winlogbeat_7_and_above-field_nest_cleanup","winlogbeat_7_and_above-field_cleanups","1500","1522","wmi-user_field_renames","wmi-event_id-5858-field_rename","general_rename-various_global_options","provider_guid-cleanup","winevent-hostname-cleanup","final-cleanup-message_field"],"record_number":956,"event_original_message":"Id = {133BA7FD-419E-4EDA-B8CF-786E970ACED8}; ClientMachine = DC; User = ; ClientProcessId = 980; Component = Unknown; Operation = Start IWbemServices::DeleteInstance - Root\\Rsop\\Computer : RSOP_ExtensionStatus.extensionGuid=\"{C34B2751-1CF4-44F5-9262-C3FC39666591}\"; ResultCode = 0x80041002; PossibleCause = Unknown","source_name":"Microsoft-Windows-WMI-Activity","process_id":"980","etl_kafka_time":1642532455153,"host_name":"dc.windomain.local"}},{"_index":"logs-endpoint-winevent-wmiactivity-2022.01.18","_type":"_doc","_id":"ce88a7eac9ce0257a1496b8908757a4b0330850d","_score":1.0,"_source":{"level":"error","wmi_component":"Unknown","wmi_xml_operation":"Operation_ClientFailure","etl_processed_time":"2022-01-18T19:15:05.663Z","etl_kafka_topic":"winlogbeat","event_id":5858,"task":"","etl_host_agent_type":"winlogbeat","wmi_client_machine":"DC","etl_kafka_offset":832,"etl_version":"2020.04.19.01","etl_host_agent_uid":"a1f88b3f-2f88-447f-b94f-5b4a29bbdc8b","@timestamp":"2022-01-18T19:00:55.154Z","beat_version":"7.6.2","z_elastic_ecs":{"agent":{},"log":{},"host":{},"event":{"provider":"Microsoft-Windows-WMI-Activity","kind":"event","created":"2022-01-18T19:02:55.221Z","code":5858},"ecs":{"version":"1.4.0"},"user":{"identifier":"S-1-5-18","type":"User","domain":"NT AUTHORITY","name":"SYSTEM"},"winlog":{"process":{"thread":{}}}},"beat_hostname":"dc","log_name":"Microsoft-Windows-WMI-Activity/Operational","wmi_id":"{133BA7FD-419E-4EDA-B8CF-786E970ACED8}","etl_kafka_partition":0,"wmi_operation":"Start IWbemServices::DeleteInstance - Root\\Rsop\\Computer : RSOP_ExtensionStatus.extensionGuid=\"{C418DD9D-0D14-4efb-8FBF-CFE535C8FAC7}\"","wmi_possible_cause":"Unknown","type":"wineventlog","provider_guid":"1418EF04-B0B4-4623-BF7E-D74AB47BBDAA","wmi_result_code":"0x80041002","event_original_time":"2022-01-18T19:00:55.154Z","thread_id":2100,"etl_host_agent_ephemeral_uid":"473ad3e0-64cb-46c2-b806-1b5bf2ee3534","@version":"1","opcode":"Info","etl_pipeline":["all-filter-0098","all-add_processed_timestamp","fingerprint-winlogbeats7","winlogbeat_7_and_above-field_nest_cleanup","winlogbeat_7_and_above-field_cleanups","1500","1522","wmi-user_field_renames","wmi-event_id-5858-field_rename","general_rename-various_global_options","provider_guid-cleanup","winevent-hostname-cleanup","final-cleanup-message_field"],"record_number":957,"event_original_message":"Id = {133BA7FD-419E-4EDA-B8CF-786E970ACED8}; ClientMachine = DC; User = ; ClientProcessId = 980; Component = Unknown; Operation = Start IWbemServices::DeleteInstance - Root\\Rsop\\Computer : RSOP_ExtensionStatus.extensionGuid=\"{C418DD9D-0D14-4efb-8FBF-CFE535C8FAC7}\"; ResultCode = 0x80041002; PossibleCause = Unknown","source_name":"Microsoft-Windows-WMI-Activity","process_id":"980","etl_kafka_time":1642532455154,"host_name":"dc.windomain.local"}},{"_index":"logs-endpoint-winevent-wmiactivity-2022.01.18","_type":"_doc","_id":"622799f4e360c0498b018f4d1b6405e71ec1776e","_score":1.0,"_source":{"level":"error","wmi_component":"Unknown","wmi_xml_operation":"Operation_ClientFailure","etl_processed_time":"2022-01-18T19:15:05.664Z","etl_kafka_topic":"winlogbeat","event_id":5858,"task":"","etl_host_agent_type":"winlogbeat","wmi_client_machine":"DC","etl_kafka_offset":833,"etl_version":"2020.04.19.01","etl_host_agent_uid":"a1f88b3f-2f88-447f-b94f-5b4a29bbdc8b","@timestamp":"2022-01-18T19:00:55.156Z","beat_version":"7.6.2","z_elastic_ecs":{"agent":{},"log":{},"host":{},"event":{"provider":"Microsoft-Windows-WMI-Activity","kind":"event","created":"2022-01-18T19:02:55.221Z","code":5858},"ecs":{"version":"1.4.0"},"user":{"identifier":"S-1-5-18","type":"User","domain":"NT AUTHORITY","name":"SYSTEM"},"winlog":{"process":{"thread":{}}}},"beat_hostname":"dc","log_name":"Microsoft-Windows-WMI-Activity/Operational","wmi_id":"{133BA7FD-419E-4EDA-B8CF-786E970ACED8}","etl_kafka_partition":0,"wmi_operation":"Start IWbemServices::DeleteInstance - Root\\Rsop\\Computer : RSOP_ExtensionStatus.extensionGuid=\"{C631DF4C-088F-4156-B058-4375F0853CD8}\"","wmi_possible_cause":"Unknown","type":"wineventlog","provider_guid":"1418EF04-B0B4-4623-BF7E-D74AB47BBDAA","wmi_result_code":"0x80041002","event_original_time":"2022-01-18T19:00:55.156Z","thread_id":2100,"etl_host_agent_ephemeral_uid":"473ad3e0-64cb-46c2-b806-1b5bf2ee3534","@version":"1","opcode":"Info","etl_pipeline":["all-filter-0098","all-add_processed_timestamp","fingerprint-winlogbeats7","winlogbeat_7_and_above-field_nest_cleanup","winlogbeat_7_and_above-field_cleanups","1500","1522","wmi-user_field_renames","wmi-event_id-5858-field_rename","general_rename-various_global_options","provider_guid-cleanup","winevent-hostname-cleanup","final-cleanup-message_field"],"record_number":958,"event_original_message":"Id = {133BA7FD-419E-4EDA-B8CF-786E970ACED8}; ClientMachine = DC; User = ; ClientProcessId = 980; Component = Unknown; Operation = Start IWbemServices::DeleteInstance - Root\\Rsop\\Computer : RSOP_ExtensionStatus.extensionGuid=\"{C631DF4C-088F-4156-B058-4375F0853CD8}\"; ResultCode = 0x80041002; PossibleCause = Unknown","source_name":"Microsoft-Windows-WMI-Activity","process_id":"980","etl_kafka_time":1642532455156,"host_name":"dc.windomain.local"}},{"_index":"logs-endpoint-winevent-wmiactivity-2022.01.18","_type":"_doc","_id":"f00f9fa41b3db8a68f774d228facdf6820994346","_score":1.0,"_source":{"level":"error","wmi_component":"Unknown","wmi_xml_operation":"Operation_ClientFailure","etl_processed_time":"2022-01-18T19:15:05.664Z","etl_kafka_topic":"winlogbeat","event_id":5858,"task":"","etl_host_agent_type":"winlogbeat","wmi_client_machine":"DC","etl_kafka_offset":834,"etl_version":"2020.04.19.01","etl_host_agent_uid":"a1f88b3f-2f88-447f-b94f-5b4a29bbdc8b","@timestamp":"2022-01-18T19:00:55.157Z","beat_version":"7.6.2","z_elastic_ecs":{"agent":{},"log":{},"host":{},"event":{"provider":"Microsoft-Windows-WMI-Activity","kind":"event","created":"2022-01-18T19:02:55.221Z","code":5858},"ecs":{"version":"1.4.0"},"user":{"identifier":"S-1-5-18","type":"User","domain":"NT AUTHORITY","name":"SYSTEM"},"winlog":{"process":{"thread":{}}}},"beat_hostname":"dc","log_name":"Microsoft-Windows-WMI-Activity/Operational","wmi_id":"{133BA7FD-419E-4EDA-B8CF-786E970ACED8}","etl_kafka_partition":0,"wmi_operation":"Start IWbemServices::DeleteInstance - Root\\Rsop\\Computer : RSOP_ExtensionStatus.extensionGuid=\"{c6dc5466-785a-11d2-84d0-00c04fb169f7}\"","wmi_possible_cause":"Unknown","type":"wineventlog","provider_guid":"1418EF04-B0B4-4623-BF7E-D74AB47BBDAA","wmi_result_code":"0x80041002","event_original_time":"2022-01-18T19:00:55.157Z","thread_id":2100,"etl_host_agent_ephemeral_uid":"473ad3e0-64cb-46c2-b806-1b5bf2ee3534","@version":"1","opcode":"Info","etl_pipeline":["all-filter-0098","all-add_processed_timestamp","fingerprint-winlogbeats7","winlogbeat_7_and_above-field_nest_cleanup","winlogbeat_7_and_above-field_cleanups","1500","1522","wmi-user_field_renames","wmi-event_id-5858-field_rename","general_rename-various_global_options","provider_guid-cleanup","winevent-hostname-cleanup","final-cleanup-message_field"],"record_number":959,"event_original_message":"Id = {133BA7FD-419E-4EDA-B8CF-786E970ACED8}; ClientMachine = DC; User = ; ClientProcessId = 980; Component = Unknown; Operation = Start IWbemServices::DeleteInstance - Root\\Rsop\\Computer : RSOP_ExtensionStatus.extensionGuid=\"{c6dc5466-785a-11d2-84d0-00c04fb169f7}\"; ResultCode = 0x80041002; PossibleCause = Unknown","source_name":"Microsoft-Windows-WMI-Activity","process_id":"980","etl_kafka_time":1642532455157,"host_name":"dc.windomain.local"}},{"_index":"logs-endpoint-winevent-wmiactivity-2022.01.18","_type":"_doc","_id":"9033c0eb3ecad6176d7b0eb75a7298e325ec5d75","_score":1.0,"_source":{"level":"error","wmi_component":"Unknown","wmi_xml_operation":"Operation_ClientFailure","etl_processed_time":"2022-01-18T19:15:05.664Z","etl_kafka_topic":"winlogbeat","event_id":5858,"task":"","etl_host_agent_type":"winlogbeat","wmi_client_machine":"DC","etl_kafka_offset":835,"etl_version":"2020.04.19.01","etl_host_agent_uid":"a1f88b3f-2f88-447f-b94f-5b4a29bbdc8b","@timestamp":"2022-01-18T19:00:55.158Z","beat_version":"7.6.2","z_elastic_ecs":{"agent":{},"log":{},"host":{},"event":{"provider":"Microsoft-Windows-WMI-Activity","kind":"event","created":"2022-01-18T19:02:55.221Z","code":5858},"ecs":{"version":"1.4.0"},"user":{"identifier":"S-1-5-18","type":"User","domain":"NT AUTHORITY","name":"SYSTEM"},"winlog":{"process":{"thread":{}}}},"beat_hostname":"dc","log_name":"Microsoft-Windows-WMI-Activity/Operational","wmi_id":"{133BA7FD-419E-4EDA-B8CF-786E970ACED8}","etl_kafka_partition":0,"wmi_operation":"Start IWbemServices::DeleteInstance - Root\\Rsop\\Computer : RSOP_ExtensionStatus.extensionGuid=\"{cdeafc3d-948d-49dd-ab12-e578ba4af7aa}\"","wmi_possible_cause":"Unknown","type":"wineventlog","provider_guid":"1418EF04-B0B4-4623-BF7E-D74AB47BBDAA","wmi_result_code":"0x80041002","event_original_time":"2022-01-18T19:00:55.158Z","thread_id":2100,"etl_host_agent_ephemeral_uid":"473ad3e0-64cb-46c2-b806-1b5bf2ee3534","@version":"1","opcode":"Info","etl_pipeline":["all-filter-0098","all-add_processed_timestamp","fingerprint-winlogbeats7","winlogbeat_7_and_above-field_nest_cleanup","winlogbeat_7_and_above-field_cleanups","1500","1522","wmi-user_field_renames","wmi-event_id-5858-field_rename","general_rename-various_global_options","provider_guid-cleanup","winevent-hostname-cleanup","final-cleanup-message_field"],"record_number":960,"event_original_message":"Id = {133BA7FD-419E-4EDA-B8CF-786E970ACED8}; ClientMachine = DC; User = ; ClientProcessId = 980; Component = Unknown; Operation = Start IWbemServices::DeleteInstance - Root\\Rsop\\Computer : RSOP_ExtensionStatus.extensionGuid=\"{cdeafc3d-948d-49dd-ab12-e578ba4af7aa}\"; ResultCode = 0x80041002; PossibleCause = Unknown","source_name":"Microsoft-Windows-WMI-Activity","process_id":"980","etl_kafka_time":1642532455158,"host_name":"dc.windomain.local"}},{"_index":"logs-endpoint-winevent-wmiactivity-2022.01.18","_type":"_doc","_id":"1633eb4dbffe3f314423ad5e4a3ef25e2391211a","_score":1.0,"_source":{"level":"error","wmi_component":"Unknown","wmi_xml_operation":"Operation_ClientFailure","etl_processed_time":"2022-01-18T19:15:05.665Z","etl_kafka_topic":"winlogbeat","event_id":5858,"task":"","etl_host_agent_type":"winlogbeat","wmi_client_machine":"DC","etl_kafka_offset":836,"etl_version":"2020.04.19.01","etl_host_agent_uid":"a1f88b3f-2f88-447f-b94f-5b4a29bbdc8b","@timestamp":"2022-01-18T19:00:55.159Z","beat_version":"7.6.2","z_elastic_ecs":{"agent":{},"log":{},"host":{},"event":{"provider":"Microsoft-Windows-WMI-Activity","kind":"event","created":"2022-01-18T19:02:55.224Z","code":5858},"ecs":{"version":"1.4.0"},"user":{"identifier":"S-1-5-18","type":"User","domain":"NT AUTHORITY","name":"SYSTEM"},"winlog":{"process":{"thread":{}}}},"beat_hostname":"dc","log_name":"Microsoft-Windows-WMI-Activity/Operational","wmi_id":"{133BA7FD-419E-4EDA-B8CF-786E970ACED8}","etl_kafka_partition":0,"wmi_operation":"Start IWbemServices::DeleteInstance - Root\\Rsop\\Computer : RSOP_ExtensionStatus.extensionGuid=\"{CF7639F3-ABA2-41DB-97F2-81E2C5DBFC5D}\"","wmi_possible_cause":"Unknown","type":"wineventlog","provider_guid":"1418EF04-B0B4-4623-BF7E-D74AB47BBDAA","wmi_result_code":"0x80041002","event_original_time":"2022-01-18T19:00:55.159Z","thread_id":2100,"etl_host_agent_ephemeral_uid":"473ad3e0-64cb-46c2-b806-1b5bf2ee3534","@version":"1","opcode":"Info","etl_pipeline":["all-filter-0098","all-add_processed_timestamp","fingerprint-winlogbeats7","winlogbeat_7_and_above-field_nest_cleanup","winlogbeat_7_and_above-field_cleanups","1500","1522","wmi-user_field_renames","wmi-event_id-5858-field_rename","general_rename-various_global_options","provider_guid-cleanup","winevent-hostname-cleanup","final-cleanup-message_field"],"record_number":961,"event_original_message":"Id = {133BA7FD-419E-4EDA-B8CF-786E970ACED8}; ClientMachine = DC; User = ; ClientProcessId = 980; Component = Unknown; Operation = Start IWbemServices::DeleteInstance - Root\\Rsop\\Computer : RSOP_ExtensionStatus.extensionGuid=\"{CF7639F3-ABA2-41DB-97F2-81E2C5DBFC5D}\"; ResultCode = 0x80041002; PossibleCause = Unknown","source_name":"Microsoft-Windows-WMI-Activity","process_id":"980","etl_kafka_time":1642532455159,"host_name":"dc.windomain.local"}},{"_index":"logs-endpoint-winevent-wmiactivity-2022.01.18","_type":"_doc","_id":"c805ac4daae1fde0f269e12e0d9c6d54a3a091ab","_score":1.0,"_source":{"level":"error","wmi_component":"Unknown","wmi_xml_operation":"Operation_ClientFailure","etl_processed_time":"2022-01-18T19:15:05.665Z","etl_kafka_topic":"winlogbeat","event_id":5858,"task":"","etl_host_agent_type":"winlogbeat","wmi_client_machine":"DC","etl_kafka_offset":837,"etl_version":"2020.04.19.01","etl_host_agent_uid":"a1f88b3f-2f88-447f-b94f-5b4a29bbdc8b","@timestamp":"2022-01-18T19:00:55.159Z","beat_version":"7.6.2","z_elastic_ecs":{"agent":{},"log":{},"host":{},"event":{"provider":"Microsoft-Windows-WMI-Activity","kind":"event","created":"2022-01-18T19:02:55.224Z","code":5858},"ecs":{"version":"1.4.0"},"user":{"type":"User","identifier":"S-1-5-18","domain":"NT AUTHORITY","name":"SYSTEM"},"winlog":{"process":{"thread":{}}}},"beat_hostname":"dc","log_name":"Microsoft-Windows-WMI-Activity/Operational","wmi_id":"{133BA7FD-419E-4EDA-B8CF-786E970ACED8}","etl_kafka_partition":0,"wmi_operation":"Start IWbemServices::DeleteInstance - Root\\Rsop\\Computer : RSOP_ExtensionStatus.extensionGuid=\"{e437bc1c-aa7d-11d2-a382-00c04f991e27}\"","wmi_possible_cause":"Unknown","type":"wineventlog","provider_guid":"1418EF04-B0B4-4623-BF7E-D74AB47BBDAA","wmi_result_code":"0x80041002","event_original_time":"2022-01-18T19:00:55.159Z","thread_id":2100,"etl_host_agent_ephemeral_uid":"473ad3e0-64cb-46c2-b806-1b5bf2ee3534","@version":"1","opcode":"Info","etl_pipeline":["all-filter-0098","all-add_processed_timestamp","fingerprint-winlogbeats7","winlogbeat_7_and_above-field_nest_cleanup","winlogbeat_7_and_above-field_cleanups","1500","1522","wmi-user_field_renames","wmi-event_id-5858-field_rename","general_rename-various_global_options","provider_guid-cleanup","winevent-hostname-cleanup","final-cleanup-message_field"],"record_number":962,"event_original_message":"Id = {133BA7FD-419E-4EDA-B8CF-786E970ACED8}; ClientMachine = DC; User = ; ClientProcessId = 980; Component = Unknown; Operation = Start IWbemServices::DeleteInstance - Root\\Rsop\\Computer : RSOP_ExtensionStatus.extensionGuid=\"{e437bc1c-aa7d-11d2-a382-00c04f991e27}\"; ResultCode = 0x80041002; PossibleCause = Unknown","source_name":"Microsoft-Windows-WMI-Activity","process_id":"980","etl_kafka_time":1642532455159,"host_name":"dc.windomain.local"}},