{"_index":"logs-endpoint-winevent-wmiactivity-2022.01.18","_type":"_doc","_id":"e2288a57b950fa696e802403d8f9928601b1629c","_score":1.0,"_source":{"level":"error","wmi_component":"Unknown","wmi_xml_operation":"Operation_ClientFailure","etl_processed_time":"2022-01-18T19:14:10.024Z","etl_kafka_topic":"winlogbeat","event_id":5858,"task":"","etl_host_agent_type":"winlogbeat","wmi_client_machine":"DC","etl_kafka_offset":110,"etl_version":"2020.04.19.01","etl_host_agent_uid":"a1f88b3f-2f88-447f-b94f-5b4a29bbdc8b","@timestamp":"2022-01-18T17:08:35.598Z","beat_version":"7.6.2","z_elastic_ecs":{"agent":{},"log":{},"host":{},"event":{"provider":"Microsoft-Windows-WMI-Activity","kind":"event","created":"2022-01-18T19:02:52.385Z","code":5858},"ecs":{"version":"1.4.0"},"user":{"type":"User","identifier":"S-1-5-18","domain":"NT AUTHORITY","name":"SYSTEM"},"winlog":{"process":{"thread":{}}}},"beat_hostname":"dc","log_name":"Microsoft-Windows-WMI-Activity/Operational","wmi_id":"{F031B2A9-080E-49B7-859E-FC848D4805E3}","etl_kafka_partition":0,"wmi_operation":"Start IWbemServices::DeleteInstance - Root\\Rsop\\Computer : RSOP_ExtensionStatus.extensionGuid=\"{CF7639F3-ABA2-41DB-97F2-81E2C5DBFC5D}\"","wmi_possible_cause":"Unknown","type":"wineventlog","provider_guid":"1418EF04-B0B4-4623-BF7E-D74AB47BBDAA","wmi_result_code":"0x80041002","event_original_time":"2022-01-18T17:08:35.598Z","thread_id":3384,"etl_host_agent_ephemeral_uid":"473ad3e0-64cb-46c2-b806-1b5bf2ee3534","@version":"1","opcode":"Info","etl_pipeline":["all-filter-0098","all-add_processed_timestamp","fingerprint-winlogbeats7","winlogbeat_7_and_above-field_nest_cleanup","winlogbeat_7_and_above-field_cleanups","1500","1522","wmi-user_field_renames","wmi-event_id-5858-field_rename","general_rename-various_global_options","provider_guid-cleanup","winevent-hostname-cleanup","final-cleanup-message_field"],"record_number":784,"event_original_message":"Id = {F031B2A9-080E-49B7-859E-FC848D4805E3}; ClientMachine = DC; User = ; ClientProcessId = 80; Component = Unknown; Operation = Start IWbemServices::DeleteInstance - Root\\Rsop\\Computer : RSOP_ExtensionStatus.extensionGuid=\"{CF7639F3-ABA2-41DB-97F2-81E2C5DBFC5D}\"; ResultCode = 0x80041002; PossibleCause = Unknown","source_name":"Microsoft-Windows-WMI-Activity","process_id":"80","etl_kafka_time":1642525715597,"host_name":"dc.windomain.local"}},{"_index":"logs-endpoint-winevent-wmiactivity-2022.01.18","_type":"_doc","_id":"accf521e1e50effad320036a7db691edc7ea361b","_score":1.0,"_source":{"level":"error","wmi_component":"Unknown","wmi_xml_operation":"Operation_ClientFailure","etl_processed_time":"2022-01-18T19:14:10.024Z","etl_kafka_topic":"winlogbeat","event_id":5858,"task":"","etl_host_agent_type":"winlogbeat","wmi_client_machine":"DC","etl_kafka_offset":111,"etl_version":"2020.04.19.01","etl_host_agent_uid":"a1f88b3f-2f88-447f-b94f-5b4a29bbdc8b","@timestamp":"2022-01-18T17:08:35.599Z","beat_version":"7.6.2","z_elastic_ecs":{"agent":{},"log":{},"host":{},"event":{"provider":"Microsoft-Windows-WMI-Activity","kind":"event","created":"2022-01-18T19:02:52.385Z","code":5858},"ecs":{"version":"1.4.0"},"user":{"type":"User","identifier":"S-1-5-18","domain":"NT AUTHORITY","name":"SYSTEM"},"winlog":{"process":{"thread":{}}}},"beat_hostname":"dc","log_name":"Microsoft-Windows-WMI-Activity/Operational","wmi_id":"{F031B2A9-080E-49B7-859E-FC848D4805E3}","etl_kafka_partition":0,"wmi_operation":"Start IWbemServices::DeleteInstance - Root\\Rsop\\Computer : RSOP_ExtensionStatus.extensionGuid=\"{e437bc1c-aa7d-11d2-a382-00c04f991e27}\"","wmi_possible_cause":"Unknown","type":"wineventlog","provider_guid":"1418EF04-B0B4-4623-BF7E-D74AB47BBDAA","wmi_result_code":"0x80041002","event_original_time":"2022-01-18T17:08:35.599Z","thread_id":3384,"etl_host_agent_ephemeral_uid":"473ad3e0-64cb-46c2-b806-1b5bf2ee3534","@version":"1","opcode":"Info","etl_pipeline":["all-filter-0098","all-add_processed_timestamp","fingerprint-winlogbeats7","winlogbeat_7_and_above-field_nest_cleanup","winlogbeat_7_and_above-field_cleanups","1500","1522","wmi-user_field_renames","wmi-event_id-5858-field_rename","general_rename-various_global_options","provider_guid-cleanup","winevent-hostname-cleanup","final-cleanup-message_field"],"record_number":785,"event_original_message":"Id = {F031B2A9-080E-49B7-859E-FC848D4805E3}; ClientMachine = DC; User = ; ClientProcessId = 80; Component = Unknown; Operation = Start IWbemServices::DeleteInstance - Root\\Rsop\\Computer : RSOP_ExtensionStatus.extensionGuid=\"{e437bc1c-aa7d-11d2-a382-00c04f991e27}\"; ResultCode = 0x80041002; PossibleCause = Unknown","source_name":"Microsoft-Windows-WMI-Activity","process_id":"80","etl_kafka_time":1642525715599,"host_name":"dc.windomain.local"}},{"_index":"logs-endpoint-winevent-wmiactivity-2022.01.18","_type":"_doc","_id":"8e6a4ca4543232519d25ba1972cd6bece7da659a","_score":1.0,"_source":{"level":"error","wmi_component":"Unknown","wmi_xml_operation":"Operation_ClientFailure","etl_processed_time":"2022-01-18T19:14:10.024Z","etl_kafka_topic":"winlogbeat","event_id":5858,"task":"","etl_host_agent_type":"winlogbeat","wmi_client_machine":"DC","etl_kafka_offset":112,"etl_version":"2020.04.19.01","etl_host_agent_uid":"a1f88b3f-2f88-447f-b94f-5b4a29bbdc8b","@timestamp":"2022-01-18T17:08:35.600Z","beat_version":"7.6.2","z_elastic_ecs":{"agent":{},"log":{},"host":{},"event":{"provider":"Microsoft-Windows-WMI-Activity","kind":"event","created":"2022-01-18T19:02:52.385Z","code":5858},"ecs":{"version":"1.4.0"},"user":{"identifier":"S-1-5-18","type":"User","domain":"NT AUTHORITY","name":"SYSTEM"},"winlog":{"process":{"thread":{}}}},"beat_hostname":"dc","log_name":"Microsoft-Windows-WMI-Activity/Operational","wmi_id":"{F031B2A9-080E-49B7-859E-FC848D4805E3}","etl_kafka_partition":0,"wmi_operation":"Start IWbemServices::DeleteInstance - Root\\Rsop\\Computer : RSOP_ExtensionStatus.extensionGuid=\"{E4F48E54-F38D-4884-BFB9-D4D2E5729C18}\"","wmi_possible_cause":"Unknown","type":"wineventlog","provider_guid":"1418EF04-B0B4-4623-BF7E-D74AB47BBDAA","wmi_result_code":"0x80041002","event_original_time":"2022-01-18T17:08:35.600Z","thread_id":3384,"etl_host_agent_ephemeral_uid":"473ad3e0-64cb-46c2-b806-1b5bf2ee3534","@version":"1","opcode":"Info","etl_pipeline":["all-filter-0098","all-add_processed_timestamp","fingerprint-winlogbeats7","winlogbeat_7_and_above-field_nest_cleanup","winlogbeat_7_and_above-field_cleanups","1500","1522","wmi-user_field_renames","wmi-event_id-5858-field_rename","general_rename-various_global_options","provider_guid-cleanup","winevent-hostname-cleanup","final-cleanup-message_field"],"record_number":786,"event_original_message":"Id = {F031B2A9-080E-49B7-859E-FC848D4805E3}; ClientMachine = DC; User = ; ClientProcessId = 80; Component = Unknown; Operation = Start IWbemServices::DeleteInstance - Root\\Rsop\\Computer : RSOP_ExtensionStatus.extensionGuid=\"{E4F48E54-F38D-4884-BFB9-D4D2E5729C18}\"; ResultCode = 0x80041002; PossibleCause = Unknown","source_name":"Microsoft-Windows-WMI-Activity","process_id":"80","etl_kafka_time":1642525715600,"host_name":"dc.windomain.local"}},{"_index":"logs-endpoint-winevent-wmiactivity-2022.01.18","_type":"_doc","_id":"a3c1c24f3ed3221d6b9afab746888f3bf49d80f9","_score":1.0,"_source":{"level":"error","wmi_component":"Unknown","wmi_xml_operation":"Operation_ClientFailure","etl_processed_time":"2022-01-18T19:14:10.025Z","etl_kafka_topic":"winlogbeat","event_id":5858,"task":"","etl_host_agent_type":"winlogbeat","wmi_client_machine":"DC","etl_kafka_offset":113,"etl_version":"2020.04.19.01","etl_host_agent_uid":"a1f88b3f-2f88-447f-b94f-5b4a29bbdc8b","@timestamp":"2022-01-18T17:08:35.601Z","beat_version":"7.6.2","z_elastic_ecs":{"agent":{},"log":{},"host":{},"event":{"provider":"Microsoft-Windows-WMI-Activity","kind":"event","created":"2022-01-18T19:02:52.385Z","code":5858},"ecs":{"version":"1.4.0"},"user":{"type":"User","identifier":"S-1-5-18","domain":"NT AUTHORITY","name":"SYSTEM"},"winlog":{"process":{"thread":{}}}},"beat_hostname":"dc","log_name":"Microsoft-Windows-WMI-Activity/Operational","wmi_id":"{F031B2A9-080E-49B7-859E-FC848D4805E3}","etl_kafka_partition":0,"wmi_operation":"Start IWbemServices::DeleteInstance - Root\\Rsop\\Computer : RSOP_ExtensionStatus.extensionGuid=\"{E5094040-C46C-4115-B030-04FB2E545B00}\"","wmi_possible_cause":"Unknown","type":"wineventlog","provider_guid":"1418EF04-B0B4-4623-BF7E-D74AB47BBDAA","wmi_result_code":"0x80041002","event_original_time":"2022-01-18T17:08:35.601Z","thread_id":3384,"etl_host_agent_ephemeral_uid":"473ad3e0-64cb-46c2-b806-1b5bf2ee3534","@version":"1","opcode":"Info","etl_pipeline":["all-filter-0098","all-add_processed_timestamp","fingerprint-winlogbeats7","winlogbeat_7_and_above-field_nest_cleanup","winlogbeat_7_and_above-field_cleanups","1500","1522","wmi-user_field_renames","wmi-event_id-5858-field_rename","general_rename-various_global_options","provider_guid-cleanup","winevent-hostname-cleanup","final-cleanup-message_field"],"record_number":787,"event_original_message":"Id = {F031B2A9-080E-49B7-859E-FC848D4805E3}; ClientMachine = DC; User = ; ClientProcessId = 80; Component = Unknown; Operation = Start IWbemServices::DeleteInstance - Root\\Rsop\\Computer : RSOP_ExtensionStatus.extensionGuid=\"{E5094040-C46C-4115-B030-04FB2E545B00}\"; ResultCode = 0x80041002; PossibleCause = Unknown","source_name":"Microsoft-Windows-WMI-Activity","process_id":"80","etl_kafka_time":1642525715601,"host_name":"dc.windomain.local"}},{"_index":"logs-endpoint-winevent-wmiactivity-2022.01.18","_type":"_doc","_id":"5e24ed01e98647062dfb096f69b49cddfdb421a2","_score":1.0,"_source":{"level":"error","wmi_component":"Unknown","wmi_xml_operation":"Operation_ClientFailure","etl_processed_time":"2022-01-18T19:14:10.025Z","etl_kafka_topic":"winlogbeat","event_id":5858,"task":"","etl_host_agent_type":"winlogbeat","wmi_client_machine":"DC","etl_kafka_offset":114,"etl_version":"2020.04.19.01","etl_host_agent_uid":"a1f88b3f-2f88-447f-b94f-5b4a29bbdc8b","@timestamp":"2022-01-18T17:08:35.602Z","beat_version":"7.6.2","z_elastic_ecs":{"agent":{},"log":{},"host":{},"event":{"provider":"Microsoft-Windows-WMI-Activity","kind":"event","created":"2022-01-18T19:02:52.385Z","code":5858},"ecs":{"version":"1.4.0"},"user":{"type":"User","identifier":"S-1-5-18","domain":"NT AUTHORITY","name":"SYSTEM"},"winlog":{"process":{"thread":{}}}},"beat_hostname":"dc","log_name":"Microsoft-Windows-WMI-Activity/Operational","wmi_id":"{F031B2A9-080E-49B7-859E-FC848D4805E3}","etl_kafka_partition":0,"wmi_operation":"Start IWbemServices::DeleteInstance - Root\\Rsop\\Computer : RSOP_ExtensionStatus.extensionGuid=\"{E62688F0-25FD-4c90-BFF5-F508B9D2E31F}\"","wmi_possible_cause":"Unknown","type":"wineventlog","provider_guid":"1418EF04-B0B4-4623-BF7E-D74AB47BBDAA","wmi_result_code":"0x80041002","event_original_time":"2022-01-18T17:08:35.602Z","thread_id":3384,"etl_host_agent_ephemeral_uid":"473ad3e0-64cb-46c2-b806-1b5bf2ee3534","@version":"1","opcode":"Info","etl_pipeline":["all-filter-0098","all-add_processed_timestamp","fingerprint-winlogbeats7","winlogbeat_7_and_above-field_nest_cleanup","winlogbeat_7_and_above-field_cleanups","1500","1522","wmi-user_field_renames","wmi-event_id-5858-field_rename","general_rename-various_global_options","provider_guid-cleanup","winevent-hostname-cleanup","final-cleanup-message_field"],"record_number":788,"event_original_message":"Id = {F031B2A9-080E-49B7-859E-FC848D4805E3}; ClientMachine = DC; User = ; ClientProcessId = 80; Component = Unknown; Operation = Start IWbemServices::DeleteInstance - Root\\Rsop\\Computer : RSOP_ExtensionStatus.extensionGuid=\"{E62688F0-25FD-4c90-BFF5-F508B9D2E31F}\"; ResultCode = 0x80041002; PossibleCause = Unknown","source_name":"Microsoft-Windows-WMI-Activity","process_id":"80","etl_kafka_time":1642525715602,"host_name":"dc.windomain.local"}},{"_index":"logs-endpoint-winevent-wmiactivity-2022.01.18","_type":"_doc","_id":"30c0dd86162468f55b4cb7748c1c0b45f6dc38fb","_score":1.0,"_source":{"level":"error","wmi_component":"Unknown","wmi_xml_operation":"Operation_ClientFailure","etl_processed_time":"2022-01-18T19:14:10.026Z","etl_kafka_topic":"winlogbeat","event_id":5858,"task":"","etl_host_agent_type":"winlogbeat","wmi_client_machine":"DC","etl_kafka_offset":115,"etl_version":"2020.04.19.01","etl_host_agent_uid":"a1f88b3f-2f88-447f-b94f-5b4a29bbdc8b","@timestamp":"2022-01-18T17:08:35.603Z","beat_version":"7.6.2","z_elastic_ecs":{"agent":{},"log":{},"host":{},"event":{"provider":"Microsoft-Windows-WMI-Activity","kind":"event","created":"2022-01-18T19:02:52.386Z","code":5858},"ecs":{"version":"1.4.0"},"user":{"identifier":"S-1-5-18","type":"User","domain":"NT AUTHORITY","name":"SYSTEM"},"winlog":{"process":{"thread":{}}}},"beat_hostname":"dc","log_name":"Microsoft-Windows-WMI-Activity/Operational","wmi_id":"{F031B2A9-080E-49B7-859E-FC848D4805E3}","etl_kafka_partition":0,"wmi_operation":"Start IWbemServices::DeleteInstance - Root\\Rsop\\Computer : RSOP_ExtensionStatus.extensionGuid=\"{F312195E-3D9D-447A-A3F5-08DFFA24735E}\"","wmi_possible_cause":"Unknown","type":"wineventlog","provider_guid":"1418EF04-B0B4-4623-BF7E-D74AB47BBDAA","wmi_result_code":"0x80041002","event_original_time":"2022-01-18T17:08:35.603Z","thread_id":3384,"etl_host_agent_ephemeral_uid":"473ad3e0-64cb-46c2-b806-1b5bf2ee3534","@version":"1","opcode":"Info","etl_pipeline":["all-filter-0098","all-add_processed_timestamp","fingerprint-winlogbeats7","winlogbeat_7_and_above-field_nest_cleanup","winlogbeat_7_and_above-field_cleanups","1500","1522","wmi-user_field_renames","wmi-event_id-5858-field_rename","general_rename-various_global_options","provider_guid-cleanup","winevent-hostname-cleanup","final-cleanup-message_field"],"record_number":789,"event_original_message":"Id = {F031B2A9-080E-49B7-859E-FC848D4805E3}; ClientMachine = DC; User = ; ClientProcessId = 80; Component = Unknown; Operation = Start IWbemServices::DeleteInstance - Root\\Rsop\\Computer : RSOP_ExtensionStatus.extensionGuid=\"{F312195E-3D9D-447A-A3F5-08DFFA24735E}\"; ResultCode = 0x80041002; PossibleCause = Unknown","source_name":"Microsoft-Windows-WMI-Activity","process_id":"80","etl_kafka_time":1642525715603,"host_name":"dc.windomain.local"}},{"_index":"logs-endpoint-winevent-wmiactivity-2022.01.18","_type":"_doc","_id":"8ce085761624efe81327f8433718f2a20b96e60c","_score":1.0,"_source":{"level":"error","wmi_component":"Unknown","wmi_xml_operation":"Operation_ClientFailure","etl_processed_time":"2022-01-18T19:14:10.027Z","etl_kafka_topic":"winlogbeat","event_id":5858,"task":"","etl_host_agent_type":"winlogbeat","wmi_client_machine":"DC","etl_kafka_offset":116,"etl_version":"2020.04.19.01","etl_host_agent_uid":"a1f88b3f-2f88-447f-b94f-5b4a29bbdc8b","@timestamp":"2022-01-18T17:08:35.612Z","beat_version":"7.6.2","z_elastic_ecs":{"agent":{},"log":{},"host":{},"event":{"provider":"Microsoft-Windows-WMI-Activity","kind":"event","created":"2022-01-18T19:02:52.386Z","code":5858},"ecs":{"version":"1.4.0"},"user":{"type":"User","identifier":"S-1-5-18","domain":"NT AUTHORITY","name":"SYSTEM"},"winlog":{"process":{"thread":{}}}},"beat_hostname":"dc","log_name":"Microsoft-Windows-WMI-Activity/Operational","wmi_id":"{F031B2A9-080E-49B7-859E-FC848D4805E3}","etl_kafka_partition":0,"wmi_operation":"Start IWbemServices::DeleteInstance - Root\\Rsop\\Computer : RSOP_ExtensionStatus.extensionGuid=\"{FB2CA36D-0B40-4307-821B-A13B252DE56C}\"","wmi_possible_cause":"Unknown","type":"wineventlog","provider_guid":"1418EF04-B0B4-4623-BF7E-D74AB47BBDAA","wmi_result_code":"0x80041002","event_original_time":"2022-01-18T17:08:35.612Z","thread_id":3384,"etl_host_agent_ephemeral_uid":"473ad3e0-64cb-46c2-b806-1b5bf2ee3534","@version":"1","opcode":"Info","etl_pipeline":["all-filter-0098","all-add_processed_timestamp","fingerprint-winlogbeats7","winlogbeat_7_and_above-field_nest_cleanup","winlogbeat_7_and_above-field_cleanups","1500","1522","wmi-user_field_renames","wmi-event_id-5858-field_rename","general_rename-various_global_options","provider_guid-cleanup","winevent-hostname-cleanup","final-cleanup-message_field"],"record_number":790,"event_original_message":"Id = {F031B2A9-080E-49B7-859E-FC848D4805E3}; ClientMachine = DC; User = ; ClientProcessId = 80; Component = Unknown; Operation = Start IWbemServices::DeleteInstance - Root\\Rsop\\Computer : RSOP_ExtensionStatus.extensionGuid=\"{FB2CA36D-0B40-4307-821B-A13B252DE56C}\"; ResultCode = 0x80041002; PossibleCause = Unknown","source_name":"Microsoft-Windows-WMI-Activity","process_id":"80","etl_kafka_time":1642525715612,"host_name":"dc.windomain.local"}},{"_index":"logs-endpoint-winevent-wmiactivity-2022.01.18","_type":"_doc","_id":"916e89f3bd66aef0a725305f0ad71d8ff2aeac67","_score":1.0,"_source":{"level":"error","wmi_component":"Unknown","wmi_xml_operation":"Operation_ClientFailure","etl_processed_time":"2022-01-18T19:14:10.027Z","etl_kafka_topic":"winlogbeat","event_id":5858,"task":"","etl_host_agent_type":"winlogbeat","wmi_client_machine":"DC","etl_kafka_offset":117,"etl_version":"2020.04.19.01","etl_host_agent_uid":"a1f88b3f-2f88-447f-b94f-5b4a29bbdc8b","@timestamp":"2022-01-18T17:08:35.613Z","beat_version":"7.6.2","z_elastic_ecs":{"agent":{},"log":{},"host":{},"event":{"provider":"Microsoft-Windows-WMI-Activity","kind":"event","created":"2022-01-18T19:02:52.386Z","code":5858},"ecs":{"version":"1.4.0"},"user":{"identifier":"S-1-5-18","type":"User","domain":"NT AUTHORITY","name":"SYSTEM"},"winlog":{"process":{"thread":{}}}},"beat_hostname":"dc","log_name":"Microsoft-Windows-WMI-Activity/Operational","wmi_id":"{F031B2A9-080E-49B7-859E-FC848D4805E3}","etl_kafka_partition":0,"wmi_operation":"Start IWbemServices::DeleteInstance - Root\\Rsop\\Computer : RSOP_ExtensionStatus.extensionGuid=\"{fbf687e6-f063-4d9f-9f4f-fd9a26acdd5f}\"","wmi_possible_cause":"Unknown","type":"wineventlog","provider_guid":"1418EF04-B0B4-4623-BF7E-D74AB47BBDAA","wmi_result_code":"0x80041002","event_original_time":"2022-01-18T17:08:35.613Z","thread_id":3384,"etl_host_agent_ephemeral_uid":"473ad3e0-64cb-46c2-b806-1b5bf2ee3534","@version":"1","opcode":"Info","etl_pipeline":["all-filter-0098","all-add_processed_timestamp","fingerprint-winlogbeats7","winlogbeat_7_and_above-field_nest_cleanup","winlogbeat_7_and_above-field_cleanups","1500","1522","wmi-user_field_renames","wmi-event_id-5858-field_rename","general_rename-various_global_options","provider_guid-cleanup","winevent-hostname-cleanup","final-cleanup-message_field"],"record_number":791,"event_original_message":"Id = {F031B2A9-080E-49B7-859E-FC848D4805E3}; ClientMachine = DC; User = ; ClientProcessId = 80; Component = Unknown; Operation = Start IWbemServices::DeleteInstance - Root\\Rsop\\Computer : RSOP_ExtensionStatus.extensionGuid=\"{fbf687e6-f063-4d9f-9f4f-fd9a26acdd5f}\"; ResultCode = 0x80041002; PossibleCause = Unknown","source_name":"Microsoft-Windows-WMI-Activity","process_id":"80","etl_kafka_time":1642525715613,"host_name":"dc.windomain.local"}},{"_index":"logs-endpoint-winevent-wmiactivity-2022.01.18","_type":"_doc","_id":"f31f7a5ad83dd0928d7b2ff242ce8b9c273ccc42","_score":1.0,"_source":{"level":"error","wmi_component":"Unknown","wmi_xml_operation":"Operation_ClientFailure","etl_processed_time":"2022-01-18T19:14:10.029Z","etl_kafka_topic":"winlogbeat","event_id":5858,"task":"","etl_host_agent_type":"winlogbeat","wmi_client_machine":"DC","etl_kafka_offset":118,"etl_version":"2020.04.19.01","etl_host_agent_uid":"a1f88b3f-2f88-447f-b94f-5b4a29bbdc8b","@timestamp":"2022-01-18T17:08:35.615Z","beat_version":"7.6.2","z_elastic_ecs":{"agent":{},"log":{},"host":{},"event":{"provider":"Microsoft-Windows-WMI-Activity","kind":"event","created":"2022-01-18T19:02:52.386Z","code":5858},"ecs":{"version":"1.4.0"},"user":{"identifier":"S-1-5-18","type":"User","domain":"NT AUTHORITY","name":"SYSTEM"},"winlog":{"process":{"thread":{}}}},"beat_hostname":"dc","log_name":"Microsoft-Windows-WMI-Activity/Operational","wmi_id":"{F031B2A9-080E-49B7-859E-FC848D4805E3}","etl_kafka_partition":0,"wmi_operation":"Start IWbemServices::DeleteInstance - Root\\Rsop\\Computer : RSOP_ExtensionStatus.extensionGuid=\"{FC491EF1-C4AA-4CE1-B329-414B101DB823}\"","wmi_possible_cause":"Unknown","type":"wineventlog","provider_guid":"1418EF04-B0B4-4623-BF7E-D74AB47BBDAA","wmi_result_code":"0x80041002","event_original_time":"2022-01-18T17:08:35.615Z","thread_id":3384,"etl_host_agent_ephemeral_uid":"473ad3e0-64cb-46c2-b806-1b5bf2ee3534","@version":"1","opcode":"Info","etl_pipeline":["all-filter-0098","all-add_processed_timestamp","fingerprint-winlogbeats7","winlogbeat_7_and_above-field_nest_cleanup","winlogbeat_7_and_above-field_cleanups","1500","1522","wmi-user_field_renames","wmi-event_id-5858-field_rename","general_rename-various_global_options","provider_guid-cleanup","winevent-hostname-cleanup","final-cleanup-message_field"],"record_number":792,"event_original_message":"Id = {F031B2A9-080E-49B7-859E-FC848D4805E3}; ClientMachine = DC; User = ; ClientProcessId = 80; Component = Unknown; Operation = Start IWbemServices::DeleteInstance - Root\\Rsop\\Computer : RSOP_ExtensionStatus.extensionGuid=\"{FC491EF1-C4AA-4CE1-B329-414B101DB823}\"; ResultCode = 0x80041002; PossibleCause = Unknown","source_name":"Microsoft-Windows-WMI-Activity","process_id":"80","etl_kafka_time":1642525715615,"host_name":"dc.windomain.local"}},{"_index":"logs-endpoint-winevent-wmiactivity-2022.01.18","_type":"_doc","_id":"4689e44c603f3f508e7cdc6e34eaf645531807dc","_score":1.0,"_source":{"level":"error","wmi_component":"Unknown","wmi_xml_operation":"Operation_ClientFailure","etl_processed_time":"2022-01-18T19:14:10.030Z","etl_kafka_topic":"winlogbeat","event_id":5858,"task":"","etl_host_agent_type":"winlogbeat","wmi_client_machine":"DC","etl_kafka_offset":119,"etl_version":"2020.04.19.01","etl_host_agent_uid":"a1f88b3f-2f88-447f-b94f-5b4a29bbdc8b","@timestamp":"2022-01-18T17:13:35.837Z","beat_version":"7.6.2","z_elastic_ecs":{"agent":{},"log":{},"host":{},"event":{"provider":"Microsoft-Windows-WMI-Activity","kind":"event","created":"2022-01-18T19:02:52.386Z","code":5858},"ecs":{"version":"1.4.0"},"user":{"identifier":"S-1-5-18","type":"User","domain":"NT AUTHORITY","name":"SYSTEM"},"winlog":{"process":{"thread":{}}}},"beat_hostname":"dc","log_name":"Microsoft-Windows-WMI-Activity/Operational","wmi_id":"{95DA4E87-3F99-4ADB-A254-AC79C47D77DE}","etl_kafka_partition":0,"wmi_operation":"Start IWbemServices::DeleteInstance - Root\\Rsop\\Computer : RSOP_ExtensionStatus.extensionGuid=\"{0ACDD40C-75AC-47ab-BAA0-BF6DE7E7FE63}\"","wmi_possible_cause":"Unknown","type":"wineventlog","provider_guid":"1418EF04-B0B4-4623-BF7E-D74AB47BBDAA","wmi_result_code":"0x80041002","event_original_time":"2022-01-18T17:13:35.837Z","thread_id":32,"etl_host_agent_ephemeral_uid":"473ad3e0-64cb-46c2-b806-1b5bf2ee3534","@version":"1","opcode":"Info","etl_pipeline":["all-filter-0098","all-add_processed_timestamp","fingerprint-winlogbeats7","winlogbeat_7_and_above-field_nest_cleanup","winlogbeat_7_and_above-field_cleanups","1500","1522","wmi-user_field_renames","wmi-event_id-5858-field_rename","general_rename-various_global_options","provider_guid-cleanup","winevent-hostname-cleanup","final-cleanup-message_field"],"record_number":793,"event_original_message":"Id = {95DA4E87-3F99-4ADB-A254-AC79C47D77DE}; ClientMachine = DC; User = ; ClientProcessId = 80; Component = Unknown; Operation = Start IWbemServices::DeleteInstance - Root\\Rsop\\Computer : RSOP_ExtensionStatus.extensionGuid=\"{0ACDD40C-75AC-47ab-BAA0-BF6DE7E7FE63}\"; ResultCode = 0x80041002; PossibleCause = Unknown","source_name":"Microsoft-Windows-WMI-Activity","process_id":"80","etl_kafka_time":1642526015836,"host_name":"dc.windomain.local"}},{"_index":"logs-endpoint-winevent-wmiactivity-2022.01.18","_type":"_doc","_id":"cab838ac2afc521eeb24c18f07c51fe2dd2ce2c4","_score":1.0,"_source":{"level":"error","wmi_component":"Unknown","wmi_xml_operation":"Operation_ClientFailure","etl_processed_time":"2022-01-18T19:14:10.031Z","etl_kafka_topic":"winlogbeat","event_id":5858,"task":"","etl_host_agent_type":"winlogbeat","wmi_client_machine":"DC","etl_kafka_offset":120,"etl_version":"2020.04.19.01","etl_host_agent_uid":"a1f88b3f-2f88-447f-b94f-5b4a29bbdc8b","@timestamp":"2022-01-18T17:13:35.838Z","beat_version":"7.6.2","z_elastic_ecs":{"agent":{},"log":{},"host":{},"event":{"provider":"Microsoft-Windows-WMI-Activity","kind":"event","created":"2022-01-18T19:02:52.386Z","code":5858},"ecs":{"version":"1.4.0"},"user":{"type":"User","identifier":"S-1-5-18","domain":"NT AUTHORITY","name":"SYSTEM"},"winlog":{"process":{"thread":{}}}},"beat_hostname":"dc","log_name":"Microsoft-Windows-WMI-Activity/Operational","wmi_id":"{95DA4E87-3F99-4ADB-A254-AC79C47D77DE}","etl_kafka_partition":0,"wmi_operation":"Start IWbemServices::DeleteInstance - Root\\Rsop\\Computer : RSOP_ExtensionStatus.extensionGuid=\"{0E28E245-9368-4853-AD84-6DA3BA35BB75}\"","wmi_possible_cause":"Unknown","type":"wineventlog","provider_guid":"1418EF04-B0B4-4623-BF7E-D74AB47BBDAA","wmi_result_code":"0x80041002","event_original_time":"2022-01-18T17:13:35.838Z","thread_id":32,"etl_host_agent_ephemeral_uid":"473ad3e0-64cb-46c2-b806-1b5bf2ee3534","@version":"1","opcode":"Info","etl_pipeline":["all-filter-0098","all-add_processed_timestamp","fingerprint-winlogbeats7","winlogbeat_7_and_above-field_nest_cleanup","winlogbeat_7_and_above-field_cleanups","1500","1522","wmi-user_field_renames","wmi-event_id-5858-field_rename","general_rename-various_global_options","provider_guid-cleanup","winevent-hostname-cleanup","final-cleanup-message_field"],"record_number":794,"event_original_message":"Id = {95DA4E87-3F99-4ADB-A254-AC79C47D77DE}; ClientMachine = DC; User = ; ClientProcessId = 80; Component = Unknown; Operation = Start IWbemServices::DeleteInstance - Root\\Rsop\\Computer : RSOP_ExtensionStatus.extensionGuid=\"{0E28E245-9368-4853-AD84-6DA3BA35BB75}\"; ResultCode = 0x80041002; PossibleCause = Unknown","source_name":"Microsoft-Windows-WMI-Activity","process_id":"80","etl_kafka_time":1642526015838,"host_name":"dc.windomain.local"}},{"_index":"logs-endpoint-winevent-wmiactivity-2022.01.18","_type":"_doc","_id":"0fcd54cbb722edacf174ea3ce3f56728b48e5517","_score":1.0,"_source":{"level":"error","wmi_component":"Unknown","wmi_xml_operation":"Operation_ClientFailure","etl_processed_time":"2022-01-18T19:14:10.053Z","etl_kafka_topic":"winlogbeat","event_id":5858,"task":"","etl_host_agent_type":"winlogbeat","wmi_client_machine":"DC","etl_kafka_offset":121,"etl_version":"2020.04.19.01","etl_host_agent_uid":"a1f88b3f-2f88-447f-b94f-5b4a29bbdc8b","@timestamp":"2022-01-18T17:13:35.839Z","beat_version":"7.6.2","z_elastic_ecs":{"agent":{},"log":{},"host":{},"event":{"provider":"Microsoft-Windows-WMI-Activity","kind":"event","created":"2022-01-18T19:02:52.386Z","code":5858},"ecs":{"version":"1.4.0"},"user":{"identifier":"S-1-5-18","type":"User","domain":"NT AUTHORITY","name":"SYSTEM"},"winlog":{"process":{"thread":{}}}},"beat_hostname":"dc","log_name":"Microsoft-Windows-WMI-Activity/Operational","wmi_id":"{95DA4E87-3F99-4ADB-A254-AC79C47D77DE}","etl_kafka_partition":0,"wmi_operation":"Start IWbemServices::DeleteInstance - Root\\Rsop\\Computer : RSOP_ExtensionStatus.extensionGuid=\"{169EBF44-942F-4C43-87CE-13C93996EBBE}\"","wmi_possible_cause":"Unknown","type":"wineventlog","provider_guid":"1418EF04-B0B4-4623-BF7E-D74AB47BBDAA","wmi_result_code":"0x80041002","event_original_time":"2022-01-18T17:13:35.839Z","thread_id":32,"etl_host_agent_ephemeral_uid":"473ad3e0-64cb-46c2-b806-1b5bf2ee3534","@version":"1","opcode":"Info","etl_pipeline":["all-filter-0098","all-add_processed_timestamp","fingerprint-winlogbeats7","winlogbeat_7_and_above-field_nest_cleanup","winlogbeat_7_and_above-field_cleanups","1500","1522","wmi-user_field_renames","wmi-event_id-5858-field_rename","general_rename-various_global_options","provider_guid-cleanup","winevent-hostname-cleanup","final-cleanup-message_field"],"record_number":795,"event_original_message":"Id = {95DA4E87-3F99-4ADB-A254-AC79C47D77DE}; ClientMachine = DC; User = ; ClientProcessId = 80; Component = Unknown; Operation = Start IWbemServices::DeleteInstance - Root\\Rsop\\Computer : RSOP_ExtensionStatus.extensionGuid=\"{169EBF44-942F-4C43-87CE-13C93996EBBE}\"; ResultCode = 0x80041002; PossibleCause = Unknown","source_name":"Microsoft-Windows-WMI-Activity","process_id":"80","etl_kafka_time":1642526015839,"host_name":"dc.windomain.local"}},{"_index":"logs-endpoint-winevent-wmiactivity-2022.01.18","_type":"_doc","_id":"be7bba934b12662c240b70e41491e2b040c9bba6","_score":1.0,"_source":{"level":"error","wmi_component":"Unknown","wmi_xml_operation":"Operation_ClientFailure","etl_processed_time":"2022-01-18T19:14:10.053Z","etl_kafka_topic":"winlogbeat","event_id":5858,"task":"","etl_host_agent_type":"winlogbeat","wmi_client_machine":"DC","etl_kafka_offset":122,"etl_version":"2020.04.19.01","etl_host_agent_uid":"a1f88b3f-2f88-447f-b94f-5b4a29bbdc8b","@timestamp":"2022-01-18T17:13:35.841Z","beat_version":"7.6.2","z_elastic_ecs":{"agent":{},"log":{},"host":{},"event":{"provider":"Microsoft-Windows-WMI-Activity","kind":"event","created":"2022-01-18T19:02:52.386Z","code":5858},"ecs":{"version":"1.4.0"},"user":{"type":"User","identifier":"S-1-5-18","domain":"NT AUTHORITY","name":"SYSTEM"},"winlog":{"process":{"thread":{}}}},"beat_hostname":"dc","log_name":"Microsoft-Windows-WMI-Activity/Operational","wmi_id":"{95DA4E87-3F99-4ADB-A254-AC79C47D77DE}","etl_kafka_partition":0,"wmi_operation":"Start IWbemServices::DeleteInstance - Root\\Rsop\\Computer : RSOP_ExtensionStatus.extensionGuid=\"{16be69fa-4209-4250-88cb-716cf41954e0}\"","wmi_possible_cause":"Unknown","type":"wineventlog","provider_guid":"1418EF04-B0B4-4623-BF7E-D74AB47BBDAA","wmi_result_code":"0x80041002","event_original_time":"2022-01-18T17:13:35.841Z","thread_id":32,"etl_host_agent_ephemeral_uid":"473ad3e0-64cb-46c2-b806-1b5bf2ee3534","@version":"1","opcode":"Info","etl_pipeline":["all-filter-0098","all-add_processed_timestamp","fingerprint-winlogbeats7","winlogbeat_7_and_above-field_nest_cleanup","winlogbeat_7_and_above-field_cleanups","1500","1522","wmi-user_field_renames","wmi-event_id-5858-field_rename","general_rename-various_global_options","provider_guid-cleanup","winevent-hostname-cleanup","final-cleanup-message_field"],"record_number":796,"event_original_message":"Id = {95DA4E87-3F99-4ADB-A254-AC79C47D77DE}; ClientMachine = DC; User = ; ClientProcessId = 80; Component = Unknown; Operation = Start IWbemServices::DeleteInstance - Root\\Rsop\\Computer : RSOP_ExtensionStatus.extensionGuid=\"{16be69fa-4209-4250-88cb-716cf41954e0}\"; ResultCode = 0x80041002; PossibleCause = Unknown","source_name":"Microsoft-Windows-WMI-Activity","process_id":"80","etl_kafka_time":1642526015841,"host_name":"dc.windomain.local"}},{"_index":"logs-endpoint-winevent-wmiactivity-2022.01.18","_type":"_doc","_id":"3912c35f3cdeaadb026a09b054f1b5ce3fe17bfa","_score":1.0,"_source":{"level":"error","wmi_component":"Unknown","wmi_xml_operation":"Operation_ClientFailure","etl_processed_time":"2022-01-18T19:14:10.054Z","etl_kafka_topic":"winlogbeat","event_id":5858,"task":"","etl_host_agent_type":"winlogbeat","wmi_client_machine":"DC","etl_kafka_offset":123,"etl_version":"2020.04.19.01","etl_host_agent_uid":"a1f88b3f-2f88-447f-b94f-5b4a29bbdc8b","@timestamp":"2022-01-18T17:13:35.842Z","beat_version":"7.6.2","z_elastic_ecs":{"agent":{},"log":{},"host":{},"event":{"provider":"Microsoft-Windows-WMI-Activity","kind":"event","created":"2022-01-18T19:02:52.386Z","code":5858},"ecs":{"version":"1.4.0"},"user":{"identifier":"S-1-5-18","type":"User","domain":"NT AUTHORITY","name":"SYSTEM"},"winlog":{"process":{"thread":{}}}},"beat_hostname":"dc","log_name":"Microsoft-Windows-WMI-Activity/Operational","wmi_id":"{95DA4E87-3F99-4ADB-A254-AC79C47D77DE}","etl_kafka_partition":0,"wmi_operation":"Start IWbemServices::DeleteInstance - Root\\Rsop\\Computer : RSOP_ExtensionStatus.extensionGuid=\"{17D89FEC-5C44-4972-B12D-241CAEF74509}\"","wmi_possible_cause":"Unknown","type":"wineventlog","provider_guid":"1418EF04-B0B4-4623-BF7E-D74AB47BBDAA","wmi_result_code":"0x80041002","event_original_time":"2022-01-18T17:13:35.842Z","thread_id":32,"etl_host_agent_ephemeral_uid":"473ad3e0-64cb-46c2-b806-1b5bf2ee3534","@version":"1","opcode":"Info","etl_pipeline":["all-filter-0098","all-add_processed_timestamp","fingerprint-winlogbeats7","winlogbeat_7_and_above-field_nest_cleanup","winlogbeat_7_and_above-field_cleanups","1500","1522","wmi-user_field_renames","wmi-event_id-5858-field_rename","general_rename-various_global_options","provider_guid-cleanup","winevent-hostname-cleanup","final-cleanup-message_field"],"record_number":797,"event_original_message":"Id = {95DA4E87-3F99-4ADB-A254-AC79C47D77DE}; ClientMachine = DC; User = ; ClientProcessId = 80; Component = Unknown; Operation = Start IWbemServices::DeleteInstance - Root\\Rsop\\Computer : RSOP_ExtensionStatus.extensionGuid=\"{17D89FEC-5C44-4972-B12D-241CAEF74509}\"; ResultCode = 0x80041002; PossibleCause = Unknown","source_name":"Microsoft-Windows-WMI-Activity","process_id":"80","etl_kafka_time":1642526015842,"host_name":"dc.windomain.local"}},{"_index":"logs-endpoint-winevent-wmiactivity-2022.01.18","_type":"_doc","_id":"8c24783ca82141daf4e1643d6aa107ddfacaecd9","_score":1.0,"_source":{"level":"error","wmi_component":"Unknown","wmi_xml_operation":"Operation_ClientFailure","etl_processed_time":"2022-01-18T19:14:10.056Z","etl_kafka_topic":"winlogbeat","event_id":5858,"task":"","etl_host_agent_type":"winlogbeat","wmi_client_machine":"DC","etl_kafka_offset":124,"etl_version":"2020.04.19.01","etl_host_agent_uid":"a1f88b3f-2f88-447f-b94f-5b4a29bbdc8b","@timestamp":"2022-01-18T17:13:35.843Z","beat_version":"7.6.2","z_elastic_ecs":{"agent":{},"log":{},"host":{},"event":{"provider":"Microsoft-Windows-WMI-Activity","kind":"event","created":"2022-01-18T19:02:52.386Z","code":5858},"ecs":{"version":"1.4.0"},"user":{"identifier":"S-1-5-18","type":"User","domain":"NT AUTHORITY","name":"SYSTEM"},"winlog":{"process":{"thread":{}}}},"beat_hostname":"dc","log_name":"Microsoft-Windows-WMI-Activity/Operational","wmi_id":"{95DA4E87-3F99-4ADB-A254-AC79C47D77DE}","etl_kafka_partition":0,"wmi_operation":"Start IWbemServices::DeleteInstance - Root\\Rsop\\Computer : RSOP_ExtensionStatus.extensionGuid=\"{1A6364EB-776B-4120-ADE1-B63A406A76B5}\"","wmi_possible_cause":"Unknown","type":"wineventlog","provider_guid":"1418EF04-B0B4-4623-BF7E-D74AB47BBDAA","wmi_result_code":"0x80041002","event_original_time":"2022-01-18T17:13:35.843Z","thread_id":32,"etl_host_agent_ephemeral_uid":"473ad3e0-64cb-46c2-b806-1b5bf2ee3534","@version":"1","opcode":"Info","etl_pipeline":["all-filter-0098","all-add_processed_timestamp","fingerprint-winlogbeats7","winlogbeat_7_and_above-field_nest_cleanup","winlogbeat_7_and_above-field_cleanups","1500","1522","wmi-user_field_renames","wmi-event_id-5858-field_rename","general_rename-various_global_options","provider_guid-cleanup","winevent-hostname-cleanup","final-cleanup-message_field"],"record_number":798,"event_original_message":"Id = {95DA4E87-3F99-4ADB-A254-AC79C47D77DE}; ClientMachine = DC; User = ; ClientProcessId = 80; Component = Unknown; Operation = Start IWbemServices::DeleteInstance - Root\\Rsop\\Computer : RSOP_ExtensionStatus.extensionGuid=\"{1A6364EB-776B-4120-ADE1-B63A406A76B5}\"; ResultCode = 0x80041002; PossibleCause = Unknown","source_name":"Microsoft-Windows-WMI-Activity","process_id":"80","etl_kafka_time":1642526015843,"host_name":"dc.windomain.local"}},{"_index":"logs-endpoint-winevent-wmiactivity-2022.01.18","_type":"_doc","_id":"52d9f7fb32e61ff49a9a846f19b5271cec1e1c67","_score":1.0,"_source":{"level":"error","wmi_component":"Unknown","wmi_xml_operation":"Operation_ClientFailure","etl_processed_time":"2022-01-18T19:14:10.057Z","etl_kafka_topic":"winlogbeat","event_id":5858,"task":"","etl_host_agent_type":"winlogbeat","wmi_client_machine":"DC","etl_kafka_offset":125,"etl_version":"2020.04.19.01","etl_host_agent_uid":"a1f88b3f-2f88-447f-b94f-5b4a29bbdc8b","@timestamp":"2022-01-18T17:13:35.845Z","beat_version":"7.6.2","z_elastic_ecs":{"agent":{},"log":{},"host":{},"event":{"provider":"Microsoft-Windows-WMI-Activity","kind":"event","created":"2022-01-18T19:02:52.387Z","code":5858},"ecs":{"version":"1.4.0"},"user":{"identifier":"S-1-5-18","type":"User","domain":"NT AUTHORITY","name":"SYSTEM"},"winlog":{"process":{"thread":{}}}},"beat_hostname":"dc","log_name":"Microsoft-Windows-WMI-Activity/Operational","wmi_id":"{95DA4E87-3F99-4ADB-A254-AC79C47D77DE}","etl_kafka_partition":0,"wmi_operation":"Start IWbemServices::DeleteInstance - Root\\Rsop\\Computer : RSOP_ExtensionStatus.extensionGuid=\"{2A8FDC61-2347-4C87-92F6-B05EB91A201A}\"","wmi_possible_cause":"Unknown","type":"wineventlog","provider_guid":"1418EF04-B0B4-4623-BF7E-D74AB47BBDAA","wmi_result_code":"0x80041002","event_original_time":"2022-01-18T17:13:35.845Z","thread_id":32,"etl_host_agent_ephemeral_uid":"473ad3e0-64cb-46c2-b806-1b5bf2ee3534","@version":"1","opcode":"Info","etl_pipeline":["all-filter-0098","all-add_processed_timestamp","fingerprint-winlogbeats7","winlogbeat_7_and_above-field_nest_cleanup","winlogbeat_7_and_above-field_cleanups","1500","1522","wmi-user_field_renames","wmi-event_id-5858-field_rename","general_rename-various_global_options","provider_guid-cleanup","winevent-hostname-cleanup","final-cleanup-message_field"],"record_number":799,"event_original_message":"Id = {95DA4E87-3F99-4ADB-A254-AC79C47D77DE}; ClientMachine = DC; User = ; ClientProcessId = 80; Component = Unknown; Operation = Start IWbemServices::DeleteInstance - Root\\Rsop\\Computer : RSOP_ExtensionStatus.extensionGuid=\"{2A8FDC61-2347-4C87-92F6-B05EB91A201A}\"; ResultCode = 0x80041002; PossibleCause = Unknown","source_name":"Microsoft-Windows-WMI-Activity","process_id":"80","etl_kafka_time":1642526015844,"host_name":"dc.windomain.local"}},{"_index":"logs-endpoint-winevent-wmiactivity-2022.01.18","_type":"_doc","_id":"421bcb8ef2bfb77bbc46bd451a0bda98badb9163","_score":1.0,"_source":{"level":"error","wmi_component":"Unknown","wmi_xml_operation":"Operation_ClientFailure","etl_processed_time":"2022-01-18T19:14:10.059Z","etl_kafka_topic":"winlogbeat","event_id":5858,"task":"","etl_host_agent_type":"winlogbeat","wmi_client_machine":"DC","etl_kafka_offset":126,"etl_version":"2020.04.19.01","etl_host_agent_uid":"a1f88b3f-2f88-447f-b94f-5b4a29bbdc8b","@timestamp":"2022-01-18T17:13:35.846Z","beat_version":"7.6.2","z_elastic_ecs":{"agent":{},"log":{},"host":{},"event":{"provider":"Microsoft-Windows-WMI-Activity","kind":"event","created":"2022-01-18T19:02:52.387Z","code":5858},"ecs":{"version":"1.4.0"},"user":{"type":"User","identifier":"S-1-5-18","domain":"NT AUTHORITY","name":"SYSTEM"},"winlog":{"process":{"thread":{}}}},"beat_hostname":"dc","log_name":"Microsoft-Windows-WMI-Activity/Operational","wmi_id":"{95DA4E87-3F99-4ADB-A254-AC79C47D77DE}","etl_kafka_partition":0,"wmi_operation":"Start IWbemServices::DeleteInstance - Root\\Rsop\\Computer : RSOP_ExtensionStatus.extensionGuid=\"{2BFCC077-22D2-48DE-BDE1-2F618D9B476D}\"","wmi_possible_cause":"Unknown","type":"wineventlog","provider_guid":"1418EF04-B0B4-4623-BF7E-D74AB47BBDAA","wmi_result_code":"0x80041002","event_original_time":"2022-01-18T17:13:35.846Z","thread_id":32,"etl_host_agent_ephemeral_uid":"473ad3e0-64cb-46c2-b806-1b5bf2ee3534","@version":"1","opcode":"Info","etl_pipeline":["all-filter-0098","all-add_processed_timestamp","fingerprint-winlogbeats7","winlogbeat_7_and_above-field_nest_cleanup","winlogbeat_7_and_above-field_cleanups","1500","1522","wmi-user_field_renames","wmi-event_id-5858-field_rename","general_rename-various_global_options","provider_guid-cleanup","winevent-hostname-cleanup","final-cleanup-message_field"],"record_number":800,"event_original_message":"Id = {95DA4E87-3F99-4ADB-A254-AC79C47D77DE}; ClientMachine = DC; User = ; ClientProcessId = 80; Component = Unknown; Operation = Start IWbemServices::DeleteInstance - Root\\Rsop\\Computer : RSOP_ExtensionStatus.extensionGuid=\"{2BFCC077-22D2-48DE-BDE1-2F618D9B476D}\"; ResultCode = 0x80041002; PossibleCause = Unknown","source_name":"Microsoft-Windows-WMI-Activity","process_id":"80","etl_kafka_time":1642526015846,"host_name":"dc.windomain.local"}},{"_index":"logs-endpoint-winevent-wmiactivity-2022.01.18","_type":"_doc","_id":"246e96d39cf86c4ef1f50438d57f7df679f654af","_score":1.0,"_source":{"level":"error","wmi_component":"Unknown","wmi_xml_operation":"Operation_ClientFailure","etl_processed_time":"2022-01-18T19:14:10.065Z","etl_kafka_topic":"winlogbeat","event_id":5858,"task":"","etl_host_agent_type":"winlogbeat","wmi_client_machine":"DC","etl_kafka_offset":127,"etl_version":"2020.04.19.01","etl_host_agent_uid":"a1f88b3f-2f88-447f-b94f-5b4a29bbdc8b","@timestamp":"2022-01-18T17:13:35.847Z","beat_version":"7.6.2","z_elastic_ecs":{"agent":{},"log":{},"host":{},"event":{"provider":"Microsoft-Windows-WMI-Activity","kind":"event","created":"2022-01-18T19:02:52.387Z","code":5858},"ecs":{"version":"1.4.0"},"user":{"identifier":"S-1-5-18","type":"User","domain":"NT AUTHORITY","name":"SYSTEM"},"winlog":{"process":{"thread":{}}}},"beat_hostname":"dc","log_name":"Microsoft-Windows-WMI-Activity/Operational","wmi_id":"{95DA4E87-3F99-4ADB-A254-AC79C47D77DE}","etl_kafka_partition":0,"wmi_operation":"Start IWbemServices::DeleteInstance - Root\\Rsop\\Computer : RSOP_ExtensionStatus.extensionGuid=\"{3610eda5-77ef-11d2-8dc5-00c04fa31a66}\"","wmi_possible_cause":"Unknown","type":"wineventlog","provider_guid":"1418EF04-B0B4-4623-BF7E-D74AB47BBDAA","wmi_result_code":"0x80041002","event_original_time":"2022-01-18T17:13:35.847Z","thread_id":32,"etl_host_agent_ephemeral_uid":"473ad3e0-64cb-46c2-b806-1b5bf2ee3534","@version":"1","opcode":"Info","etl_pipeline":["all-filter-0098","all-add_processed_timestamp","fingerprint-winlogbeats7","winlogbeat_7_and_above-field_nest_cleanup","winlogbeat_7_and_above-field_cleanups","1500","1522","wmi-user_field_renames","wmi-event_id-5858-field_rename","general_rename-various_global_options","provider_guid-cleanup","winevent-hostname-cleanup","final-cleanup-message_field"],"record_number":801,"event_original_message":"Id = {95DA4E87-3F99-4ADB-A254-AC79C47D77DE}; ClientMachine = DC; User = ; ClientProcessId = 80; Component = Unknown; Operation = Start IWbemServices::DeleteInstance - Root\\Rsop\\Computer : RSOP_ExtensionStatus.extensionGuid=\"{3610eda5-77ef-11d2-8dc5-00c04fa31a66}\"; ResultCode = 0x80041002; PossibleCause = Unknown","source_name":"Microsoft-Windows-WMI-Activity","process_id":"80","etl_kafka_time":1642526015847,"host_name":"dc.windomain.local"}},{"_index":"logs-endpoint-winevent-wmiactivity-2022.01.18","_type":"_doc","_id":"661effafbfdb9cb96d330357a36c533916448092","_score":1.0,"_source":{"level":"error","wmi_component":"Unknown","wmi_xml_operation":"Operation_ClientFailure","etl_processed_time":"2022-01-18T19:14:10.068Z","etl_kafka_topic":"winlogbeat","event_id":5858,"task":"","etl_host_agent_type":"winlogbeat","wmi_client_machine":"DC","etl_kafka_offset":128,"etl_version":"2020.04.19.01","etl_host_agent_uid":"a1f88b3f-2f88-447f-b94f-5b4a29bbdc8b","@timestamp":"2022-01-18T17:13:35.849Z","beat_version":"7.6.2","z_elastic_ecs":{"agent":{},"log":{},"host":{},"event":{"provider":"Microsoft-Windows-WMI-Activity","kind":"event","created":"2022-01-18T19:02:52.387Z","code":5858},"ecs":{"version":"1.4.0"},"user":{"type":"User","identifier":"S-1-5-18","domain":"NT AUTHORITY","name":"SYSTEM"},"winlog":{"process":{"thread":{}}}},"beat_hostname":"dc","log_name":"Microsoft-Windows-WMI-Activity/Operational","wmi_id":"{95DA4E87-3F99-4ADB-A254-AC79C47D77DE}","etl_kafka_partition":0,"wmi_operation":"Start IWbemServices::DeleteInstance - Root\\Rsop\\Computer : RSOP_ExtensionStatus.extensionGuid=\"{3A0DBA37-F8B2-4356-83DE-3E90BD5C261F}\"","wmi_possible_cause":"Unknown","type":"wineventlog","provider_guid":"1418EF04-B0B4-4623-BF7E-D74AB47BBDAA","wmi_result_code":"0x80041002","event_original_time":"2022-01-18T17:13:35.849Z","thread_id":32,"etl_host_agent_ephemeral_uid":"473ad3e0-64cb-46c2-b806-1b5bf2ee3534","@version":"1","opcode":"Info","etl_pipeline":["all-filter-0098","all-add_processed_timestamp","fingerprint-winlogbeats7","winlogbeat_7_and_above-field_nest_cleanup","winlogbeat_7_and_above-field_cleanups","1500","1522","wmi-user_field_renames","wmi-event_id-5858-field_rename","general_rename-various_global_options","provider_guid-cleanup","winevent-hostname-cleanup","final-cleanup-message_field"],"record_number":802,"event_original_message":"Id = {95DA4E87-3F99-4ADB-A254-AC79C47D77DE}; ClientMachine = DC; User = ; ClientProcessId = 80; Component = Unknown; Operation = Start IWbemServices::DeleteInstance - Root\\Rsop\\Computer : RSOP_ExtensionStatus.extensionGuid=\"{3A0DBA37-F8B2-4356-83DE-3E90BD5C261F}\"; ResultCode = 0x80041002; PossibleCause = Unknown","source_name":"Microsoft-Windows-WMI-Activity","process_id":"80","etl_kafka_time":1642526015848,"host_name":"dc.windomain.local"}},{"_index":"logs-endpoint-winevent-wmiactivity-2022.01.18","_type":"_doc","_id":"4063179522680a2c2c18469291f6f36cd49986df","_score":1.0,"_source":{"level":"error","wmi_component":"Unknown","wmi_xml_operation":"Operation_ClientFailure","etl_processed_time":"2022-01-18T19:14:10.069Z","etl_kafka_topic":"winlogbeat","event_id":5858,"task":"","etl_host_agent_type":"winlogbeat","wmi_client_machine":"DC","etl_kafka_offset":129,"etl_version":"2020.04.19.01","etl_host_agent_uid":"a1f88b3f-2f88-447f-b94f-5b4a29bbdc8b","@timestamp":"2022-01-18T17:13:35.850Z","beat_version":"7.6.2","z_elastic_ecs":{"agent":{},"log":{},"host":{},"event":{"provider":"Microsoft-Windows-WMI-Activity","kind":"event","created":"2022-01-18T19:02:52.387Z","code":5858},"ecs":{"version":"1.4.0"},"user":{"type":"User","identifier":"S-1-5-18","domain":"NT AUTHORITY","name":"SYSTEM"},"winlog":{"process":{"thread":{}}}},"beat_hostname":"dc","log_name":"Microsoft-Windows-WMI-Activity/Operational","wmi_id":"{95DA4E87-3F99-4ADB-A254-AC79C47D77DE}","etl_kafka_partition":0,"wmi_operation":"Start IWbemServices::DeleteInstance - Root\\Rsop\\Computer : RSOP_ExtensionStatus.extensionGuid=\"{426031c0-0b47-4852-b0ca-ac3d37bfcb39}\"","wmi_possible_cause":"Unknown","type":"wineventlog","provider_guid":"1418EF04-B0B4-4623-BF7E-D74AB47BBDAA","wmi_result_code":"0x80041002","event_original_time":"2022-01-18T17:13:35.850Z","thread_id":32,"etl_host_agent_ephemeral_uid":"473ad3e0-64cb-46c2-b806-1b5bf2ee3534","@version":"1","opcode":"Info","etl_pipeline":["all-filter-0098","all-add_processed_timestamp","fingerprint-winlogbeats7","winlogbeat_7_and_above-field_nest_cleanup","winlogbeat_7_and_above-field_cleanups","1500","1522","wmi-user_field_renames","wmi-event_id-5858-field_rename","general_rename-various_global_options","provider_guid-cleanup","winevent-hostname-cleanup","final-cleanup-message_field"],"record_number":803,"event_original_message":"Id = {95DA4E87-3F99-4ADB-A254-AC79C47D77DE}; ClientMachine = DC; User = ; ClientProcessId = 80; Component = Unknown; Operation = Start IWbemServices::DeleteInstance - Root\\Rsop\\Computer : RSOP_ExtensionStatus.extensionGuid=\"{426031c0-0b47-4852-b0ca-ac3d37bfcb39}\"; ResultCode = 0x80041002; PossibleCause = Unknown","source_name":"Microsoft-Windows-WMI-Activity","process_id":"80","etl_kafka_time":1642526015850,"host_name":"dc.windomain.local"}},{"_index":"logs-endpoint-winevent-wmiactivity-2022.01.18","_type":"_doc","_id":"c56bfb9706206196b08aadcb5456c638c1c7a90c","_score":1.0,"_source":{"level":"error","wmi_component":"Unknown","wmi_xml_operation":"Operation_ClientFailure","etl_processed_time":"2022-01-18T19:14:10.071Z","etl_kafka_topic":"winlogbeat","event_id":5858,"task":"","etl_host_agent_type":"winlogbeat","wmi_client_machine":"DC","etl_kafka_offset":130,"etl_version":"2020.04.19.01","etl_host_agent_uid":"a1f88b3f-2f88-447f-b94f-5b4a29bbdc8b","@timestamp":"2022-01-18T17:13:35.851Z","beat_version":"7.6.2","z_elastic_ecs":{"agent":{},"log":{},"host":{},"event":{"provider":"Microsoft-Windows-WMI-Activity","kind":"event","created":"2022-01-18T19:02:52.387Z","code":5858},"ecs":{"version":"1.4.0"},"user":{"type":"User","identifier":"S-1-5-18","domain":"NT AUTHORITY","name":"SYSTEM"},"winlog":{"process":{"thread":{}}}},"beat_hostname":"dc","log_name":"Microsoft-Windows-WMI-Activity/Operational","wmi_id":"{95DA4E87-3F99-4ADB-A254-AC79C47D77DE}","etl_kafka_partition":0,"wmi_operation":"Start IWbemServices::DeleteInstance - Root\\Rsop\\Computer : RSOP_ExtensionStatus.extensionGuid=\"{42B5FAAE-6536-11d2-AE5A-0000F87571E3}\"","wmi_possible_cause":"Unknown","type":"wineventlog","provider_guid":"1418EF04-B0B4-4623-BF7E-D74AB47BBDAA","wmi_result_code":"0x80041002","event_original_time":"2022-01-18T17:13:35.851Z","thread_id":32,"etl_host_agent_ephemeral_uid":"473ad3e0-64cb-46c2-b806-1b5bf2ee3534","@version":"1","opcode":"Info","etl_pipeline":["all-filter-0098","all-add_processed_timestamp","fingerprint-winlogbeats7","winlogbeat_7_and_above-field_nest_cleanup","winlogbeat_7_and_above-field_cleanups","1500","1522","wmi-user_field_renames","wmi-event_id-5858-field_rename","general_rename-various_global_options","provider_guid-cleanup","winevent-hostname-cleanup","final-cleanup-message_field"],"record_number":804,"event_original_message":"Id = {95DA4E87-3F99-4ADB-A254-AC79C47D77DE}; ClientMachine = DC; User = ; ClientProcessId = 80; Component = Unknown; Operation = Start IWbemServices::DeleteInstance - Root\\Rsop\\Computer : RSOP_ExtensionStatus.extensionGuid=\"{42B5FAAE-6536-11d2-AE5A-0000F87571E3}\"; ResultCode = 0x80041002; PossibleCause = Unknown","source_name":"Microsoft-Windows-WMI-Activity","process_id":"80","etl_kafka_time":1642526015851,"host_name":"dc.windomain.local"}},