{"took":180,"timed_out":false,"_shards":{"total":2,"successful":2,"skipped":0,"failed":0},"hits":{"total":{"value":645,"relation":"eq"},"max_score":1.0,"hits":[{"_index":"logs-endpoint-winevent-wmiactivity-2020.09.29","_type":"_doc","_id":"58ff258b4daad2c300f6df50fdeb530496c3ebb1","_score":1.0,"_source":{"level":"error","wmi_component":"Unknown","wmi_xml_operation":"Operation_ClientFailure","etl_processed_time":"2022-01-18T19:16:59.503Z","etl_kafka_topic":"winlogbeat","event_id":5858,"task":"","etl_host_agent_type":"winlogbeat","wmi_client_machine":"VAGRANT-10","etl_kafka_offset":2290,"etl_version":"2020.04.19.01","etl_host_agent_uid":"8faec186-b368-44a8-a9c5-6e284dfc7aea","@timestamp":"2020-09-29T06:35:33.633Z","beat_version":"7.6.2","z_elastic_ecs":{"agent":{},"log":{},"host":{},"event":{"provider":"Microsoft-Windows-WMI-Activity","kind":"event","created":"2022-01-18T19:16:49.395Z","code":5858},"ecs":{"version":"1.4.0"},"user":{"type":"User","identifier":"S-1-5-18","domain":"NT AUTHORITY","name":"SYSTEM"},"winlog":{"process":{"thread":{}}}},"beat_hostname":"win10","log_name":"Microsoft-Windows-WMI-Activity/Operational","wmi_id":"{FDD6711C-3CF7-454F-B224-88C31C256CC4}","etl_kafka_partition":0,"wmi_operation":"Start IWbemServices::DeleteInstance - Root\\Rsop\\Computer : RSOP_ExtensionStatus.extensionGuid=\"{C631DF4C-088F-4156-B058-4375F0853CD8}\"","wmi_possible_cause":"Unknown","type":"wineventlog","provider_guid":"1418ef04-b0b4-4623-bf7e-d74ab47bbdaa","wmi_result_code":"0x80041002","event_original_time":"2020-09-29T06:35:33.633Z","thread_id":2428,"etl_host_agent_ephemeral_uid":"298c86f2-fe36-4c4c-88aa-2a80cc6ed89e","@version":"1","opcode":"Info","etl_pipeline":["all-filter-0098","all-add_processed_timestamp","fingerprint-winlogbeats7","winlogbeat_7_and_above-field_nest_cleanup","winlogbeat_7_and_above-field_cleanups","1500","1522","wmi-user_field_renames","wmi-event_id-5858-field_rename","general_rename-various_global_options","provider_guid-cleanup","winevent-hostname-cleanup","final-cleanup-message_field"],"record_number":38,"event_original_message":"Id = {FDD6711C-3CF7-454F-B224-88C31C256CC4}; ClientMachine = VAGRANT-10; User = ; ClientProcessId = 1004; Component = Unknown; Operation = Start IWbemServices::DeleteInstance - Root\\Rsop\\Computer : RSOP_ExtensionStatus.extensionGuid=\"{C631DF4C-088F-4156-B058-4375F0853CD8}\"; ResultCode = 0x80041002; PossibleCause = Unknown","source_name":"Microsoft-Windows-WMI-Activity","process_id":"1004","etl_kafka_time":1601361333632,"host_name":"vagrant-10"}},{"_index":"logs-endpoint-winevent-wmiactivity-2020.09.29","_type":"_doc","_id":"01adb152e9f9bf79d96100c6813ff43d73d8733e","_score":1.0,"_source":{"level":"error","wmi_component":"Unknown","wmi_xml_operation":"Operation_ClientFailure","etl_processed_time":"2022-01-18T19:16:59.503Z","etl_kafka_topic":"winlogbeat","event_id":5858,"task":"","etl_host_agent_type":"winlogbeat","wmi_client_machine":"VAGRANT-10","etl_kafka_offset":2291,"etl_version":"2020.04.19.01","etl_host_agent_uid":"8faec186-b368-44a8-a9c5-6e284dfc7aea","@timestamp":"2020-09-29T06:35:33.633Z","beat_version":"7.6.2","z_elastic_ecs":{"agent":{},"log":{},"host":{},"event":{"provider":"Microsoft-Windows-WMI-Activity","kind":"event","created":"2022-01-18T19:16:49.395Z","code":5858},"ecs":{"version":"1.4.0"},"user":{"type":"User","identifier":"S-1-5-18","domain":"NT AUTHORITY","name":"SYSTEM"},"winlog":{"process":{"thread":{}}}},"beat_hostname":"win10","log_name":"Microsoft-Windows-WMI-Activity/Operational","wmi_id":"{FDD6711C-3CF7-454F-B224-88C31C256CC4}","etl_kafka_partition":0,"wmi_operation":"Start IWbemServices::DeleteInstance - Root\\Rsop\\Computer : RSOP_ExtensionStatus.extensionGuid=\"{c6dc5466-785a-11d2-84d0-00c04fb169f7}\"","wmi_possible_cause":"Unknown","type":"wineventlog","provider_guid":"1418ef04-b0b4-4623-bf7e-d74ab47bbdaa","wmi_result_code":"0x80041002","event_original_time":"2020-09-29T06:35:33.633Z","thread_id":2428,"etl_host_agent_ephemeral_uid":"298c86f2-fe36-4c4c-88aa-2a80cc6ed89e","@version":"1","opcode":"Info","etl_pipeline":["all-filter-0098","all-add_processed_timestamp","fingerprint-winlogbeats7","winlogbeat_7_and_above-field_nest_cleanup","winlogbeat_7_and_above-field_cleanups","1500","1522","wmi-user_field_renames","wmi-event_id-5858-field_rename","general_rename-various_global_options","provider_guid-cleanup","winevent-hostname-cleanup","final-cleanup-message_field"],"record_number":39,"event_original_message":"Id = {FDD6711C-3CF7-454F-B224-88C31C256CC4}; ClientMachine = VAGRANT-10; User = ; ClientProcessId = 1004; Component = Unknown; Operation = Start IWbemServices::DeleteInstance - Root\\Rsop\\Computer : RSOP_ExtensionStatus.extensionGuid=\"{c6dc5466-785a-11d2-84d0-00c04fb169f7}\"; ResultCode = 0x80041002; PossibleCause = Unknown","source_name":"Microsoft-Windows-WMI-Activity","process_id":"1004","etl_kafka_time":1601361333632,"host_name":"vagrant-10"}},{"_index":"logs-endpoint-winevent-wmiactivity-2020.09.29","_type":"_doc","_id":"ffee126e73875125f15a3ea855cabdf38d63c1dc","_score":1.0,"_source":{"level":"error","wmi_component":"Unknown","wmi_xml_operation":"Operation_ClientFailure","etl_processed_time":"2022-01-18T19:16:59.503Z","etl_kafka_topic":"winlogbeat","event_id":5858,"task":"","etl_host_agent_type":"winlogbeat","wmi_client_machine":"VAGRANT-10","etl_kafka_offset":2296,"etl_version":"2020.04.19.01","etl_host_agent_uid":"8faec186-b368-44a8-a9c5-6e284dfc7aea","@timestamp":"2020-09-29T06:35:33.635Z","beat_version":"7.6.2","z_elastic_ecs":{"agent":{},"log":{},"host":{},"event":{"provider":"Microsoft-Windows-WMI-Activity","kind":"event","created":"2022-01-18T19:16:49.395Z","code":5858},"ecs":{"version":"1.4.0"},"user":{"type":"User","identifier":"S-1-5-18","domain":"NT AUTHORITY","name":"SYSTEM"},"winlog":{"process":{"thread":{}}}},"beat_hostname":"win10","log_name":"Microsoft-Windows-WMI-Activity/Operational","wmi_id":"{FDD6711C-3CF7-454F-B224-88C31C256CC4}","etl_kafka_partition":0,"wmi_operation":"Start IWbemServices::DeleteInstance - Root\\Rsop\\Computer : RSOP_ExtensionStatus.extensionGuid=\"{E4F48E54-F38D-4884-BFB9-D4D2E5729C18}\"","wmi_possible_cause":"Unknown","type":"wineventlog","provider_guid":"1418ef04-b0b4-4623-bf7e-d74ab47bbdaa","wmi_result_code":"0x80041002","event_original_time":"2020-09-29T06:35:33.635Z","thread_id":2428,"etl_host_agent_ephemeral_uid":"298c86f2-fe36-4c4c-88aa-2a80cc6ed89e","@version":"1","opcode":"Info","etl_pipeline":["all-filter-0098","all-add_processed_timestamp","fingerprint-winlogbeats7","winlogbeat_7_and_above-field_nest_cleanup","winlogbeat_7_and_above-field_cleanups","1500","1522","wmi-user_field_renames","wmi-event_id-5858-field_rename","general_rename-various_global_options","provider_guid-cleanup","winevent-hostname-cleanup","final-cleanup-message_field"],"record_number":44,"event_original_message":"Id = {FDD6711C-3CF7-454F-B224-88C31C256CC4}; ClientMachine = VAGRANT-10; User = ; ClientProcessId = 1004; Component = Unknown; Operation = Start IWbemServices::DeleteInstance - Root\\Rsop\\Computer : RSOP_ExtensionStatus.extensionGuid=\"{E4F48E54-F38D-4884-BFB9-D4D2E5729C18}\"; ResultCode = 0x80041002; PossibleCause = Unknown","source_name":"Microsoft-Windows-WMI-Activity","process_id":"1004","etl_kafka_time":1601361333634,"host_name":"vagrant-10"}},{"_index":"logs-endpoint-winevent-wmiactivity-2020.09.29","_type":"_doc","_id":"5a38676a5648724bbb6fdfa9d0a260065349d2c7","_score":1.0,"_source":{"level":"error","wmi_component":"Unknown","wmi_xml_operation":"Operation_ClientFailure","etl_processed_time":"2022-01-18T19:16:59.504Z","etl_kafka_topic":"winlogbeat","event_id":5858,"task":"","etl_host_agent_type":"winlogbeat","wmi_client_machine":"VAGRANT-10","etl_kafka_offset":2299,"etl_version":"2020.04.19.01","etl_host_agent_uid":"8faec186-b368-44a8-a9c5-6e284dfc7aea","@timestamp":"2020-09-29T06:35:33.635Z","beat_version":"7.6.2","z_elastic_ecs":{"agent":{},"log":{},"host":{},"event":{"provider":"Microsoft-Windows-WMI-Activity","kind":"event","created":"2022-01-18T19:16:49.408Z","code":5858},"ecs":{"version":"1.4.0"},"user":{"identifier":"S-1-5-18","type":"User","domain":"NT AUTHORITY","name":"SYSTEM"},"winlog":{"process":{"thread":{}}}},"beat_hostname":"win10","log_name":"Microsoft-Windows-WMI-Activity/Operational","wmi_id":"{FDD6711C-3CF7-454F-B224-88C31C256CC4}","etl_kafka_partition":0,"wmi_operation":"Start IWbemServices::DeleteInstance - Root\\Rsop\\Computer : RSOP_ExtensionStatus.extensionGuid=\"{F312195E-3D9D-447A-A3F5-08DFFA24735E}\"","wmi_possible_cause":"Unknown","type":"wineventlog","provider_guid":"1418ef04-b0b4-4623-bf7e-d74ab47bbdaa","wmi_result_code":"0x80041002","event_original_time":"2020-09-29T06:35:33.635Z","thread_id":2428,"etl_host_agent_ephemeral_uid":"298c86f2-fe36-4c4c-88aa-2a80cc6ed89e","@version":"1","opcode":"Info","etl_pipeline":["all-filter-0098","all-add_processed_timestamp","fingerprint-winlogbeats7","winlogbeat_7_and_above-field_nest_cleanup","winlogbeat_7_and_above-field_cleanups","1500","1522","wmi-user_field_renames","wmi-event_id-5858-field_rename","general_rename-various_global_options","provider_guid-cleanup","winevent-hostname-cleanup","final-cleanup-message_field"],"record_number":47,"event_original_message":"Id = {FDD6711C-3CF7-454F-B224-88C31C256CC4}; ClientMachine = VAGRANT-10; User = ; ClientProcessId = 1004; Component = Unknown; Operation = Start IWbemServices::DeleteInstance - Root\\Rsop\\Computer : RSOP_ExtensionStatus.extensionGuid=\"{F312195E-3D9D-447A-A3F5-08DFFA24735E}\"; ResultCode = 0x80041002; PossibleCause = Unknown","source_name":"Microsoft-Windows-WMI-Activity","process_id":"1004","etl_kafka_time":1601361333635,"host_name":"vagrant-10"}},{"_index":"logs-endpoint-winevent-wmiactivity-2020.09.29","_type":"_doc","_id":"60189971dda30aecb0050c39523d4fd24f31da19","_score":1.0,"_source":{"level":"error","wmi_component":"Unknown","wmi_xml_operation":"Operation_ClientFailure","etl_processed_time":"2022-01-18T19:16:59.504Z","etl_kafka_topic":"winlogbeat","event_id":5858,"task":"","etl_host_agent_type":"winlogbeat","wmi_client_machine":"VAGRANT-10","etl_kafka_offset":2320,"etl_version":"2020.04.19.01","etl_host_agent_uid":"8faec186-b368-44a8-a9c5-6e284dfc7aea","@timestamp":"2020-09-29T06:35:33.994Z","beat_version":"7.6.2","z_elastic_ecs":{"agent":{},"log":{},"host":{},"event":{"provider":"Microsoft-Windows-WMI-Activity","kind":"event","created":"2022-01-18T19:16:49.412Z","code":5858},"ecs":{"version":"1.4.0"},"user":{"type":"User","identifier":"S-1-5-18","domain":"NT AUTHORITY","name":"SYSTEM"},"winlog":{"process":{"thread":{}}}},"beat_hostname":"win10","log_name":"Microsoft-Windows-WMI-Activity/Operational","wmi_id":"{B88A9944-FE12-46D6-AA30-925DC3DFF259}","etl_kafka_partition":0,"wmi_operation":"Start IWbemServices::DeleteInstance - Root\\Rsop\\User\\S_1_5_21_1682166927_3851495277_586444471_1001 : RSOP_ExtensionStatus.extensionGuid=\"{728EE579-943C-4519-9EF7-AB56765798ED}\"","wmi_possible_cause":"Unknown","type":"wineventlog","provider_guid":"1418ef04-b0b4-4623-bf7e-d74ab47bbdaa","wmi_result_code":"0x80041002","event_original_time":"2020-09-29T06:35:33.994Z","thread_id":2428,"etl_host_agent_ephemeral_uid":"298c86f2-fe36-4c4c-88aa-2a80cc6ed89e","@version":"1","opcode":"Info","etl_pipeline":["all-filter-0098","all-add_processed_timestamp","fingerprint-winlogbeats7","winlogbeat_7_and_above-field_nest_cleanup","winlogbeat_7_and_above-field_cleanups","1500","1522","wmi-user_field_renames","wmi-event_id-5858-field_rename","general_rename-various_global_options","provider_guid-cleanup","winevent-hostname-cleanup","final-cleanup-message_field"],"record_number":68,"event_original_message":"Id = {B88A9944-FE12-46D6-AA30-925DC3DFF259}; ClientMachine = VAGRANT-10; User = ; ClientProcessId = 1004; Component = Unknown; Operation = Start IWbemServices::DeleteInstance - Root\\Rsop\\User\\S_1_5_21_1682166927_3851495277_586444471_1001 : RSOP_ExtensionStatus.extensionGuid=\"{728EE579-943C-4519-9EF7-AB56765798ED}\"; ResultCode = 0x80041002; PossibleCause = Unknown","source_name":"Microsoft-Windows-WMI-Activity","process_id":"1004","etl_kafka_time":1601361333993,"host_name":"vagrant-10"}},{"_index":"logs-endpoint-winevent-wmiactivity-2020.09.29","_type":"_doc","_id":"c8e8a6c4fc6639275d3ea183ae6d0a38a07e60fb","_score":1.0,"_source":{"level":"error","wmi_component":"Unknown","wmi_xml_operation":"Operation_ClientFailure","etl_processed_time":"2022-01-18T19:16:59.128Z","etl_kafka_topic":"winlogbeat","event_id":5858,"task":"","etl_host_agent_type":"winlogbeat","wmi_client_machine":"VAGRANT-10","etl_kafka_offset":2253,"etl_version":"2020.04.19.01","etl_host_agent_uid":"8faec186-b368-44a8-a9c5-6e284dfc7aea","@timestamp":"2020-09-29T06:35:33.619Z","beat_version":"7.6.2","z_elastic_ecs":{"agent":{},"log":{},"host":{},"event":{"provider":"Microsoft-Windows-WMI-Activity","kind":"event","created":"2022-01-18T19:16:49.372Z","code":5858},"ecs":{"version":"1.4.0"},"user":{"type":"User","identifier":"S-1-5-18","domain":"NT AUTHORITY","name":"SYSTEM"},"winlog":{"process":{"thread":{}}}},"beat_hostname":"win10","log_name":"Microsoft-Windows-WMI-Activity/Operational","wmi_id":"{FDD6711C-3CF7-454F-B224-88C31C256CC4}","etl_kafka_partition":0,"wmi_operation":"Start IWbemServices::DeleteInstance - Root\\Rsop\\Computer : RSOP_ExtensionStatus.extensionGuid=\"{35378EAC-683F-11D2-A89A-00C04FBBCFA2}\"","wmi_possible_cause":"Unknown","type":"wineventlog","provider_guid":"1418ef04-b0b4-4623-bf7e-d74ab47bbdaa","wmi_result_code":"0x80041002","event_original_time":"2020-09-29T06:35:33.619Z","thread_id":2428,"etl_host_agent_ephemeral_uid":"298c86f2-fe36-4c4c-88aa-2a80cc6ed89e","@version":"1","opcode":"Info","etl_pipeline":["all-filter-0098","all-add_processed_timestamp","fingerprint-winlogbeats7","winlogbeat_7_and_above-field_nest_cleanup","winlogbeat_7_and_above-field_cleanups","1500","1522","wmi-user_field_renames","wmi-event_id-5858-field_rename","general_rename-various_global_options","provider_guid-cleanup","winevent-hostname-cleanup","final-cleanup-message_field"],"record_number":1,"event_original_message":"Id = {FDD6711C-3CF7-454F-B224-88C31C256CC4}; ClientMachine = VAGRANT-10; User = ; ClientProcessId = 1004; Component = Unknown; Operation = Start IWbemServices::DeleteInstance - Root\\Rsop\\Computer : RSOP_ExtensionStatus.extensionGuid=\"{35378EAC-683F-11D2-A89A-00C04FBBCFA2}\"; ResultCode = 0x80041002; PossibleCause = Unknown","source_name":"Microsoft-Windows-WMI-Activity","process_id":"1004","etl_kafka_time":1601361333619,"host_name":"vagrant-10"}},{"_index":"logs-endpoint-winevent-wmiactivity-2020.09.29","_type":"_doc","_id":"3dbe0761d25d68ad9ea41756b0cdbfe9173eef93","_score":1.0,"_source":{"level":"error","wmi_component":"Unknown","wmi_xml_operation":"Operation_ClientFailure","etl_processed_time":"2022-01-18T19:16:59.129Z","etl_kafka_topic":"winlogbeat","event_id":5858,"task":"","etl_host_agent_type":"winlogbeat","wmi_client_machine":"VAGRANT-10","etl_kafka_offset":2254,"etl_version":"2020.04.19.01","etl_host_agent_uid":"8faec186-b368-44a8-a9c5-6e284dfc7aea","@timestamp":"2020-09-29T06:35:33.620Z","beat_version":"7.6.2","z_elastic_ecs":{"agent":{},"log":{},"host":{},"event":{"provider":"Microsoft-Windows-WMI-Activity","kind":"event","created":"2022-01-18T19:16:49.372Z","code":5858},"ecs":{"version":"1.4.0"},"user":{"type":"User","identifier":"S-1-5-18","domain":"NT AUTHORITY","name":"SYSTEM"},"winlog":{"process":{"thread":{}}}},"beat_hostname":"win10","log_name":"Microsoft-Windows-WMI-Activity/Operational","wmi_id":"{FDD6711C-3CF7-454F-B224-88C31C256CC4}","etl_kafka_partition":0,"wmi_operation":"Start IWbemServices::DeleteInstance - Root\\Rsop\\Computer : RSOP_ExtensionStatus.extensionGuid=\"{0ACDD40C-75AC-47ab-BAA0-BF6DE7E7FE63}\"","wmi_possible_cause":"Unknown","type":"wineventlog","provider_guid":"1418ef04-b0b4-4623-bf7e-d74ab47bbdaa","wmi_result_code":"0x80041002","event_original_time":"2020-09-29T06:35:33.620Z","thread_id":2428,"etl_host_agent_ephemeral_uid":"298c86f2-fe36-4c4c-88aa-2a80cc6ed89e","@version":"1","opcode":"Info","etl_pipeline":["all-filter-0098","all-add_processed_timestamp","fingerprint-winlogbeats7","winlogbeat_7_and_above-field_nest_cleanup","winlogbeat_7_and_above-field_cleanups","1500","1522","wmi-user_field_renames","wmi-event_id-5858-field_rename","general_rename-various_global_options","provider_guid-cleanup","winevent-hostname-cleanup","final-cleanup-message_field"],"record_number":2,"event_original_message":"Id = {FDD6711C-3CF7-454F-B224-88C31C256CC4}; ClientMachine = VAGRANT-10; User = ; ClientProcessId = 1004; Component = Unknown; Operation = Start IWbemServices::DeleteInstance - Root\\Rsop\\Computer : RSOP_ExtensionStatus.extensionGuid=\"{0ACDD40C-75AC-47ab-BAA0-BF6DE7E7FE63}\"; ResultCode = 0x80041002; PossibleCause = Unknown","source_name":"Microsoft-Windows-WMI-Activity","process_id":"1004","etl_kafka_time":1601361333619,"host_name":"vagrant-10"}},{"_index":"logs-endpoint-winevent-wmiactivity-2020.09.29","_type":"_doc","_id":"81184bf9009882d6c4b8d0018182ca5918b710aa","_score":1.0,"_source":{"level":"error","wmi_component":"Unknown","wmi_xml_operation":"Operation_ClientFailure","etl_processed_time":"2022-01-18T19:16:59.565Z","etl_kafka_topic":"winlogbeat","event_id":5858,"meta_user_name_is_machine":"false","task":"","etl_host_agent_type":"winlogbeat","user_domain":"nt authority","user_name":"system","wmi_client_machine":"VAGRANT-10","etl_kafka_offset":2346,"etl_version":"2020.04.19.01","etl_host_agent_uid":"8faec186-b368-44a8-a9c5-6e284dfc7aea","@timestamp":"2020-09-29T06:35:37.779Z","beat_version":"7.6.2","z_elastic_ecs":{"agent":{},"log":{},"host":{},"event":{"provider":"Microsoft-Windows-WMI-Activity","kind":"event","created":"2022-01-18T19:16:49.506Z","code":5858},"ecs":{"version":"1.4.0"},"user":{"type":"User","identifier":"S-1-5-18","domain":"NT AUTHORITY","name":"SYSTEM"},"winlog":{"process":{"thread":{}}}},"beat_hostname":"win10","log_name":"Microsoft-Windows-WMI-Activity/Operational","wmi_id":"{00000000-0000-0000-0000-000000000000}","etl_kafka_partition":0,"wmi_operation":"Start IWbemServices::ExecQuery - ROOT\\CIMV2 : select ChassisTypes from Win32_SystemEnclosure","wmi_possible_cause":"Unknown","User":"nt authority\\system","type":"wineventlog","provider_guid":"1418ef04-b0b4-4623-bf7e-d74ab47bbdaa","wmi_result_code":"0x80041032","event_original_time":"2020-09-29T06:35:37.779Z","thread_id":2272,"etl_host_agent_ephemeral_uid":"298c86f2-fe36-4c4c-88aa-2a80cc6ed89e","@version":"1","opcode":"Info","etl_pipeline":["all-filter-0098","all-add_processed_timestamp","fingerprint-winlogbeats7","winlogbeat_7_and_above-field_nest_cleanup","winlogbeat_7_and_above-field_cleanups","1500","1522","wmi-user_field_renames","wmi-all-extract_domain_and_user_name","wmi-event_id-5858-field_rename","general_rename-various_global_options","provider_guid-cleanup","winevent-hostname-cleanup","winevent-user_name-is-machine-account","final-cleanup-message_field"],"record_number":94,"event_original_message":"Id = {00000000-0000-0000-0000-000000000000}; ClientMachine = VAGRANT-10; User = NT AUTHORITY\\SYSTEM; ClientProcessId = 3628; Component = Unknown; Operation = Start IWbemServices::ExecQuery - ROOT\\CIMV2 : select ChassisTypes from Win32_SystemEnclosure; ResultCode = 0x80041032; PossibleCause = Unknown","source_name":"Microsoft-Windows-WMI-Activity","process_id":"3628","etl_kafka_time":1601361337778,"host_name":"vagrant-10"}},{"_index":"logs-endpoint-winevent-wmiactivity-2020.09.29","_type":"_doc","_id":"dc9c2b0927250000ac0ecaccde7e86afd7ed4b57","_score":1.0,"_source":{"level":"error","wmi_component":"Unknown","wmi_xml_operation":"Operation_ClientFailure","etl_processed_time":"2022-01-18T19:16:59.565Z","etl_kafka_topic":"winlogbeat","event_id":5858,"meta_user_name_is_machine":"false","task":"","etl_host_agent_type":"winlogbeat","user_domain":"nt authority","user_name":"system","wmi_client_machine":"VAGRANT-10","etl_kafka_offset":2348,"etl_version":"2020.04.19.01","etl_host_agent_uid":"8faec186-b368-44a8-a9c5-6e284dfc7aea","@timestamp":"2020-09-29T06:35:37.861Z","beat_version":"7.6.2","z_elastic_ecs":{"agent":{},"log":{},"host":{},"event":{"provider":"Microsoft-Windows-WMI-Activity","kind":"event","created":"2022-01-18T19:16:49.506Z","code":5858},"ecs":{"version":"1.4.0"},"user":{"identifier":"S-1-5-18","type":"User","domain":"NT AUTHORITY","name":"SYSTEM"},"winlog":{"process":{"thread":{}}}},"beat_hostname":"win10","log_name":"Microsoft-Windows-WMI-Activity/Operational","wmi_id":"{00000000-0000-0000-0000-000000000000}","etl_kafka_partition":0,"wmi_operation":"Start IWbemServices::ExecQuery - ROOT\\CIMV2 : SELECT ID FROM Win32_ServerFeature","wmi_possible_cause":"Unknown","User":"nt authority\\system","type":"wineventlog","provider_guid":"1418ef04-b0b4-4623-bf7e-d74ab47bbdaa","wmi_result_code":"0x80041010","event_original_time":"2020-09-29T06:35:37.861Z","thread_id":2428,"etl_host_agent_ephemeral_uid":"298c86f2-fe36-4c4c-88aa-2a80cc6ed89e","@version":"1","opcode":"Info","etl_pipeline":["all-filter-0098","all-add_processed_timestamp","fingerprint-winlogbeats7","winlogbeat_7_and_above-field_nest_cleanup","winlogbeat_7_and_above-field_cleanups","1500","1522","wmi-user_field_renames","wmi-all-extract_domain_and_user_name","wmi-event_id-5858-field_rename","general_rename-various_global_options","provider_guid-cleanup","winevent-hostname-cleanup","winevent-user_name-is-machine-account","final-cleanup-message_field"],"record_number":96,"event_original_message":"Id = {00000000-0000-0000-0000-000000000000}; ClientMachine = VAGRANT-10; User = NT AUTHORITY\\SYSTEM; ClientProcessId = 2072; Component = Unknown; Operation = Start IWbemServices::ExecQuery - ROOT\\CIMV2 : SELECT ID FROM Win32_ServerFeature; ResultCode = 0x80041010; PossibleCause = Unknown","source_name":"Microsoft-Windows-WMI-Activity","process_id":"2072","etl_kafka_time":1601361337861,"host_name":"vagrant-10"}},{"_index":"logs-endpoint-winevent-wmiactivity-2020.09.29","_type":"_doc","_id":"18192e9453b1d59b9fd5150fabd4ac1275b208f2","_score":1.0,"_source":{"level":"error","wmi_component":"Unknown","wmi_xml_operation":"Operation_ClientFailure","etl_processed_time":"2022-01-18T19:16:59.566Z","etl_kafka_topic":"winlogbeat","event_id":5858,"meta_user_name_is_machine":"false","task":"","etl_host_agent_type":"winlogbeat","user_domain":"nt authority","user_name":"system","wmi_client_machine":"VAGRANT-10","etl_kafka_offset":2351,"etl_version":"2020.04.19.01","etl_host_agent_uid":"8faec186-b368-44a8-a9c5-6e284dfc7aea","@timestamp":"2020-09-29T06:35:40.940Z","beat_version":"7.6.2","z_elastic_ecs":{"agent":{},"log":{},"host":{},"event":{"provider":"Microsoft-Windows-WMI-Activity","kind":"event","created":"2022-01-18T19:16:49.506Z","code":5858},"ecs":{"version":"1.4.0"},"user":{"identifier":"S-1-5-18","type":"User","domain":"NT AUTHORITY","name":"SYSTEM"},"winlog":{"process":{"thread":{}}}},"beat_hostname":"win10","log_name":"Microsoft-Windows-WMI-Activity/Operational","wmi_id":"{00000000-0000-0000-0000-000000000000}","etl_kafka_partition":0,"wmi_operation":"Start IWbemServices::ExecQuery - root\\Microsoft\\Windows\\DeviceGuard : SELECT RequiredSecurityProperties FROM Win32_DeviceGuard ","wmi_possible_cause":"Unknown","User":"nt authority\\system","type":"wineventlog","provider_guid":"1418ef04-b0b4-4623-bf7e-d74ab47bbdaa","wmi_result_code":"0x80041032","event_original_time":"2020-09-29T06:35:40.940Z","thread_id":348,"etl_host_agent_ephemeral_uid":"298c86f2-fe36-4c4c-88aa-2a80cc6ed89e","@version":"1","opcode":"Info","etl_pipeline":["all-filter-0098","all-add_processed_timestamp","fingerprint-winlogbeats7","winlogbeat_7_and_above-field_nest_cleanup","winlogbeat_7_and_above-field_cleanups","1500","1522","wmi-user_field_renames","wmi-all-extract_domain_and_user_name","wmi-event_id-5858-field_rename","general_rename-various_global_options","provider_guid-cleanup","winevent-hostname-cleanup","winevent-user_name-is-machine-account","final-cleanup-message_field"],"record_number":99,"event_original_message":"Id = {00000000-0000-0000-0000-000000000000}; ClientMachine = VAGRANT-10; User = NT AUTHORITY\\SYSTEM; ClientProcessId = 2072; Component = Unknown; Operation = Start IWbemServices::ExecQuery - root\\Microsoft\\Windows\\DeviceGuard : SELECT RequiredSecurityProperties FROM Win32_DeviceGuard ; ResultCode = 0x80041032; PossibleCause = Unknown","source_name":"Microsoft-Windows-WMI-Activity","process_id":"2072","etl_kafka_time":1601361340940,"host_name":"vagrant-10"}},{"_index":"logs-endpoint-winevent-wmiactivity-2020.09.29","_type":"_doc","_id":"ad932c628910715ca6cb83ec43d6aee570369158","_score":1.0,"_source":{"level":"error","wmi_component":"Unknown","wmi_xml_operation":"Operation_ClientFailure","etl_processed_time":"2022-01-18T19:16:59.566Z","etl_kafka_topic":"winlogbeat","event_id":5858,"meta_user_name_is_machine":"false","task":"","etl_host_agent_type":"winlogbeat","user_domain":"nt authority","user_name":"system","wmi_client_machine":"VAGRANT-10","etl_kafka_offset":2352,"etl_version":"2020.04.19.01","etl_host_agent_uid":"8faec186-b368-44a8-a9c5-6e284dfc7aea","@timestamp":"2020-09-29T06:35:40.972Z","beat_version":"7.6.2","z_elastic_ecs":{"agent":{},"log":{},"host":{},"event":{"provider":"Microsoft-Windows-WMI-Activity","kind":"event","created":"2022-01-18T19:16:49.506Z","code":5858},"ecs":{"version":"1.4.0"},"user":{"type":"User","identifier":"S-1-5-18","domain":"NT AUTHORITY","name":"SYSTEM"},"winlog":{"process":{"thread":{}}}},"beat_hostname":"win10","log_name":"Microsoft-Windows-WMI-Activity/Operational","wmi_id":"{00000000-0000-0000-0000-000000000000}","etl_kafka_partition":0,"wmi_operation":"Start IWbemServices::ExecQuery - root\\Microsoft\\Windows\\DeviceGuard : SELECT RequiredSecurityProperties FROM Win32_DeviceGuard ","wmi_possible_cause":"Unknown","User":"nt authority\\system","type":"wineventlog","provider_guid":"1418ef04-b0b4-4623-bf7e-d74ab47bbdaa","wmi_result_code":"0x80041032","event_original_time":"2020-09-29T06:35:40.972Z","thread_id":348,"etl_host_agent_ephemeral_uid":"298c86f2-fe36-4c4c-88aa-2a80cc6ed89e","@version":"1","opcode":"Info","etl_pipeline":["all-filter-0098","all-add_processed_timestamp","fingerprint-winlogbeats7","winlogbeat_7_and_above-field_nest_cleanup","winlogbeat_7_and_above-field_cleanups","1500","1522","wmi-user_field_renames","wmi-all-extract_domain_and_user_name","wmi-event_id-5858-field_rename","general_rename-various_global_options","provider_guid-cleanup","winevent-hostname-cleanup","winevent-user_name-is-machine-account","final-cleanup-message_field"],"record_number":100,"event_original_message":"Id = {00000000-0000-0000-0000-000000000000}; ClientMachine = VAGRANT-10; User = NT AUTHORITY\\SYSTEM; ClientProcessId = 2072; Component = Unknown; Operation = Start IWbemServices::ExecQuery - root\\Microsoft\\Windows\\DeviceGuard : SELECT RequiredSecurityProperties FROM Win32_DeviceGuard ; ResultCode = 0x80041032; PossibleCause = Unknown","source_name":"Microsoft-Windows-WMI-Activity","process_id":"2072","etl_kafka_time":1601361340972,"host_name":"vagrant-10"}},{"_index":"logs-endpoint-winevent-wmiactivity-2020.09.29","_type":"_doc","_id":"b84e8035e81ffbd66f1b6c31518b7137267a8358","_score":1.0,"_source":{"level":"error","wmi_component":"Unknown","wmi_xml_operation":"Operation_ClientFailure","etl_processed_time":"2022-01-18T19:16:59.541Z","etl_kafka_topic":"winlogbeat","event_id":5858,"task":"","etl_host_agent_type":"winlogbeat","wmi_client_machine":"VAGRANT-10","etl_kafka_offset":2255,"etl_version":"2020.04.19.01","etl_host_agent_uid":"8faec186-b368-44a8-a9c5-6e284dfc7aea","@timestamp":"2020-09-29T06:35:33.620Z","beat_version":"7.6.2","z_elastic_ecs":{"agent":{},"log":{},"host":{},"event":{"provider":"Microsoft-Windows-WMI-Activity","kind":"event","created":"2022-01-18T19:16:49.372Z","code":5858},"ecs":{"version":"1.4.0"},"user":{"identifier":"S-1-5-18","type":"User","domain":"NT AUTHORITY","name":"SYSTEM"},"winlog":{"process":{"thread":{}}}},"beat_hostname":"win10","log_name":"Microsoft-Windows-WMI-Activity/Operational","wmi_id":"{FDD6711C-3CF7-454F-B224-88C31C256CC4}","etl_kafka_partition":0,"wmi_operation":"Start IWbemServices::DeleteInstance - Root\\Rsop\\Computer : RSOP_ExtensionStatus.extensionGuid=\"{0E28E245-9368-4853-AD84-6DA3BA35BB75}\"","wmi_possible_cause":"Unknown","type":"wineventlog","provider_guid":"1418ef04-b0b4-4623-bf7e-d74ab47bbdaa","wmi_result_code":"0x80041002","event_original_time":"2020-09-29T06:35:33.620Z","thread_id":2428,"etl_host_agent_ephemeral_uid":"298c86f2-fe36-4c4c-88aa-2a80cc6ed89e","@version":"1","opcode":"Info","etl_pipeline":["all-filter-0098","all-add_processed_timestamp","fingerprint-winlogbeats7","winlogbeat_7_and_above-field_nest_cleanup","winlogbeat_7_and_above-field_cleanups","1500","1522","wmi-user_field_renames","wmi-event_id-5858-field_rename","general_rename-various_global_options","provider_guid-cleanup","winevent-hostname-cleanup","final-cleanup-message_field"],"record_number":3,"event_original_message":"Id = {FDD6711C-3CF7-454F-B224-88C31C256CC4}; ClientMachine = VAGRANT-10; User = ; ClientProcessId = 1004; Component = Unknown; Operation = Start IWbemServices::DeleteInstance - Root\\Rsop\\Computer : RSOP_ExtensionStatus.extensionGuid=\"{0E28E245-9368-4853-AD84-6DA3BA35BB75}\"; ResultCode = 0x80041002; PossibleCause = Unknown","source_name":"Microsoft-Windows-WMI-Activity","process_id":"1004","etl_kafka_time":1601361333620,"host_name":"vagrant-10"}},{"_index":"logs-endpoint-winevent-wmiactivity-2020.09.29","_type":"_doc","_id":"ae576725629df6cca7183282379beb28ae36a761","_score":1.0,"_source":{"level":"error","wmi_component":"Unknown","wmi_xml_operation":"Operation_ClientFailure","etl_processed_time":"2022-01-18T19:16:59.541Z","etl_kafka_topic":"winlogbeat","event_id":5858,"task":"","etl_host_agent_type":"winlogbeat","wmi_client_machine":"VAGRANT-10","etl_kafka_offset":2256,"etl_version":"2020.04.19.01","etl_host_agent_uid":"8faec186-b368-44a8-a9c5-6e284dfc7aea","@timestamp":"2020-09-29T06:35:33.620Z","beat_version":"7.6.2","z_elastic_ecs":{"agent":{},"log":{},"host":{},"event":{"provider":"Microsoft-Windows-WMI-Activity","kind":"event","created":"2022-01-18T19:16:49.372Z","code":5858},"ecs":{"version":"1.4.0"},"user":{"identifier":"S-1-5-18","type":"User","domain":"NT AUTHORITY","name":"SYSTEM"},"winlog":{"process":{"thread":{}}}},"beat_hostname":"win10","log_name":"Microsoft-Windows-WMI-Activity/Operational","wmi_id":"{FDD6711C-3CF7-454F-B224-88C31C256CC4}","etl_kafka_partition":0,"wmi_operation":"Start IWbemServices::DeleteInstance - Root\\Rsop\\Computer : RSOP_ExtensionStatus.extensionGuid=\"{169EBF44-942F-4C43-87CE-13C93996EBBE}\"","wmi_possible_cause":"Unknown","type":"wineventlog","provider_guid":"1418ef04-b0b4-4623-bf7e-d74ab47bbdaa","wmi_result_code":"0x80041002","event_original_time":"2020-09-29T06:35:33.620Z","thread_id":2428,"etl_host_agent_ephemeral_uid":"298c86f2-fe36-4c4c-88aa-2a80cc6ed89e","@version":"1","opcode":"Info","etl_pipeline":["all-filter-0098","all-add_processed_timestamp","fingerprint-winlogbeats7","winlogbeat_7_and_above-field_nest_cleanup","winlogbeat_7_and_above-field_cleanups","1500","1522","wmi-user_field_renames","wmi-event_id-5858-field_rename","general_rename-various_global_options","provider_guid-cleanup","winevent-hostname-cleanup","final-cleanup-message_field"],"record_number":4,"event_original_message":"Id = {FDD6711C-3CF7-454F-B224-88C31C256CC4}; ClientMachine = VAGRANT-10; User = ; ClientProcessId = 1004; Component = Unknown; Operation = Start IWbemServices::DeleteInstance - Root\\Rsop\\Computer : RSOP_ExtensionStatus.extensionGuid=\"{169EBF44-942F-4C43-87CE-13C93996EBBE}\"; ResultCode = 0x80041002; PossibleCause = Unknown","source_name":"Microsoft-Windows-WMI-Activity","process_id":"1004","etl_kafka_time":1601361333620,"host_name":"vagrant-10"}},{"_index":"logs-endpoint-winevent-wmiactivity-2020.09.29","_type":"_doc","_id":"fc0410a1e8083ed7d190ca48f898a7f4ea3096dc","_score":1.0,"_source":{"level":"error","wmi_component":"Unknown","wmi_xml_operation":"Operation_ClientFailure","etl_processed_time":"2022-01-18T19:16:59.541Z","etl_kafka_topic":"winlogbeat","event_id":5858,"task":"","etl_host_agent_type":"winlogbeat","wmi_client_machine":"VAGRANT-10","etl_kafka_offset":2257,"etl_version":"2020.04.19.01","etl_host_agent_uid":"8faec186-b368-44a8-a9c5-6e284dfc7aea","@timestamp":"2020-09-29T06:35:33.621Z","beat_version":"7.6.2","z_elastic_ecs":{"agent":{},"log":{},"host":{},"event":{"provider":"Microsoft-Windows-WMI-Activity","kind":"event","created":"2022-01-18T19:16:49.372Z","code":5858},"ecs":{"version":"1.4.0"},"user":{"type":"User","identifier":"S-1-5-18","domain":"NT AUTHORITY","name":"SYSTEM"},"winlog":{"process":{"thread":{}}}},"beat_hostname":"win10","log_name":"Microsoft-Windows-WMI-Activity/Operational","wmi_id":"{FDD6711C-3CF7-454F-B224-88C31C256CC4}","etl_kafka_partition":0,"wmi_operation":"Start IWbemServices::DeleteInstance - Root\\Rsop\\Computer : RSOP_ExtensionStatus.extensionGuid=\"{16be69fa-4209-4250-88cb-716cf41954e0}\"","wmi_possible_cause":"Unknown","type":"wineventlog","provider_guid":"1418ef04-b0b4-4623-bf7e-d74ab47bbdaa","wmi_result_code":"0x80041002","event_original_time":"2020-09-29T06:35:33.621Z","thread_id":2428,"etl_host_agent_ephemeral_uid":"298c86f2-fe36-4c4c-88aa-2a80cc6ed89e","@version":"1","opcode":"Info","etl_pipeline":["all-filter-0098","all-add_processed_timestamp","fingerprint-winlogbeats7","winlogbeat_7_and_above-field_nest_cleanup","winlogbeat_7_and_above-field_cleanups","1500","1522","wmi-user_field_renames","wmi-event_id-5858-field_rename","general_rename-various_global_options","provider_guid-cleanup","winevent-hostname-cleanup","final-cleanup-message_field"],"record_number":5,"event_original_message":"Id = {FDD6711C-3CF7-454F-B224-88C31C256CC4}; ClientMachine = VAGRANT-10; User = ; ClientProcessId = 1004; Component = Unknown; Operation = Start IWbemServices::DeleteInstance - Root\\Rsop\\Computer : RSOP_ExtensionStatus.extensionGuid=\"{16be69fa-4209-4250-88cb-716cf41954e0}\"; ResultCode = 0x80041002; PossibleCause = Unknown","source_name":"Microsoft-Windows-WMI-Activity","process_id":"1004","etl_kafka_time":1601361333620,"host_name":"vagrant-10"}},{"_index":"logs-endpoint-winevent-wmiactivity-2020.09.29","_type":"_doc","_id":"1397cf4e169a8a749c6214942475fe9ffa91a6d3","_score":1.0,"_source":{"level":"error","wmi_component":"Unknown","wmi_xml_operation":"Operation_ClientFailure","etl_processed_time":"2022-01-18T19:16:59.541Z","etl_kafka_topic":"winlogbeat","event_id":5858,"task":"","etl_host_agent_type":"winlogbeat","wmi_client_machine":"VAGRANT-10","etl_kafka_offset":2258,"etl_version":"2020.04.19.01","etl_host_agent_uid":"8faec186-b368-44a8-a9c5-6e284dfc7aea","@timestamp":"2020-09-29T06:35:33.621Z","beat_version":"7.6.2","z_elastic_ecs":{"agent":{},"log":{},"host":{},"event":{"provider":"Microsoft-Windows-WMI-Activity","kind":"event","created":"2022-01-18T19:16:49.372Z","code":5858},"ecs":{"version":"1.4.0"},"user":{"identifier":"S-1-5-18","type":"User","domain":"NT AUTHORITY","name":"SYSTEM"},"winlog":{"process":{"thread":{}}}},"beat_hostname":"win10","log_name":"Microsoft-Windows-WMI-Activity/Operational","wmi_id":"{FDD6711C-3CF7-454F-B224-88C31C256CC4}","etl_kafka_partition":0,"wmi_operation":"Start IWbemServices::DeleteInstance - Root\\Rsop\\Computer : RSOP_ExtensionStatus.extensionGuid=\"{17D89FEC-5C44-4972-B12D-241CAEF74509}\"","wmi_possible_cause":"Unknown","type":"wineventlog","provider_guid":"1418ef04-b0b4-4623-bf7e-d74ab47bbdaa","wmi_result_code":"0x80041002","event_original_time":"2020-09-29T06:35:33.621Z","thread_id":2428,"etl_host_agent_ephemeral_uid":"298c86f2-fe36-4c4c-88aa-2a80cc6ed89e","@version":"1","opcode":"Info","etl_pipeline":["all-filter-0098","all-add_processed_timestamp","fingerprint-winlogbeats7","winlogbeat_7_and_above-field_nest_cleanup","winlogbeat_7_and_above-field_cleanups","1500","1522","wmi-user_field_renames","wmi-event_id-5858-field_rename","general_rename-various_global_options","provider_guid-cleanup","winevent-hostname-cleanup","final-cleanup-message_field"],"record_number":6,"event_original_message":"Id = {FDD6711C-3CF7-454F-B224-88C31C256CC4}; ClientMachine = VAGRANT-10; User = ; ClientProcessId = 1004; Component = Unknown; Operation = Start IWbemServices::DeleteInstance - Root\\Rsop\\Computer : RSOP_ExtensionStatus.extensionGuid=\"{17D89FEC-5C44-4972-B12D-241CAEF74509}\"; ResultCode = 0x80041002; PossibleCause = Unknown","source_name":"Microsoft-Windows-WMI-Activity","process_id":"1004","etl_kafka_time":1601361333621,"host_name":"vagrant-10"}},{"_index":"logs-endpoint-winevent-wmiactivity-2020.09.29","_type":"_doc","_id":"56ee88f15e37044bece0577bbcfed2e84fc13663","_score":1.0,"_source":{"level":"error","wmi_component":"Unknown","wmi_xml_operation":"Operation_ClientFailure","etl_processed_time":"2022-01-18T19:16:59.541Z","etl_kafka_topic":"winlogbeat","event_id":5858,"task":"","etl_host_agent_type":"winlogbeat","wmi_client_machine":"VAGRANT-10","etl_kafka_offset":2259,"etl_version":"2020.04.19.01","etl_host_agent_uid":"8faec186-b368-44a8-a9c5-6e284dfc7aea","@timestamp":"2020-09-29T06:35:33.621Z","beat_version":"7.6.2","z_elastic_ecs":{"agent":{},"log":{},"host":{},"event":{"provider":"Microsoft-Windows-WMI-Activity","kind":"event","created":"2022-01-18T19:16:49.372Z","code":5858},"ecs":{"version":"1.4.0"},"user":{"type":"User","identifier":"S-1-5-18","domain":"NT AUTHORITY","name":"SYSTEM"},"winlog":{"process":{"thread":{}}}},"beat_hostname":"win10","log_name":"Microsoft-Windows-WMI-Activity/Operational","wmi_id":"{FDD6711C-3CF7-454F-B224-88C31C256CC4}","etl_kafka_partition":0,"wmi_operation":"Start IWbemServices::DeleteInstance - Root\\Rsop\\Computer : RSOP_ExtensionStatus.extensionGuid=\"{1A6364EB-776B-4120-ADE1-B63A406A76B5}\"","wmi_possible_cause":"Unknown","type":"wineventlog","provider_guid":"1418ef04-b0b4-4623-bf7e-d74ab47bbdaa","wmi_result_code":"0x80041002","event_original_time":"2020-09-29T06:35:33.621Z","thread_id":2428,"etl_host_agent_ephemeral_uid":"298c86f2-fe36-4c4c-88aa-2a80cc6ed89e","@version":"1","opcode":"Info","etl_pipeline":["all-filter-0098","all-add_processed_timestamp","fingerprint-winlogbeats7","winlogbeat_7_and_above-field_nest_cleanup","winlogbeat_7_and_above-field_cleanups","1500","1522","wmi-user_field_renames","wmi-event_id-5858-field_rename","general_rename-various_global_options","provider_guid-cleanup","winevent-hostname-cleanup","final-cleanup-message_field"],"record_number":7,"event_original_message":"Id = {FDD6711C-3CF7-454F-B224-88C31C256CC4}; ClientMachine = VAGRANT-10; User = ; ClientProcessId = 1004; Component = Unknown; Operation = Start IWbemServices::DeleteInstance - Root\\Rsop\\Computer : RSOP_ExtensionStatus.extensionGuid=\"{1A6364EB-776B-4120-ADE1-B63A406A76B5}\"; ResultCode = 0x80041002; PossibleCause = Unknown","source_name":"Microsoft-Windows-WMI-Activity","process_id":"1004","etl_kafka_time":1601361333621,"host_name":"vagrant-10"}},{"_index":"logs-endpoint-winevent-wmiactivity-2020.09.29","_type":"_doc","_id":"a48f05cdc8e3313b9fce5a69b246c107f9ea2620","_score":1.0,"_source":{"level":"error","wmi_component":"Unknown","wmi_xml_operation":"Operation_ClientFailure","etl_processed_time":"2022-01-18T19:16:59.541Z","etl_kafka_topic":"winlogbeat","event_id":5858,"task":"","etl_host_agent_type":"winlogbeat","wmi_client_machine":"VAGRANT-10","etl_kafka_offset":2260,"etl_version":"2020.04.19.01","etl_host_agent_uid":"8faec186-b368-44a8-a9c5-6e284dfc7aea","@timestamp":"2020-09-29T06:35:33.622Z","beat_version":"7.6.2","z_elastic_ecs":{"agent":{},"log":{},"host":{},"event":{"provider":"Microsoft-Windows-WMI-Activity","kind":"event","created":"2022-01-18T19:16:49.372Z","code":5858},"ecs":{"version":"1.4.0"},"user":{"identifier":"S-1-5-18","type":"User","domain":"NT AUTHORITY","name":"SYSTEM"},"winlog":{"process":{"thread":{}}}},"beat_hostname":"win10","log_name":"Microsoft-Windows-WMI-Activity/Operational","wmi_id":"{FDD6711C-3CF7-454F-B224-88C31C256CC4}","etl_kafka_partition":0,"wmi_operation":"Start IWbemServices::DeleteInstance - Root\\Rsop\\Computer : RSOP_ExtensionStatus.extensionGuid=\"{2A8FDC61-2347-4C87-92F6-B05EB91A201A}\"","wmi_possible_cause":"Unknown","type":"wineventlog","provider_guid":"1418ef04-b0b4-4623-bf7e-d74ab47bbdaa","wmi_result_code":"0x80041002","event_original_time":"2020-09-29T06:35:33.622Z","thread_id":2428,"etl_host_agent_ephemeral_uid":"298c86f2-fe36-4c4c-88aa-2a80cc6ed89e","@version":"1","opcode":"Info","etl_pipeline":["all-filter-0098","all-add_processed_timestamp","fingerprint-winlogbeats7","winlogbeat_7_and_above-field_nest_cleanup","winlogbeat_7_and_above-field_cleanups","1500","1522","wmi-user_field_renames","wmi-event_id-5858-field_rename","general_rename-various_global_options","provider_guid-cleanup","winevent-hostname-cleanup","final-cleanup-message_field"],"record_number":8,"event_original_message":"Id = {FDD6711C-3CF7-454F-B224-88C31C256CC4}; ClientMachine = VAGRANT-10; User = ; ClientProcessId = 1004; Component = Unknown; Operation = Start IWbemServices::DeleteInstance - Root\\Rsop\\Computer : RSOP_ExtensionStatus.extensionGuid=\"{2A8FDC61-2347-4C87-92F6-B05EB91A201A}\"; ResultCode = 0x80041002; PossibleCause = Unknown","source_name":"Microsoft-Windows-WMI-Activity","process_id":"1004","etl_kafka_time":1601361333621,"host_name":"vagrant-10"}},{"_index":"logs-endpoint-winevent-wmiactivity-2020.09.29","_type":"_doc","_id":"4630ba7dfd2941fe3091c435719b08878322a7b5","_score":1.0,"_source":{"level":"error","wmi_component":"Unknown","wmi_xml_operation":"Operation_ClientFailure","etl_processed_time":"2022-01-18T19:16:59.542Z","etl_kafka_topic":"winlogbeat","event_id":5858,"task":"","etl_host_agent_type":"winlogbeat","wmi_client_machine":"VAGRANT-10","etl_kafka_offset":2261,"etl_version":"2020.04.19.01","etl_host_agent_uid":"8faec186-b368-44a8-a9c5-6e284dfc7aea","@timestamp":"2020-09-29T06:35:33.622Z","beat_version":"7.6.2","z_elastic_ecs":{"agent":{},"log":{},"host":{},"event":{"provider":"Microsoft-Windows-WMI-Activity","kind":"event","created":"2022-01-18T19:16:49.372Z","code":5858},"ecs":{"version":"1.4.0"},"user":{"type":"User","identifier":"S-1-5-18","domain":"NT AUTHORITY","name":"SYSTEM"},"winlog":{"process":{"thread":{}}}},"beat_hostname":"win10","log_name":"Microsoft-Windows-WMI-Activity/Operational","wmi_id":"{FDD6711C-3CF7-454F-B224-88C31C256CC4}","etl_kafka_partition":0,"wmi_operation":"Start IWbemServices::DeleteInstance - Root\\Rsop\\Computer : RSOP_ExtensionStatus.extensionGuid=\"{2BFCC077-22D2-48DE-BDE1-2F618D9B476D}\"","wmi_possible_cause":"Unknown","type":"wineventlog","provider_guid":"1418ef04-b0b4-4623-bf7e-d74ab47bbdaa","wmi_result_code":"0x80041002","event_original_time":"2020-09-29T06:35:33.622Z","thread_id":2428,"etl_host_agent_ephemeral_uid":"298c86f2-fe36-4c4c-88aa-2a80cc6ed89e","@version":"1","opcode":"Info","etl_pipeline":["all-filter-0098","all-add_processed_timestamp","fingerprint-winlogbeats7","winlogbeat_7_and_above-field_nest_cleanup","winlogbeat_7_and_above-field_cleanups","1500","1522","wmi-user_field_renames","wmi-event_id-5858-field_rename","general_rename-various_global_options","provider_guid-cleanup","winevent-hostname-cleanup","final-cleanup-message_field"],"record_number":9,"event_original_message":"Id = {FDD6711C-3CF7-454F-B224-88C31C256CC4}; ClientMachine = VAGRANT-10; User = ; ClientProcessId = 1004; Component = Unknown; Operation = Start IWbemServices::DeleteInstance - Root\\Rsop\\Computer : RSOP_ExtensionStatus.extensionGuid=\"{2BFCC077-22D2-48DE-BDE1-2F618D9B476D}\"; ResultCode = 0x80041002; PossibleCause = Unknown","source_name":"Microsoft-Windows-WMI-Activity","process_id":"1004","etl_kafka_time":1601361333622,"host_name":"vagrant-10"}},{"_index":"logs-endpoint-winevent-wmiactivity-2020.09.29","_type":"_doc","_id":"71990fa10d669db891af132349d27e6dbb1cc993","_score":1.0,"_source":{"level":"error","wmi_component":"Unknown","wmi_xml_operation":"Operation_ClientFailure","etl_processed_time":"2022-01-18T19:16:59.542Z","etl_kafka_topic":"winlogbeat","event_id":5858,"task":"","etl_host_agent_type":"winlogbeat","wmi_client_machine":"VAGRANT-10","etl_kafka_offset":2262,"etl_version":"2020.04.19.01","etl_host_agent_uid":"8faec186-b368-44a8-a9c5-6e284dfc7aea","@timestamp":"2020-09-29T06:35:33.622Z","beat_version":"7.6.2","z_elastic_ecs":{"agent":{},"log":{},"host":{},"event":{"provider":"Microsoft-Windows-WMI-Activity","kind":"event","created":"2022-01-18T19:16:49.372Z","code":5858},"ecs":{"version":"1.4.0"},"user":{"identifier":"S-1-5-18","type":"User","domain":"NT AUTHORITY","name":"SYSTEM"},"winlog":{"process":{"thread":{}}}},"beat_hostname":"win10","log_name":"Microsoft-Windows-WMI-Activity/Operational","wmi_id":"{FDD6711C-3CF7-454F-B224-88C31C256CC4}","etl_kafka_partition":0,"wmi_operation":"Start IWbemServices::DeleteInstance - Root\\Rsop\\Computer : RSOP_ExtensionStatus.extensionGuid=\"{3610eda5-77ef-11d2-8dc5-00c04fa31a66}\"","wmi_possible_cause":"Unknown","type":"wineventlog","provider_guid":"1418ef04-b0b4-4623-bf7e-d74ab47bbdaa","wmi_result_code":"0x80041002","event_original_time":"2020-09-29T06:35:33.622Z","thread_id":2428,"etl_host_agent_ephemeral_uid":"298c86f2-fe36-4c4c-88aa-2a80cc6ed89e","@version":"1","opcode":"Info","etl_pipeline":["all-filter-0098","all-add_processed_timestamp","fingerprint-winlogbeats7","winlogbeat_7_and_above-field_nest_cleanup","winlogbeat_7_and_above-field_cleanups","1500","1522","wmi-user_field_renames","wmi-event_id-5858-field_rename","general_rename-various_global_options","provider_guid-cleanup","winevent-hostname-cleanup","final-cleanup-message_field"],"record_number":10,"event_original_message":"Id = {FDD6711C-3CF7-454F-B224-88C31C256CC4}; ClientMachine = VAGRANT-10; User = ; ClientProcessId = 1004; Component = Unknown; Operation = Start IWbemServices::DeleteInstance - Root\\Rsop\\Computer : RSOP_ExtensionStatus.extensionGuid=\"{3610eda5-77ef-11d2-8dc5-00c04fa31a66}\"; ResultCode = 0x80041002; PossibleCause = Unknown","source_name":"Microsoft-Windows-WMI-Activity","process_id":"1004","etl_kafka_time":1601361333622,"host_name":"vagrant-10"}},{"_index":"logs-endpoint-winevent-wmiactivity-2020.09.29","_type":"_doc","_id":"e8854584966f6af972de0919a33a22713d4db32c","_score":1.0,"_source":{"level":"error","wmi_component":"Unknown","wmi_xml_operation":"Operation_ClientFailure","etl_processed_time":"2022-01-18T19:16:59.542Z","etl_kafka_topic":"winlogbeat","event_id":5858,"task":"","etl_host_agent_type":"winlogbeat","wmi_client_machine":"VAGRANT-10","etl_kafka_offset":2263,"etl_version":"2020.04.19.01","etl_host_agent_uid":"8faec186-b368-44a8-a9c5-6e284dfc7aea","@timestamp":"2020-09-29T06:35:33.623Z","beat_version":"7.6.2","z_elastic_ecs":{"agent":{},"log":{},"host":{},"event":{"provider":"Microsoft-Windows-WMI-Activity","kind":"event","created":"2022-01-18T19:16:49.372Z","code":5858},"ecs":{"version":"1.4.0"},"user":{"identifier":"S-1-5-18","type":"User","domain":"NT AUTHORITY","name":"SYSTEM"},"winlog":{"process":{"thread":{}}}},"beat_hostname":"win10","log_name":"Microsoft-Windows-WMI-Activity/Operational","wmi_id":"{FDD6711C-3CF7-454F-B224-88C31C256CC4}","etl_kafka_partition":0,"wmi_operation":"Start IWbemServices::DeleteInstance - Root\\Rsop\\Computer : RSOP_ExtensionStatus.extensionGuid=\"{3A0DBA37-F8B2-4356-83DE-3E90BD5C261F}\"","wmi_possible_cause":"Unknown","type":"wineventlog","provider_guid":"1418ef04-b0b4-4623-bf7e-d74ab47bbdaa","wmi_result_code":"0x80041002","event_original_time":"2020-09-29T06:35:33.623Z","thread_id":2428,"etl_host_agent_ephemeral_uid":"298c86f2-fe36-4c4c-88aa-2a80cc6ed89e","@version":"1","opcode":"Info","etl_pipeline":["all-filter-0098","all-add_processed_timestamp","fingerprint-winlogbeats7","winlogbeat_7_and_above-field_nest_cleanup","winlogbeat_7_and_above-field_cleanups","1500","1522","wmi-user_field_renames","wmi-event_id-5858-field_rename","general_rename-various_global_options","provider_guid-cleanup","winevent-hostname-cleanup","final-cleanup-message_field"],"record_number":11,"event_original_message":"Id = {FDD6711C-3CF7-454F-B224-88C31C256CC4}; ClientMachine = VAGRANT-10; User = ; ClientProcessId = 1004; Component = Unknown; Operation = Start IWbemServices::DeleteInstance - Root\\Rsop\\Computer : RSOP_ExtensionStatus.extensionGuid=\"{3A0DBA37-F8B2-4356-83DE-3E90BD5C261F}\"; ResultCode = 0x80041002; PossibleCause = Unknown","source_name":"Microsoft-Windows-WMI-Activity","process_id":"1004","etl_kafka_time":1601361333622,"host_name":"vagrant-10"}},