{"_index":"logs-endpoint-winevent-wmiactivity-2022.01.18","_type":"_doc","_id":"bef43bb5987c581c54e6abd774df211a076aa34e","_score":1.0,"_source":{"level":"error","wmi_component":"Unknown","wmi_xml_operation":"Operation_ClientFailure","etl_processed_time":"2022-01-18T19:17:19.879Z","etl_kafka_topic":"winlogbeat","event_id":5858,"meta_user_name_is_machine":"false","task":"","etl_host_agent_type":"winlogbeat","user_domain":"nt authority","user_name":"system","wmi_client_machine":"WIN10","etl_kafka_offset":2888,"etl_version":"2020.04.19.01","etl_host_agent_uid":"8faec186-b368-44a8-a9c5-6e284dfc7aea","@timestamp":"2022-01-18T16:29:10.362Z","beat_version":"7.6.2","z_elastic_ecs":{"agent":{},"log":{},"host":{},"event":{"provider":"Microsoft-Windows-WMI-Activity","kind":"event","created":"2022-01-18T19:17:09.571Z","code":5858},"ecs":{"version":"1.4.0"},"user":{"identifier":"S-1-5-18","type":"User","domain":"NT AUTHORITY","name":"SYSTEM"},"winlog":{"process":{"thread":{}}}},"beat_hostname":"win10","log_name":"Microsoft-Windows-WMI-Activity/Operational","wmi_id":"{00000000-0000-0000-0000-000000000000}","etl_kafka_partition":0,"wmi_operation":"Start IWbemServices::ExecQuery - ROOT\\CIMV2 : select ChassisTypes from Win32_SystemEnclosure","wmi_possible_cause":"Unknown","User":"nt authority\\system","type":"wineventlog","provider_guid":"1418ef04-b0b4-4623-bf7e-d74ab47bbdaa","wmi_result_code":"0x80041032","event_original_time":"2022-01-18T16:29:10.362Z","thread_id":2872,"etl_host_agent_ephemeral_uid":"298c86f2-fe36-4c4c-88aa-2a80cc6ed89e","@version":"1","opcode":"Info","etl_pipeline":["all-filter-0098","all-add_processed_timestamp","fingerprint-winlogbeats7","winlogbeat_7_and_above-field_nest_cleanup","winlogbeat_7_and_above-field_cleanups","1500","1522","wmi-user_field_renames","wmi-all-extract_domain_and_user_name","wmi-event_id-5858-field_rename","general_rename-various_global_options","provider_guid-cleanup","winevent-hostname-cleanup","winevent-user_name-is-machine-account","final-cleanup-message_field"],"record_number":236,"event_original_message":"Id = {00000000-0000-0000-0000-000000000000}; ClientMachine = WIN10; User = NT AUTHORITY\\SYSTEM; ClientProcessId = 2968; Component = Unknown; Operation = Start IWbemServices::ExecQuery - ROOT\\CIMV2 : select ChassisTypes from Win32_SystemEnclosure; ResultCode = 0x80041032; PossibleCause = Unknown","source_name":"Microsoft-Windows-WMI-Activity","process_id":"2968","etl_kafka_time":1642523350362,"host_name":"win10"}},{"_index":"logs-endpoint-winevent-wmiactivity-2022.01.18","_type":"_doc","_id":"49183a4bd340a56601a1b62712842b01fd751b4e","_score":1.0,"_source":{"level":"error","wmi_component":"Unknown","wmi_xml_operation":"Operation_ClientFailure","etl_processed_time":"2022-01-18T19:17:19.879Z","etl_kafka_topic":"winlogbeat","event_id":5858,"meta_user_name_is_machine":"false","task":"","etl_host_agent_type":"winlogbeat","user_domain":"win10","user_name":"vagrant","wmi_client_machine":"WIN10","etl_kafka_offset":2889,"etl_version":"2020.04.19.01","etl_host_agent_uid":"8faec186-b368-44a8-a9c5-6e284dfc7aea","@timestamp":"2022-01-18T16:30:35.181Z","beat_version":"7.6.2","z_elastic_ecs":{"agent":{},"log":{},"host":{},"event":{"provider":"Microsoft-Windows-WMI-Activity","kind":"event","created":"2022-01-18T19:17:09.571Z","code":5858},"ecs":{"version":"1.4.0"},"user":{"type":"User","identifier":"S-1-5-18","domain":"NT AUTHORITY","name":"SYSTEM"},"winlog":{"process":{"thread":{}}}},"beat_hostname":"win10","log_name":"Microsoft-Windows-WMI-Activity/Operational","wmi_id":"{00000000-0000-0000-0000-000000000000}","etl_kafka_partition":0,"wmi_operation":"Start IWbemServices::ExecQuery - root\\cimv2 : SELECT RemainingWindowsReArmCount, KeyManagementServiceListeningPort, KeyManagementServiceDnsPublishing, KeyManagementServiceLowPriority, ClientMachineId, KeyManagementServiceHostCaching, Version FROM SoftwareLicensingService","wmi_possible_cause":"Unknown","User":"win10\\vagrant","type":"wineventlog","provider_guid":"1418ef04-b0b4-4623-bf7e-d74ab47bbdaa","wmi_result_code":"0x80041032","event_original_time":"2022-01-18T16:30:35.181Z","thread_id":4936,"etl_host_agent_ephemeral_uid":"298c86f2-fe36-4c4c-88aa-2a80cc6ed89e","@version":"1","opcode":"Info","etl_pipeline":["all-filter-0098","all-add_processed_timestamp","fingerprint-winlogbeats7","winlogbeat_7_and_above-field_nest_cleanup","winlogbeat_7_and_above-field_cleanups","1500","1522","wmi-user_field_renames","wmi-all-extract_domain_and_user_name","wmi-event_id-5858-field_rename","general_rename-various_global_options","provider_guid-cleanup","winevent-hostname-cleanup","winevent-user_name-is-machine-account","final-cleanup-message_field"],"record_number":237,"event_original_message":"Id = {00000000-0000-0000-0000-000000000000}; ClientMachine = WIN10; User = WIN10\\vagrant; ClientProcessId = 3360; Component = Unknown; Operation = Start IWbemServices::ExecQuery - root\\cimv2 : SELECT RemainingWindowsReArmCount, KeyManagementServiceListeningPort, KeyManagementServiceDnsPublishing, KeyManagementServiceLowPriority, ClientMachineId, KeyManagementServiceHostCaching, Version FROM SoftwareLicensingService; ResultCode = 0x80041032; PossibleCause = Unknown","source_name":"Microsoft-Windows-WMI-Activity","process_id":"3360","etl_kafka_time":1642523435181,"host_name":"win10"}},{"_index":"logs-endpoint-winevent-wmiactivity-2022.01.18","_type":"_doc","_id":"4156be7ade8f6e49a4dd73086f4de450ae57e8a9","_score":1.0,"_source":{"level":"error","activity_id":"{0b558e2c-0c88-0001-d48f-550b880cd801}","wmi_component":"Unknown","wmi_xml_operation":"Operation_ClientFailure","etl_processed_time":"2022-01-18T19:17:19.879Z","etl_kafka_topic":"winlogbeat","event_id":5858,"meta_user_name_is_machine":"false","task":"","etl_host_agent_type":"winlogbeat","user_domain":"nt authority","user_name":"system","wmi_client_machine":"WIN10","etl_kafka_offset":2890,"etl_version":"2020.04.19.01","etl_host_agent_uid":"8faec186-b368-44a8-a9c5-6e284dfc7aea","@timestamp":"2022-01-18T16:31:23.058Z","beat_version":"7.6.2","z_elastic_ecs":{"agent":{},"log":{},"host":{},"event":{"provider":"Microsoft-Windows-WMI-Activity","kind":"event","created":"2022-01-18T19:17:09.571Z","code":5858},"ecs":{"version":"1.4.0"},"user":{"type":"User","identifier":"S-1-5-18","domain":"NT AUTHORITY","name":"SYSTEM"},"winlog":{"process":{"thread":{}}}},"beat_hostname":"win10","log_name":"Microsoft-Windows-WMI-Activity/Operational","wmi_id":"{0B558E2C-0C88-0001-D48F-550B880CD801}","etl_kafka_partition":0,"wmi_operation":"Start IWbemServices::ExecNotificationQuery - ROOT\\CIMV2 : SELECT * FROM Win32_ProcessStartTrace WHERE ProcessName = 'wsmprovhost.exe'","wmi_possible_cause":"Unknown","User":"nt authority\\system","type":"wineventlog","provider_guid":"1418ef04-b0b4-4623-bf7e-d74ab47bbdaa","wmi_result_code":"0x80041032","event_original_time":"2022-01-18T16:31:23.058Z","thread_id":2988,"etl_host_agent_ephemeral_uid":"298c86f2-fe36-4c4c-88aa-2a80cc6ed89e","@version":"1","opcode":"Info","etl_pipeline":["all-filter-0098","all-add_processed_timestamp","fingerprint-winlogbeats7","winlogbeat_7_and_above-field_nest_cleanup","winlogbeat_7_and_above-field_cleanups","1500","1522","wmi-user_field_renames","wmi-all-extract_domain_and_user_name","wmi-event_id-5858-field_rename","general_rename-various_global_options","provider_guid-cleanup","winevent-hostname-cleanup","winevent-user_name-is-machine-account","final-cleanup-message_field"],"record_number":238,"event_original_message":"Id = {0B558E2C-0C88-0001-D48F-550B880CD801}; ClientMachine = WIN10; User = NT AUTHORITY\\SYSTEM; ClientProcessId = 5108; Component = Unknown; Operation = Start IWbemServices::ExecNotificationQuery - ROOT\\CIMV2 : SELECT * FROM Win32_ProcessStartTrace WHERE ProcessName = 'wsmprovhost.exe'; ResultCode = 0x80041032; PossibleCause = Unknown","source_name":"Microsoft-Windows-WMI-Activity","process_id":"5108","etl_kafka_time":1642523483058,"host_name":"win10"}},{"_index":"logs-endpoint-winevent-wmiactivity-2022.01.18","_type":"_doc","_id":"25a2dfce5f7f123a59cf62f0ae191f2059b5f3ee","_score":1.0,"_source":{"level":"error","wmi_component":"Unknown","wmi_xml_operation":"Operation_ClientFailure","etl_processed_time":"2022-01-18T19:17:19.879Z","etl_kafka_topic":"winlogbeat","event_id":5858,"meta_user_name_is_machine":"false","task":"","etl_host_agent_type":"winlogbeat","user_domain":"nt authority","user_name":"system","wmi_client_machine":"WIN10","etl_kafka_offset":2892,"etl_version":"2020.04.19.01","etl_host_agent_uid":"8faec186-b368-44a8-a9c5-6e284dfc7aea","@timestamp":"2022-01-18T16:32:55.534Z","beat_version":"7.6.2","z_elastic_ecs":{"agent":{},"log":{},"host":{},"event":{"provider":"Microsoft-Windows-WMI-Activity","kind":"event","created":"2022-01-18T19:17:09.571Z","code":5858},"ecs":{"version":"1.4.0"},"user":{"identifier":"S-1-5-18","type":"User","domain":"NT AUTHORITY","name":"SYSTEM"},"winlog":{"process":{"thread":{}}}},"beat_hostname":"win10","log_name":"Microsoft-Windows-WMI-Activity/Operational","wmi_id":"{9D2D0513-5CE6-4A4F-BD48-0CBFFB899422}","etl_kafka_partition":0,"wmi_operation":"Start IWbemServices::DeleteInstance - Root\\Rsop\\Computer : RSOP_ExtensionStatus.extensionGuid=\"{0ACDD40C-75AC-47ab-BAA0-BF6DE7E7FE63}\"","wmi_possible_cause":"Unknown","User":"nt authority\\system","type":"wineventlog","provider_guid":"1418ef04-b0b4-4623-bf7e-d74ab47bbdaa","wmi_result_code":"0x80041002","event_original_time":"2022-01-18T16:32:55.534Z","thread_id":3964,"etl_host_agent_ephemeral_uid":"298c86f2-fe36-4c4c-88aa-2a80cc6ed89e","@version":"1","opcode":"Info","etl_pipeline":["all-filter-0098","all-add_processed_timestamp","fingerprint-winlogbeats7","winlogbeat_7_and_above-field_nest_cleanup","winlogbeat_7_and_above-field_cleanups","1500","1522","wmi-user_field_renames","wmi-all-extract_domain_and_user_name","wmi-event_id-5858-field_rename","general_rename-various_global_options","provider_guid-cleanup","winevent-hostname-cleanup","winevent-user_name-is-machine-account","final-cleanup-message_field"],"record_number":240,"event_original_message":"Id = {9D2D0513-5CE6-4A4F-BD48-0CBFFB899422}; ClientMachine = WIN10; User = NT AUTHORITY\\SYSTEM; ClientProcessId = 712; Component = Unknown; Operation = Start IWbemServices::DeleteInstance - Root\\Rsop\\Computer : RSOP_ExtensionStatus.extensionGuid=\"{0ACDD40C-75AC-47ab-BAA0-BF6DE7E7FE63}\"; ResultCode = 0x80041002; PossibleCause = Unknown","source_name":"Microsoft-Windows-WMI-Activity","process_id":"712","etl_kafka_time":1642523575534,"host_name":"win10.windomain.local"}},{"_index":"logs-endpoint-winevent-wmiactivity-2022.01.18","_type":"_doc","_id":"7900a577b178bfa8760a375ad4dc3df99f9a7591","_score":1.0,"_source":{"level":"error","wmi_component":"Unknown","wmi_xml_operation":"Operation_ClientFailure","etl_processed_time":"2022-01-18T19:17:19.879Z","etl_kafka_topic":"winlogbeat","event_id":5858,"meta_user_name_is_machine":"false","task":"","etl_host_agent_type":"winlogbeat","user_domain":"nt authority","user_name":"system","wmi_client_machine":"WIN10","etl_kafka_offset":2893,"etl_version":"2020.04.19.01","etl_host_agent_uid":"8faec186-b368-44a8-a9c5-6e284dfc7aea","@timestamp":"2022-01-18T16:32:55.538Z","beat_version":"7.6.2","z_elastic_ecs":{"agent":{},"log":{},"host":{},"event":{"provider":"Microsoft-Windows-WMI-Activity","kind":"event","created":"2022-01-18T19:17:09.571Z","code":5858},"ecs":{"version":"1.4.0"},"user":{"type":"User","identifier":"S-1-5-18","domain":"NT AUTHORITY","name":"SYSTEM"},"winlog":{"process":{"thread":{}}}},"beat_hostname":"win10","log_name":"Microsoft-Windows-WMI-Activity/Operational","wmi_id":"{9D2D0513-5CE6-4A4F-BD48-0CBFFB899422}","etl_kafka_partition":0,"wmi_operation":"Start IWbemServices::DeleteInstance - Root\\Rsop\\Computer : RSOP_ExtensionStatus.extensionGuid=\"{0E28E245-9368-4853-AD84-6DA3BA35BB75}\"","wmi_possible_cause":"Unknown","User":"nt authority\\system","type":"wineventlog","provider_guid":"1418ef04-b0b4-4623-bf7e-d74ab47bbdaa","wmi_result_code":"0x80041002","event_original_time":"2022-01-18T16:32:55.538Z","thread_id":3964,"etl_host_agent_ephemeral_uid":"298c86f2-fe36-4c4c-88aa-2a80cc6ed89e","@version":"1","opcode":"Info","etl_pipeline":["all-filter-0098","all-add_processed_timestamp","fingerprint-winlogbeats7","winlogbeat_7_and_above-field_nest_cleanup","winlogbeat_7_and_above-field_cleanups","1500","1522","wmi-user_field_renames","wmi-all-extract_domain_and_user_name","wmi-event_id-5858-field_rename","general_rename-various_global_options","provider_guid-cleanup","winevent-hostname-cleanup","winevent-user_name-is-machine-account","final-cleanup-message_field"],"record_number":241,"event_original_message":"Id = {9D2D0513-5CE6-4A4F-BD48-0CBFFB899422}; ClientMachine = WIN10; User = NT AUTHORITY\\SYSTEM; ClientProcessId = 712; Component = Unknown; Operation = Start IWbemServices::DeleteInstance - Root\\Rsop\\Computer : RSOP_ExtensionStatus.extensionGuid=\"{0E28E245-9368-4853-AD84-6DA3BA35BB75}\"; ResultCode = 0x80041002; PossibleCause = Unknown","source_name":"Microsoft-Windows-WMI-Activity","process_id":"712","etl_kafka_time":1642523575537,"host_name":"win10.windomain.local"}},{"_index":"logs-endpoint-winevent-wmiactivity-2022.01.18","_type":"_doc","_id":"6712c47267a737a0ce4642edf5fa158789139456","_score":1.0,"_source":{"level":"error","wmi_component":"Unknown","wmi_xml_operation":"Operation_ClientFailure","etl_processed_time":"2022-01-18T19:17:19.879Z","etl_kafka_topic":"winlogbeat","event_id":5858,"meta_user_name_is_machine":"false","task":"","etl_host_agent_type":"winlogbeat","user_domain":"nt authority","user_name":"system","wmi_client_machine":"WIN10","etl_kafka_offset":2894,"etl_version":"2020.04.19.01","etl_host_agent_uid":"8faec186-b368-44a8-a9c5-6e284dfc7aea","@timestamp":"2022-01-18T16:32:55.560Z","beat_version":"7.6.2","z_elastic_ecs":{"agent":{},"log":{},"host":{},"event":{"provider":"Microsoft-Windows-WMI-Activity","kind":"event","created":"2022-01-18T19:17:09.571Z","code":5858},"ecs":{"version":"1.4.0"},"user":{"identifier":"S-1-5-18","type":"User","domain":"NT AUTHORITY","name":"SYSTEM"},"winlog":{"process":{"thread":{}}}},"beat_hostname":"win10","log_name":"Microsoft-Windows-WMI-Activity/Operational","wmi_id":"{9D2D0513-5CE6-4A4F-BD48-0CBFFB899422}","etl_kafka_partition":0,"wmi_operation":"Start IWbemServices::DeleteInstance - Root\\Rsop\\Computer : RSOP_ExtensionStatus.extensionGuid=\"{169EBF44-942F-4C43-87CE-13C93996EBBE}\"","wmi_possible_cause":"Unknown","User":"nt authority\\system","type":"wineventlog","provider_guid":"1418ef04-b0b4-4623-bf7e-d74ab47bbdaa","wmi_result_code":"0x80041002","event_original_time":"2022-01-18T16:32:55.560Z","thread_id":3964,"etl_host_agent_ephemeral_uid":"298c86f2-fe36-4c4c-88aa-2a80cc6ed89e","@version":"1","opcode":"Info","etl_pipeline":["all-filter-0098","all-add_processed_timestamp","fingerprint-winlogbeats7","winlogbeat_7_and_above-field_nest_cleanup","winlogbeat_7_and_above-field_cleanups","1500","1522","wmi-user_field_renames","wmi-all-extract_domain_and_user_name","wmi-event_id-5858-field_rename","general_rename-various_global_options","provider_guid-cleanup","winevent-hostname-cleanup","winevent-user_name-is-machine-account","final-cleanup-message_field"],"record_number":242,"event_original_message":"Id = {9D2D0513-5CE6-4A4F-BD48-0CBFFB899422}; ClientMachine = WIN10; User = NT AUTHORITY\\SYSTEM; ClientProcessId = 712; Component = Unknown; Operation = Start IWbemServices::DeleteInstance - Root\\Rsop\\Computer : RSOP_ExtensionStatus.extensionGuid=\"{169EBF44-942F-4C43-87CE-13C93996EBBE}\"; ResultCode = 0x80041002; PossibleCause = Unknown","source_name":"Microsoft-Windows-WMI-Activity","process_id":"712","etl_kafka_time":1642523575559,"host_name":"win10.windomain.local"}},{"_index":"logs-endpoint-winevent-wmiactivity-2022.01.18","_type":"_doc","_id":"9ba3dd43a18d69f5b81b0a9264d160331fdbc653","_score":1.0,"_source":{"level":"error","wmi_component":"Unknown","wmi_xml_operation":"Operation_ClientFailure","etl_processed_time":"2022-01-18T19:17:19.879Z","etl_kafka_topic":"winlogbeat","event_id":5858,"meta_user_name_is_machine":"false","task":"","etl_host_agent_type":"winlogbeat","user_domain":"nt authority","user_name":"system","wmi_client_machine":"WIN10","etl_kafka_offset":2895,"etl_version":"2020.04.19.01","etl_host_agent_uid":"8faec186-b368-44a8-a9c5-6e284dfc7aea","@timestamp":"2022-01-18T16:32:55.565Z","beat_version":"7.6.2","z_elastic_ecs":{"agent":{},"log":{},"host":{},"event":{"provider":"Microsoft-Windows-WMI-Activity","kind":"event","created":"2022-01-18T19:17:09.571Z","code":5858},"ecs":{"version":"1.4.0"},"user":{"type":"User","identifier":"S-1-5-18","domain":"NT AUTHORITY","name":"SYSTEM"},"winlog":{"process":{"thread":{}}}},"beat_hostname":"win10","log_name":"Microsoft-Windows-WMI-Activity/Operational","wmi_id":"{9D2D0513-5CE6-4A4F-BD48-0CBFFB899422}","etl_kafka_partition":0,"wmi_operation":"Start IWbemServices::DeleteInstance - Root\\Rsop\\Computer : RSOP_ExtensionStatus.extensionGuid=\"{16be69fa-4209-4250-88cb-716cf41954e0}\"","wmi_possible_cause":"Unknown","User":"nt authority\\system","type":"wineventlog","provider_guid":"1418ef04-b0b4-4623-bf7e-d74ab47bbdaa","wmi_result_code":"0x80041002","event_original_time":"2022-01-18T16:32:55.565Z","thread_id":3964,"etl_host_agent_ephemeral_uid":"298c86f2-fe36-4c4c-88aa-2a80cc6ed89e","@version":"1","opcode":"Info","etl_pipeline":["all-filter-0098","all-add_processed_timestamp","fingerprint-winlogbeats7","winlogbeat_7_and_above-field_nest_cleanup","winlogbeat_7_and_above-field_cleanups","1500","1522","wmi-user_field_renames","wmi-all-extract_domain_and_user_name","wmi-event_id-5858-field_rename","general_rename-various_global_options","provider_guid-cleanup","winevent-hostname-cleanup","winevent-user_name-is-machine-account","final-cleanup-message_field"],"record_number":243,"event_original_message":"Id = {9D2D0513-5CE6-4A4F-BD48-0CBFFB899422}; ClientMachine = WIN10; User = NT AUTHORITY\\SYSTEM; ClientProcessId = 712; Component = Unknown; Operation = Start IWbemServices::DeleteInstance - Root\\Rsop\\Computer : RSOP_ExtensionStatus.extensionGuid=\"{16be69fa-4209-4250-88cb-716cf41954e0}\"; ResultCode = 0x80041002; PossibleCause = Unknown","source_name":"Microsoft-Windows-WMI-Activity","process_id":"712","etl_kafka_time":1642523575564,"host_name":"win10.windomain.local"}},{"_index":"logs-endpoint-winevent-wmiactivity-2022.01.18","_type":"_doc","_id":"6b82baecfed385babb28d9339cf42586781b8488","_score":1.0,"_source":{"level":"error","wmi_component":"Unknown","wmi_xml_operation":"Operation_ClientFailure","etl_processed_time":"2022-01-18T19:17:19.879Z","etl_kafka_topic":"winlogbeat","event_id":5858,"meta_user_name_is_machine":"false","task":"","etl_host_agent_type":"winlogbeat","user_domain":"nt authority","user_name":"system","wmi_client_machine":"WIN10","etl_kafka_offset":2896,"etl_version":"2020.04.19.01","etl_host_agent_uid":"8faec186-b368-44a8-a9c5-6e284dfc7aea","@timestamp":"2022-01-18T16:32:55.570Z","beat_version":"7.6.2","z_elastic_ecs":{"agent":{},"log":{},"host":{},"event":{"provider":"Microsoft-Windows-WMI-Activity","kind":"event","created":"2022-01-18T19:17:09.571Z","code":5858},"ecs":{"version":"1.4.0"},"user":{"type":"User","identifier":"S-1-5-18","domain":"NT AUTHORITY","name":"SYSTEM"},"winlog":{"process":{"thread":{}}}},"beat_hostname":"win10","log_name":"Microsoft-Windows-WMI-Activity/Operational","wmi_id":"{9D2D0513-5CE6-4A4F-BD48-0CBFFB899422}","etl_kafka_partition":0,"wmi_operation":"Start IWbemServices::DeleteInstance - Root\\Rsop\\Computer : RSOP_ExtensionStatus.extensionGuid=\"{17D89FEC-5C44-4972-B12D-241CAEF74509}\"","wmi_possible_cause":"Unknown","User":"nt authority\\system","type":"wineventlog","provider_guid":"1418ef04-b0b4-4623-bf7e-d74ab47bbdaa","wmi_result_code":"0x80041002","event_original_time":"2022-01-18T16:32:55.570Z","thread_id":3964,"etl_host_agent_ephemeral_uid":"298c86f2-fe36-4c4c-88aa-2a80cc6ed89e","@version":"1","opcode":"Info","etl_pipeline":["all-filter-0098","all-add_processed_timestamp","fingerprint-winlogbeats7","winlogbeat_7_and_above-field_nest_cleanup","winlogbeat_7_and_above-field_cleanups","1500","1522","wmi-user_field_renames","wmi-all-extract_domain_and_user_name","wmi-event_id-5858-field_rename","general_rename-various_global_options","provider_guid-cleanup","winevent-hostname-cleanup","winevent-user_name-is-machine-account","final-cleanup-message_field"],"record_number":244,"event_original_message":"Id = {9D2D0513-5CE6-4A4F-BD48-0CBFFB899422}; ClientMachine = WIN10; User = NT AUTHORITY\\SYSTEM; ClientProcessId = 712; Component = Unknown; Operation = Start IWbemServices::DeleteInstance - Root\\Rsop\\Computer : RSOP_ExtensionStatus.extensionGuid=\"{17D89FEC-5C44-4972-B12D-241CAEF74509}\"; ResultCode = 0x80041002; PossibleCause = Unknown","source_name":"Microsoft-Windows-WMI-Activity","process_id":"712","etl_kafka_time":1642523575570,"host_name":"win10.windomain.local"}},{"_index":"logs-endpoint-winevent-wmiactivity-2022.01.18","_type":"_doc","_id":"e9a6e17fbe14ce1009b33ebb022bffae1831b392","_score":1.0,"_source":{"level":"error","wmi_component":"Unknown","wmi_xml_operation":"Operation_ClientFailure","etl_processed_time":"2022-01-18T19:17:19.880Z","etl_kafka_topic":"winlogbeat","event_id":5858,"meta_user_name_is_machine":"false","task":"","etl_host_agent_type":"winlogbeat","user_domain":"nt authority","user_name":"system","wmi_client_machine":"WIN10","etl_kafka_offset":2897,"etl_version":"2020.04.19.01","etl_host_agent_uid":"8faec186-b368-44a8-a9c5-6e284dfc7aea","@timestamp":"2022-01-18T16:32:55.595Z","beat_version":"7.6.2","z_elastic_ecs":{"agent":{},"log":{},"host":{},"event":{"provider":"Microsoft-Windows-WMI-Activity","kind":"event","created":"2022-01-18T19:17:09.571Z","code":5858},"ecs":{"version":"1.4.0"},"user":{"identifier":"S-1-5-18","type":"User","domain":"NT AUTHORITY","name":"SYSTEM"},"winlog":{"process":{"thread":{}}}},"beat_hostname":"win10","log_name":"Microsoft-Windows-WMI-Activity/Operational","wmi_id":"{9D2D0513-5CE6-4A4F-BD48-0CBFFB899422}","etl_kafka_partition":0,"wmi_operation":"Start IWbemServices::DeleteInstance - Root\\Rsop\\Computer : RSOP_ExtensionStatus.extensionGuid=\"{1A6364EB-776B-4120-ADE1-B63A406A76B5}\"","wmi_possible_cause":"Unknown","User":"nt authority\\system","type":"wineventlog","provider_guid":"1418ef04-b0b4-4623-bf7e-d74ab47bbdaa","wmi_result_code":"0x80041002","event_original_time":"2022-01-18T16:32:55.595Z","thread_id":3964,"etl_host_agent_ephemeral_uid":"298c86f2-fe36-4c4c-88aa-2a80cc6ed89e","@version":"1","opcode":"Info","etl_pipeline":["all-filter-0098","all-add_processed_timestamp","fingerprint-winlogbeats7","winlogbeat_7_and_above-field_nest_cleanup","winlogbeat_7_and_above-field_cleanups","1500","1522","wmi-user_field_renames","wmi-all-extract_domain_and_user_name","wmi-event_id-5858-field_rename","general_rename-various_global_options","provider_guid-cleanup","winevent-hostname-cleanup","winevent-user_name-is-machine-account","final-cleanup-message_field"],"record_number":245,"event_original_message":"Id = {9D2D0513-5CE6-4A4F-BD48-0CBFFB899422}; ClientMachine = WIN10; User = NT AUTHORITY\\SYSTEM; ClientProcessId = 712; Component = Unknown; Operation = Start IWbemServices::DeleteInstance - Root\\Rsop\\Computer : RSOP_ExtensionStatus.extensionGuid=\"{1A6364EB-776B-4120-ADE1-B63A406A76B5}\"; ResultCode = 0x80041002; PossibleCause = Unknown","source_name":"Microsoft-Windows-WMI-Activity","process_id":"712","etl_kafka_time":1642523575595,"host_name":"win10.windomain.local"}},{"_index":"logs-endpoint-winevent-wmiactivity-2022.01.18","_type":"_doc","_id":"466e63b558ad7b6625a7a67d9c92b4adf5a686e0","_score":1.0,"_source":{"level":"error","wmi_component":"Unknown","wmi_xml_operation":"Operation_ClientFailure","etl_processed_time":"2022-01-18T19:17:19.880Z","etl_kafka_topic":"winlogbeat","event_id":5858,"meta_user_name_is_machine":"false","task":"","etl_host_agent_type":"winlogbeat","user_domain":"nt authority","user_name":"system","wmi_client_machine":"WIN10","etl_kafka_offset":2898,"etl_version":"2020.04.19.01","etl_host_agent_uid":"8faec186-b368-44a8-a9c5-6e284dfc7aea","@timestamp":"2022-01-18T16:32:55.609Z","beat_version":"7.6.2","z_elastic_ecs":{"agent":{},"log":{},"host":{},"event":{"provider":"Microsoft-Windows-WMI-Activity","kind":"event","created":"2022-01-18T19:17:09.571Z","code":5858},"ecs":{"version":"1.4.0"},"user":{"identifier":"S-1-5-18","type":"User","domain":"NT AUTHORITY","name":"SYSTEM"},"winlog":{"process":{"thread":{}}}},"beat_hostname":"win10","log_name":"Microsoft-Windows-WMI-Activity/Operational","wmi_id":"{9D2D0513-5CE6-4A4F-BD48-0CBFFB899422}","etl_kafka_partition":0,"wmi_operation":"Start IWbemServices::DeleteInstance - Root\\Rsop\\Computer : RSOP_ExtensionStatus.extensionGuid=\"{2A8FDC61-2347-4C87-92F6-B05EB91A201A}\"","wmi_possible_cause":"Unknown","User":"nt authority\\system","type":"wineventlog","provider_guid":"1418ef04-b0b4-4623-bf7e-d74ab47bbdaa","wmi_result_code":"0x80041002","event_original_time":"2022-01-18T16:32:55.609Z","thread_id":3964,"etl_host_agent_ephemeral_uid":"298c86f2-fe36-4c4c-88aa-2a80cc6ed89e","@version":"1","opcode":"Info","etl_pipeline":["all-filter-0098","all-add_processed_timestamp","fingerprint-winlogbeats7","winlogbeat_7_and_above-field_nest_cleanup","winlogbeat_7_and_above-field_cleanups","1500","1522","wmi-user_field_renames","wmi-all-extract_domain_and_user_name","wmi-event_id-5858-field_rename","general_rename-various_global_options","provider_guid-cleanup","winevent-hostname-cleanup","winevent-user_name-is-machine-account","final-cleanup-message_field"],"record_number":246,"event_original_message":"Id = {9D2D0513-5CE6-4A4F-BD48-0CBFFB899422}; ClientMachine = WIN10; User = NT AUTHORITY\\SYSTEM; ClientProcessId = 712; Component = Unknown; Operation = Start IWbemServices::DeleteInstance - Root\\Rsop\\Computer : RSOP_ExtensionStatus.extensionGuid=\"{2A8FDC61-2347-4C87-92F6-B05EB91A201A}\"; ResultCode = 0x80041002; PossibleCause = Unknown","source_name":"Microsoft-Windows-WMI-Activity","process_id":"712","etl_kafka_time":1642523575609,"host_name":"win10.windomain.local"}},{"_index":"logs-endpoint-winevent-wmiactivity-2022.01.18","_type":"_doc","_id":"1e56af842eca67ae1082489ff9a0537822de34ad","_score":1.0,"_source":{"level":"error","wmi_component":"Unknown","wmi_xml_operation":"Operation_ClientFailure","etl_processed_time":"2022-01-18T19:17:19.880Z","etl_kafka_topic":"winlogbeat","event_id":5858,"meta_user_name_is_machine":"false","task":"","etl_host_agent_type":"winlogbeat","user_domain":"nt authority","user_name":"system","wmi_client_machine":"WIN10","etl_kafka_offset":2899,"etl_version":"2020.04.19.01","etl_host_agent_uid":"8faec186-b368-44a8-a9c5-6e284dfc7aea","@timestamp":"2022-01-18T16:32:55.614Z","beat_version":"7.6.2","z_elastic_ecs":{"agent":{},"log":{},"host":{},"event":{"provider":"Microsoft-Windows-WMI-Activity","kind":"event","created":"2022-01-18T19:17:09.571Z","code":5858},"ecs":{"version":"1.4.0"},"user":{"type":"User","identifier":"S-1-5-18","domain":"NT AUTHORITY","name":"SYSTEM"},"winlog":{"process":{"thread":{}}}},"beat_hostname":"win10","log_name":"Microsoft-Windows-WMI-Activity/Operational","wmi_id":"{9D2D0513-5CE6-4A4F-BD48-0CBFFB899422}","etl_kafka_partition":0,"wmi_operation":"Start IWbemServices::DeleteInstance - Root\\Rsop\\Computer : RSOP_ExtensionStatus.extensionGuid=\"{2BFCC077-22D2-48DE-BDE1-2F618D9B476D}\"","wmi_possible_cause":"Unknown","User":"nt authority\\system","type":"wineventlog","provider_guid":"1418ef04-b0b4-4623-bf7e-d74ab47bbdaa","wmi_result_code":"0x80041002","event_original_time":"2022-01-18T16:32:55.614Z","thread_id":3964,"etl_host_agent_ephemeral_uid":"298c86f2-fe36-4c4c-88aa-2a80cc6ed89e","@version":"1","opcode":"Info","etl_pipeline":["all-filter-0098","all-add_processed_timestamp","fingerprint-winlogbeats7","winlogbeat_7_and_above-field_nest_cleanup","winlogbeat_7_and_above-field_cleanups","1500","1522","wmi-user_field_renames","wmi-all-extract_domain_and_user_name","wmi-event_id-5858-field_rename","general_rename-various_global_options","provider_guid-cleanup","winevent-hostname-cleanup","winevent-user_name-is-machine-account","final-cleanup-message_field"],"record_number":247,"event_original_message":"Id = {9D2D0513-5CE6-4A4F-BD48-0CBFFB899422}; ClientMachine = WIN10; User = NT AUTHORITY\\SYSTEM; ClientProcessId = 712; Component = Unknown; Operation = Start IWbemServices::DeleteInstance - Root\\Rsop\\Computer : RSOP_ExtensionStatus.extensionGuid=\"{2BFCC077-22D2-48DE-BDE1-2F618D9B476D}\"; ResultCode = 0x80041002; PossibleCause = Unknown","source_name":"Microsoft-Windows-WMI-Activity","process_id":"712","etl_kafka_time":1642523575614,"host_name":"win10.windomain.local"}},{"_index":"logs-endpoint-winevent-wmiactivity-2022.01.18","_type":"_doc","_id":"8c41de1324be684514ef3c7f78604a75d97e90a0","_score":1.0,"_source":{"level":"error","wmi_component":"Unknown","wmi_xml_operation":"Operation_ClientFailure","etl_processed_time":"2022-01-18T19:17:19.880Z","etl_kafka_topic":"winlogbeat","event_id":5858,"meta_user_name_is_machine":"false","task":"","etl_host_agent_type":"winlogbeat","user_domain":"nt authority","user_name":"system","wmi_client_machine":"WIN10","etl_kafka_offset":2900,"etl_version":"2020.04.19.01","etl_host_agent_uid":"8faec186-b368-44a8-a9c5-6e284dfc7aea","@timestamp":"2022-01-18T16:32:55.621Z","beat_version":"7.6.2","z_elastic_ecs":{"agent":{},"log":{},"host":{},"event":{"provider":"Microsoft-Windows-WMI-Activity","kind":"event","created":"2022-01-18T19:17:09.571Z","code":5858},"ecs":{"version":"1.4.0"},"user":{"type":"User","identifier":"S-1-5-18","domain":"NT AUTHORITY","name":"SYSTEM"},"winlog":{"process":{"thread":{}}}},"beat_hostname":"win10","log_name":"Microsoft-Windows-WMI-Activity/Operational","wmi_id":"{9D2D0513-5CE6-4A4F-BD48-0CBFFB899422}","etl_kafka_partition":0,"wmi_operation":"Start IWbemServices::DeleteInstance - Root\\Rsop\\Computer : RSOP_ExtensionStatus.extensionGuid=\"{3610eda5-77ef-11d2-8dc5-00c04fa31a66}\"","wmi_possible_cause":"Unknown","User":"nt authority\\system","type":"wineventlog","provider_guid":"1418ef04-b0b4-4623-bf7e-d74ab47bbdaa","wmi_result_code":"0x80041002","event_original_time":"2022-01-18T16:32:55.621Z","thread_id":3964,"etl_host_agent_ephemeral_uid":"298c86f2-fe36-4c4c-88aa-2a80cc6ed89e","@version":"1","opcode":"Info","etl_pipeline":["all-filter-0098","all-add_processed_timestamp","fingerprint-winlogbeats7","winlogbeat_7_and_above-field_nest_cleanup","winlogbeat_7_and_above-field_cleanups","1500","1522","wmi-user_field_renames","wmi-all-extract_domain_and_user_name","wmi-event_id-5858-field_rename","general_rename-various_global_options","provider_guid-cleanup","winevent-hostname-cleanup","winevent-user_name-is-machine-account","final-cleanup-message_field"],"record_number":248,"event_original_message":"Id = {9D2D0513-5CE6-4A4F-BD48-0CBFFB899422}; ClientMachine = WIN10; User = NT AUTHORITY\\SYSTEM; ClientProcessId = 712; Component = Unknown; Operation = Start IWbemServices::DeleteInstance - Root\\Rsop\\Computer : RSOP_ExtensionStatus.extensionGuid=\"{3610eda5-77ef-11d2-8dc5-00c04fa31a66}\"; ResultCode = 0x80041002; PossibleCause = Unknown","source_name":"Microsoft-Windows-WMI-Activity","process_id":"712","etl_kafka_time":1642523575621,"host_name":"win10.windomain.local"}},{"_index":"logs-endpoint-winevent-wmiactivity-2022.01.18","_type":"_doc","_id":"d82009120d44e9e68d332062af1f0ed07fc25883","_score":1.0,"_source":{"level":"error","wmi_component":"Unknown","wmi_xml_operation":"Operation_ClientFailure","etl_processed_time":"2022-01-18T19:17:19.880Z","etl_kafka_topic":"winlogbeat","event_id":5858,"meta_user_name_is_machine":"false","task":"","etl_host_agent_type":"winlogbeat","user_domain":"nt authority","user_name":"system","wmi_client_machine":"WIN10","etl_kafka_offset":2901,"etl_version":"2020.04.19.01","etl_host_agent_uid":"8faec186-b368-44a8-a9c5-6e284dfc7aea","@timestamp":"2022-01-18T16:32:55.652Z","beat_version":"7.6.2","z_elastic_ecs":{"agent":{},"log":{},"host":{},"event":{"provider":"Microsoft-Windows-WMI-Activity","kind":"event","created":"2022-01-18T19:17:09.571Z","code":5858},"ecs":{"version":"1.4.0"},"user":{"identifier":"S-1-5-18","type":"User","domain":"NT AUTHORITY","name":"SYSTEM"},"winlog":{"process":{"thread":{}}}},"beat_hostname":"win10","log_name":"Microsoft-Windows-WMI-Activity/Operational","wmi_id":"{9D2D0513-5CE6-4A4F-BD48-0CBFFB899422}","etl_kafka_partition":0,"wmi_operation":"Start IWbemServices::DeleteInstance - Root\\Rsop\\Computer : RSOP_ExtensionStatus.extensionGuid=\"{3A0DBA37-F8B2-4356-83DE-3E90BD5C261F}\"","wmi_possible_cause":"Unknown","User":"nt authority\\system","type":"wineventlog","provider_guid":"1418ef04-b0b4-4623-bf7e-d74ab47bbdaa","wmi_result_code":"0x80041002","event_original_time":"2022-01-18T16:32:55.652Z","thread_id":3964,"etl_host_agent_ephemeral_uid":"298c86f2-fe36-4c4c-88aa-2a80cc6ed89e","@version":"1","opcode":"Info","etl_pipeline":["all-filter-0098","all-add_processed_timestamp","fingerprint-winlogbeats7","winlogbeat_7_and_above-field_nest_cleanup","winlogbeat_7_and_above-field_cleanups","1500","1522","wmi-user_field_renames","wmi-all-extract_domain_and_user_name","wmi-event_id-5858-field_rename","general_rename-various_global_options","provider_guid-cleanup","winevent-hostname-cleanup","winevent-user_name-is-machine-account","final-cleanup-message_field"],"record_number":249,"event_original_message":"Id = {9D2D0513-5CE6-4A4F-BD48-0CBFFB899422}; ClientMachine = WIN10; User = NT AUTHORITY\\SYSTEM; ClientProcessId = 712; Component = Unknown; Operation = Start IWbemServices::DeleteInstance - Root\\Rsop\\Computer : RSOP_ExtensionStatus.extensionGuid=\"{3A0DBA37-F8B2-4356-83DE-3E90BD5C261F}\"; ResultCode = 0x80041002; PossibleCause = Unknown","source_name":"Microsoft-Windows-WMI-Activity","process_id":"712","etl_kafka_time":1642523575652,"host_name":"win10.windomain.local"}},{"_index":"logs-endpoint-winevent-wmiactivity-2022.01.18","_type":"_doc","_id":"937f25d099ca74d54c0f824c96663df35dc6a5ad","_score":1.0,"_source":{"level":"error","wmi_component":"Unknown","wmi_xml_operation":"Operation_ClientFailure","etl_processed_time":"2022-01-18T19:17:19.880Z","etl_kafka_topic":"winlogbeat","event_id":5858,"meta_user_name_is_machine":"false","task":"","etl_host_agent_type":"winlogbeat","user_domain":"nt authority","user_name":"system","wmi_client_machine":"WIN10","etl_kafka_offset":2902,"etl_version":"2020.04.19.01","etl_host_agent_uid":"8faec186-b368-44a8-a9c5-6e284dfc7aea","@timestamp":"2022-01-18T16:32:55.657Z","beat_version":"7.6.2","z_elastic_ecs":{"agent":{},"log":{},"host":{},"event":{"provider":"Microsoft-Windows-WMI-Activity","kind":"event","created":"2022-01-18T19:17:09.571Z","code":5858},"ecs":{"version":"1.4.0"},"user":{"type":"User","identifier":"S-1-5-18","domain":"NT AUTHORITY","name":"SYSTEM"},"winlog":{"process":{"thread":{}}}},"beat_hostname":"win10","log_name":"Microsoft-Windows-WMI-Activity/Operational","wmi_id":"{9D2D0513-5CE6-4A4F-BD48-0CBFFB899422}","etl_kafka_partition":0,"wmi_operation":"Start IWbemServices::DeleteInstance - Root\\Rsop\\Computer : RSOP_ExtensionStatus.extensionGuid=\"{426031c0-0b47-4852-b0ca-ac3d37bfcb39}\"","wmi_possible_cause":"Unknown","User":"nt authority\\system","type":"wineventlog","provider_guid":"1418ef04-b0b4-4623-bf7e-d74ab47bbdaa","wmi_result_code":"0x80041002","event_original_time":"2022-01-18T16:32:55.657Z","thread_id":3964,"etl_host_agent_ephemeral_uid":"298c86f2-fe36-4c4c-88aa-2a80cc6ed89e","@version":"1","opcode":"Info","etl_pipeline":["all-filter-0098","all-add_processed_timestamp","fingerprint-winlogbeats7","winlogbeat_7_and_above-field_nest_cleanup","winlogbeat_7_and_above-field_cleanups","1500","1522","wmi-user_field_renames","wmi-all-extract_domain_and_user_name","wmi-event_id-5858-field_rename","general_rename-various_global_options","provider_guid-cleanup","winevent-hostname-cleanup","winevent-user_name-is-machine-account","final-cleanup-message_field"],"record_number":250,"event_original_message":"Id = {9D2D0513-5CE6-4A4F-BD48-0CBFFB899422}; ClientMachine = WIN10; User = NT AUTHORITY\\SYSTEM; ClientProcessId = 712; Component = Unknown; Operation = Start IWbemServices::DeleteInstance - Root\\Rsop\\Computer : RSOP_ExtensionStatus.extensionGuid=\"{426031c0-0b47-4852-b0ca-ac3d37bfcb39}\"; ResultCode = 0x80041002; PossibleCause = Unknown","source_name":"Microsoft-Windows-WMI-Activity","process_id":"712","etl_kafka_time":1642523575657,"host_name":"win10.windomain.local"}},{"_index":"logs-endpoint-winevent-wmiactivity-2022.01.18","_type":"_doc","_id":"212f2414d196b81bed632b2e0c18f96ba71ac7bf","_score":1.0,"_source":{"level":"error","wmi_component":"Unknown","wmi_xml_operation":"Operation_ClientFailure","etl_processed_time":"2022-01-18T19:17:19.880Z","etl_kafka_topic":"winlogbeat","event_id":5858,"meta_user_name_is_machine":"false","task":"","etl_host_agent_type":"winlogbeat","user_domain":"nt authority","user_name":"system","wmi_client_machine":"WIN10","etl_kafka_offset":2903,"etl_version":"2020.04.19.01","etl_host_agent_uid":"8faec186-b368-44a8-a9c5-6e284dfc7aea","@timestamp":"2022-01-18T16:32:55.660Z","beat_version":"7.6.2","z_elastic_ecs":{"agent":{},"log":{},"host":{},"event":{"provider":"Microsoft-Windows-WMI-Activity","kind":"event","created":"2022-01-18T19:17:09.571Z","code":5858},"ecs":{"version":"1.4.0"},"user":{"type":"User","identifier":"S-1-5-18","domain":"NT AUTHORITY","name":"SYSTEM"},"winlog":{"process":{"thread":{}}}},"beat_hostname":"win10","log_name":"Microsoft-Windows-WMI-Activity/Operational","wmi_id":"{9D2D0513-5CE6-4A4F-BD48-0CBFFB899422}","etl_kafka_partition":0,"wmi_operation":"Start IWbemServices::DeleteInstance - Root\\Rsop\\Computer : RSOP_ExtensionStatus.extensionGuid=\"{42B5FAAE-6536-11d2-AE5A-0000F87571E3}\"","wmi_possible_cause":"Unknown","User":"nt authority\\system","type":"wineventlog","provider_guid":"1418ef04-b0b4-4623-bf7e-d74ab47bbdaa","wmi_result_code":"0x80041002","event_original_time":"2022-01-18T16:32:55.660Z","thread_id":3964,"etl_host_agent_ephemeral_uid":"298c86f2-fe36-4c4c-88aa-2a80cc6ed89e","@version":"1","opcode":"Info","etl_pipeline":["all-filter-0098","all-add_processed_timestamp","fingerprint-winlogbeats7","winlogbeat_7_and_above-field_nest_cleanup","winlogbeat_7_and_above-field_cleanups","1500","1522","wmi-user_field_renames","wmi-all-extract_domain_and_user_name","wmi-event_id-5858-field_rename","general_rename-various_global_options","provider_guid-cleanup","winevent-hostname-cleanup","winevent-user_name-is-machine-account","final-cleanup-message_field"],"record_number":251,"event_original_message":"Id = {9D2D0513-5CE6-4A4F-BD48-0CBFFB899422}; ClientMachine = WIN10; User = NT AUTHORITY\\SYSTEM; ClientProcessId = 712; Component = Unknown; Operation = Start IWbemServices::DeleteInstance - Root\\Rsop\\Computer : RSOP_ExtensionStatus.extensionGuid=\"{42B5FAAE-6536-11d2-AE5A-0000F87571E3}\"; ResultCode = 0x80041002; PossibleCause = Unknown","source_name":"Microsoft-Windows-WMI-Activity","process_id":"712","etl_kafka_time":1642523575660,"host_name":"win10.windomain.local"}},{"_index":"logs-endpoint-winevent-wmiactivity-2022.01.18","_type":"_doc","_id":"351ad54b25f5d7b055a77e1185d1359828d446b8","_score":1.0,"_source":{"level":"error","wmi_component":"Unknown","wmi_xml_operation":"Operation_ClientFailure","etl_processed_time":"2022-01-18T19:17:19.880Z","etl_kafka_topic":"winlogbeat","event_id":5858,"meta_user_name_is_machine":"false","task":"","etl_host_agent_type":"winlogbeat","user_domain":"nt authority","user_name":"system","wmi_client_machine":"WIN10","etl_kafka_offset":2904,"etl_version":"2020.04.19.01","etl_host_agent_uid":"8faec186-b368-44a8-a9c5-6e284dfc7aea","@timestamp":"2022-01-18T16:32:55.670Z","beat_version":"7.6.2","z_elastic_ecs":{"agent":{},"log":{},"host":{},"event":{"provider":"Microsoft-Windows-WMI-Activity","kind":"event","created":"2022-01-18T19:17:09.571Z","code":5858},"ecs":{"version":"1.4.0"},"user":{"identifier":"S-1-5-18","type":"User","domain":"NT AUTHORITY","name":"SYSTEM"},"winlog":{"process":{"thread":{}}}},"beat_hostname":"win10","log_name":"Microsoft-Windows-WMI-Activity/Operational","wmi_id":"{9D2D0513-5CE6-4A4F-BD48-0CBFFB899422}","etl_kafka_partition":0,"wmi_operation":"Start IWbemServices::DeleteInstance - Root\\Rsop\\Computer : RSOP_ExtensionStatus.extensionGuid=\"{4B7C3B0F-E993-4E06-A241-3FBE06943684}\"","wmi_possible_cause":"Unknown","User":"nt authority\\system","type":"wineventlog","provider_guid":"1418ef04-b0b4-4623-bf7e-d74ab47bbdaa","wmi_result_code":"0x80041002","event_original_time":"2022-01-18T16:32:55.670Z","thread_id":3964,"etl_host_agent_ephemeral_uid":"298c86f2-fe36-4c4c-88aa-2a80cc6ed89e","@version":"1","opcode":"Info","etl_pipeline":["all-filter-0098","all-add_processed_timestamp","fingerprint-winlogbeats7","winlogbeat_7_and_above-field_nest_cleanup","winlogbeat_7_and_above-field_cleanups","1500","1522","wmi-user_field_renames","wmi-all-extract_domain_and_user_name","wmi-event_id-5858-field_rename","general_rename-various_global_options","provider_guid-cleanup","winevent-hostname-cleanup","winevent-user_name-is-machine-account","final-cleanup-message_field"],"record_number":252,"event_original_message":"Id = {9D2D0513-5CE6-4A4F-BD48-0CBFFB899422}; ClientMachine = WIN10; User = NT AUTHORITY\\SYSTEM; ClientProcessId = 712; Component = Unknown; Operation = Start IWbemServices::DeleteInstance - Root\\Rsop\\Computer : RSOP_ExtensionStatus.extensionGuid=\"{4B7C3B0F-E993-4E06-A241-3FBE06943684}\"; ResultCode = 0x80041002; PossibleCause = Unknown","source_name":"Microsoft-Windows-WMI-Activity","process_id":"712","etl_kafka_time":1642523575670,"host_name":"win10.windomain.local"}},{"_index":"logs-endpoint-winevent-wmiactivity-2022.01.18","_type":"_doc","_id":"ea2be85f20d3f7e119d1f846c1cec5f40897311b","_score":1.0,"_source":{"level":"error","wmi_component":"Unknown","wmi_xml_operation":"Operation_ClientFailure","etl_processed_time":"2022-01-18T19:17:19.880Z","etl_kafka_topic":"winlogbeat","event_id":5858,"meta_user_name_is_machine":"false","task":"","etl_host_agent_type":"winlogbeat","user_domain":"nt authority","user_name":"system","wmi_client_machine":"WIN10","etl_kafka_offset":2905,"etl_version":"2020.04.19.01","etl_host_agent_uid":"8faec186-b368-44a8-a9c5-6e284dfc7aea","@timestamp":"2022-01-18T16:32:55.711Z","beat_version":"7.6.2","z_elastic_ecs":{"agent":{},"log":{},"host":{},"event":{"provider":"Microsoft-Windows-WMI-Activity","kind":"event","created":"2022-01-18T19:17:09.571Z","code":5858},"ecs":{"version":"1.4.0"},"user":{"type":"User","identifier":"S-1-5-18","domain":"NT AUTHORITY","name":"SYSTEM"},"winlog":{"process":{"thread":{}}}},"beat_hostname":"win10","log_name":"Microsoft-Windows-WMI-Activity/Operational","wmi_id":"{9D2D0513-5CE6-4A4F-BD48-0CBFFB899422}","etl_kafka_partition":0,"wmi_operation":"Start IWbemServices::DeleteInstance - Root\\Rsop\\Computer : RSOP_ExtensionStatus.extensionGuid=\"{4bcd6cde-777b-48b6-9804-43568e23545d}\"","wmi_possible_cause":"Unknown","User":"nt authority\\system","type":"wineventlog","provider_guid":"1418ef04-b0b4-4623-bf7e-d74ab47bbdaa","wmi_result_code":"0x80041002","event_original_time":"2022-01-18T16:32:55.711Z","thread_id":3964,"etl_host_agent_ephemeral_uid":"298c86f2-fe36-4c4c-88aa-2a80cc6ed89e","@version":"1","opcode":"Info","etl_pipeline":["all-filter-0098","all-add_processed_timestamp","fingerprint-winlogbeats7","winlogbeat_7_and_above-field_nest_cleanup","winlogbeat_7_and_above-field_cleanups","1500","1522","wmi-user_field_renames","wmi-all-extract_domain_and_user_name","wmi-event_id-5858-field_rename","general_rename-various_global_options","provider_guid-cleanup","winevent-hostname-cleanup","winevent-user_name-is-machine-account","final-cleanup-message_field"],"record_number":253,"event_original_message":"Id = {9D2D0513-5CE6-4A4F-BD48-0CBFFB899422}; ClientMachine = WIN10; User = NT AUTHORITY\\SYSTEM; ClientProcessId = 712; Component = Unknown; Operation = Start IWbemServices::DeleteInstance - Root\\Rsop\\Computer : RSOP_ExtensionStatus.extensionGuid=\"{4bcd6cde-777b-48b6-9804-43568e23545d}\"; ResultCode = 0x80041002; PossibleCause = Unknown","source_name":"Microsoft-Windows-WMI-Activity","process_id":"712","etl_kafka_time":1642523575710,"host_name":"win10.windomain.local"}},{"_index":"logs-endpoint-winevent-wmiactivity-2022.01.18","_type":"_doc","_id":"d4f01e6cf2026e6ca5319df7d0446fc92558b0ae","_score":1.0,"_source":{"level":"error","wmi_component":"Unknown","wmi_xml_operation":"Operation_ClientFailure","etl_processed_time":"2022-01-18T19:17:19.880Z","etl_kafka_topic":"winlogbeat","event_id":5858,"meta_user_name_is_machine":"false","task":"","etl_host_agent_type":"winlogbeat","user_domain":"nt authority","user_name":"system","wmi_client_machine":"WIN10","etl_kafka_offset":2906,"etl_version":"2020.04.19.01","etl_host_agent_uid":"8faec186-b368-44a8-a9c5-6e284dfc7aea","@timestamp":"2022-01-18T16:32:55.717Z","beat_version":"7.6.2","z_elastic_ecs":{"agent":{},"log":{},"host":{},"event":{"provider":"Microsoft-Windows-WMI-Activity","kind":"event","created":"2022-01-18T19:17:09.571Z","code":5858},"ecs":{"version":"1.4.0"},"user":{"type":"User","identifier":"S-1-5-18","domain":"NT AUTHORITY","name":"SYSTEM"},"winlog":{"process":{"thread":{}}}},"beat_hostname":"win10","log_name":"Microsoft-Windows-WMI-Activity/Operational","wmi_id":"{9D2D0513-5CE6-4A4F-BD48-0CBFFB899422}","etl_kafka_partition":0,"wmi_operation":"Start IWbemServices::DeleteInstance - Root\\Rsop\\Computer : RSOP_ExtensionStatus.extensionGuid=\"{4CFB60C1-FAA6-47f1-89AA-0B18730C9FD3}\"","wmi_possible_cause":"Unknown","User":"nt authority\\system","type":"wineventlog","provider_guid":"1418ef04-b0b4-4623-bf7e-d74ab47bbdaa","wmi_result_code":"0x80041002","event_original_time":"2022-01-18T16:32:55.717Z","thread_id":3964,"etl_host_agent_ephemeral_uid":"298c86f2-fe36-4c4c-88aa-2a80cc6ed89e","@version":"1","opcode":"Info","etl_pipeline":["all-filter-0098","all-add_processed_timestamp","fingerprint-winlogbeats7","winlogbeat_7_and_above-field_nest_cleanup","winlogbeat_7_and_above-field_cleanups","1500","1522","wmi-user_field_renames","wmi-all-extract_domain_and_user_name","wmi-event_id-5858-field_rename","general_rename-various_global_options","provider_guid-cleanup","winevent-hostname-cleanup","winevent-user_name-is-machine-account","final-cleanup-message_field"],"record_number":254,"event_original_message":"Id = {9D2D0513-5CE6-4A4F-BD48-0CBFFB899422}; ClientMachine = WIN10; User = NT AUTHORITY\\SYSTEM; ClientProcessId = 712; Component = Unknown; Operation = Start IWbemServices::DeleteInstance - Root\\Rsop\\Computer : RSOP_ExtensionStatus.extensionGuid=\"{4CFB60C1-FAA6-47f1-89AA-0B18730C9FD3}\"; ResultCode = 0x80041002; PossibleCause = Unknown","source_name":"Microsoft-Windows-WMI-Activity","process_id":"712","etl_kafka_time":1642523575716,"host_name":"win10.windomain.local"}},{"_index":"logs-endpoint-winevent-wmiactivity-2022.01.18","_type":"_doc","_id":"911d2b98130cd57459ad665df25fa136c4b5d1db","_score":1.0,"_source":{"level":"error","wmi_component":"Unknown","wmi_xml_operation":"Operation_ClientFailure","etl_processed_time":"2022-01-18T19:17:19.880Z","etl_kafka_topic":"winlogbeat","event_id":5858,"meta_user_name_is_machine":"false","task":"","etl_host_agent_type":"winlogbeat","user_domain":"nt authority","user_name":"system","wmi_client_machine":"WIN10","etl_kafka_offset":2907,"etl_version":"2020.04.19.01","etl_host_agent_uid":"8faec186-b368-44a8-a9c5-6e284dfc7aea","@timestamp":"2022-01-18T16:32:55.720Z","beat_version":"7.6.2","z_elastic_ecs":{"agent":{},"log":{},"host":{},"event":{"provider":"Microsoft-Windows-WMI-Activity","kind":"event","created":"2022-01-18T19:17:09.571Z","code":5858},"ecs":{"version":"1.4.0"},"user":{"type":"User","identifier":"S-1-5-18","domain":"NT AUTHORITY","name":"SYSTEM"},"winlog":{"process":{"thread":{}}}},"beat_hostname":"win10","log_name":"Microsoft-Windows-WMI-Activity/Operational","wmi_id":"{9D2D0513-5CE6-4A4F-BD48-0CBFFB899422}","etl_kafka_partition":0,"wmi_operation":"Start IWbemServices::DeleteInstance - Root\\Rsop\\Computer : RSOP_ExtensionStatus.extensionGuid=\"{4d968b55-cac2-4ff5-983f-0a54603781a3}\"","wmi_possible_cause":"Unknown","User":"nt authority\\system","type":"wineventlog","provider_guid":"1418ef04-b0b4-4623-bf7e-d74ab47bbdaa","wmi_result_code":"0x80041002","event_original_time":"2022-01-18T16:32:55.720Z","thread_id":3964,"etl_host_agent_ephemeral_uid":"298c86f2-fe36-4c4c-88aa-2a80cc6ed89e","@version":"1","opcode":"Info","etl_pipeline":["all-filter-0098","all-add_processed_timestamp","fingerprint-winlogbeats7","winlogbeat_7_and_above-field_nest_cleanup","winlogbeat_7_and_above-field_cleanups","1500","1522","wmi-user_field_renames","wmi-all-extract_domain_and_user_name","wmi-event_id-5858-field_rename","general_rename-various_global_options","provider_guid-cleanup","winevent-hostname-cleanup","winevent-user_name-is-machine-account","final-cleanup-message_field"],"record_number":255,"event_original_message":"Id = {9D2D0513-5CE6-4A4F-BD48-0CBFFB899422}; ClientMachine = WIN10; User = NT AUTHORITY\\SYSTEM; ClientProcessId = 712; Component = Unknown; Operation = Start IWbemServices::DeleteInstance - Root\\Rsop\\Computer : RSOP_ExtensionStatus.extensionGuid=\"{4d968b55-cac2-4ff5-983f-0a54603781a3}\"; ResultCode = 0x80041002; PossibleCause = Unknown","source_name":"Microsoft-Windows-WMI-Activity","process_id":"712","etl_kafka_time":1642523575720,"host_name":"win10.windomain.local"}},