{"_index":"logs-endpoint-winevent-wmiactivity-2020.09.29","_type":"_doc","_id":"1efca35041a4be6232d7c2296803a14d8d97a000","_score":1.0,"_source":{"level":"error","wmi_component":"Unknown","wmi_xml_operation":"Operation_ClientFailure","etl_processed_time":"2022-01-18T19:17:13.458Z","etl_kafka_topic":"winlogbeat","event_id":5858,"task":"","etl_host_agent_type":"winlogbeat","wmi_client_machine":"VAGRANT-10","etl_kafka_offset":2560,"etl_version":"2020.04.19.01","etl_host_agent_uid":"8faec186-b368-44a8-a9c5-6e284dfc7aea","@timestamp":"2020-09-29T06:35:57.581Z","beat_version":"7.6.2","z_elastic_ecs":{"agent":{},"log":{},"host":{},"event":{"provider":"Microsoft-Windows-WMI-Activity","kind":"event","created":"2022-01-18T19:17:03.891Z","code":5858},"ecs":{"version":"1.4.0"},"user":{"identifier":"S-1-5-18","type":"User","domain":"NT AUTHORITY","name":"SYSTEM"},"winlog":{"process":{"thread":{}}}},"beat_hostname":"win10","log_name":"Microsoft-Windows-WMI-Activity/Operational","wmi_id":"{4F24E68D-BD0E-4AA4-BEA1-DC6DB11F04C7}","etl_kafka_partition":0,"wmi_operation":"Start IWbemServices::DeleteInstance - Root\\Rsop\\User\\S_1_5_21_1682166927_3851495277_586444471_1000 : RSOP_ExtensionStatus.extensionGuid=\"{0E28E245-9368-4853-AD84-6DA3BA35BB75}\"","wmi_possible_cause":"Unknown","type":"wineventlog","provider_guid":"1418ef04-b0b4-4623-bf7e-d74ab47bbdaa","wmi_result_code":"0x80041002","event_original_time":"2020-09-29T06:35:57.581Z","thread_id":2428,"etl_host_agent_ephemeral_uid":"298c86f2-fe36-4c4c-88aa-2a80cc6ed89e","@version":"1","opcode":"Info","etl_pipeline":["all-filter-0098","all-add_processed_timestamp","fingerprint-winlogbeats7","winlogbeat_7_and_above-field_nest_cleanup","winlogbeat_7_and_above-field_cleanups","1500","1522","wmi-user_field_renames","wmi-event_id-5858-field_rename","general_rename-various_global_options","provider_guid-cleanup","winevent-hostname-cleanup","final-cleanup-message_field"],"record_number":102,"event_original_message":"Id = {4F24E68D-BD0E-4AA4-BEA1-DC6DB11F04C7}; ClientMachine = VAGRANT-10; User = ; ClientProcessId = 1004; Component = Unknown; Operation = Start IWbemServices::DeleteInstance - Root\\Rsop\\User\\S_1_5_21_1682166927_3851495277_586444471_1000 : RSOP_ExtensionStatus.extensionGuid=\"{0E28E245-9368-4853-AD84-6DA3BA35BB75}\"; ResultCode = 0x80041002; PossibleCause = Unknown","source_name":"Microsoft-Windows-WMI-Activity","process_id":"1004","etl_kafka_time":1601361357580,"host_name":"vagrant-10"}},{"_index":"logs-endpoint-winevent-wmiactivity-2020.09.29","_type":"_doc","_id":"0961a4e5ff1e4039e54f33212d6e1c8eb1d65cde","_score":1.0,"_source":{"level":"error","wmi_component":"Unknown","wmi_xml_operation":"Operation_ClientFailure","etl_processed_time":"2022-01-18T19:17:13.761Z","etl_kafka_topic":"winlogbeat","event_id":5858,"task":"","etl_host_agent_type":"winlogbeat","wmi_client_machine":"VAGRANT-10","etl_kafka_offset":2562,"etl_version":"2020.04.19.01","etl_host_agent_uid":"8faec186-b368-44a8-a9c5-6e284dfc7aea","@timestamp":"2020-09-29T06:35:57.581Z","beat_version":"7.6.2","z_elastic_ecs":{"agent":{},"log":{},"host":{},"event":{"provider":"Microsoft-Windows-WMI-Activity","kind":"event","created":"2022-01-18T19:17:03.892Z","code":5858},"ecs":{"version":"1.4.0"},"user":{"identifier":"S-1-5-18","type":"User","domain":"NT AUTHORITY","name":"SYSTEM"},"winlog":{"process":{"thread":{}}}},"beat_hostname":"win10","log_name":"Microsoft-Windows-WMI-Activity/Operational","wmi_id":"{4F24E68D-BD0E-4AA4-BEA1-DC6DB11F04C7}","etl_kafka_partition":0,"wmi_operation":"Start IWbemServices::DeleteInstance - Root\\Rsop\\User\\S_1_5_21_1682166927_3851495277_586444471_1000 : RSOP_ExtensionStatus.extensionGuid=\"{17D89FEC-5C44-4972-B12D-241CAEF74509}\"","wmi_possible_cause":"Unknown","type":"wineventlog","provider_guid":"1418ef04-b0b4-4623-bf7e-d74ab47bbdaa","wmi_result_code":"0x80041002","event_original_time":"2020-09-29T06:35:57.581Z","thread_id":2428,"etl_host_agent_ephemeral_uid":"298c86f2-fe36-4c4c-88aa-2a80cc6ed89e","@version":"1","opcode":"Info","etl_pipeline":["all-filter-0098","all-add_processed_timestamp","fingerprint-winlogbeats7","winlogbeat_7_and_above-field_nest_cleanup","winlogbeat_7_and_above-field_cleanups","1500","1522","wmi-user_field_renames","wmi-event_id-5858-field_rename","general_rename-various_global_options","provider_guid-cleanup","winevent-hostname-cleanup","final-cleanup-message_field"],"record_number":104,"event_original_message":"Id = {4F24E68D-BD0E-4AA4-BEA1-DC6DB11F04C7}; ClientMachine = VAGRANT-10; User = ; ClientProcessId = 1004; Component = Unknown; Operation = Start IWbemServices::DeleteInstance - Root\\Rsop\\User\\S_1_5_21_1682166927_3851495277_586444471_1000 : RSOP_ExtensionStatus.extensionGuid=\"{17D89FEC-5C44-4972-B12D-241CAEF74509}\"; ResultCode = 0x80041002; PossibleCause = Unknown","source_name":"Microsoft-Windows-WMI-Activity","process_id":"1004","etl_kafka_time":1601361357581,"host_name":"vagrant-10"}},{"_index":"logs-endpoint-winevent-wmiactivity-2020.09.29","_type":"_doc","_id":"fb5bedb3bc0687a12baa7aee43375f3e760fd653","_score":1.0,"_source":{"level":"error","wmi_component":"Unknown","wmi_xml_operation":"Operation_ClientFailure","etl_processed_time":"2022-01-18T19:17:13.761Z","etl_kafka_topic":"winlogbeat","event_id":5858,"task":"","etl_host_agent_type":"winlogbeat","wmi_client_machine":"VAGRANT-10","etl_kafka_offset":2563,"etl_version":"2020.04.19.01","etl_host_agent_uid":"8faec186-b368-44a8-a9c5-6e284dfc7aea","@timestamp":"2020-09-29T06:35:57.582Z","beat_version":"7.6.2","z_elastic_ecs":{"agent":{},"log":{},"host":{},"event":{"provider":"Microsoft-Windows-WMI-Activity","kind":"event","created":"2022-01-18T19:17:03.892Z","code":5858},"ecs":{"version":"1.4.0"},"user":{"type":"User","identifier":"S-1-5-18","domain":"NT AUTHORITY","name":"SYSTEM"},"winlog":{"process":{"thread":{}}}},"beat_hostname":"win10","log_name":"Microsoft-Windows-WMI-Activity/Operational","wmi_id":"{4F24E68D-BD0E-4AA4-BEA1-DC6DB11F04C7}","etl_kafka_partition":0,"wmi_operation":"Start IWbemServices::DeleteInstance - Root\\Rsop\\User\\S_1_5_21_1682166927_3851495277_586444471_1000 : RSOP_ExtensionStatus.extensionGuid=\"{1A6364EB-776B-4120-ADE1-B63A406A76B5}\"","wmi_possible_cause":"Unknown","type":"wineventlog","provider_guid":"1418ef04-b0b4-4623-bf7e-d74ab47bbdaa","wmi_result_code":"0x80041002","event_original_time":"2020-09-29T06:35:57.582Z","thread_id":2428,"etl_host_agent_ephemeral_uid":"298c86f2-fe36-4c4c-88aa-2a80cc6ed89e","@version":"1","opcode":"Info","etl_pipeline":["all-filter-0098","all-add_processed_timestamp","fingerprint-winlogbeats7","winlogbeat_7_and_above-field_nest_cleanup","winlogbeat_7_and_above-field_cleanups","1500","1522","wmi-user_field_renames","wmi-event_id-5858-field_rename","general_rename-various_global_options","provider_guid-cleanup","winevent-hostname-cleanup","final-cleanup-message_field"],"record_number":105,"event_original_message":"Id = {4F24E68D-BD0E-4AA4-BEA1-DC6DB11F04C7}; ClientMachine = VAGRANT-10; User = ; ClientProcessId = 1004; Component = Unknown; Operation = Start IWbemServices::DeleteInstance - Root\\Rsop\\User\\S_1_5_21_1682166927_3851495277_586444471_1000 : RSOP_ExtensionStatus.extensionGuid=\"{1A6364EB-776B-4120-ADE1-B63A406A76B5}\"; ResultCode = 0x80041002; PossibleCause = Unknown","source_name":"Microsoft-Windows-WMI-Activity","process_id":"1004","etl_kafka_time":1601361357581,"host_name":"vagrant-10"}},{"_index":"logs-endpoint-winevent-wmiactivity-2020.09.29","_type":"_doc","_id":"d9fac4889560425a0476abe892bd6766b8df8041","_score":1.0,"_source":{"level":"error","wmi_component":"Unknown","wmi_xml_operation":"Operation_ClientFailure","etl_processed_time":"2022-01-18T19:17:13.761Z","etl_kafka_topic":"winlogbeat","event_id":5858,"task":"","etl_host_agent_type":"winlogbeat","wmi_client_machine":"VAGRANT-10","etl_kafka_offset":2564,"etl_version":"2020.04.19.01","etl_host_agent_uid":"8faec186-b368-44a8-a9c5-6e284dfc7aea","@timestamp":"2020-09-29T06:35:57.582Z","beat_version":"7.6.2","z_elastic_ecs":{"agent":{},"log":{},"host":{},"event":{"provider":"Microsoft-Windows-WMI-Activity","kind":"event","created":"2022-01-18T19:17:03.892Z","code":5858},"ecs":{"version":"1.4.0"},"user":{"type":"User","identifier":"S-1-5-18","domain":"NT AUTHORITY","name":"SYSTEM"},"winlog":{"process":{"thread":{}}}},"beat_hostname":"win10","log_name":"Microsoft-Windows-WMI-Activity/Operational","wmi_id":"{4F24E68D-BD0E-4AA4-BEA1-DC6DB11F04C7}","etl_kafka_partition":0,"wmi_operation":"Start IWbemServices::DeleteInstance - Root\\Rsop\\User\\S_1_5_21_1682166927_3851495277_586444471_1000 : RSOP_ExtensionStatus.extensionGuid=\"{25537BA6-77A8-11D2-9B6C-0000F8080861}\"","wmi_possible_cause":"Unknown","type":"wineventlog","provider_guid":"1418ef04-b0b4-4623-bf7e-d74ab47bbdaa","wmi_result_code":"0x80041002","event_original_time":"2020-09-29T06:35:57.582Z","thread_id":2428,"etl_host_agent_ephemeral_uid":"298c86f2-fe36-4c4c-88aa-2a80cc6ed89e","@version":"1","opcode":"Info","etl_pipeline":["all-filter-0098","all-add_processed_timestamp","fingerprint-winlogbeats7","winlogbeat_7_and_above-field_nest_cleanup","winlogbeat_7_and_above-field_cleanups","1500","1522","wmi-user_field_renames","wmi-event_id-5858-field_rename","general_rename-various_global_options","provider_guid-cleanup","winevent-hostname-cleanup","final-cleanup-message_field"],"record_number":106,"event_original_message":"Id = {4F24E68D-BD0E-4AA4-BEA1-DC6DB11F04C7}; ClientMachine = VAGRANT-10; User = ; ClientProcessId = 1004; Component = Unknown; Operation = Start IWbemServices::DeleteInstance - Root\\Rsop\\User\\S_1_5_21_1682166927_3851495277_586444471_1000 : RSOP_ExtensionStatus.extensionGuid=\"{25537BA6-77A8-11D2-9B6C-0000F8080861}\"; ResultCode = 0x80041002; PossibleCause = Unknown","source_name":"Microsoft-Windows-WMI-Activity","process_id":"1004","etl_kafka_time":1601361357582,"host_name":"vagrant-10"}},{"_index":"logs-endpoint-winevent-wmiactivity-2020.09.29","_type":"_doc","_id":"87b04d41d68017335a88017390be0f7a6272c45e","_score":1.0,"_source":{"level":"error","wmi_component":"Unknown","wmi_xml_operation":"Operation_ClientFailure","etl_processed_time":"2022-01-18T19:17:13.761Z","etl_kafka_topic":"winlogbeat","event_id":5858,"task":"","etl_host_agent_type":"winlogbeat","wmi_client_machine":"VAGRANT-10","etl_kafka_offset":2566,"etl_version":"2020.04.19.01","etl_host_agent_uid":"8faec186-b368-44a8-a9c5-6e284dfc7aea","@timestamp":"2020-09-29T06:35:57.583Z","beat_version":"7.6.2","z_elastic_ecs":{"agent":{},"log":{},"host":{},"event":{"provider":"Microsoft-Windows-WMI-Activity","kind":"event","created":"2022-01-18T19:17:03.892Z","code":5858},"ecs":{"version":"1.4.0"},"user":{"identifier":"S-1-5-18","type":"User","domain":"NT AUTHORITY","name":"SYSTEM"},"winlog":{"process":{"thread":{}}}},"beat_hostname":"win10","log_name":"Microsoft-Windows-WMI-Activity/Operational","wmi_id":"{4F24E68D-BD0E-4AA4-BEA1-DC6DB11F04C7}","etl_kafka_partition":0,"wmi_operation":"Start IWbemServices::DeleteInstance - Root\\Rsop\\User\\S_1_5_21_1682166927_3851495277_586444471_1000 : RSOP_ExtensionStatus.extensionGuid=\"{3A0DBA37-F8B2-4356-83DE-3E90BD5C261F}\"","wmi_possible_cause":"Unknown","type":"wineventlog","provider_guid":"1418ef04-b0b4-4623-bf7e-d74ab47bbdaa","wmi_result_code":"0x80041002","event_original_time":"2020-09-29T06:35:57.583Z","thread_id":2428,"etl_host_agent_ephemeral_uid":"298c86f2-fe36-4c4c-88aa-2a80cc6ed89e","@version":"1","opcode":"Info","etl_pipeline":["all-filter-0098","all-add_processed_timestamp","fingerprint-winlogbeats7","winlogbeat_7_and_above-field_nest_cleanup","winlogbeat_7_and_above-field_cleanups","1500","1522","wmi-user_field_renames","wmi-event_id-5858-field_rename","general_rename-various_global_options","provider_guid-cleanup","winevent-hostname-cleanup","final-cleanup-message_field"],"record_number":108,"event_original_message":"Id = {4F24E68D-BD0E-4AA4-BEA1-DC6DB11F04C7}; ClientMachine = VAGRANT-10; User = ; ClientProcessId = 1004; Component = Unknown; Operation = Start IWbemServices::DeleteInstance - Root\\Rsop\\User\\S_1_5_21_1682166927_3851495277_586444471_1000 : RSOP_ExtensionStatus.extensionGuid=\"{3A0DBA37-F8B2-4356-83DE-3E90BD5C261F}\"; ResultCode = 0x80041002; PossibleCause = Unknown","source_name":"Microsoft-Windows-WMI-Activity","process_id":"1004","etl_kafka_time":1601361357582,"host_name":"vagrant-10"}},{"_index":"logs-endpoint-winevent-wmiactivity-2020.09.29","_type":"_doc","_id":"9f7a1ab68a1a062d28af3a8397ffbad58c92d6ac","_score":1.0,"_source":{"level":"error","wmi_component":"Unknown","wmi_xml_operation":"Operation_ClientFailure","etl_processed_time":"2022-01-18T19:17:13.761Z","etl_kafka_topic":"winlogbeat","event_id":5858,"task":"","etl_host_agent_type":"winlogbeat","wmi_client_machine":"VAGRANT-10","etl_kafka_offset":2567,"etl_version":"2020.04.19.01","etl_host_agent_uid":"8faec186-b368-44a8-a9c5-6e284dfc7aea","@timestamp":"2020-09-29T06:35:57.583Z","beat_version":"7.6.2","z_elastic_ecs":{"agent":{},"log":{},"host":{},"event":{"provider":"Microsoft-Windows-WMI-Activity","kind":"event","created":"2022-01-18T19:17:03.892Z","code":5858},"ecs":{"version":"1.4.0"},"user":{"type":"User","identifier":"S-1-5-18","domain":"NT AUTHORITY","name":"SYSTEM"},"winlog":{"process":{"thread":{}}}},"beat_hostname":"win10","log_name":"Microsoft-Windows-WMI-Activity/Operational","wmi_id":"{4F24E68D-BD0E-4AA4-BEA1-DC6DB11F04C7}","etl_kafka_partition":0,"wmi_operation":"Start IWbemServices::DeleteInstance - Root\\Rsop\\User\\S_1_5_21_1682166927_3851495277_586444471_1000 : RSOP_ExtensionStatus.extensionGuid=\"{42B5FAAE-6536-11d2-AE5A-0000F87571E3}\"","wmi_possible_cause":"Unknown","type":"wineventlog","provider_guid":"1418ef04-b0b4-4623-bf7e-d74ab47bbdaa","wmi_result_code":"0x80041002","event_original_time":"2020-09-29T06:35:57.583Z","thread_id":2428,"etl_host_agent_ephemeral_uid":"298c86f2-fe36-4c4c-88aa-2a80cc6ed89e","@version":"1","opcode":"Info","etl_pipeline":["all-filter-0098","all-add_processed_timestamp","fingerprint-winlogbeats7","winlogbeat_7_and_above-field_nest_cleanup","winlogbeat_7_and_above-field_cleanups","1500","1522","wmi-user_field_renames","wmi-event_id-5858-field_rename","general_rename-various_global_options","provider_guid-cleanup","winevent-hostname-cleanup","final-cleanup-message_field"],"record_number":109,"event_original_message":"Id = {4F24E68D-BD0E-4AA4-BEA1-DC6DB11F04C7}; ClientMachine = VAGRANT-10; User = ; ClientProcessId = 1004; Component = Unknown; Operation = Start IWbemServices::DeleteInstance - Root\\Rsop\\User\\S_1_5_21_1682166927_3851495277_586444471_1000 : RSOP_ExtensionStatus.extensionGuid=\"{42B5FAAE-6536-11d2-AE5A-0000F87571E3}\"; ResultCode = 0x80041002; PossibleCause = Unknown","source_name":"Microsoft-Windows-WMI-Activity","process_id":"1004","etl_kafka_time":1601361357583,"host_name":"vagrant-10"}},{"_index":"logs-endpoint-winevent-wmiactivity-2020.09.29","_type":"_doc","_id":"849cdd7cd76af889b08ddff3e3d99504752ffed9","_score":1.0,"_source":{"level":"error","wmi_component":"Unknown","wmi_xml_operation":"Operation_ClientFailure","etl_processed_time":"2022-01-18T19:17:13.761Z","etl_kafka_topic":"winlogbeat","event_id":5858,"task":"","etl_host_agent_type":"winlogbeat","wmi_client_machine":"VAGRANT-10","etl_kafka_offset":2568,"etl_version":"2020.04.19.01","etl_host_agent_uid":"8faec186-b368-44a8-a9c5-6e284dfc7aea","@timestamp":"2020-09-29T06:35:57.583Z","beat_version":"7.6.2","z_elastic_ecs":{"agent":{},"log":{},"host":{},"event":{"provider":"Microsoft-Windows-WMI-Activity","kind":"event","created":"2022-01-18T19:17:03.892Z","code":5858},"ecs":{"version":"1.4.0"},"user":{"type":"User","identifier":"S-1-5-18","domain":"NT AUTHORITY","name":"SYSTEM"},"winlog":{"process":{"thread":{}}}},"beat_hostname":"win10","log_name":"Microsoft-Windows-WMI-Activity/Operational","wmi_id":"{4F24E68D-BD0E-4AA4-BEA1-DC6DB11F04C7}","etl_kafka_partition":0,"wmi_operation":"Start IWbemServices::DeleteInstance - Root\\Rsop\\User\\S_1_5_21_1682166927_3851495277_586444471_1000 : RSOP_ExtensionStatus.extensionGuid=\"{4B7C3B0F-E993-4E06-A241-3FBE06943684}\"","wmi_possible_cause":"Unknown","type":"wineventlog","provider_guid":"1418ef04-b0b4-4623-bf7e-d74ab47bbdaa","wmi_result_code":"0x80041002","event_original_time":"2020-09-29T06:35:57.583Z","thread_id":2428,"etl_host_agent_ephemeral_uid":"298c86f2-fe36-4c4c-88aa-2a80cc6ed89e","@version":"1","opcode":"Info","etl_pipeline":["all-filter-0098","all-add_processed_timestamp","fingerprint-winlogbeats7","winlogbeat_7_and_above-field_nest_cleanup","winlogbeat_7_and_above-field_cleanups","1500","1522","wmi-user_field_renames","wmi-event_id-5858-field_rename","general_rename-various_global_options","provider_guid-cleanup","winevent-hostname-cleanup","final-cleanup-message_field"],"record_number":110,"event_original_message":"Id = {4F24E68D-BD0E-4AA4-BEA1-DC6DB11F04C7}; ClientMachine = VAGRANT-10; User = ; ClientProcessId = 1004; Component = Unknown; Operation = Start IWbemServices::DeleteInstance - Root\\Rsop\\User\\S_1_5_21_1682166927_3851495277_586444471_1000 : RSOP_ExtensionStatus.extensionGuid=\"{4B7C3B0F-E993-4E06-A241-3FBE06943684}\"; ResultCode = 0x80041002; PossibleCause = Unknown","source_name":"Microsoft-Windows-WMI-Activity","process_id":"1004","etl_kafka_time":1601361357583,"host_name":"vagrant-10"}},{"_index":"logs-endpoint-winevent-wmiactivity-2020.09.29","_type":"_doc","_id":"e7c104b9d852f4c11f34cd123f81f3dead81490f","_score":1.0,"_source":{"level":"error","wmi_component":"Unknown","wmi_xml_operation":"Operation_ClientFailure","etl_processed_time":"2022-01-18T19:17:13.761Z","etl_kafka_topic":"winlogbeat","event_id":5858,"task":"","etl_host_agent_type":"winlogbeat","wmi_client_machine":"VAGRANT-10","etl_kafka_offset":2569,"etl_version":"2020.04.19.01","etl_host_agent_uid":"8faec186-b368-44a8-a9c5-6e284dfc7aea","@timestamp":"2020-09-29T06:35:57.584Z","beat_version":"7.6.2","z_elastic_ecs":{"agent":{},"log":{},"host":{},"event":{"provider":"Microsoft-Windows-WMI-Activity","kind":"event","created":"2022-01-18T19:17:03.892Z","code":5858},"ecs":{"version":"1.4.0"},"user":{"identifier":"S-1-5-18","type":"User","domain":"NT AUTHORITY","name":"SYSTEM"},"winlog":{"process":{"thread":{}}}},"beat_hostname":"win10","log_name":"Microsoft-Windows-WMI-Activity/Operational","wmi_id":"{4F24E68D-BD0E-4AA4-BEA1-DC6DB11F04C7}","etl_kafka_partition":0,"wmi_operation":"Start IWbemServices::DeleteInstance - Root\\Rsop\\User\\S_1_5_21_1682166927_3851495277_586444471_1000 : RSOP_ExtensionStatus.extensionGuid=\"{4CFB60C1-FAA6-47f1-89AA-0B18730C9FD3}\"","wmi_possible_cause":"Unknown","type":"wineventlog","provider_guid":"1418ef04-b0b4-4623-bf7e-d74ab47bbdaa","wmi_result_code":"0x80041002","event_original_time":"2020-09-29T06:35:57.584Z","thread_id":2428,"etl_host_agent_ephemeral_uid":"298c86f2-fe36-4c4c-88aa-2a80cc6ed89e","@version":"1","opcode":"Info","etl_pipeline":["all-filter-0098","all-add_processed_timestamp","fingerprint-winlogbeats7","winlogbeat_7_and_above-field_nest_cleanup","winlogbeat_7_and_above-field_cleanups","1500","1522","wmi-user_field_renames","wmi-event_id-5858-field_rename","general_rename-various_global_options","provider_guid-cleanup","winevent-hostname-cleanup","final-cleanup-message_field"],"record_number":111,"event_original_message":"Id = {4F24E68D-BD0E-4AA4-BEA1-DC6DB11F04C7}; ClientMachine = VAGRANT-10; User = ; ClientProcessId = 1004; Component = Unknown; Operation = Start IWbemServices::DeleteInstance - Root\\Rsop\\User\\S_1_5_21_1682166927_3851495277_586444471_1000 : RSOP_ExtensionStatus.extensionGuid=\"{4CFB60C1-FAA6-47f1-89AA-0B18730C9FD3}\"; ResultCode = 0x80041002; PossibleCause = Unknown","source_name":"Microsoft-Windows-WMI-Activity","process_id":"1004","etl_kafka_time":1601361357583,"host_name":"vagrant-10"}},{"_index":"logs-endpoint-winevent-wmiactivity-2020.09.29","_type":"_doc","_id":"40c57873c23de4d8f96acc4b81534d30f712d92e","_score":1.0,"_source":{"level":"error","wmi_component":"Unknown","wmi_xml_operation":"Operation_ClientFailure","etl_processed_time":"2022-01-18T19:17:13.762Z","etl_kafka_topic":"winlogbeat","event_id":5858,"task":"","etl_host_agent_type":"winlogbeat","wmi_client_machine":"VAGRANT-10","etl_kafka_offset":2570,"etl_version":"2020.04.19.01","etl_host_agent_uid":"8faec186-b368-44a8-a9c5-6e284dfc7aea","@timestamp":"2020-09-29T06:35:57.584Z","beat_version":"7.6.2","z_elastic_ecs":{"agent":{},"log":{},"host":{},"event":{"provider":"Microsoft-Windows-WMI-Activity","kind":"event","created":"2022-01-18T19:17:03.892Z","code":5858},"ecs":{"version":"1.4.0"},"user":{"type":"User","identifier":"S-1-5-18","domain":"NT AUTHORITY","name":"SYSTEM"},"winlog":{"process":{"thread":{}}}},"beat_hostname":"win10","log_name":"Microsoft-Windows-WMI-Activity/Operational","wmi_id":"{4F24E68D-BD0E-4AA4-BEA1-DC6DB11F04C7}","etl_kafka_partition":0,"wmi_operation":"Start IWbemServices::DeleteInstance - Root\\Rsop\\User\\S_1_5_21_1682166927_3851495277_586444471_1000 : RSOP_ExtensionStatus.extensionGuid=\"{4D2F9B6F-1E52-4711-A382-6A8B1A003DE6}\"","wmi_possible_cause":"Unknown","type":"wineventlog","provider_guid":"1418ef04-b0b4-4623-bf7e-d74ab47bbdaa","wmi_result_code":"0x80041002","event_original_time":"2020-09-29T06:35:57.584Z","thread_id":2428,"etl_host_agent_ephemeral_uid":"298c86f2-fe36-4c4c-88aa-2a80cc6ed89e","@version":"1","opcode":"Info","etl_pipeline":["all-filter-0098","all-add_processed_timestamp","fingerprint-winlogbeats7","winlogbeat_7_and_above-field_nest_cleanup","winlogbeat_7_and_above-field_cleanups","1500","1522","wmi-user_field_renames","wmi-event_id-5858-field_rename","general_rename-various_global_options","provider_guid-cleanup","winevent-hostname-cleanup","final-cleanup-message_field"],"record_number":112,"event_original_message":"Id = {4F24E68D-BD0E-4AA4-BEA1-DC6DB11F04C7}; ClientMachine = VAGRANT-10; User = ; ClientProcessId = 1004; Component = Unknown; Operation = Start IWbemServices::DeleteInstance - Root\\Rsop\\User\\S_1_5_21_1682166927_3851495277_586444471_1000 : RSOP_ExtensionStatus.extensionGuid=\"{4D2F9B6F-1E52-4711-A382-6A8B1A003DE6}\"; ResultCode = 0x80041002; PossibleCause = Unknown","source_name":"Microsoft-Windows-WMI-Activity","process_id":"1004","etl_kafka_time":1601361357584,"host_name":"vagrant-10"}},{"_index":"logs-endpoint-winevent-wmiactivity-2020.09.29","_type":"_doc","_id":"0a9bad70b1a4824814f117ec576db193a7b7fc02","_score":1.0,"_source":{"level":"error","wmi_component":"Unknown","wmi_xml_operation":"Operation_ClientFailure","etl_processed_time":"2022-01-18T19:17:13.762Z","etl_kafka_topic":"winlogbeat","event_id":5858,"task":"","etl_host_agent_type":"winlogbeat","wmi_client_machine":"VAGRANT-10","etl_kafka_offset":2571,"etl_version":"2020.04.19.01","etl_host_agent_uid":"8faec186-b368-44a8-a9c5-6e284dfc7aea","@timestamp":"2020-09-29T06:35:57.584Z","beat_version":"7.6.2","z_elastic_ecs":{"agent":{},"log":{},"host":{},"event":{"provider":"Microsoft-Windows-WMI-Activity","kind":"event","created":"2022-01-18T19:17:03.892Z","code":5858},"ecs":{"version":"1.4.0"},"user":{"type":"User","identifier":"S-1-5-18","domain":"NT AUTHORITY","name":"SYSTEM"},"winlog":{"process":{"thread":{}}}},"beat_hostname":"win10","log_name":"Microsoft-Windows-WMI-Activity/Operational","wmi_id":"{4F24E68D-BD0E-4AA4-BEA1-DC6DB11F04C7}","etl_kafka_partition":0,"wmi_operation":"Start IWbemServices::DeleteInstance - Root\\Rsop\\User\\S_1_5_21_1682166927_3851495277_586444471_1000 : RSOP_ExtensionStatus.extensionGuid=\"{4d968b55-cac2-4ff5-983f-0a54603781a3}\"","wmi_possible_cause":"Unknown","type":"wineventlog","provider_guid":"1418ef04-b0b4-4623-bf7e-d74ab47bbdaa","wmi_result_code":"0x80041002","event_original_time":"2020-09-29T06:35:57.584Z","thread_id":2428,"etl_host_agent_ephemeral_uid":"298c86f2-fe36-4c4c-88aa-2a80cc6ed89e","@version":"1","opcode":"Info","etl_pipeline":["all-filter-0098","all-add_processed_timestamp","fingerprint-winlogbeats7","winlogbeat_7_and_above-field_nest_cleanup","winlogbeat_7_and_above-field_cleanups","1500","1522","wmi-user_field_renames","wmi-event_id-5858-field_rename","general_rename-various_global_options","provider_guid-cleanup","winevent-hostname-cleanup","final-cleanup-message_field"],"record_number":113,"event_original_message":"Id = {4F24E68D-BD0E-4AA4-BEA1-DC6DB11F04C7}; ClientMachine = VAGRANT-10; User = ; ClientProcessId = 1004; Component = Unknown; Operation = Start IWbemServices::DeleteInstance - Root\\Rsop\\User\\S_1_5_21_1682166927_3851495277_586444471_1000 : RSOP_ExtensionStatus.extensionGuid=\"{4d968b55-cac2-4ff5-983f-0a54603781a3}\"; ResultCode = 0x80041002; PossibleCause = Unknown","source_name":"Microsoft-Windows-WMI-Activity","process_id":"1004","etl_kafka_time":1601361357584,"host_name":"vagrant-10"}},{"_index":"logs-endpoint-winevent-wmiactivity-2020.09.29","_type":"_doc","_id":"cc85c4bffe2c2a8a2e45c27a111f781e4f9b58d9","_score":1.0,"_source":{"level":"error","wmi_component":"Unknown","wmi_xml_operation":"Operation_ClientFailure","etl_processed_time":"2022-01-18T19:17:13.762Z","etl_kafka_topic":"winlogbeat","event_id":5858,"task":"","etl_host_agent_type":"winlogbeat","wmi_client_machine":"VAGRANT-10","etl_kafka_offset":2572,"etl_version":"2020.04.19.01","etl_host_agent_uid":"8faec186-b368-44a8-a9c5-6e284dfc7aea","@timestamp":"2020-09-29T06:35:57.585Z","beat_version":"7.6.2","z_elastic_ecs":{"agent":{},"log":{},"host":{},"event":{"provider":"Microsoft-Windows-WMI-Activity","kind":"event","created":"2022-01-18T19:17:03.892Z","code":5858},"ecs":{"version":"1.4.0"},"user":{"identifier":"S-1-5-18","type":"User","domain":"NT AUTHORITY","name":"SYSTEM"},"winlog":{"process":{"thread":{}}}},"beat_hostname":"win10","log_name":"Microsoft-Windows-WMI-Activity/Operational","wmi_id":"{4F24E68D-BD0E-4AA4-BEA1-DC6DB11F04C7}","etl_kafka_partition":0,"wmi_operation":"Start IWbemServices::DeleteInstance - Root\\Rsop\\User\\S_1_5_21_1682166927_3851495277_586444471_1000 : RSOP_ExtensionStatus.extensionGuid=\"{5794DAFD-BE60-433f-88A2-1A31939AC01F}\"","wmi_possible_cause":"Unknown","type":"wineventlog","provider_guid":"1418ef04-b0b4-4623-bf7e-d74ab47bbdaa","wmi_result_code":"0x80041002","event_original_time":"2020-09-29T06:35:57.585Z","thread_id":2428,"etl_host_agent_ephemeral_uid":"298c86f2-fe36-4c4c-88aa-2a80cc6ed89e","@version":"1","opcode":"Info","etl_pipeline":["all-filter-0098","all-add_processed_timestamp","fingerprint-winlogbeats7","winlogbeat_7_and_above-field_nest_cleanup","winlogbeat_7_and_above-field_cleanups","1500","1522","wmi-user_field_renames","wmi-event_id-5858-field_rename","general_rename-various_global_options","provider_guid-cleanup","winevent-hostname-cleanup","final-cleanup-message_field"],"record_number":114,"event_original_message":"Id = {4F24E68D-BD0E-4AA4-BEA1-DC6DB11F04C7}; ClientMachine = VAGRANT-10; User = ; ClientProcessId = 1004; Component = Unknown; Operation = Start IWbemServices::DeleteInstance - Root\\Rsop\\User\\S_1_5_21_1682166927_3851495277_586444471_1000 : RSOP_ExtensionStatus.extensionGuid=\"{5794DAFD-BE60-433f-88A2-1A31939AC01F}\"; ResultCode = 0x80041002; PossibleCause = Unknown","source_name":"Microsoft-Windows-WMI-Activity","process_id":"1004","etl_kafka_time":1601361357584,"host_name":"vagrant-10"}},{"_index":"logs-endpoint-winevent-wmiactivity-2020.09.29","_type":"_doc","_id":"11a651941b937b5a38df706ac499937399982b33","_score":1.0,"_source":{"level":"error","wmi_component":"Unknown","wmi_xml_operation":"Operation_ClientFailure","etl_processed_time":"2022-01-18T19:17:13.762Z","etl_kafka_topic":"winlogbeat","event_id":5858,"task":"","etl_host_agent_type":"winlogbeat","wmi_client_machine":"VAGRANT-10","etl_kafka_offset":2573,"etl_version":"2020.04.19.01","etl_host_agent_uid":"8faec186-b368-44a8-a9c5-6e284dfc7aea","@timestamp":"2020-09-29T06:35:57.585Z","beat_version":"7.6.2","z_elastic_ecs":{"agent":{},"log":{},"host":{},"event":{"provider":"Microsoft-Windows-WMI-Activity","kind":"event","created":"2022-01-18T19:17:03.892Z","code":5858},"ecs":{"version":"1.4.0"},"user":{"type":"User","identifier":"S-1-5-18","domain":"NT AUTHORITY","name":"SYSTEM"},"winlog":{"process":{"thread":{}}}},"beat_hostname":"win10","log_name":"Microsoft-Windows-WMI-Activity/Operational","wmi_id":"{4F24E68D-BD0E-4AA4-BEA1-DC6DB11F04C7}","etl_kafka_partition":0,"wmi_operation":"Start IWbemServices::DeleteInstance - Root\\Rsop\\User\\S_1_5_21_1682166927_3851495277_586444471_1000 : RSOP_ExtensionStatus.extensionGuid=\"{6232C319-91AC-4931-9385-E70C2B099F0E}\"","wmi_possible_cause":"Unknown","type":"wineventlog","provider_guid":"1418ef04-b0b4-4623-bf7e-d74ab47bbdaa","wmi_result_code":"0x80041002","event_original_time":"2020-09-29T06:35:57.585Z","thread_id":2428,"etl_host_agent_ephemeral_uid":"298c86f2-fe36-4c4c-88aa-2a80cc6ed89e","@version":"1","opcode":"Info","etl_pipeline":["all-filter-0098","all-add_processed_timestamp","fingerprint-winlogbeats7","winlogbeat_7_and_above-field_nest_cleanup","winlogbeat_7_and_above-field_cleanups","1500","1522","wmi-user_field_renames","wmi-event_id-5858-field_rename","general_rename-various_global_options","provider_guid-cleanup","winevent-hostname-cleanup","final-cleanup-message_field"],"record_number":115,"event_original_message":"Id = {4F24E68D-BD0E-4AA4-BEA1-DC6DB11F04C7}; ClientMachine = VAGRANT-10; User = ; ClientProcessId = 1004; Component = Unknown; Operation = Start IWbemServices::DeleteInstance - Root\\Rsop\\User\\S_1_5_21_1682166927_3851495277_586444471_1000 : RSOP_ExtensionStatus.extensionGuid=\"{6232C319-91AC-4931-9385-E70C2B099F0E}\"; ResultCode = 0x80041002; PossibleCause = Unknown","source_name":"Microsoft-Windows-WMI-Activity","process_id":"1004","etl_kafka_time":1601361357584,"host_name":"vagrant-10"}},{"_index":"logs-endpoint-winevent-wmiactivity-2020.09.29","_type":"_doc","_id":"1bad2e28c2af075dc4c8e3da314753e9204f0529","_score":1.0,"_source":{"level":"error","wmi_component":"Unknown","wmi_xml_operation":"Operation_ClientFailure","etl_processed_time":"2022-01-18T19:17:13.762Z","etl_kafka_topic":"winlogbeat","event_id":5858,"task":"","etl_host_agent_type":"winlogbeat","wmi_client_machine":"VAGRANT-10","etl_kafka_offset":2574,"etl_version":"2020.04.19.01","etl_host_agent_uid":"8faec186-b368-44a8-a9c5-6e284dfc7aea","@timestamp":"2020-09-29T06:35:57.585Z","beat_version":"7.6.2","z_elastic_ecs":{"agent":{},"log":{},"host":{},"event":{"provider":"Microsoft-Windows-WMI-Activity","kind":"event","created":"2022-01-18T19:17:03.892Z","code":5858},"ecs":{"version":"1.4.0"},"user":{"type":"User","identifier":"S-1-5-18","domain":"NT AUTHORITY","name":"SYSTEM"},"winlog":{"process":{"thread":{}}}},"beat_hostname":"win10","log_name":"Microsoft-Windows-WMI-Activity/Operational","wmi_id":"{4F24E68D-BD0E-4AA4-BEA1-DC6DB11F04C7}","etl_kafka_partition":0,"wmi_operation":"Start IWbemServices::DeleteInstance - Root\\Rsop\\User\\S_1_5_21_1682166927_3851495277_586444471_1000 : RSOP_ExtensionStatus.extensionGuid=\"{7150F9BF-48AD-4da4-A49C-29EF4A8369BA}\"","wmi_possible_cause":"Unknown","type":"wineventlog","provider_guid":"1418ef04-b0b4-4623-bf7e-d74ab47bbdaa","wmi_result_code":"0x80041002","event_original_time":"2020-09-29T06:35:57.585Z","thread_id":2428,"etl_host_agent_ephemeral_uid":"298c86f2-fe36-4c4c-88aa-2a80cc6ed89e","@version":"1","opcode":"Info","etl_pipeline":["all-filter-0098","all-add_processed_timestamp","fingerprint-winlogbeats7","winlogbeat_7_and_above-field_nest_cleanup","winlogbeat_7_and_above-field_cleanups","1500","1522","wmi-user_field_renames","wmi-event_id-5858-field_rename","general_rename-various_global_options","provider_guid-cleanup","winevent-hostname-cleanup","final-cleanup-message_field"],"record_number":116,"event_original_message":"Id = {4F24E68D-BD0E-4AA4-BEA1-DC6DB11F04C7}; ClientMachine = VAGRANT-10; User = ; ClientProcessId = 1004; Component = Unknown; Operation = Start IWbemServices::DeleteInstance - Root\\Rsop\\User\\S_1_5_21_1682166927_3851495277_586444471_1000 : RSOP_ExtensionStatus.extensionGuid=\"{7150F9BF-48AD-4da4-A49C-29EF4A8369BA}\"; ResultCode = 0x80041002; PossibleCause = Unknown","source_name":"Microsoft-Windows-WMI-Activity","process_id":"1004","etl_kafka_time":1601361357585,"host_name":"vagrant-10"}},{"_index":"logs-endpoint-winevent-wmiactivity-2020.09.29","_type":"_doc","_id":"b3f52151710db933127cc67c4586b0d27ce15cad","_score":1.0,"_source":{"level":"error","wmi_component":"Unknown","wmi_xml_operation":"Operation_ClientFailure","etl_processed_time":"2022-01-18T19:17:13.762Z","etl_kafka_topic":"winlogbeat","event_id":5858,"task":"","etl_host_agent_type":"winlogbeat","wmi_client_machine":"VAGRANT-10","etl_kafka_offset":2575,"etl_version":"2020.04.19.01","etl_host_agent_uid":"8faec186-b368-44a8-a9c5-6e284dfc7aea","@timestamp":"2020-09-29T06:35:57.586Z","beat_version":"7.6.2","z_elastic_ecs":{"agent":{},"log":{},"host":{},"event":{"provider":"Microsoft-Windows-WMI-Activity","kind":"event","created":"2022-01-18T19:17:03.892Z","code":5858},"ecs":{"version":"1.4.0"},"user":{"type":"User","identifier":"S-1-5-18","domain":"NT AUTHORITY","name":"SYSTEM"},"winlog":{"process":{"thread":{}}}},"beat_hostname":"win10","log_name":"Microsoft-Windows-WMI-Activity/Operational","wmi_id":"{4F24E68D-BD0E-4AA4-BEA1-DC6DB11F04C7}","etl_kafka_partition":0,"wmi_operation":"Start IWbemServices::DeleteInstance - Root\\Rsop\\User\\S_1_5_21_1682166927_3851495277_586444471_1000 : RSOP_ExtensionStatus.extensionGuid=\"{728EE579-943C-4519-9EF7-AB56765798ED}\"","wmi_possible_cause":"Unknown","type":"wineventlog","provider_guid":"1418ef04-b0b4-4623-bf7e-d74ab47bbdaa","wmi_result_code":"0x80041002","event_original_time":"2020-09-29T06:35:57.586Z","thread_id":2428,"etl_host_agent_ephemeral_uid":"298c86f2-fe36-4c4c-88aa-2a80cc6ed89e","@version":"1","opcode":"Info","etl_pipeline":["all-filter-0098","all-add_processed_timestamp","fingerprint-winlogbeats7","winlogbeat_7_and_above-field_nest_cleanup","winlogbeat_7_and_above-field_cleanups","1500","1522","wmi-user_field_renames","wmi-event_id-5858-field_rename","general_rename-various_global_options","provider_guid-cleanup","winevent-hostname-cleanup","final-cleanup-message_field"],"record_number":117,"event_original_message":"Id = {4F24E68D-BD0E-4AA4-BEA1-DC6DB11F04C7}; ClientMachine = VAGRANT-10; User = ; ClientProcessId = 1004; Component = Unknown; Operation = Start IWbemServices::DeleteInstance - Root\\Rsop\\User\\S_1_5_21_1682166927_3851495277_586444471_1000 : RSOP_ExtensionStatus.extensionGuid=\"{728EE579-943C-4519-9EF7-AB56765798ED}\"; ResultCode = 0x80041002; PossibleCause = Unknown","source_name":"Microsoft-Windows-WMI-Activity","process_id":"1004","etl_kafka_time":1601361357585,"host_name":"vagrant-10"}},{"_index":"logs-endpoint-winevent-wmiactivity-2020.09.29","_type":"_doc","_id":"c5b95b7a7c15b930374834f7195f3e3c3d4d9d5d","_score":1.0,"_source":{"level":"error","wmi_component":"Unknown","wmi_xml_operation":"Operation_ClientFailure","etl_processed_time":"2022-01-18T19:17:13.762Z","etl_kafka_topic":"winlogbeat","event_id":5858,"task":"","etl_host_agent_type":"winlogbeat","wmi_client_machine":"VAGRANT-10","etl_kafka_offset":2577,"etl_version":"2020.04.19.01","etl_host_agent_uid":"8faec186-b368-44a8-a9c5-6e284dfc7aea","@timestamp":"2020-09-29T06:35:57.586Z","beat_version":"7.6.2","z_elastic_ecs":{"agent":{},"log":{},"host":{},"event":{"provider":"Microsoft-Windows-WMI-Activity","kind":"event","created":"2022-01-18T19:17:03.892Z","code":5858},"ecs":{"version":"1.4.0"},"user":{"type":"User","identifier":"S-1-5-18","domain":"NT AUTHORITY","name":"SYSTEM"},"winlog":{"process":{"thread":{}}}},"beat_hostname":"win10","log_name":"Microsoft-Windows-WMI-Activity/Operational","wmi_id":"{4F24E68D-BD0E-4AA4-BEA1-DC6DB11F04C7}","etl_kafka_partition":0,"wmi_operation":"Start IWbemServices::DeleteInstance - Root\\Rsop\\User\\S_1_5_21_1682166927_3851495277_586444471_1000 : RSOP_ExtensionStatus.extensionGuid=\"{7909AD9E-09EE-4247-BAB9-7029D5F0A278}\"","wmi_possible_cause":"Unknown","type":"wineventlog","provider_guid":"1418ef04-b0b4-4623-bf7e-d74ab47bbdaa","wmi_result_code":"0x80041002","event_original_time":"2020-09-29T06:35:57.586Z","thread_id":2428,"etl_host_agent_ephemeral_uid":"298c86f2-fe36-4c4c-88aa-2a80cc6ed89e","@version":"1","opcode":"Info","etl_pipeline":["all-filter-0098","all-add_processed_timestamp","fingerprint-winlogbeats7","winlogbeat_7_and_above-field_nest_cleanup","winlogbeat_7_and_above-field_cleanups","1500","1522","wmi-user_field_renames","wmi-event_id-5858-field_rename","general_rename-various_global_options","provider_guid-cleanup","winevent-hostname-cleanup","final-cleanup-message_field"],"record_number":119,"event_original_message":"Id = {4F24E68D-BD0E-4AA4-BEA1-DC6DB11F04C7}; ClientMachine = VAGRANT-10; User = ; ClientProcessId = 1004; Component = Unknown; Operation = Start IWbemServices::DeleteInstance - Root\\Rsop\\User\\S_1_5_21_1682166927_3851495277_586444471_1000 : RSOP_ExtensionStatus.extensionGuid=\"{7909AD9E-09EE-4247-BAB9-7029D5F0A278}\"; ResultCode = 0x80041002; PossibleCause = Unknown","source_name":"Microsoft-Windows-WMI-Activity","process_id":"1004","etl_kafka_time":1601361357586,"host_name":"vagrant-10"}},{"_index":"logs-endpoint-winevent-wmiactivity-2020.09.29","_type":"_doc","_id":"eaace8328ddedf5460e5b4aa8aed3493ee00c10c","_score":1.0,"_source":{"level":"error","wmi_component":"Unknown","wmi_xml_operation":"Operation_ClientFailure","etl_processed_time":"2022-01-18T19:17:13.762Z","etl_kafka_topic":"winlogbeat","event_id":5858,"task":"","etl_host_agent_type":"winlogbeat","wmi_client_machine":"VAGRANT-10","etl_kafka_offset":2579,"etl_version":"2020.04.19.01","etl_host_agent_uid":"8faec186-b368-44a8-a9c5-6e284dfc7aea","@timestamp":"2020-09-29T06:35:57.587Z","beat_version":"7.6.2","z_elastic_ecs":{"agent":{},"log":{},"host":{},"event":{"provider":"Microsoft-Windows-WMI-Activity","kind":"event","created":"2022-01-18T19:17:03.894Z","code":5858},"ecs":{"version":"1.4.0"},"user":{"type":"User","identifier":"S-1-5-18","domain":"NT AUTHORITY","name":"SYSTEM"},"winlog":{"process":{"thread":{}}}},"beat_hostname":"win10","log_name":"Microsoft-Windows-WMI-Activity/Operational","wmi_id":"{4F24E68D-BD0E-4AA4-BEA1-DC6DB11F04C7}","etl_kafka_partition":0,"wmi_operation":"Start IWbemServices::DeleteInstance - Root\\Rsop\\User\\S_1_5_21_1682166927_3851495277_586444471_1000 : RSOP_ExtensionStatus.extensionGuid=\"{7B849a69-220F-451E-B3FE-2CB811AF94AE}\"","wmi_possible_cause":"Unknown","type":"wineventlog","provider_guid":"1418ef04-b0b4-4623-bf7e-d74ab47bbdaa","wmi_result_code":"0x80041002","event_original_time":"2020-09-29T06:35:57.587Z","thread_id":2428,"etl_host_agent_ephemeral_uid":"298c86f2-fe36-4c4c-88aa-2a80cc6ed89e","@version":"1","opcode":"Info","etl_pipeline":["all-filter-0098","all-add_processed_timestamp","fingerprint-winlogbeats7","winlogbeat_7_and_above-field_nest_cleanup","winlogbeat_7_and_above-field_cleanups","1500","1522","wmi-user_field_renames","wmi-event_id-5858-field_rename","general_rename-various_global_options","provider_guid-cleanup","winevent-hostname-cleanup","final-cleanup-message_field"],"record_number":121,"event_original_message":"Id = {4F24E68D-BD0E-4AA4-BEA1-DC6DB11F04C7}; ClientMachine = VAGRANT-10; User = ; ClientProcessId = 1004; Component = Unknown; Operation = Start IWbemServices::DeleteInstance - Root\\Rsop\\User\\S_1_5_21_1682166927_3851495277_586444471_1000 : RSOP_ExtensionStatus.extensionGuid=\"{7B849a69-220F-451E-B3FE-2CB811AF94AE}\"; ResultCode = 0x80041002; PossibleCause = Unknown","source_name":"Microsoft-Windows-WMI-Activity","process_id":"1004","etl_kafka_time":1601361357586,"host_name":"vagrant-10"}},{"_index":"logs-endpoint-winevent-wmiactivity-2020.09.29","_type":"_doc","_id":"b55374270048bc1770019ea766529f4d85226a27","_score":1.0,"_source":{"level":"error","wmi_component":"Unknown","wmi_xml_operation":"Operation_ClientFailure","etl_processed_time":"2022-01-18T19:17:13.762Z","etl_kafka_topic":"winlogbeat","event_id":5858,"task":"","etl_host_agent_type":"winlogbeat","wmi_client_machine":"VAGRANT-10","etl_kafka_offset":2581,"etl_version":"2020.04.19.01","etl_host_agent_uid":"8faec186-b368-44a8-a9c5-6e284dfc7aea","@timestamp":"2020-09-29T06:35:57.587Z","beat_version":"7.6.2","z_elastic_ecs":{"agent":{},"log":{},"host":{},"event":{"provider":"Microsoft-Windows-WMI-Activity","kind":"event","created":"2022-01-18T19:17:03.894Z","code":5858},"ecs":{"version":"1.4.0"},"user":{"identifier":"S-1-5-18","type":"User","domain":"NT AUTHORITY","name":"SYSTEM"},"winlog":{"process":{"thread":{}}}},"beat_hostname":"win10","log_name":"Microsoft-Windows-WMI-Activity/Operational","wmi_id":"{4F24E68D-BD0E-4AA4-BEA1-DC6DB11F04C7}","etl_kafka_partition":0,"wmi_operation":"Start IWbemServices::DeleteInstance - Root\\Rsop\\User\\S_1_5_21_1682166927_3851495277_586444471_1000 : RSOP_ExtensionStatus.extensionGuid=\"{91FBB303-0CD5-4055-BF42-E512A681B325}\"","wmi_possible_cause":"Unknown","type":"wineventlog","provider_guid":"1418ef04-b0b4-4623-bf7e-d74ab47bbdaa","wmi_result_code":"0x80041002","event_original_time":"2020-09-29T06:35:57.587Z","thread_id":2428,"etl_host_agent_ephemeral_uid":"298c86f2-fe36-4c4c-88aa-2a80cc6ed89e","@version":"1","opcode":"Info","etl_pipeline":["all-filter-0098","all-add_processed_timestamp","fingerprint-winlogbeats7","winlogbeat_7_and_above-field_nest_cleanup","winlogbeat_7_and_above-field_cleanups","1500","1522","wmi-user_field_renames","wmi-event_id-5858-field_rename","general_rename-various_global_options","provider_guid-cleanup","winevent-hostname-cleanup","final-cleanup-message_field"],"record_number":123,"event_original_message":"Id = {4F24E68D-BD0E-4AA4-BEA1-DC6DB11F04C7}; ClientMachine = VAGRANT-10; User = ; ClientProcessId = 1004; Component = Unknown; Operation = Start IWbemServices::DeleteInstance - Root\\Rsop\\User\\S_1_5_21_1682166927_3851495277_586444471_1000 : RSOP_ExtensionStatus.extensionGuid=\"{91FBB303-0CD5-4055-BF42-E512A681B325}\"; ResultCode = 0x80041002; PossibleCause = Unknown","source_name":"Microsoft-Windows-WMI-Activity","process_id":"1004","etl_kafka_time":1601361357587,"host_name":"vagrant-10"}},{"_index":"logs-endpoint-winevent-wmiactivity-2020.09.29","_type":"_doc","_id":"c28ac77d20eaa1cdfdd2ada62943a0be7cd4ac35","_score":1.0,"_source":{"level":"error","wmi_component":"Unknown","wmi_xml_operation":"Operation_ClientFailure","etl_processed_time":"2022-01-18T19:17:13.762Z","etl_kafka_topic":"winlogbeat","event_id":5858,"task":"","etl_host_agent_type":"winlogbeat","wmi_client_machine":"VAGRANT-10","etl_kafka_offset":2583,"etl_version":"2020.04.19.01","etl_host_agent_uid":"8faec186-b368-44a8-a9c5-6e284dfc7aea","@timestamp":"2020-09-29T06:35:57.588Z","beat_version":"7.6.2","z_elastic_ecs":{"agent":{},"log":{},"host":{},"event":{"provider":"Microsoft-Windows-WMI-Activity","kind":"event","created":"2022-01-18T19:17:03.894Z","code":5858},"ecs":{"version":"1.4.0"},"user":{"identifier":"S-1-5-18","type":"User","domain":"NT AUTHORITY","name":"SYSTEM"},"winlog":{"process":{"thread":{}}}},"beat_hostname":"win10","log_name":"Microsoft-Windows-WMI-Activity/Operational","wmi_id":"{4F24E68D-BD0E-4AA4-BEA1-DC6DB11F04C7}","etl_kafka_partition":0,"wmi_operation":"Start IWbemServices::DeleteInstance - Root\\Rsop\\User\\S_1_5_21_1682166927_3851495277_586444471_1000 : RSOP_ExtensionStatus.extensionGuid=\"{AADCED64-746C-4633-A97C-D61349046527}\"","wmi_possible_cause":"Unknown","type":"wineventlog","provider_guid":"1418ef04-b0b4-4623-bf7e-d74ab47bbdaa","wmi_result_code":"0x80041002","event_original_time":"2020-09-29T06:35:57.588Z","thread_id":2428,"etl_host_agent_ephemeral_uid":"298c86f2-fe36-4c4c-88aa-2a80cc6ed89e","@version":"1","opcode":"Info","etl_pipeline":["all-filter-0098","all-add_processed_timestamp","fingerprint-winlogbeats7","winlogbeat_7_and_above-field_nest_cleanup","winlogbeat_7_and_above-field_cleanups","1500","1522","wmi-user_field_renames","wmi-event_id-5858-field_rename","general_rename-various_global_options","provider_guid-cleanup","winevent-hostname-cleanup","final-cleanup-message_field"],"record_number":125,"event_original_message":"Id = {4F24E68D-BD0E-4AA4-BEA1-DC6DB11F04C7}; ClientMachine = VAGRANT-10; User = ; ClientProcessId = 1004; Component = Unknown; Operation = Start IWbemServices::DeleteInstance - Root\\Rsop\\User\\S_1_5_21_1682166927_3851495277_586444471_1000 : RSOP_ExtensionStatus.extensionGuid=\"{AADCED64-746C-4633-A97C-D61349046527}\"; ResultCode = 0x80041002; PossibleCause = Unknown","source_name":"Microsoft-Windows-WMI-Activity","process_id":"1004","etl_kafka_time":1601361357588,"host_name":"vagrant-10"}},{"_index":"logs-endpoint-winevent-wmiactivity-2020.09.29","_type":"_doc","_id":"3a1d8fb0b4fff43784443c68e12aa1cba2a72969","_score":1.0,"_source":{"level":"error","wmi_component":"Unknown","wmi_xml_operation":"Operation_ClientFailure","etl_processed_time":"2022-01-18T19:17:13.763Z","etl_kafka_topic":"winlogbeat","event_id":5858,"task":"","etl_host_agent_type":"winlogbeat","wmi_client_machine":"VAGRANT-10","etl_kafka_offset":2587,"etl_version":"2020.04.19.01","etl_host_agent_uid":"8faec186-b368-44a8-a9c5-6e284dfc7aea","@timestamp":"2020-09-29T06:35:57.589Z","beat_version":"7.6.2","z_elastic_ecs":{"agent":{},"log":{},"host":{},"event":{"provider":"Microsoft-Windows-WMI-Activity","kind":"event","created":"2022-01-18T19:17:03.897Z","code":5858},"ecs":{"version":"1.4.0"},"user":{"type":"User","identifier":"S-1-5-18","domain":"NT AUTHORITY","name":"SYSTEM"},"winlog":{"process":{"thread":{}}}},"beat_hostname":"win10","log_name":"Microsoft-Windows-WMI-Activity/Operational","wmi_id":"{4F24E68D-BD0E-4AA4-BEA1-DC6DB11F04C7}","etl_kafka_partition":0,"wmi_operation":"Start IWbemServices::DeleteInstance - Root\\Rsop\\User\\S_1_5_21_1682166927_3851495277_586444471_1000 : RSOP_ExtensionStatus.extensionGuid=\"{C34B2751-1CF4-44F5-9262-C3FC39666591}\"","wmi_possible_cause":"Unknown","type":"wineventlog","provider_guid":"1418ef04-b0b4-4623-bf7e-d74ab47bbdaa","wmi_result_code":"0x80041002","event_original_time":"2020-09-29T06:35:57.589Z","thread_id":2428,"etl_host_agent_ephemeral_uid":"298c86f2-fe36-4c4c-88aa-2a80cc6ed89e","@version":"1","opcode":"Info","etl_pipeline":["all-filter-0098","all-add_processed_timestamp","fingerprint-winlogbeats7","winlogbeat_7_and_above-field_nest_cleanup","winlogbeat_7_and_above-field_cleanups","1500","1522","wmi-user_field_renames","wmi-event_id-5858-field_rename","general_rename-various_global_options","provider_guid-cleanup","winevent-hostname-cleanup","final-cleanup-message_field"],"record_number":129,"event_original_message":"Id = {4F24E68D-BD0E-4AA4-BEA1-DC6DB11F04C7}; ClientMachine = VAGRANT-10; User = ; ClientProcessId = 1004; Component = Unknown; Operation = Start IWbemServices::DeleteInstance - Root\\Rsop\\User\\S_1_5_21_1682166927_3851495277_586444471_1000 : RSOP_ExtensionStatus.extensionGuid=\"{C34B2751-1CF4-44F5-9262-C3FC39666591}\"; ResultCode = 0x80041002; PossibleCause = Unknown","source_name":"Microsoft-Windows-WMI-Activity","process_id":"1004","etl_kafka_time":1601361357589,"host_name":"vagrant-10"}},{"_index":"logs-endpoint-winevent-wmiactivity-2020.09.29","_type":"_doc","_id":"5c5ad1c965b7315a55b94bac1b5acfb8d33f96ea","_score":1.0,"_source":{"level":"error","wmi_component":"Unknown","wmi_xml_operation":"Operation_ClientFailure","etl_processed_time":"2022-01-18T19:17:13.763Z","etl_kafka_topic":"winlogbeat","event_id":5858,"task":"","etl_host_agent_type":"winlogbeat","wmi_client_machine":"VAGRANT-10","etl_kafka_offset":2589,"etl_version":"2020.04.19.01","etl_host_agent_uid":"8faec186-b368-44a8-a9c5-6e284dfc7aea","@timestamp":"2020-09-29T06:35:57.590Z","beat_version":"7.6.2","z_elastic_ecs":{"agent":{},"log":{},"host":{},"event":{"provider":"Microsoft-Windows-WMI-Activity","kind":"event","created":"2022-01-18T19:17:03.897Z","code":5858},"ecs":{"version":"1.4.0"},"user":{"type":"User","identifier":"S-1-5-18","domain":"NT AUTHORITY","name":"SYSTEM"},"winlog":{"process":{"thread":{}}}},"beat_hostname":"win10","log_name":"Microsoft-Windows-WMI-Activity/Operational","wmi_id":"{4F24E68D-BD0E-4AA4-BEA1-DC6DB11F04C7}","etl_kafka_partition":0,"wmi_operation":"Start IWbemServices::DeleteInstance - Root\\Rsop\\User\\S_1_5_21_1682166927_3851495277_586444471_1000 : RSOP_ExtensionStatus.extensionGuid=\"{C631DF4C-088F-4156-B058-4375F0853CD8}\"","wmi_possible_cause":"Unknown","type":"wineventlog","provider_guid":"1418ef04-b0b4-4623-bf7e-d74ab47bbdaa","wmi_result_code":"0x80041002","event_original_time":"2020-09-29T06:35:57.590Z","thread_id":2428,"etl_host_agent_ephemeral_uid":"298c86f2-fe36-4c4c-88aa-2a80cc6ed89e","@version":"1","opcode":"Info","etl_pipeline":["all-filter-0098","all-add_processed_timestamp","fingerprint-winlogbeats7","winlogbeat_7_and_above-field_nest_cleanup","winlogbeat_7_and_above-field_cleanups","1500","1522","wmi-user_field_renames","wmi-event_id-5858-field_rename","general_rename-various_global_options","provider_guid-cleanup","winevent-hostname-cleanup","final-cleanup-message_field"],"record_number":131,"event_original_message":"Id = {4F24E68D-BD0E-4AA4-BEA1-DC6DB11F04C7}; ClientMachine = VAGRANT-10; User = ; ClientProcessId = 1004; Component = Unknown; Operation = Start IWbemServices::DeleteInstance - Root\\Rsop\\User\\S_1_5_21_1682166927_3851495277_586444471_1000 : RSOP_ExtensionStatus.extensionGuid=\"{C631DF4C-088F-4156-B058-4375F0853CD8}\"; ResultCode = 0x80041002; PossibleCause = Unknown","source_name":"Microsoft-Windows-WMI-Activity","process_id":"1004","etl_kafka_time":1601361357590,"host_name":"vagrant-10"}},