{"_index":"logs-endpoint-winevent-wmiactivity-2020.09.29","_type":"_doc","_id":"280c1b6526a7b94e15ad6d0fa0dcd987eb407970","_score":1.0,"_source":{"level":"error","wmi_component":"Unknown","wmi_xml_operation":"Operation_ClientFailure","etl_processed_time":"2022-01-18T19:16:59.559Z","etl_kafka_topic":"winlogbeat","event_id":5858,"task":"","etl_host_agent_type":"winlogbeat","wmi_client_machine":"VAGRANT-10","etl_kafka_offset":2308,"etl_version":"2020.04.19.01","etl_host_agent_uid":"8faec186-b368-44a8-a9c5-6e284dfc7aea","@timestamp":"2020-09-29T06:35:33.989Z","beat_version":"7.6.2","z_elastic_ecs":{"agent":{},"log":{},"host":{},"event":{"provider":"Microsoft-Windows-WMI-Activity","kind":"event","created":"2022-01-18T19:16:49.412Z","code":5858},"ecs":{"version":"1.4.0"},"user":{"identifier":"S-1-5-18","type":"User","domain":"NT AUTHORITY","name":"SYSTEM"},"winlog":{"process":{"thread":{}}}},"beat_hostname":"win10","log_name":"Microsoft-Windows-WMI-Activity/Operational","wmi_id":"{B88A9944-FE12-46D6-AA30-925DC3DFF259}","etl_kafka_partition":0,"wmi_operation":"Start IWbemServices::DeleteInstance - Root\\Rsop\\User\\S_1_5_21_1682166927_3851495277_586444471_1001 : RSOP_ExtensionStatus.extensionGuid=\"{1A6364EB-776B-4120-ADE1-B63A406A76B5}\"","wmi_possible_cause":"Unknown","type":"wineventlog","provider_guid":"1418ef04-b0b4-4623-bf7e-d74ab47bbdaa","wmi_result_code":"0x80041002","event_original_time":"2020-09-29T06:35:33.989Z","thread_id":2428,"etl_host_agent_ephemeral_uid":"298c86f2-fe36-4c4c-88aa-2a80cc6ed89e","@version":"1","opcode":"Info","etl_pipeline":["all-filter-0098","all-add_processed_timestamp","fingerprint-winlogbeats7","winlogbeat_7_and_above-field_nest_cleanup","winlogbeat_7_and_above-field_cleanups","1500","1522","wmi-user_field_renames","wmi-event_id-5858-field_rename","general_rename-various_global_options","provider_guid-cleanup","winevent-hostname-cleanup","final-cleanup-message_field"],"record_number":56,"event_original_message":"Id = {B88A9944-FE12-46D6-AA30-925DC3DFF259}; ClientMachine = VAGRANT-10; User = ; ClientProcessId = 1004; Component = Unknown; Operation = Start IWbemServices::DeleteInstance - Root\\Rsop\\User\\S_1_5_21_1682166927_3851495277_586444471_1001 : RSOP_ExtensionStatus.extensionGuid=\"{1A6364EB-776B-4120-ADE1-B63A406A76B5}\"; ResultCode = 0x80041002; PossibleCause = Unknown","source_name":"Microsoft-Windows-WMI-Activity","process_id":"1004","etl_kafka_time":1601361333988,"host_name":"vagrant-10"}},{"_index":"logs-endpoint-winevent-wmiactivity-2020.09.29","_type":"_doc","_id":"9e71893480f413bcbe8bbe5a3cc5c5ea2980f8af","_score":1.0,"_source":{"level":"error","wmi_component":"Unknown","wmi_xml_operation":"Operation_ClientFailure","etl_processed_time":"2022-01-18T19:16:59.559Z","etl_kafka_topic":"winlogbeat","event_id":5858,"task":"","etl_host_agent_type":"winlogbeat","wmi_client_machine":"VAGRANT-10","etl_kafka_offset":2309,"etl_version":"2020.04.19.01","etl_host_agent_uid":"8faec186-b368-44a8-a9c5-6e284dfc7aea","@timestamp":"2020-09-29T06:35:33.989Z","beat_version":"7.6.2","z_elastic_ecs":{"agent":{},"log":{},"host":{},"event":{"provider":"Microsoft-Windows-WMI-Activity","kind":"event","created":"2022-01-18T19:16:49.412Z","code":5858},"ecs":{"version":"1.4.0"},"user":{"type":"User","identifier":"S-1-5-18","domain":"NT AUTHORITY","name":"SYSTEM"},"winlog":{"process":{"thread":{}}}},"beat_hostname":"win10","log_name":"Microsoft-Windows-WMI-Activity/Operational","wmi_id":"{B88A9944-FE12-46D6-AA30-925DC3DFF259}","etl_kafka_partition":0,"wmi_operation":"Start IWbemServices::DeleteInstance - Root\\Rsop\\User\\S_1_5_21_1682166927_3851495277_586444471_1001 : RSOP_ExtensionStatus.extensionGuid=\"{25537BA6-77A8-11D2-9B6C-0000F8080861}\"","wmi_possible_cause":"Unknown","type":"wineventlog","provider_guid":"1418ef04-b0b4-4623-bf7e-d74ab47bbdaa","wmi_result_code":"0x80041002","event_original_time":"2020-09-29T06:35:33.989Z","thread_id":2428,"etl_host_agent_ephemeral_uid":"298c86f2-fe36-4c4c-88aa-2a80cc6ed89e","@version":"1","opcode":"Info","etl_pipeline":["all-filter-0098","all-add_processed_timestamp","fingerprint-winlogbeats7","winlogbeat_7_and_above-field_nest_cleanup","winlogbeat_7_and_above-field_cleanups","1500","1522","wmi-user_field_renames","wmi-event_id-5858-field_rename","general_rename-various_global_options","provider_guid-cleanup","winevent-hostname-cleanup","final-cleanup-message_field"],"record_number":57,"event_original_message":"Id = {B88A9944-FE12-46D6-AA30-925DC3DFF259}; ClientMachine = VAGRANT-10; User = ; ClientProcessId = 1004; Component = Unknown; Operation = Start IWbemServices::DeleteInstance - Root\\Rsop\\User\\S_1_5_21_1682166927_3851495277_586444471_1001 : RSOP_ExtensionStatus.extensionGuid=\"{25537BA6-77A8-11D2-9B6C-0000F8080861}\"; ResultCode = 0x80041002; PossibleCause = Unknown","source_name":"Microsoft-Windows-WMI-Activity","process_id":"1004","etl_kafka_time":1601361333989,"host_name":"vagrant-10"}},{"_index":"logs-endpoint-winevent-wmiactivity-2020.09.29","_type":"_doc","_id":"a301363fe0312a501f1562349fabb5fdb932fbdc","_score":1.0,"_source":{"level":"error","wmi_component":"Unknown","wmi_xml_operation":"Operation_ClientFailure","etl_processed_time":"2022-01-18T19:16:59.560Z","etl_kafka_topic":"winlogbeat","event_id":5858,"task":"","etl_host_agent_type":"winlogbeat","wmi_client_machine":"VAGRANT-10","etl_kafka_offset":2310,"etl_version":"2020.04.19.01","etl_host_agent_uid":"8faec186-b368-44a8-a9c5-6e284dfc7aea","@timestamp":"2020-09-29T06:35:33.990Z","beat_version":"7.6.2","z_elastic_ecs":{"agent":{},"log":{},"host":{},"event":{"provider":"Microsoft-Windows-WMI-Activity","kind":"event","created":"2022-01-18T19:16:49.412Z","code":5858},"ecs":{"version":"1.4.0"},"user":{"identifier":"S-1-5-18","type":"User","domain":"NT AUTHORITY","name":"SYSTEM"},"winlog":{"process":{"thread":{}}}},"beat_hostname":"win10","log_name":"Microsoft-Windows-WMI-Activity/Operational","wmi_id":"{B88A9944-FE12-46D6-AA30-925DC3DFF259}","etl_kafka_partition":0,"wmi_operation":"Start IWbemServices::DeleteInstance - Root\\Rsop\\User\\S_1_5_21_1682166927_3851495277_586444471_1001 : RSOP_ExtensionStatus.extensionGuid=\"{2BFCC077-22D2-48DE-BDE1-2F618D9B476D}\"","wmi_possible_cause":"Unknown","type":"wineventlog","provider_guid":"1418ef04-b0b4-4623-bf7e-d74ab47bbdaa","wmi_result_code":"0x80041002","event_original_time":"2020-09-29T06:35:33.990Z","thread_id":2428,"etl_host_agent_ephemeral_uid":"298c86f2-fe36-4c4c-88aa-2a80cc6ed89e","@version":"1","opcode":"Info","etl_pipeline":["all-filter-0098","all-add_processed_timestamp","fingerprint-winlogbeats7","winlogbeat_7_and_above-field_nest_cleanup","winlogbeat_7_and_above-field_cleanups","1500","1522","wmi-user_field_renames","wmi-event_id-5858-field_rename","general_rename-various_global_options","provider_guid-cleanup","winevent-hostname-cleanup","final-cleanup-message_field"],"record_number":58,"event_original_message":"Id = {B88A9944-FE12-46D6-AA30-925DC3DFF259}; ClientMachine = VAGRANT-10; User = ; ClientProcessId = 1004; Component = Unknown; Operation = Start IWbemServices::DeleteInstance - Root\\Rsop\\User\\S_1_5_21_1682166927_3851495277_586444471_1001 : RSOP_ExtensionStatus.extensionGuid=\"{2BFCC077-22D2-48DE-BDE1-2F618D9B476D}\"; ResultCode = 0x80041002; PossibleCause = Unknown","source_name":"Microsoft-Windows-WMI-Activity","process_id":"1004","etl_kafka_time":1601361333989,"host_name":"vagrant-10"}},{"_index":"logs-endpoint-winevent-wmiactivity-2020.09.29","_type":"_doc","_id":"c1a5645d6b14a19904a7edf21433e6958795a592","_score":1.0,"_source":{"level":"error","wmi_component":"Unknown","wmi_xml_operation":"Operation_ClientFailure","etl_processed_time":"2022-01-18T19:16:59.560Z","etl_kafka_topic":"winlogbeat","event_id":5858,"task":"","etl_host_agent_type":"winlogbeat","wmi_client_machine":"VAGRANT-10","etl_kafka_offset":2311,"etl_version":"2020.04.19.01","etl_host_agent_uid":"8faec186-b368-44a8-a9c5-6e284dfc7aea","@timestamp":"2020-09-29T06:35:33.990Z","beat_version":"7.6.2","z_elastic_ecs":{"agent":{},"log":{},"host":{},"event":{"provider":"Microsoft-Windows-WMI-Activity","kind":"event","created":"2022-01-18T19:16:49.412Z","code":5858},"ecs":{"version":"1.4.0"},"user":{"identifier":"S-1-5-18","type":"User","domain":"NT AUTHORITY","name":"SYSTEM"},"winlog":{"process":{"thread":{}}}},"beat_hostname":"win10","log_name":"Microsoft-Windows-WMI-Activity/Operational","wmi_id":"{B88A9944-FE12-46D6-AA30-925DC3DFF259}","etl_kafka_partition":0,"wmi_operation":"Start IWbemServices::DeleteInstance - Root\\Rsop\\User\\S_1_5_21_1682166927_3851495277_586444471_1001 : RSOP_ExtensionStatus.extensionGuid=\"{3A0DBA37-F8B2-4356-83DE-3E90BD5C261F}\"","wmi_possible_cause":"Unknown","type":"wineventlog","provider_guid":"1418ef04-b0b4-4623-bf7e-d74ab47bbdaa","wmi_result_code":"0x80041002","event_original_time":"2020-09-29T06:35:33.990Z","thread_id":2428,"etl_host_agent_ephemeral_uid":"298c86f2-fe36-4c4c-88aa-2a80cc6ed89e","@version":"1","opcode":"Info","etl_pipeline":["all-filter-0098","all-add_processed_timestamp","fingerprint-winlogbeats7","winlogbeat_7_and_above-field_nest_cleanup","winlogbeat_7_and_above-field_cleanups","1500","1522","wmi-user_field_renames","wmi-event_id-5858-field_rename","general_rename-various_global_options","provider_guid-cleanup","winevent-hostname-cleanup","final-cleanup-message_field"],"record_number":59,"event_original_message":"Id = {B88A9944-FE12-46D6-AA30-925DC3DFF259}; ClientMachine = VAGRANT-10; User = ; ClientProcessId = 1004; Component = Unknown; Operation = Start IWbemServices::DeleteInstance - Root\\Rsop\\User\\S_1_5_21_1682166927_3851495277_586444471_1001 : RSOP_ExtensionStatus.extensionGuid=\"{3A0DBA37-F8B2-4356-83DE-3E90BD5C261F}\"; ResultCode = 0x80041002; PossibleCause = Unknown","source_name":"Microsoft-Windows-WMI-Activity","process_id":"1004","etl_kafka_time":1601361333990,"host_name":"vagrant-10"}},{"_index":"logs-endpoint-winevent-wmiactivity-2020.09.29","_type":"_doc","_id":"2aceaa9fc00d3529e7226f1667f15be7b0dde4fe","_score":1.0,"_source":{"level":"error","wmi_component":"Unknown","wmi_xml_operation":"Operation_ClientFailure","etl_processed_time":"2022-01-18T19:16:59.560Z","etl_kafka_topic":"winlogbeat","event_id":5858,"task":"","etl_host_agent_type":"winlogbeat","wmi_client_machine":"VAGRANT-10","etl_kafka_offset":2312,"etl_version":"2020.04.19.01","etl_host_agent_uid":"8faec186-b368-44a8-a9c5-6e284dfc7aea","@timestamp":"2020-09-29T06:35:33.990Z","beat_version":"7.6.2","z_elastic_ecs":{"agent":{},"log":{},"host":{},"event":{"provider":"Microsoft-Windows-WMI-Activity","kind":"event","created":"2022-01-18T19:16:49.412Z","code":5858},"ecs":{"version":"1.4.0"},"user":{"identifier":"S-1-5-18","type":"User","domain":"NT AUTHORITY","name":"SYSTEM"},"winlog":{"process":{"thread":{}}}},"beat_hostname":"win10","log_name":"Microsoft-Windows-WMI-Activity/Operational","wmi_id":"{B88A9944-FE12-46D6-AA30-925DC3DFF259}","etl_kafka_partition":0,"wmi_operation":"Start IWbemServices::DeleteInstance - Root\\Rsop\\User\\S_1_5_21_1682166927_3851495277_586444471_1001 : RSOP_ExtensionStatus.extensionGuid=\"{42B5FAAE-6536-11d2-AE5A-0000F87571E3}\"","wmi_possible_cause":"Unknown","type":"wineventlog","provider_guid":"1418ef04-b0b4-4623-bf7e-d74ab47bbdaa","wmi_result_code":"0x80041002","event_original_time":"2020-09-29T06:35:33.990Z","thread_id":2428,"etl_host_agent_ephemeral_uid":"298c86f2-fe36-4c4c-88aa-2a80cc6ed89e","@version":"1","opcode":"Info","etl_pipeline":["all-filter-0098","all-add_processed_timestamp","fingerprint-winlogbeats7","winlogbeat_7_and_above-field_nest_cleanup","winlogbeat_7_and_above-field_cleanups","1500","1522","wmi-user_field_renames","wmi-event_id-5858-field_rename","general_rename-various_global_options","provider_guid-cleanup","winevent-hostname-cleanup","final-cleanup-message_field"],"record_number":60,"event_original_message":"Id = {B88A9944-FE12-46D6-AA30-925DC3DFF259}; ClientMachine = VAGRANT-10; User = ; ClientProcessId = 1004; Component = Unknown; Operation = Start IWbemServices::DeleteInstance - Root\\Rsop\\User\\S_1_5_21_1682166927_3851495277_586444471_1001 : RSOP_ExtensionStatus.extensionGuid=\"{42B5FAAE-6536-11d2-AE5A-0000F87571E3}\"; ResultCode = 0x80041002; PossibleCause = Unknown","source_name":"Microsoft-Windows-WMI-Activity","process_id":"1004","etl_kafka_time":1601361333990,"host_name":"vagrant-10"}},{"_index":"logs-endpoint-winevent-wmiactivity-2020.09.29","_type":"_doc","_id":"a9e3c25e8ed4fb85424c77da6af2cd40190d8e66","_score":1.0,"_source":{"level":"error","wmi_component":"Unknown","wmi_xml_operation":"Operation_ClientFailure","etl_processed_time":"2022-01-18T19:16:59.560Z","etl_kafka_topic":"winlogbeat","event_id":5858,"task":"","etl_host_agent_type":"winlogbeat","wmi_client_machine":"VAGRANT-10","etl_kafka_offset":2313,"etl_version":"2020.04.19.01","etl_host_agent_uid":"8faec186-b368-44a8-a9c5-6e284dfc7aea","@timestamp":"2020-09-29T06:35:33.991Z","beat_version":"7.6.2","z_elastic_ecs":{"agent":{},"log":{},"host":{},"event":{"provider":"Microsoft-Windows-WMI-Activity","kind":"event","created":"2022-01-18T19:16:49.412Z","code":5858},"ecs":{"version":"1.4.0"},"user":{"type":"User","identifier":"S-1-5-18","domain":"NT AUTHORITY","name":"SYSTEM"},"winlog":{"process":{"thread":{}}}},"beat_hostname":"win10","log_name":"Microsoft-Windows-WMI-Activity/Operational","wmi_id":"{B88A9944-FE12-46D6-AA30-925DC3DFF259}","etl_kafka_partition":0,"wmi_operation":"Start IWbemServices::DeleteInstance - Root\\Rsop\\User\\S_1_5_21_1682166927_3851495277_586444471_1001 : RSOP_ExtensionStatus.extensionGuid=\"{4B7C3B0F-E993-4E06-A241-3FBE06943684}\"","wmi_possible_cause":"Unknown","type":"wineventlog","provider_guid":"1418ef04-b0b4-4623-bf7e-d74ab47bbdaa","wmi_result_code":"0x80041002","event_original_time":"2020-09-29T06:35:33.991Z","thread_id":2428,"etl_host_agent_ephemeral_uid":"298c86f2-fe36-4c4c-88aa-2a80cc6ed89e","@version":"1","opcode":"Info","etl_pipeline":["all-filter-0098","all-add_processed_timestamp","fingerprint-winlogbeats7","winlogbeat_7_and_above-field_nest_cleanup","winlogbeat_7_and_above-field_cleanups","1500","1522","wmi-user_field_renames","wmi-event_id-5858-field_rename","general_rename-various_global_options","provider_guid-cleanup","winevent-hostname-cleanup","final-cleanup-message_field"],"record_number":61,"event_original_message":"Id = {B88A9944-FE12-46D6-AA30-925DC3DFF259}; ClientMachine = VAGRANT-10; User = ; ClientProcessId = 1004; Component = Unknown; Operation = Start IWbemServices::DeleteInstance - Root\\Rsop\\User\\S_1_5_21_1682166927_3851495277_586444471_1001 : RSOP_ExtensionStatus.extensionGuid=\"{4B7C3B0F-E993-4E06-A241-3FBE06943684}\"; ResultCode = 0x80041002; PossibleCause = Unknown","source_name":"Microsoft-Windows-WMI-Activity","process_id":"1004","etl_kafka_time":1601361333990,"host_name":"vagrant-10"}},{"_index":"logs-endpoint-winevent-wmiactivity-2020.09.29","_type":"_doc","_id":"cc940d1b278f16e07eacb46b1b15fa0a3afb8b5b","_score":1.0,"_source":{"level":"error","wmi_component":"Unknown","wmi_xml_operation":"Operation_ClientFailure","etl_processed_time":"2022-01-18T19:16:59.560Z","etl_kafka_topic":"winlogbeat","event_id":5858,"task":"","etl_host_agent_type":"winlogbeat","wmi_client_machine":"VAGRANT-10","etl_kafka_offset":2314,"etl_version":"2020.04.19.01","etl_host_agent_uid":"8faec186-b368-44a8-a9c5-6e284dfc7aea","@timestamp":"2020-09-29T06:35:33.991Z","beat_version":"7.6.2","z_elastic_ecs":{"agent":{},"log":{},"host":{},"event":{"provider":"Microsoft-Windows-WMI-Activity","kind":"event","created":"2022-01-18T19:16:49.412Z","code":5858},"ecs":{"version":"1.4.0"},"user":{"identifier":"S-1-5-18","type":"User","domain":"NT AUTHORITY","name":"SYSTEM"},"winlog":{"process":{"thread":{}}}},"beat_hostname":"win10","log_name":"Microsoft-Windows-WMI-Activity/Operational","wmi_id":"{B88A9944-FE12-46D6-AA30-925DC3DFF259}","etl_kafka_partition":0,"wmi_operation":"Start IWbemServices::DeleteInstance - Root\\Rsop\\User\\S_1_5_21_1682166927_3851495277_586444471_1001 : RSOP_ExtensionStatus.extensionGuid=\"{4CFB60C1-FAA6-47f1-89AA-0B18730C9FD3}\"","wmi_possible_cause":"Unknown","type":"wineventlog","provider_guid":"1418ef04-b0b4-4623-bf7e-d74ab47bbdaa","wmi_result_code":"0x80041002","event_original_time":"2020-09-29T06:35:33.991Z","thread_id":2428,"etl_host_agent_ephemeral_uid":"298c86f2-fe36-4c4c-88aa-2a80cc6ed89e","@version":"1","opcode":"Info","etl_pipeline":["all-filter-0098","all-add_processed_timestamp","fingerprint-winlogbeats7","winlogbeat_7_and_above-field_nest_cleanup","winlogbeat_7_and_above-field_cleanups","1500","1522","wmi-user_field_renames","wmi-event_id-5858-field_rename","general_rename-various_global_options","provider_guid-cleanup","winevent-hostname-cleanup","final-cleanup-message_field"],"record_number":62,"event_original_message":"Id = {B88A9944-FE12-46D6-AA30-925DC3DFF259}; ClientMachine = VAGRANT-10; User = ; ClientProcessId = 1004; Component = Unknown; Operation = Start IWbemServices::DeleteInstance - Root\\Rsop\\User\\S_1_5_21_1682166927_3851495277_586444471_1001 : RSOP_ExtensionStatus.extensionGuid=\"{4CFB60C1-FAA6-47f1-89AA-0B18730C9FD3}\"; ResultCode = 0x80041002; PossibleCause = Unknown","source_name":"Microsoft-Windows-WMI-Activity","process_id":"1004","etl_kafka_time":1601361333991,"host_name":"vagrant-10"}},{"_index":"logs-endpoint-winevent-wmiactivity-2020.09.29","_type":"_doc","_id":"ea9bf93e13ff8e01cbf33e177a4551862a212d0b","_score":1.0,"_source":{"level":"error","wmi_component":"Unknown","wmi_xml_operation":"Operation_ClientFailure","etl_processed_time":"2022-01-18T19:16:59.560Z","etl_kafka_topic":"winlogbeat","event_id":5858,"task":"","etl_host_agent_type":"winlogbeat","wmi_client_machine":"VAGRANT-10","etl_kafka_offset":2315,"etl_version":"2020.04.19.01","etl_host_agent_uid":"8faec186-b368-44a8-a9c5-6e284dfc7aea","@timestamp":"2020-09-29T06:35:33.992Z","beat_version":"7.6.2","z_elastic_ecs":{"agent":{},"log":{},"host":{},"event":{"provider":"Microsoft-Windows-WMI-Activity","kind":"event","created":"2022-01-18T19:16:49.412Z","code":5858},"ecs":{"version":"1.4.0"},"user":{"type":"User","identifier":"S-1-5-18","domain":"NT AUTHORITY","name":"SYSTEM"},"winlog":{"process":{"thread":{}}}},"beat_hostname":"win10","log_name":"Microsoft-Windows-WMI-Activity/Operational","wmi_id":"{B88A9944-FE12-46D6-AA30-925DC3DFF259}","etl_kafka_partition":0,"wmi_operation":"Start IWbemServices::DeleteInstance - Root\\Rsop\\User\\S_1_5_21_1682166927_3851495277_586444471_1001 : RSOP_ExtensionStatus.extensionGuid=\"{4D2F9B6F-1E52-4711-A382-6A8B1A003DE6}\"","wmi_possible_cause":"Unknown","type":"wineventlog","provider_guid":"1418ef04-b0b4-4623-bf7e-d74ab47bbdaa","wmi_result_code":"0x80041002","event_original_time":"2020-09-29T06:35:33.992Z","thread_id":2428,"etl_host_agent_ephemeral_uid":"298c86f2-fe36-4c4c-88aa-2a80cc6ed89e","@version":"1","opcode":"Info","etl_pipeline":["all-filter-0098","all-add_processed_timestamp","fingerprint-winlogbeats7","winlogbeat_7_and_above-field_nest_cleanup","winlogbeat_7_and_above-field_cleanups","1500","1522","wmi-user_field_renames","wmi-event_id-5858-field_rename","general_rename-various_global_options","provider_guid-cleanup","winevent-hostname-cleanup","final-cleanup-message_field"],"record_number":63,"event_original_message":"Id = {B88A9944-FE12-46D6-AA30-925DC3DFF259}; ClientMachine = VAGRANT-10; User = ; ClientProcessId = 1004; Component = Unknown; Operation = Start IWbemServices::DeleteInstance - Root\\Rsop\\User\\S_1_5_21_1682166927_3851495277_586444471_1001 : RSOP_ExtensionStatus.extensionGuid=\"{4D2F9B6F-1E52-4711-A382-6A8B1A003DE6}\"; ResultCode = 0x80041002; PossibleCause = Unknown","source_name":"Microsoft-Windows-WMI-Activity","process_id":"1004","etl_kafka_time":1601361333991,"host_name":"vagrant-10"}},{"_index":"logs-endpoint-winevent-wmiactivity-2020.09.29","_type":"_doc","_id":"115afe0fb8b7b3638629109926ab7e84e1ba8448","_score":1.0,"_source":{"level":"error","wmi_component":"Unknown","wmi_xml_operation":"Operation_ClientFailure","etl_processed_time":"2022-01-18T19:16:59.561Z","etl_kafka_topic":"winlogbeat","event_id":5858,"task":"","etl_host_agent_type":"winlogbeat","wmi_client_machine":"VAGRANT-10","etl_kafka_offset":2316,"etl_version":"2020.04.19.01","etl_host_agent_uid":"8faec186-b368-44a8-a9c5-6e284dfc7aea","@timestamp":"2020-09-29T06:35:33.992Z","beat_version":"7.6.2","z_elastic_ecs":{"agent":{},"log":{},"host":{},"event":{"provider":"Microsoft-Windows-WMI-Activity","kind":"event","created":"2022-01-18T19:16:49.412Z","code":5858},"ecs":{"version":"1.4.0"},"user":{"type":"User","identifier":"S-1-5-18","domain":"NT AUTHORITY","name":"SYSTEM"},"winlog":{"process":{"thread":{}}}},"beat_hostname":"win10","log_name":"Microsoft-Windows-WMI-Activity/Operational","wmi_id":"{B88A9944-FE12-46D6-AA30-925DC3DFF259}","etl_kafka_partition":0,"wmi_operation":"Start IWbemServices::DeleteInstance - Root\\Rsop\\User\\S_1_5_21_1682166927_3851495277_586444471_1001 : RSOP_ExtensionStatus.extensionGuid=\"{4d968b55-cac2-4ff5-983f-0a54603781a3}\"","wmi_possible_cause":"Unknown","type":"wineventlog","provider_guid":"1418ef04-b0b4-4623-bf7e-d74ab47bbdaa","wmi_result_code":"0x80041002","event_original_time":"2020-09-29T06:35:33.992Z","thread_id":2428,"etl_host_agent_ephemeral_uid":"298c86f2-fe36-4c4c-88aa-2a80cc6ed89e","@version":"1","opcode":"Info","etl_pipeline":["all-filter-0098","all-add_processed_timestamp","fingerprint-winlogbeats7","winlogbeat_7_and_above-field_nest_cleanup","winlogbeat_7_and_above-field_cleanups","1500","1522","wmi-user_field_renames","wmi-event_id-5858-field_rename","general_rename-various_global_options","provider_guid-cleanup","winevent-hostname-cleanup","final-cleanup-message_field"],"record_number":64,"event_original_message":"Id = {B88A9944-FE12-46D6-AA30-925DC3DFF259}; ClientMachine = VAGRANT-10; User = ; ClientProcessId = 1004; Component = Unknown; Operation = Start IWbemServices::DeleteInstance - Root\\Rsop\\User\\S_1_5_21_1682166927_3851495277_586444471_1001 : RSOP_ExtensionStatus.extensionGuid=\"{4d968b55-cac2-4ff5-983f-0a54603781a3}\"; ResultCode = 0x80041002; PossibleCause = Unknown","source_name":"Microsoft-Windows-WMI-Activity","process_id":"1004","etl_kafka_time":1601361333991,"host_name":"vagrant-10"}},{"_index":"logs-endpoint-winevent-wmiactivity-2020.09.29","_type":"_doc","_id":"49db33ae4e823eccbcf94743c998408aba3ae8b5","_score":1.0,"_source":{"level":"error","wmi_component":"Unknown","wmi_xml_operation":"Operation_ClientFailure","etl_processed_time":"2022-01-18T19:16:59.561Z","etl_kafka_topic":"winlogbeat","event_id":5858,"task":"","etl_host_agent_type":"winlogbeat","wmi_client_machine":"VAGRANT-10","etl_kafka_offset":2317,"etl_version":"2020.04.19.01","etl_host_agent_uid":"8faec186-b368-44a8-a9c5-6e284dfc7aea","@timestamp":"2020-09-29T06:35:33.992Z","beat_version":"7.6.2","z_elastic_ecs":{"agent":{},"log":{},"host":{},"event":{"provider":"Microsoft-Windows-WMI-Activity","kind":"event","created":"2022-01-18T19:16:49.412Z","code":5858},"ecs":{"version":"1.4.0"},"user":{"identifier":"S-1-5-18","type":"User","domain":"NT AUTHORITY","name":"SYSTEM"},"winlog":{"process":{"thread":{}}}},"beat_hostname":"win10","log_name":"Microsoft-Windows-WMI-Activity/Operational","wmi_id":"{B88A9944-FE12-46D6-AA30-925DC3DFF259}","etl_kafka_partition":0,"wmi_operation":"Start IWbemServices::DeleteInstance - Root\\Rsop\\User\\S_1_5_21_1682166927_3851495277_586444471_1001 : RSOP_ExtensionStatus.extensionGuid=\"{5794DAFD-BE60-433f-88A2-1A31939AC01F}\"","wmi_possible_cause":"Unknown","type":"wineventlog","provider_guid":"1418ef04-b0b4-4623-bf7e-d74ab47bbdaa","wmi_result_code":"0x80041002","event_original_time":"2020-09-29T06:35:33.992Z","thread_id":2428,"etl_host_agent_ephemeral_uid":"298c86f2-fe36-4c4c-88aa-2a80cc6ed89e","@version":"1","opcode":"Info","etl_pipeline":["all-filter-0098","all-add_processed_timestamp","fingerprint-winlogbeats7","winlogbeat_7_and_above-field_nest_cleanup","winlogbeat_7_and_above-field_cleanups","1500","1522","wmi-user_field_renames","wmi-event_id-5858-field_rename","general_rename-various_global_options","provider_guid-cleanup","winevent-hostname-cleanup","final-cleanup-message_field"],"record_number":65,"event_original_message":"Id = {B88A9944-FE12-46D6-AA30-925DC3DFF259}; ClientMachine = VAGRANT-10; User = ; ClientProcessId = 1004; Component = Unknown; Operation = Start IWbemServices::DeleteInstance - Root\\Rsop\\User\\S_1_5_21_1682166927_3851495277_586444471_1001 : RSOP_ExtensionStatus.extensionGuid=\"{5794DAFD-BE60-433f-88A2-1A31939AC01F}\"; ResultCode = 0x80041002; PossibleCause = Unknown","source_name":"Microsoft-Windows-WMI-Activity","process_id":"1004","etl_kafka_time":1601361333992,"host_name":"vagrant-10"}},{"_index":"logs-endpoint-winevent-wmiactivity-2020.09.29","_type":"_doc","_id":"86b5c5d20496b5c86e887403c1b0ff08a2a0f0b5","_score":1.0,"_source":{"level":"error","wmi_component":"Unknown","wmi_xml_operation":"Operation_ClientFailure","etl_processed_time":"2022-01-18T19:16:59.561Z","etl_kafka_topic":"winlogbeat","event_id":5858,"task":"","etl_host_agent_type":"winlogbeat","wmi_client_machine":"VAGRANT-10","etl_kafka_offset":2318,"etl_version":"2020.04.19.01","etl_host_agent_uid":"8faec186-b368-44a8-a9c5-6e284dfc7aea","@timestamp":"2020-09-29T06:35:33.993Z","beat_version":"7.6.2","z_elastic_ecs":{"agent":{},"log":{},"host":{},"event":{"provider":"Microsoft-Windows-WMI-Activity","kind":"event","created":"2022-01-18T19:16:49.412Z","code":5858},"ecs":{"version":"1.4.0"},"user":{"type":"User","identifier":"S-1-5-18","domain":"NT AUTHORITY","name":"SYSTEM"},"winlog":{"process":{"thread":{}}}},"beat_hostname":"win10","log_name":"Microsoft-Windows-WMI-Activity/Operational","wmi_id":"{B88A9944-FE12-46D6-AA30-925DC3DFF259}","etl_kafka_partition":0,"wmi_operation":"Start IWbemServices::DeleteInstance - Root\\Rsop\\User\\S_1_5_21_1682166927_3851495277_586444471_1001 : RSOP_ExtensionStatus.extensionGuid=\"{6232C319-91AC-4931-9385-E70C2B099F0E}\"","wmi_possible_cause":"Unknown","type":"wineventlog","provider_guid":"1418ef04-b0b4-4623-bf7e-d74ab47bbdaa","wmi_result_code":"0x80041002","event_original_time":"2020-09-29T06:35:33.993Z","thread_id":2428,"etl_host_agent_ephemeral_uid":"298c86f2-fe36-4c4c-88aa-2a80cc6ed89e","@version":"1","opcode":"Info","etl_pipeline":["all-filter-0098","all-add_processed_timestamp","fingerprint-winlogbeats7","winlogbeat_7_and_above-field_nest_cleanup","winlogbeat_7_and_above-field_cleanups","1500","1522","wmi-user_field_renames","wmi-event_id-5858-field_rename","general_rename-various_global_options","provider_guid-cleanup","winevent-hostname-cleanup","final-cleanup-message_field"],"record_number":66,"event_original_message":"Id = {B88A9944-FE12-46D6-AA30-925DC3DFF259}; ClientMachine = VAGRANT-10; User = ; ClientProcessId = 1004; Component = Unknown; Operation = Start IWbemServices::DeleteInstance - Root\\Rsop\\User\\S_1_5_21_1682166927_3851495277_586444471_1001 : RSOP_ExtensionStatus.extensionGuid=\"{6232C319-91AC-4931-9385-E70C2B099F0E}\"; ResultCode = 0x80041002; PossibleCause = Unknown","source_name":"Microsoft-Windows-WMI-Activity","process_id":"1004","etl_kafka_time":1601361333992,"host_name":"vagrant-10"}},{"_index":"logs-endpoint-winevent-wmiactivity-2020.09.29","_type":"_doc","_id":"26f7f9f6c809265253fe717ed76c858ab4a57325","_score":1.0,"_source":{"level":"error","wmi_component":"Unknown","wmi_xml_operation":"Operation_ClientFailure","etl_processed_time":"2022-01-18T19:16:59.561Z","etl_kafka_topic":"winlogbeat","event_id":5858,"task":"","etl_host_agent_type":"winlogbeat","wmi_client_machine":"VAGRANT-10","etl_kafka_offset":2319,"etl_version":"2020.04.19.01","etl_host_agent_uid":"8faec186-b368-44a8-a9c5-6e284dfc7aea","@timestamp":"2020-09-29T06:35:33.993Z","beat_version":"7.6.2","z_elastic_ecs":{"agent":{},"log":{},"host":{},"event":{"provider":"Microsoft-Windows-WMI-Activity","kind":"event","created":"2022-01-18T19:16:49.412Z","code":5858},"ecs":{"version":"1.4.0"},"user":{"type":"User","identifier":"S-1-5-18","domain":"NT AUTHORITY","name":"SYSTEM"},"winlog":{"process":{"thread":{}}}},"beat_hostname":"win10","log_name":"Microsoft-Windows-WMI-Activity/Operational","wmi_id":"{B88A9944-FE12-46D6-AA30-925DC3DFF259}","etl_kafka_partition":0,"wmi_operation":"Start IWbemServices::DeleteInstance - Root\\Rsop\\User\\S_1_5_21_1682166927_3851495277_586444471_1001 : RSOP_ExtensionStatus.extensionGuid=\"{7150F9BF-48AD-4da4-A49C-29EF4A8369BA}\"","wmi_possible_cause":"Unknown","type":"wineventlog","provider_guid":"1418ef04-b0b4-4623-bf7e-d74ab47bbdaa","wmi_result_code":"0x80041002","event_original_time":"2020-09-29T06:35:33.993Z","thread_id":2428,"etl_host_agent_ephemeral_uid":"298c86f2-fe36-4c4c-88aa-2a80cc6ed89e","@version":"1","opcode":"Info","etl_pipeline":["all-filter-0098","all-add_processed_timestamp","fingerprint-winlogbeats7","winlogbeat_7_and_above-field_nest_cleanup","winlogbeat_7_and_above-field_cleanups","1500","1522","wmi-user_field_renames","wmi-event_id-5858-field_rename","general_rename-various_global_options","provider_guid-cleanup","winevent-hostname-cleanup","final-cleanup-message_field"],"record_number":67,"event_original_message":"Id = {B88A9944-FE12-46D6-AA30-925DC3DFF259}; ClientMachine = VAGRANT-10; User = ; ClientProcessId = 1004; Component = Unknown; Operation = Start IWbemServices::DeleteInstance - Root\\Rsop\\User\\S_1_5_21_1682166927_3851495277_586444471_1001 : RSOP_ExtensionStatus.extensionGuid=\"{7150F9BF-48AD-4da4-A49C-29EF4A8369BA}\"; ResultCode = 0x80041002; PossibleCause = Unknown","source_name":"Microsoft-Windows-WMI-Activity","process_id":"1004","etl_kafka_time":1601361333993,"host_name":"vagrant-10"}},{"_index":"logs-endpoint-winevent-wmiactivity-2020.09.29","_type":"_doc","_id":"9db3812b0f643d05629f9ba3daa6d2a373efd258","_score":1.0,"_source":{"level":"error","wmi_component":"Unknown","wmi_xml_operation":"Operation_ClientFailure","etl_processed_time":"2022-01-18T19:16:59.561Z","etl_kafka_topic":"winlogbeat","event_id":5858,"task":"","etl_host_agent_type":"winlogbeat","wmi_client_machine":"VAGRANT-10","etl_kafka_offset":2321,"etl_version":"2020.04.19.01","etl_host_agent_uid":"8faec186-b368-44a8-a9c5-6e284dfc7aea","@timestamp":"2020-09-29T06:35:33.994Z","beat_version":"7.6.2","z_elastic_ecs":{"agent":{},"log":{},"host":{},"event":{"provider":"Microsoft-Windows-WMI-Activity","kind":"event","created":"2022-01-18T19:16:49.432Z","code":5858},"ecs":{"version":"1.4.0"},"user":{"type":"User","identifier":"S-1-5-18","domain":"NT AUTHORITY","name":"SYSTEM"},"winlog":{"process":{"thread":{}}}},"beat_hostname":"win10","log_name":"Microsoft-Windows-WMI-Activity/Operational","wmi_id":"{B88A9944-FE12-46D6-AA30-925DC3DFF259}","etl_kafka_partition":0,"wmi_operation":"Start IWbemServices::DeleteInstance - Root\\Rsop\\User\\S_1_5_21_1682166927_3851495277_586444471_1001 : RSOP_ExtensionStatus.extensionGuid=\"{74EE6C03-5363-4554-B161-627540339CAB}\"","wmi_possible_cause":"Unknown","type":"wineventlog","provider_guid":"1418ef04-b0b4-4623-bf7e-d74ab47bbdaa","wmi_result_code":"0x80041002","event_original_time":"2020-09-29T06:35:33.994Z","thread_id":2428,"etl_host_agent_ephemeral_uid":"298c86f2-fe36-4c4c-88aa-2a80cc6ed89e","@version":"1","opcode":"Info","etl_pipeline":["all-filter-0098","all-add_processed_timestamp","fingerprint-winlogbeats7","winlogbeat_7_and_above-field_nest_cleanup","winlogbeat_7_and_above-field_cleanups","1500","1522","wmi-user_field_renames","wmi-event_id-5858-field_rename","general_rename-various_global_options","provider_guid-cleanup","winevent-hostname-cleanup","final-cleanup-message_field"],"record_number":69,"event_original_message":"Id = {B88A9944-FE12-46D6-AA30-925DC3DFF259}; ClientMachine = VAGRANT-10; User = ; ClientProcessId = 1004; Component = Unknown; Operation = Start IWbemServices::DeleteInstance - Root\\Rsop\\User\\S_1_5_21_1682166927_3851495277_586444471_1001 : RSOP_ExtensionStatus.extensionGuid=\"{74EE6C03-5363-4554-B161-627540339CAB}\"; ResultCode = 0x80041002; PossibleCause = Unknown","source_name":"Microsoft-Windows-WMI-Activity","process_id":"1004","etl_kafka_time":1601361333994,"host_name":"vagrant-10"}},{"_index":"logs-endpoint-winevent-wmiactivity-2020.09.29","_type":"_doc","_id":"cb8455de47938d15f20a39b8d80b48876f94a6a1","_score":1.0,"_source":{"level":"error","wmi_component":"Unknown","wmi_xml_operation":"Operation_ClientFailure","etl_processed_time":"2022-01-18T19:16:59.561Z","etl_kafka_topic":"winlogbeat","event_id":5858,"task":"","etl_host_agent_type":"winlogbeat","wmi_client_machine":"VAGRANT-10","etl_kafka_offset":2322,"etl_version":"2020.04.19.01","etl_host_agent_uid":"8faec186-b368-44a8-a9c5-6e284dfc7aea","@timestamp":"2020-09-29T06:35:33.995Z","beat_version":"7.6.2","z_elastic_ecs":{"agent":{},"log":{},"host":{},"event":{"provider":"Microsoft-Windows-WMI-Activity","kind":"event","created":"2022-01-18T19:16:49.432Z","code":5858},"ecs":{"version":"1.4.0"},"user":{"type":"User","identifier":"S-1-5-18","domain":"NT AUTHORITY","name":"SYSTEM"},"winlog":{"process":{"thread":{}}}},"beat_hostname":"win10","log_name":"Microsoft-Windows-WMI-Activity/Operational","wmi_id":"{B88A9944-FE12-46D6-AA30-925DC3DFF259}","etl_kafka_partition":0,"wmi_operation":"Start IWbemServices::DeleteInstance - Root\\Rsop\\User\\S_1_5_21_1682166927_3851495277_586444471_1001 : RSOP_ExtensionStatus.extensionGuid=\"{7909AD9E-09EE-4247-BAB9-7029D5F0A278}\"","wmi_possible_cause":"Unknown","type":"wineventlog","provider_guid":"1418ef04-b0b4-4623-bf7e-d74ab47bbdaa","wmi_result_code":"0x80041002","event_original_time":"2020-09-29T06:35:33.995Z","thread_id":2428,"etl_host_agent_ephemeral_uid":"298c86f2-fe36-4c4c-88aa-2a80cc6ed89e","@version":"1","opcode":"Info","etl_pipeline":["all-filter-0098","all-add_processed_timestamp","fingerprint-winlogbeats7","winlogbeat_7_and_above-field_nest_cleanup","winlogbeat_7_and_above-field_cleanups","1500","1522","wmi-user_field_renames","wmi-event_id-5858-field_rename","general_rename-various_global_options","provider_guid-cleanup","winevent-hostname-cleanup","final-cleanup-message_field"],"record_number":70,"event_original_message":"Id = {B88A9944-FE12-46D6-AA30-925DC3DFF259}; ClientMachine = VAGRANT-10; User = ; ClientProcessId = 1004; Component = Unknown; Operation = Start IWbemServices::DeleteInstance - Root\\Rsop\\User\\S_1_5_21_1682166927_3851495277_586444471_1001 : RSOP_ExtensionStatus.extensionGuid=\"{7909AD9E-09EE-4247-BAB9-7029D5F0A278}\"; ResultCode = 0x80041002; PossibleCause = Unknown","source_name":"Microsoft-Windows-WMI-Activity","process_id":"1004","etl_kafka_time":1601361333994,"host_name":"vagrant-10"}},{"_index":"logs-endpoint-winevent-wmiactivity-2020.09.29","_type":"_doc","_id":"c2ebcf24f575af0fb1e435eaf048a66fe78ab2d2","_score":1.0,"_source":{"level":"error","wmi_component":"Unknown","wmi_xml_operation":"Operation_ClientFailure","etl_processed_time":"2022-01-18T19:16:59.561Z","etl_kafka_topic":"winlogbeat","event_id":5858,"task":"","etl_host_agent_type":"winlogbeat","wmi_client_machine":"VAGRANT-10","etl_kafka_offset":2323,"etl_version":"2020.04.19.01","etl_host_agent_uid":"8faec186-b368-44a8-a9c5-6e284dfc7aea","@timestamp":"2020-09-29T06:35:33.995Z","beat_version":"7.6.2","z_elastic_ecs":{"agent":{},"log":{},"host":{},"event":{"provider":"Microsoft-Windows-WMI-Activity","kind":"event","created":"2022-01-18T19:16:49.432Z","code":5858},"ecs":{"version":"1.4.0"},"user":{"identifier":"S-1-5-18","type":"User","domain":"NT AUTHORITY","name":"SYSTEM"},"winlog":{"process":{"thread":{}}}},"beat_hostname":"win10","log_name":"Microsoft-Windows-WMI-Activity/Operational","wmi_id":"{B88A9944-FE12-46D6-AA30-925DC3DFF259}","etl_kafka_partition":0,"wmi_operation":"Start IWbemServices::DeleteInstance - Root\\Rsop\\User\\S_1_5_21_1682166927_3851495277_586444471_1001 : RSOP_ExtensionStatus.extensionGuid=\"{7933F41E-56F8-41d6-A31C-4148A711EE93}\"","wmi_possible_cause":"Unknown","type":"wineventlog","provider_guid":"1418ef04-b0b4-4623-bf7e-d74ab47bbdaa","wmi_result_code":"0x80041002","event_original_time":"2020-09-29T06:35:33.995Z","thread_id":2428,"etl_host_agent_ephemeral_uid":"298c86f2-fe36-4c4c-88aa-2a80cc6ed89e","@version":"1","opcode":"Info","etl_pipeline":["all-filter-0098","all-add_processed_timestamp","fingerprint-winlogbeats7","winlogbeat_7_and_above-field_nest_cleanup","winlogbeat_7_and_above-field_cleanups","1500","1522","wmi-user_field_renames","wmi-event_id-5858-field_rename","general_rename-various_global_options","provider_guid-cleanup","winevent-hostname-cleanup","final-cleanup-message_field"],"record_number":71,"event_original_message":"Id = {B88A9944-FE12-46D6-AA30-925DC3DFF259}; ClientMachine = VAGRANT-10; User = ; ClientProcessId = 1004; Component = Unknown; Operation = Start IWbemServices::DeleteInstance - Root\\Rsop\\User\\S_1_5_21_1682166927_3851495277_586444471_1001 : RSOP_ExtensionStatus.extensionGuid=\"{7933F41E-56F8-41d6-A31C-4148A711EE93}\"; ResultCode = 0x80041002; PossibleCause = Unknown","source_name":"Microsoft-Windows-WMI-Activity","process_id":"1004","etl_kafka_time":1601361333995,"host_name":"vagrant-10"}},{"_index":"logs-endpoint-winevent-wmiactivity-2020.09.29","_type":"_doc","_id":"9ad1d7328912e325bfa6381a0963073ec82f2b8a","_score":1.0,"_source":{"level":"error","wmi_component":"Unknown","wmi_xml_operation":"Operation_ClientFailure","etl_processed_time":"2022-01-18T19:16:59.562Z","etl_kafka_topic":"winlogbeat","event_id":5858,"task":"","etl_host_agent_type":"winlogbeat","wmi_client_machine":"VAGRANT-10","etl_kafka_offset":2324,"etl_version":"2020.04.19.01","etl_host_agent_uid":"8faec186-b368-44a8-a9c5-6e284dfc7aea","@timestamp":"2020-09-29T06:35:33.996Z","beat_version":"7.6.2","z_elastic_ecs":{"agent":{},"log":{},"host":{},"event":{"provider":"Microsoft-Windows-WMI-Activity","kind":"event","created":"2022-01-18T19:16:49.439Z","code":5858},"ecs":{"version":"1.4.0"},"user":{"type":"User","identifier":"S-1-5-18","domain":"NT AUTHORITY","name":"SYSTEM"},"winlog":{"process":{"thread":{}}}},"beat_hostname":"win10","log_name":"Microsoft-Windows-WMI-Activity/Operational","wmi_id":"{B88A9944-FE12-46D6-AA30-925DC3DFF259}","etl_kafka_partition":0,"wmi_operation":"Start IWbemServices::DeleteInstance - Root\\Rsop\\User\\S_1_5_21_1682166927_3851495277_586444471_1001 : RSOP_ExtensionStatus.extensionGuid=\"{7B849a69-220F-451E-B3FE-2CB811AF94AE}\"","wmi_possible_cause":"Unknown","type":"wineventlog","provider_guid":"1418ef04-b0b4-4623-bf7e-d74ab47bbdaa","wmi_result_code":"0x80041002","event_original_time":"2020-09-29T06:35:33.996Z","thread_id":2428,"etl_host_agent_ephemeral_uid":"298c86f2-fe36-4c4c-88aa-2a80cc6ed89e","@version":"1","opcode":"Info","etl_pipeline":["all-filter-0098","all-add_processed_timestamp","fingerprint-winlogbeats7","winlogbeat_7_and_above-field_nest_cleanup","winlogbeat_7_and_above-field_cleanups","1500","1522","wmi-user_field_renames","wmi-event_id-5858-field_rename","general_rename-various_global_options","provider_guid-cleanup","winevent-hostname-cleanup","final-cleanup-message_field"],"record_number":72,"event_original_message":"Id = {B88A9944-FE12-46D6-AA30-925DC3DFF259}; ClientMachine = VAGRANT-10; User = ; ClientProcessId = 1004; Component = Unknown; Operation = Start IWbemServices::DeleteInstance - Root\\Rsop\\User\\S_1_5_21_1682166927_3851495277_586444471_1001 : RSOP_ExtensionStatus.extensionGuid=\"{7B849a69-220F-451E-B3FE-2CB811AF94AE}\"; ResultCode = 0x80041002; PossibleCause = Unknown","source_name":"Microsoft-Windows-WMI-Activity","process_id":"1004","etl_kafka_time":1601361333995,"host_name":"vagrant-10"}},{"_index":"logs-endpoint-winevent-wmiactivity-2020.09.29","_type":"_doc","_id":"1a1a3d4db6a6b2e496a9d4385c2dbf909c0dedac","_score":1.0,"_source":{"level":"error","wmi_component":"Unknown","wmi_xml_operation":"Operation_ClientFailure","etl_processed_time":"2022-01-18T19:16:59.562Z","etl_kafka_topic":"winlogbeat","event_id":5858,"task":"","etl_host_agent_type":"winlogbeat","wmi_client_machine":"VAGRANT-10","etl_kafka_offset":2325,"etl_version":"2020.04.19.01","etl_host_agent_uid":"8faec186-b368-44a8-a9c5-6e284dfc7aea","@timestamp":"2020-09-29T06:35:33.996Z","beat_version":"7.6.2","z_elastic_ecs":{"agent":{},"log":{},"host":{},"event":{"provider":"Microsoft-Windows-WMI-Activity","kind":"event","created":"2022-01-18T19:16:49.439Z","code":5858},"ecs":{"version":"1.4.0"},"user":{"type":"User","identifier":"S-1-5-18","domain":"NT AUTHORITY","name":"SYSTEM"},"winlog":{"process":{"thread":{}}}},"beat_hostname":"win10","log_name":"Microsoft-Windows-WMI-Activity/Operational","wmi_id":"{B88A9944-FE12-46D6-AA30-925DC3DFF259}","etl_kafka_partition":0,"wmi_operation":"Start IWbemServices::DeleteInstance - Root\\Rsop\\User\\S_1_5_21_1682166927_3851495277_586444471_1001 : RSOP_ExtensionStatus.extensionGuid=\"{8A28E2C5-8D06-49A4-A08C-632DAA493E17}\"","wmi_possible_cause":"Unknown","type":"wineventlog","provider_guid":"1418ef04-b0b4-4623-bf7e-d74ab47bbdaa","wmi_result_code":"0x80041002","event_original_time":"2020-09-29T06:35:33.996Z","thread_id":2428,"etl_host_agent_ephemeral_uid":"298c86f2-fe36-4c4c-88aa-2a80cc6ed89e","@version":"1","opcode":"Info","etl_pipeline":["all-filter-0098","all-add_processed_timestamp","fingerprint-winlogbeats7","winlogbeat_7_and_above-field_nest_cleanup","winlogbeat_7_and_above-field_cleanups","1500","1522","wmi-user_field_renames","wmi-event_id-5858-field_rename","general_rename-various_global_options","provider_guid-cleanup","winevent-hostname-cleanup","final-cleanup-message_field"],"record_number":73,"event_original_message":"Id = {B88A9944-FE12-46D6-AA30-925DC3DFF259}; ClientMachine = VAGRANT-10; User = ; ClientProcessId = 1004; Component = Unknown; Operation = Start IWbemServices::DeleteInstance - Root\\Rsop\\User\\S_1_5_21_1682166927_3851495277_586444471_1001 : RSOP_ExtensionStatus.extensionGuid=\"{8A28E2C5-8D06-49A4-A08C-632DAA493E17}\"; ResultCode = 0x80041002; PossibleCause = Unknown","source_name":"Microsoft-Windows-WMI-Activity","process_id":"1004","etl_kafka_time":1601361333996,"host_name":"vagrant-10"}},{"_index":"logs-endpoint-winevent-wmiactivity-2020.09.29","_type":"_doc","_id":"cd4b56821f15dab30c329f74112711a426d4e3aa","_score":1.0,"_source":{"level":"error","wmi_component":"Unknown","wmi_xml_operation":"Operation_ClientFailure","etl_processed_time":"2022-01-18T19:16:59.562Z","etl_kafka_topic":"winlogbeat","event_id":5858,"task":"","etl_host_agent_type":"winlogbeat","wmi_client_machine":"VAGRANT-10","etl_kafka_offset":2326,"etl_version":"2020.04.19.01","etl_host_agent_uid":"8faec186-b368-44a8-a9c5-6e284dfc7aea","@timestamp":"2020-09-29T06:35:33.996Z","beat_version":"7.6.2","z_elastic_ecs":{"agent":{},"log":{},"host":{},"event":{"provider":"Microsoft-Windows-WMI-Activity","kind":"event","created":"2022-01-18T19:16:49.439Z","code":5858},"ecs":{"version":"1.4.0"},"user":{"identifier":"S-1-5-18","type":"User","domain":"NT AUTHORITY","name":"SYSTEM"},"winlog":{"process":{"thread":{}}}},"beat_hostname":"win10","log_name":"Microsoft-Windows-WMI-Activity/Operational","wmi_id":"{B88A9944-FE12-46D6-AA30-925DC3DFF259}","etl_kafka_partition":0,"wmi_operation":"Start IWbemServices::DeleteInstance - Root\\Rsop\\User\\S_1_5_21_1682166927_3851495277_586444471_1001 : RSOP_ExtensionStatus.extensionGuid=\"{91FBB303-0CD5-4055-BF42-E512A681B325}\"","wmi_possible_cause":"Unknown","type":"wineventlog","provider_guid":"1418ef04-b0b4-4623-bf7e-d74ab47bbdaa","wmi_result_code":"0x80041002","event_original_time":"2020-09-29T06:35:33.996Z","thread_id":2428,"etl_host_agent_ephemeral_uid":"298c86f2-fe36-4c4c-88aa-2a80cc6ed89e","@version":"1","opcode":"Info","etl_pipeline":["all-filter-0098","all-add_processed_timestamp","fingerprint-winlogbeats7","winlogbeat_7_and_above-field_nest_cleanup","winlogbeat_7_and_above-field_cleanups","1500","1522","wmi-user_field_renames","wmi-event_id-5858-field_rename","general_rename-various_global_options","provider_guid-cleanup","winevent-hostname-cleanup","final-cleanup-message_field"],"record_number":74,"event_original_message":"Id = {B88A9944-FE12-46D6-AA30-925DC3DFF259}; ClientMachine = VAGRANT-10; User = ; ClientProcessId = 1004; Component = Unknown; Operation = Start IWbemServices::DeleteInstance - Root\\Rsop\\User\\S_1_5_21_1682166927_3851495277_586444471_1001 : RSOP_ExtensionStatus.extensionGuid=\"{91FBB303-0CD5-4055-BF42-E512A681B325}\"; ResultCode = 0x80041002; PossibleCause = Unknown","source_name":"Microsoft-Windows-WMI-Activity","process_id":"1004","etl_kafka_time":1601361333996,"host_name":"vagrant-10"}},{"_index":"logs-endpoint-winevent-wmiactivity-2020.09.29","_type":"_doc","_id":"1d43b61a98daa98bb55f66618d2a3f913c68e40e","_score":1.0,"_source":{"level":"error","wmi_component":"Unknown","wmi_xml_operation":"Operation_ClientFailure","etl_processed_time":"2022-01-18T19:16:59.562Z","etl_kafka_topic":"winlogbeat","event_id":5858,"task":"","etl_host_agent_type":"winlogbeat","wmi_client_machine":"VAGRANT-10","etl_kafka_offset":2327,"etl_version":"2020.04.19.01","etl_host_agent_uid":"8faec186-b368-44a8-a9c5-6e284dfc7aea","@timestamp":"2020-09-29T06:35:33.997Z","beat_version":"7.6.2","z_elastic_ecs":{"agent":{},"log":{},"host":{},"event":{"provider":"Microsoft-Windows-WMI-Activity","kind":"event","created":"2022-01-18T19:16:49.439Z","code":5858},"ecs":{"version":"1.4.0"},"user":{"type":"User","identifier":"S-1-5-18","domain":"NT AUTHORITY","name":"SYSTEM"},"winlog":{"process":{"thread":{}}}},"beat_hostname":"win10","log_name":"Microsoft-Windows-WMI-Activity/Operational","wmi_id":"{B88A9944-FE12-46D6-AA30-925DC3DFF259}","etl_kafka_partition":0,"wmi_operation":"Start IWbemServices::DeleteInstance - Root\\Rsop\\User\\S_1_5_21_1682166927_3851495277_586444471_1001 : RSOP_ExtensionStatus.extensionGuid=\"{A3F3E39B-5D83-4940-B954-28315B82F0A8}\"","wmi_possible_cause":"Unknown","type":"wineventlog","provider_guid":"1418ef04-b0b4-4623-bf7e-d74ab47bbdaa","wmi_result_code":"0x80041002","event_original_time":"2020-09-29T06:35:33.997Z","thread_id":2428,"etl_host_agent_ephemeral_uid":"298c86f2-fe36-4c4c-88aa-2a80cc6ed89e","@version":"1","opcode":"Info","etl_pipeline":["all-filter-0098","all-add_processed_timestamp","fingerprint-winlogbeats7","winlogbeat_7_and_above-field_nest_cleanup","winlogbeat_7_and_above-field_cleanups","1500","1522","wmi-user_field_renames","wmi-event_id-5858-field_rename","general_rename-various_global_options","provider_guid-cleanup","winevent-hostname-cleanup","final-cleanup-message_field"],"record_number":75,"event_original_message":"Id = {B88A9944-FE12-46D6-AA30-925DC3DFF259}; ClientMachine = VAGRANT-10; User = ; ClientProcessId = 1004; Component = Unknown; Operation = Start IWbemServices::DeleteInstance - Root\\Rsop\\User\\S_1_5_21_1682166927_3851495277_586444471_1001 : RSOP_ExtensionStatus.extensionGuid=\"{A3F3E39B-5D83-4940-B954-28315B82F0A8}\"; ResultCode = 0x80041002; PossibleCause = Unknown","source_name":"Microsoft-Windows-WMI-Activity","process_id":"1004","etl_kafka_time":1601361333996,"host_name":"vagrant-10"}},{"_index":"logs-endpoint-winevent-wmiactivity-2020.09.29","_type":"_doc","_id":"4b3500d38b8760c5c1874c6fa31e429794455fdb","_score":1.0,"_source":{"level":"error","wmi_component":"Unknown","wmi_xml_operation":"Operation_ClientFailure","etl_processed_time":"2022-01-18T19:16:59.562Z","etl_kafka_topic":"winlogbeat","event_id":5858,"task":"","etl_host_agent_type":"winlogbeat","wmi_client_machine":"VAGRANT-10","etl_kafka_offset":2328,"etl_version":"2020.04.19.01","etl_host_agent_uid":"8faec186-b368-44a8-a9c5-6e284dfc7aea","@timestamp":"2020-09-29T06:35:33.997Z","beat_version":"7.6.2","z_elastic_ecs":{"agent":{},"log":{},"host":{},"event":{"provider":"Microsoft-Windows-WMI-Activity","kind":"event","created":"2022-01-18T19:16:49.439Z","code":5858},"ecs":{"version":"1.4.0"},"user":{"identifier":"S-1-5-18","type":"User","domain":"NT AUTHORITY","name":"SYSTEM"},"winlog":{"process":{"thread":{}}}},"beat_hostname":"win10","log_name":"Microsoft-Windows-WMI-Activity/Operational","wmi_id":"{B88A9944-FE12-46D6-AA30-925DC3DFF259}","etl_kafka_partition":0,"wmi_operation":"Start IWbemServices::DeleteInstance - Root\\Rsop\\User\\S_1_5_21_1682166927_3851495277_586444471_1001 : RSOP_ExtensionStatus.extensionGuid=\"{AADCED64-746C-4633-A97C-D61349046527}\"","wmi_possible_cause":"Unknown","type":"wineventlog","provider_guid":"1418ef04-b0b4-4623-bf7e-d74ab47bbdaa","wmi_result_code":"0x80041002","event_original_time":"2020-09-29T06:35:33.997Z","thread_id":2428,"etl_host_agent_ephemeral_uid":"298c86f2-fe36-4c4c-88aa-2a80cc6ed89e","@version":"1","opcode":"Info","etl_pipeline":["all-filter-0098","all-add_processed_timestamp","fingerprint-winlogbeats7","winlogbeat_7_and_above-field_nest_cleanup","winlogbeat_7_and_above-field_cleanups","1500","1522","wmi-user_field_renames","wmi-event_id-5858-field_rename","general_rename-various_global_options","provider_guid-cleanup","winevent-hostname-cleanup","final-cleanup-message_field"],"record_number":76,"event_original_message":"Id = {B88A9944-FE12-46D6-AA30-925DC3DFF259}; ClientMachine = VAGRANT-10; User = ; ClientProcessId = 1004; Component = Unknown; Operation = Start IWbemServices::DeleteInstance - Root\\Rsop\\User\\S_1_5_21_1682166927_3851495277_586444471_1001 : RSOP_ExtensionStatus.extensionGuid=\"{AADCED64-746C-4633-A97C-D61349046527}\"; ResultCode = 0x80041002; PossibleCause = Unknown","source_name":"Microsoft-Windows-WMI-Activity","process_id":"1004","etl_kafka_time":1601361333997,"host_name":"vagrant-10"}},