{"_index":"logs-endpoint-winevent-wmiactivity-2020.09.29","_type":"_doc","_id":"f7471130d9ee96436e5c7451b9285cda8a4dd5af","_score":1.0,"_source":{"level":"error","wmi_component":"Unknown","wmi_xml_operation":"Operation_ClientFailure","etl_processed_time":"2022-01-18T19:17:13.771Z","etl_kafka_topic":"winlogbeat","event_id":5858,"task":"","etl_host_agent_type":"winlogbeat","wmi_client_machine":"VAGRANT-10","etl_kafka_offset":2588,"etl_version":"2020.04.19.01","etl_host_agent_uid":"8faec186-b368-44a8-a9c5-6e284dfc7aea","@timestamp":"2020-09-29T06:35:57.590Z","beat_version":"7.6.2","z_elastic_ecs":{"agent":{},"log":{},"host":{},"event":{"provider":"Microsoft-Windows-WMI-Activity","kind":"event","created":"2022-01-18T19:17:03.897Z","code":5858},"ecs":{"version":"1.4.0"},"user":{"type":"User","identifier":"S-1-5-18","domain":"NT AUTHORITY","name":"SYSTEM"},"winlog":{"process":{"thread":{}}}},"beat_hostname":"win10","log_name":"Microsoft-Windows-WMI-Activity/Operational","wmi_id":"{4F24E68D-BD0E-4AA4-BEA1-DC6DB11F04C7}","etl_kafka_partition":0,"wmi_operation":"Start IWbemServices::DeleteInstance - Root\\Rsop\\User\\S_1_5_21_1682166927_3851495277_586444471_1000 : RSOP_ExtensionStatus.extensionGuid=\"{C418DD9D-0D14-4efb-8FBF-CFE535C8FAC7}\"","wmi_possible_cause":"Unknown","type":"wineventlog","provider_guid":"1418ef04-b0b4-4623-bf7e-d74ab47bbdaa","wmi_result_code":"0x80041002","event_original_time":"2020-09-29T06:35:57.590Z","thread_id":2428,"etl_host_agent_ephemeral_uid":"298c86f2-fe36-4c4c-88aa-2a80cc6ed89e","@version":"1","opcode":"Info","etl_pipeline":["all-filter-0098","all-add_processed_timestamp","fingerprint-winlogbeats7","winlogbeat_7_and_above-field_nest_cleanup","winlogbeat_7_and_above-field_cleanups","1500","1522","wmi-user_field_renames","wmi-event_id-5858-field_rename","general_rename-various_global_options","provider_guid-cleanup","winevent-hostname-cleanup","final-cleanup-message_field"],"record_number":130,"event_original_message":"Id = {4F24E68D-BD0E-4AA4-BEA1-DC6DB11F04C7}; ClientMachine = VAGRANT-10; User = ; ClientProcessId = 1004; Component = Unknown; Operation = Start IWbemServices::DeleteInstance - Root\\Rsop\\User\\S_1_5_21_1682166927_3851495277_586444471_1000 : RSOP_ExtensionStatus.extensionGuid=\"{C418DD9D-0D14-4efb-8FBF-CFE535C8FAC7}\"; ResultCode = 0x80041002; PossibleCause = Unknown","source_name":"Microsoft-Windows-WMI-Activity","process_id":"1004","etl_kafka_time":1601361357589,"host_name":"vagrant-10"}},{"_index":"logs-endpoint-winevent-wmiactivity-2020.09.29","_type":"_doc","_id":"8e9a6d416ec949dfc2ef663afe4e8290ffaee293","_score":1.0,"_source":{"level":"error","wmi_component":"Unknown","wmi_xml_operation":"Operation_ClientFailure","etl_processed_time":"2022-01-18T19:17:13.771Z","etl_kafka_topic":"winlogbeat","event_id":5858,"task":"","etl_host_agent_type":"winlogbeat","wmi_client_machine":"VAGRANT-10","etl_kafka_offset":2590,"etl_version":"2020.04.19.01","etl_host_agent_uid":"8faec186-b368-44a8-a9c5-6e284dfc7aea","@timestamp":"2020-09-29T06:35:57.590Z","beat_version":"7.6.2","z_elastic_ecs":{"agent":{},"log":{},"host":{},"event":{"provider":"Microsoft-Windows-WMI-Activity","kind":"event","created":"2022-01-18T19:17:03.898Z","code":5858},"ecs":{"version":"1.4.0"},"user":{"identifier":"S-1-5-18","type":"User","domain":"NT AUTHORITY","name":"SYSTEM"},"winlog":{"process":{"thread":{}}}},"beat_hostname":"win10","log_name":"Microsoft-Windows-WMI-Activity/Operational","wmi_id":"{4F24E68D-BD0E-4AA4-BEA1-DC6DB11F04C7}","etl_kafka_partition":0,"wmi_operation":"Start IWbemServices::DeleteInstance - Root\\Rsop\\User\\S_1_5_21_1682166927_3851495277_586444471_1000 : RSOP_ExtensionStatus.extensionGuid=\"{c6dc5466-785a-11d2-84d0-00c04fb169f7}\"","wmi_possible_cause":"Unknown","type":"wineventlog","provider_guid":"1418ef04-b0b4-4623-bf7e-d74ab47bbdaa","wmi_result_code":"0x80041002","event_original_time":"2020-09-29T06:35:57.590Z","thread_id":2428,"etl_host_agent_ephemeral_uid":"298c86f2-fe36-4c4c-88aa-2a80cc6ed89e","@version":"1","opcode":"Info","etl_pipeline":["all-filter-0098","all-add_processed_timestamp","fingerprint-winlogbeats7","winlogbeat_7_and_above-field_nest_cleanup","winlogbeat_7_and_above-field_cleanups","1500","1522","wmi-user_field_renames","wmi-event_id-5858-field_rename","general_rename-various_global_options","provider_guid-cleanup","winevent-hostname-cleanup","final-cleanup-message_field"],"record_number":132,"event_original_message":"Id = {4F24E68D-BD0E-4AA4-BEA1-DC6DB11F04C7}; ClientMachine = VAGRANT-10; User = ; ClientProcessId = 1004; Component = Unknown; Operation = Start IWbemServices::DeleteInstance - Root\\Rsop\\User\\S_1_5_21_1682166927_3851495277_586444471_1000 : RSOP_ExtensionStatus.extensionGuid=\"{c6dc5466-785a-11d2-84d0-00c04fb169f7}\"; ResultCode = 0x80041002; PossibleCause = Unknown","source_name":"Microsoft-Windows-WMI-Activity","process_id":"1004","etl_kafka_time":1601361357590,"host_name":"vagrant-10"}},{"_index":"logs-endpoint-winevent-wmiactivity-2020.09.29","_type":"_doc","_id":"34afc7d9e47233ef4fe40029cf6a1f78407de516","_score":1.0,"_source":{"level":"error","wmi_component":"Unknown","wmi_xml_operation":"Operation_ClientFailure","etl_processed_time":"2022-01-18T19:17:13.772Z","etl_kafka_topic":"winlogbeat","event_id":5858,"task":"","etl_host_agent_type":"winlogbeat","wmi_client_machine":"VAGRANT-10","etl_kafka_offset":2592,"etl_version":"2020.04.19.01","etl_host_agent_uid":"8faec186-b368-44a8-a9c5-6e284dfc7aea","@timestamp":"2020-09-29T06:35:57.591Z","beat_version":"7.6.2","z_elastic_ecs":{"agent":{},"log":{},"host":{},"event":{"provider":"Microsoft-Windows-WMI-Activity","kind":"event","created":"2022-01-18T19:17:03.898Z","code":5858},"ecs":{"version":"1.4.0"},"user":{"identifier":"S-1-5-18","type":"User","domain":"NT AUTHORITY","name":"SYSTEM"},"winlog":{"process":{"thread":{}}}},"beat_hostname":"win10","log_name":"Microsoft-Windows-WMI-Activity/Operational","wmi_id":"{4F24E68D-BD0E-4AA4-BEA1-DC6DB11F04C7}","etl_kafka_partition":0,"wmi_operation":"Start IWbemServices::DeleteInstance - Root\\Rsop\\User\\S_1_5_21_1682166927_3851495277_586444471_1000 : RSOP_ExtensionStatus.extensionGuid=\"{CFF649BD-601D-4361-AD3D-0FC365DB4DB7}\"","wmi_possible_cause":"Unknown","type":"wineventlog","provider_guid":"1418ef04-b0b4-4623-bf7e-d74ab47bbdaa","wmi_result_code":"0x80041002","event_original_time":"2020-09-29T06:35:57.591Z","thread_id":2428,"etl_host_agent_ephemeral_uid":"298c86f2-fe36-4c4c-88aa-2a80cc6ed89e","@version":"1","opcode":"Info","etl_pipeline":["all-filter-0098","all-add_processed_timestamp","fingerprint-winlogbeats7","winlogbeat_7_and_above-field_nest_cleanup","winlogbeat_7_and_above-field_cleanups","1500","1522","wmi-user_field_renames","wmi-event_id-5858-field_rename","general_rename-various_global_options","provider_guid-cleanup","winevent-hostname-cleanup","final-cleanup-message_field"],"record_number":134,"event_original_message":"Id = {4F24E68D-BD0E-4AA4-BEA1-DC6DB11F04C7}; ClientMachine = VAGRANT-10; User = ; ClientProcessId = 1004; Component = Unknown; Operation = Start IWbemServices::DeleteInstance - Root\\Rsop\\User\\S_1_5_21_1682166927_3851495277_586444471_1000 : RSOP_ExtensionStatus.extensionGuid=\"{CFF649BD-601D-4361-AD3D-0FC365DB4DB7}\"; ResultCode = 0x80041002; PossibleCause = Unknown","source_name":"Microsoft-Windows-WMI-Activity","process_id":"1004","etl_kafka_time":1601361357591,"host_name":"vagrant-10"}},{"_index":"logs-endpoint-winevent-wmiactivity-2020.09.29","_type":"_doc","_id":"7382257b894da805ee95ba9d22d916f28dd48770","_score":1.0,"_source":{"level":"error","wmi_component":"Unknown","wmi_xml_operation":"Operation_ClientFailure","etl_processed_time":"2022-01-18T19:17:13.772Z","etl_kafka_topic":"winlogbeat","event_id":5858,"task":"","etl_host_agent_type":"winlogbeat","wmi_client_machine":"VAGRANT-10","etl_kafka_offset":2594,"etl_version":"2020.04.19.01","etl_host_agent_uid":"8faec186-b368-44a8-a9c5-6e284dfc7aea","@timestamp":"2020-09-29T06:35:57.592Z","beat_version":"7.6.2","z_elastic_ecs":{"agent":{},"log":{},"host":{},"event":{"provider":"Microsoft-Windows-WMI-Activity","kind":"event","created":"2022-01-18T19:17:03.898Z","code":5858},"ecs":{"version":"1.4.0"},"user":{"identifier":"S-1-5-18","type":"User","domain":"NT AUTHORITY","name":"SYSTEM"},"winlog":{"process":{"thread":{}}}},"beat_hostname":"win10","log_name":"Microsoft-Windows-WMI-Activity/Operational","wmi_id":"{4F24E68D-BD0E-4AA4-BEA1-DC6DB11F04C7}","etl_kafka_partition":0,"wmi_operation":"Start IWbemServices::DeleteInstance - Root\\Rsop\\User\\S_1_5_21_1682166927_3851495277_586444471_1000 : RSOP_ExtensionStatus.extensionGuid=\"{E4F48E54-F38D-4884-BFB9-D4D2E5729C18}\"","wmi_possible_cause":"Unknown","type":"wineventlog","provider_guid":"1418ef04-b0b4-4623-bf7e-d74ab47bbdaa","wmi_result_code":"0x80041002","event_original_time":"2020-09-29T06:35:57.592Z","thread_id":2428,"etl_host_agent_ephemeral_uid":"298c86f2-fe36-4c4c-88aa-2a80cc6ed89e","@version":"1","opcode":"Info","etl_pipeline":["all-filter-0098","all-add_processed_timestamp","fingerprint-winlogbeats7","winlogbeat_7_and_above-field_nest_cleanup","winlogbeat_7_and_above-field_cleanups","1500","1522","wmi-user_field_renames","wmi-event_id-5858-field_rename","general_rename-various_global_options","provider_guid-cleanup","winevent-hostname-cleanup","final-cleanup-message_field"],"record_number":136,"event_original_message":"Id = {4F24E68D-BD0E-4AA4-BEA1-DC6DB11F04C7}; ClientMachine = VAGRANT-10; User = ; ClientProcessId = 1004; Component = Unknown; Operation = Start IWbemServices::DeleteInstance - Root\\Rsop\\User\\S_1_5_21_1682166927_3851495277_586444471_1000 : RSOP_ExtensionStatus.extensionGuid=\"{E4F48E54-F38D-4884-BFB9-D4D2E5729C18}\"; ResultCode = 0x80041002; PossibleCause = Unknown","source_name":"Microsoft-Windows-WMI-Activity","process_id":"1004","etl_kafka_time":1601361357591,"host_name":"vagrant-10"}},{"_index":"logs-endpoint-winevent-wmiactivity-2020.09.29","_type":"_doc","_id":"3290ed0b5d6babf83b33e0553c398d2d776a41b6","_score":1.0,"_source":{"level":"error","wmi_component":"Unknown","wmi_xml_operation":"Operation_ClientFailure","etl_processed_time":"2022-01-18T19:17:13.772Z","etl_kafka_topic":"winlogbeat","event_id":5858,"task":"","etl_host_agent_type":"winlogbeat","wmi_client_machine":"VAGRANT-10","etl_kafka_offset":2596,"etl_version":"2020.04.19.01","etl_host_agent_uid":"8faec186-b368-44a8-a9c5-6e284dfc7aea","@timestamp":"2020-09-29T06:35:57.592Z","beat_version":"7.6.2","z_elastic_ecs":{"agent":{},"log":{},"host":{},"event":{"provider":"Microsoft-Windows-WMI-Activity","kind":"event","created":"2022-01-18T19:17:03.898Z","code":5858},"ecs":{"version":"1.4.0"},"user":{"type":"User","identifier":"S-1-5-18","domain":"NT AUTHORITY","name":"SYSTEM"},"winlog":{"process":{"thread":{}}}},"beat_hostname":"win10","log_name":"Microsoft-Windows-WMI-Activity/Operational","wmi_id":"{4F24E68D-BD0E-4AA4-BEA1-DC6DB11F04C7}","etl_kafka_partition":0,"wmi_operation":"Start IWbemServices::DeleteInstance - Root\\Rsop\\User\\S_1_5_21_1682166927_3851495277_586444471_1000 : RSOP_ExtensionStatus.extensionGuid=\"{E62688F0-25FD-4c90-BFF5-F508B9D2E31F}\"","wmi_possible_cause":"Unknown","type":"wineventlog","provider_guid":"1418ef04-b0b4-4623-bf7e-d74ab47bbdaa","wmi_result_code":"0x80041002","event_original_time":"2020-09-29T06:35:57.592Z","thread_id":2428,"etl_host_agent_ephemeral_uid":"298c86f2-fe36-4c4c-88aa-2a80cc6ed89e","@version":"1","opcode":"Info","etl_pipeline":["all-filter-0098","all-add_processed_timestamp","fingerprint-winlogbeats7","winlogbeat_7_and_above-field_nest_cleanup","winlogbeat_7_and_above-field_cleanups","1500","1522","wmi-user_field_renames","wmi-event_id-5858-field_rename","general_rename-various_global_options","provider_guid-cleanup","winevent-hostname-cleanup","final-cleanup-message_field"],"record_number":138,"event_original_message":"Id = {4F24E68D-BD0E-4AA4-BEA1-DC6DB11F04C7}; ClientMachine = VAGRANT-10; User = ; ClientProcessId = 1004; Component = Unknown; Operation = Start IWbemServices::DeleteInstance - Root\\Rsop\\User\\S_1_5_21_1682166927_3851495277_586444471_1000 : RSOP_ExtensionStatus.extensionGuid=\"{E62688F0-25FD-4c90-BFF5-F508B9D2E31F}\"; ResultCode = 0x80041002; PossibleCause = Unknown","source_name":"Microsoft-Windows-WMI-Activity","process_id":"1004","etl_kafka_time":1601361357592,"host_name":"vagrant-10"}},{"_index":"logs-endpoint-winevent-wmiactivity-2020.09.29","_type":"_doc","_id":"a0240ebfdaca21f776518a585d1f0c0c3635aec0","_score":1.0,"_source":{"level":"error","wmi_component":"Unknown","wmi_xml_operation":"Operation_ClientFailure","etl_processed_time":"2022-01-18T19:17:13.772Z","etl_kafka_topic":"winlogbeat","event_id":5858,"task":"","etl_host_agent_type":"winlogbeat","wmi_client_machine":"VAGRANT-10","etl_kafka_offset":2598,"etl_version":"2020.04.19.01","etl_host_agent_uid":"8faec186-b368-44a8-a9c5-6e284dfc7aea","@timestamp":"2020-09-29T06:35:57.593Z","beat_version":"7.6.2","z_elastic_ecs":{"agent":{},"log":{},"host":{},"event":{"provider":"Microsoft-Windows-WMI-Activity","kind":"event","created":"2022-01-18T19:17:03.899Z","code":5858},"ecs":{"version":"1.4.0"},"user":{"identifier":"S-1-5-18","type":"User","domain":"NT AUTHORITY","name":"SYSTEM"},"winlog":{"process":{"thread":{}}}},"beat_hostname":"win10","log_name":"Microsoft-Windows-WMI-Activity/Operational","wmi_id":"{4F24E68D-BD0E-4AA4-BEA1-DC6DB11F04C7}","etl_kafka_partition":0,"wmi_operation":"Start IWbemServices::DeleteInstance - Root\\Rsop\\User\\S_1_5_21_1682166927_3851495277_586444471_1000 : RSOP_ExtensionStatus.extensionGuid=\"{FB2CA36D-0B40-4307-821B-A13B252DE56C}\"","wmi_possible_cause":"Unknown","type":"wineventlog","provider_guid":"1418ef04-b0b4-4623-bf7e-d74ab47bbdaa","wmi_result_code":"0x80041002","event_original_time":"2020-09-29T06:35:57.593Z","thread_id":2428,"etl_host_agent_ephemeral_uid":"298c86f2-fe36-4c4c-88aa-2a80cc6ed89e","@version":"1","opcode":"Info","etl_pipeline":["all-filter-0098","all-add_processed_timestamp","fingerprint-winlogbeats7","winlogbeat_7_and_above-field_nest_cleanup","winlogbeat_7_and_above-field_cleanups","1500","1522","wmi-user_field_renames","wmi-event_id-5858-field_rename","general_rename-various_global_options","provider_guid-cleanup","winevent-hostname-cleanup","final-cleanup-message_field"],"record_number":140,"event_original_message":"Id = {4F24E68D-BD0E-4AA4-BEA1-DC6DB11F04C7}; ClientMachine = VAGRANT-10; User = ; ClientProcessId = 1004; Component = Unknown; Operation = Start IWbemServices::DeleteInstance - Root\\Rsop\\User\\S_1_5_21_1682166927_3851495277_586444471_1000 : RSOP_ExtensionStatus.extensionGuid=\"{FB2CA36D-0B40-4307-821B-A13B252DE56C}\"; ResultCode = 0x80041002; PossibleCause = Unknown","source_name":"Microsoft-Windows-WMI-Activity","process_id":"1004","etl_kafka_time":1601361357592,"host_name":"vagrant-10"}},{"_index":"logs-endpoint-winevent-wmiactivity-2020.09.29","_type":"_doc","_id":"f7bbdd2616001df411240e2ceaca43e3eba812ac","_score":1.0,"_source":{"level":"error","activity_id":"{5b01d840-9665-0000-6b10-025b6596d601}","wmi_component":"Unknown","wmi_xml_operation":"Operation_ClientFailure","etl_processed_time":"2022-01-18T19:17:13.773Z","etl_kafka_topic":"winlogbeat","event_id":5858,"task":"","etl_host_agent_type":"winlogbeat","wmi_client_machine":"VAGRANT-10","etl_kafka_offset":2607,"etl_version":"2020.04.19.01","etl_host_agent_uid":"8faec186-b368-44a8-a9c5-6e284dfc7aea","@timestamp":"2020-09-29T06:38:39.619Z","beat_version":"7.6.2","z_elastic_ecs":{"agent":{},"log":{},"host":{},"event":{"provider":"Microsoft-Windows-WMI-Activity","kind":"event","created":"2022-01-18T19:17:03.900Z","code":5858},"ecs":{"version":"1.4.0"},"user":{"identifier":"S-1-5-18","type":"User","domain":"NT AUTHORITY","name":"SYSTEM"},"winlog":{"process":{"thread":{}}}},"beat_hostname":"win10","log_name":"Microsoft-Windows-WMI-Activity/Operational","wmi_id":"{5B01D840-9665-0000-6B10-025B6596D601}","etl_kafka_partition":0,"wmi_operation":"Start IWbemServices::ExecNotificationQuery - ROOT\\CIMV2 : SELECT * FROM Win32_ProcessStartTrace WHERE ProcessName = 'wsmprovhost.exe'","wmi_possible_cause":"Unknown","type":"wineventlog","provider_guid":"1418ef04-b0b4-4623-bf7e-d74ab47bbdaa","wmi_result_code":"0x80041032","event_original_time":"2020-09-29T06:38:39.619Z","thread_id":4308,"etl_host_agent_ephemeral_uid":"298c86f2-fe36-4c4c-88aa-2a80cc6ed89e","@version":"1","opcode":"Info","etl_pipeline":["all-filter-0098","all-add_processed_timestamp","fingerprint-winlogbeats7","winlogbeat_7_and_above-field_nest_cleanup","winlogbeat_7_and_above-field_cleanups","1500","1522","wmi-user_field_renames","wmi-event_id-5858-field_rename","general_rename-various_global_options","provider_guid-cleanup","winevent-hostname-cleanup","final-cleanup-message_field"],"record_number":149,"event_original_message":"Id = {5B01D840-9665-0000-6B10-025B6596D601}; ClientMachine = VAGRANT-10; User = ; ClientProcessId = 1004; Component = Unknown; Operation = Start IWbemServices::ExecNotificationQuery - ROOT\\CIMV2 : SELECT * FROM Win32_ProcessStartTrace WHERE ProcessName = 'wsmprovhost.exe'; ResultCode = 0x80041032; PossibleCause = Unknown","source_name":"Microsoft-Windows-WMI-Activity","process_id":"1004","etl_kafka_time":1601361519619,"host_name":"vagrant-10"}},{"_index":"logs-endpoint-winevent-wmiactivity-2020.09.29","_type":"_doc","_id":"afee1d9ad6e41baef3d5b0a5c7a59347a9a26833","_score":1.0,"_source":{"level":"information","wmi_provider_path":"%SystemRoot%\\System32\\sppwmi.dll","wmi_xml_operation":"Operation_StartedOperational","etl_processed_time":"2022-01-18T19:17:13.772Z","etl_kafka_topic":"winlogbeat","event_id":5857,"task":"","etl_host_agent_type":"winlogbeat","etl_kafka_offset":2599,"etl_version":"2020.04.19.01","etl_host_agent_uid":"8faec186-b368-44a8-a9c5-6e284dfc7aea","@timestamp":"2020-09-29T06:36:28.036Z","beat_version":"7.6.2","z_elastic_ecs":{"agent":{},"log":{},"host":{},"event":{"provider":"Microsoft-Windows-WMI-Activity","kind":"event","created":"2022-01-18T19:17:03.899Z","code":5857},"ecs":{"version":"1.4.0"},"user":{"type":"Well Known Group","identifier":"S-1-5-20","domain":"NT AUTHORITY","name":"NETWORK SERVICE"},"winlog":{"process":{"thread":{}}}},"beat_hostname":"win10","log_name":"Microsoft-Windows-WMI-Activity/Operational","etl_kafka_partition":0,"process_name":"wmiprvse.exe","type":"wineventlog","provider_guid":"1418ef04-b0b4-4623-bf7e-d74ab47bbdaa","wmi_result_code":"0x0","wmi_provider":"SppProvider","event_original_time":"2020-09-29T06:36:28.036Z","thread_id":4052,"etl_host_agent_ephemeral_uid":"298c86f2-fe36-4c4c-88aa-2a80cc6ed89e","@version":"1","opcode":"Info","etl_pipeline":["all-filter-0098","all-add_processed_timestamp","fingerprint-winlogbeats7","winlogbeat_7_and_above-field_nest_cleanup","winlogbeat_7_and_above-field_cleanups","1500","1522","wmi-user_field_renames","wmi-event_id_5857_rename","general_rename-various_global_options","provider_guid-cleanup","winevent-hostname-cleanup","final-cleanup-message_field"],"record_number":141,"event_original_message":"SppProvider provider started with result code 0x0. HostProcess = wmiprvse.exe; ProcessID = 4012; ProviderPath = %SystemRoot%\\System32\\sppwmi.dll","source_name":"Microsoft-Windows-WMI-Activity","process_id":"4012","etl_kafka_time":1601361388036,"host_name":"vagrant-10"}},{"_index":"logs-endpoint-winevent-wmiactivity-2020.09.29","_type":"_doc","_id":"327eaca933ca6c5613a0d1ddcba9b4b3eb1245d7","_score":1.0,"_source":{"level":"information","wmi_provider_path":"C:\\Windows\\System32\\wbem\\krnlprov.dll","wmi_xml_operation":"Operation_StartedOperational","etl_processed_time":"2022-01-18T19:17:13.772Z","etl_kafka_topic":"winlogbeat","event_id":5857,"task":"","etl_host_agent_type":"winlogbeat","etl_kafka_offset":2600,"etl_version":"2020.04.19.01","etl_host_agent_uid":"8faec186-b368-44a8-a9c5-6e284dfc7aea","@timestamp":"2020-09-29T06:37:12.508Z","beat_version":"7.6.2","z_elastic_ecs":{"agent":{},"log":{},"host":{},"event":{"provider":"Microsoft-Windows-WMI-Activity","kind":"event","created":"2022-01-18T19:17:03.899Z","code":5857},"ecs":{"version":"1.4.0"},"user":{"type":"User","identifier":"S-1-5-18","domain":"NT AUTHORITY","name":"SYSTEM"},"winlog":{"process":{"thread":{}}}},"beat_hostname":"win10","log_name":"Microsoft-Windows-WMI-Activity/Operational","etl_kafka_partition":0,"process_name":"wmiprvse.exe","type":"wineventlog","provider_guid":"1418ef04-b0b4-4623-bf7e-d74ab47bbdaa","wmi_result_code":"0x0","wmi_provider":"WMI Kernel Trace Event Provider","event_original_time":"2020-09-29T06:37:12.508Z","thread_id":5632,"etl_host_agent_ephemeral_uid":"298c86f2-fe36-4c4c-88aa-2a80cc6ed89e","@version":"1","opcode":"Info","etl_pipeline":["all-filter-0098","all-add_processed_timestamp","fingerprint-winlogbeats7","winlogbeat_7_and_above-field_nest_cleanup","winlogbeat_7_and_above-field_cleanups","1500","1522","wmi-user_field_renames","wmi-event_id_5857_rename","general_rename-various_global_options","provider_guid-cleanup","winevent-hostname-cleanup","final-cleanup-message_field"],"record_number":142,"event_original_message":"WMI Kernel Trace Event Provider provider started with result code 0x0. HostProcess = wmiprvse.exe; ProcessID = 1004; ProviderPath = C:\\Windows\\System32\\wbem\\krnlprov.dll","source_name":"Microsoft-Windows-WMI-Activity","process_id":"1004","etl_kafka_time":1601361432507,"host_name":"vagrant-10"}},{"_index":"logs-endpoint-winevent-wmiactivity-2020.09.29","_type":"_doc","_id":"eadf7784a082d4fba0257bad84cb24f05d3411ea","_score":1.0,"_source":{"level":"information","wmi_provider_path":"%ProgramFiles%\\Windows Defender\\ProtectionManagement.dll","wmi_xml_operation":"Operation_StartedOperational","etl_processed_time":"2022-01-18T19:17:13.773Z","etl_kafka_topic":"winlogbeat","event_id":5857,"task":"","etl_host_agent_type":"winlogbeat","etl_kafka_offset":2605,"etl_version":"2020.04.19.01","etl_host_agent_uid":"8faec186-b368-44a8-a9c5-6e284dfc7aea","@timestamp":"2020-09-29T06:38:24.713Z","beat_version":"7.6.2","z_elastic_ecs":{"agent":{},"log":{},"host":{},"event":{"provider":"Microsoft-Windows-WMI-Activity","kind":"event","created":"2022-01-18T19:17:03.900Z","code":5857},"ecs":{"version":"1.4.0"},"user":{"type":"Well Known Group","identifier":"S-1-5-19","domain":"NT AUTHORITY","name":"LOCAL SERVICE"},"winlog":{"process":{"thread":{}}}},"beat_hostname":"win10","log_name":"Microsoft-Windows-WMI-Activity/Operational","etl_kafka_partition":0,"process_name":"wmiprvse.exe","type":"wineventlog","provider_guid":"1418ef04-b0b4-4623-bf7e-d74ab47bbdaa","wmi_result_code":"0x0","wmi_provider":"ProtectionManagement","event_original_time":"2020-09-29T06:38:24.713Z","thread_id":3180,"etl_host_agent_ephemeral_uid":"298c86f2-fe36-4c4c-88aa-2a80cc6ed89e","@version":"1","opcode":"Info","etl_pipeline":["all-filter-0098","all-add_processed_timestamp","fingerprint-winlogbeats7","winlogbeat_7_and_above-field_nest_cleanup","winlogbeat_7_and_above-field_cleanups","1500","1522","wmi-user_field_renames","wmi-event_id_5857_rename","general_rename-various_global_options","provider_guid-cleanup","winevent-hostname-cleanup","final-cleanup-message_field"],"record_number":147,"event_original_message":"ProtectionManagement provider started with result code 0x0. HostProcess = wmiprvse.exe; ProcessID = 1776; ProviderPath = %ProgramFiles%\\Windows Defender\\ProtectionManagement.dll","source_name":"Microsoft-Windows-WMI-Activity","process_id":"1776","etl_kafka_time":1601361504713,"host_name":"vagrant-10"}},{"_index":"logs-endpoint-winevent-wmiactivity-2020.09.29","_type":"_doc","_id":"1af19696d74d454604e9ba5ed8de7a842eff1cfc","_score":1.0,"_source":{"level":"information","wmi_provider_path":"%systemroot%\\system32\\wbem\\wmiprov.dll","wmi_xml_operation":"Operation_StartedOperational","etl_processed_time":"2022-01-18T19:17:13.773Z","etl_kafka_topic":"winlogbeat","event_id":5857,"task":"","etl_host_agent_type":"winlogbeat","etl_kafka_offset":2606,"etl_version":"2020.04.19.01","etl_host_agent_uid":"8faec186-b368-44a8-a9c5-6e284dfc7aea","@timestamp":"2020-09-29T06:38:34.973Z","beat_version":"7.6.2","z_elastic_ecs":{"agent":{},"log":{},"host":{},"event":{"provider":"Microsoft-Windows-WMI-Activity","kind":"event","created":"2022-01-18T19:17:03.900Z","code":5857},"ecs":{"version":"1.4.0"},"user":{"identifier":"S-1-5-18","type":"User","domain":"NT AUTHORITY","name":"SYSTEM"},"winlog":{"process":{"thread":{}}}},"beat_hostname":"win10","log_name":"Microsoft-Windows-WMI-Activity/Operational","etl_kafka_partition":0,"process_name":"wmiprvse.exe","type":"wineventlog","provider_guid":"1418ef04-b0b4-4623-bf7e-d74ab47bbdaa","wmi_result_code":"0x0","wmi_provider":"WMIProv","event_original_time":"2020-09-29T06:38:34.973Z","thread_id":4252,"etl_host_agent_ephemeral_uid":"298c86f2-fe36-4c4c-88aa-2a80cc6ed89e","@version":"1","opcode":"Info","etl_pipeline":["all-filter-0098","all-add_processed_timestamp","fingerprint-winlogbeats7","winlogbeat_7_and_above-field_nest_cleanup","winlogbeat_7_and_above-field_cleanups","1500","1522","wmi-user_field_renames","wmi-event_id_5857_rename","general_rename-various_global_options","provider_guid-cleanup","winevent-hostname-cleanup","final-cleanup-message_field"],"record_number":148,"event_original_message":"WMIProv provider started with result code 0x0. HostProcess = wmiprvse.exe; ProcessID = 4276; ProviderPath = %systemroot%\\system32\\wbem\\wmiprov.dll","source_name":"Microsoft-Windows-WMI-Activity","process_id":"4276","etl_kafka_time":1601361514972,"host_name":"vagrant-10"}},{"_index":"logs-endpoint-winevent-wmiactivity-2020.09.29","_type":"_doc","_id":"27f0b85ed7541944a360869e5a9f14465178c086","_score":1.0,"_source":{"level":"information","activity_id":"{6e89360f-962b-0000-e43f-896e2b96d601}","wmi_provider_path":"C:\\Windows\\System32\\wbem\\WmiPerfClass.dll","wmi_xml_operation":"Operation_StartedOperational","etl_processed_time":"2022-01-18T19:17:13.763Z","etl_kafka_topic":"winlogbeat","event_id":5857,"task":"","etl_host_agent_type":"winlogbeat","etl_kafka_offset":2613,"etl_version":"2020.04.19.01","etl_host_agent_uid":"8faec186-b368-44a8-a9c5-6e284dfc7aea","@timestamp":"2020-09-29T06:40:58.845Z","beat_version":"7.6.2","z_elastic_ecs":{"agent":{},"log":{},"host":{},"event":{"provider":"Microsoft-Windows-WMI-Activity","kind":"event","created":"2022-01-18T19:17:03.901Z","code":5857},"ecs":{"version":"1.4.0"},"user":{"type":"User","identifier":"S-1-5-18","domain":"NT AUTHORITY","name":"SYSTEM"},"winlog":{"process":{"thread":{}}}},"beat_hostname":"win10","log_name":"Microsoft-Windows-WMI-Activity/Operational","etl_kafka_partition":0,"process_name":"wmiprvse.exe","type":"wineventlog","provider_guid":"1418ef04-b0b4-4623-bf7e-d74ab47bbdaa","wmi_result_code":"0x0","wmi_provider":"WmiPerfClass","event_original_time":"2020-09-29T06:40:58.845Z","thread_id":6360,"etl_host_agent_ephemeral_uid":"298c86f2-fe36-4c4c-88aa-2a80cc6ed89e","@version":"1","opcode":"Info","etl_pipeline":["all-filter-0098","all-add_processed_timestamp","fingerprint-winlogbeats7","winlogbeat_7_and_above-field_nest_cleanup","winlogbeat_7_and_above-field_cleanups","1500","1522","wmi-user_field_renames","wmi-event_id_5857_rename","general_rename-various_global_options","provider_guid-cleanup","winevent-hostname-cleanup","final-cleanup-message_field"],"record_number":155,"event_original_message":"WmiPerfClass provider started with result code 0x0. HostProcess = wmiprvse.exe; ProcessID = 6324; ProviderPath = C:\\Windows\\System32\\wbem\\WmiPerfClass.dll","source_name":"Microsoft-Windows-WMI-Activity","process_id":"6324","etl_kafka_time":1601361658845,"host_name":"vagrant-10"}},{"_index":"logs-endpoint-winevent-wmiactivity-2020.09.29","_type":"_doc","_id":"48f22cb42e960a3aa912fdf265e95306a245e6c4","_score":1.0,"_source":{"level":"information","wmi_provider_path":"%systemroot%\\system32\\wbem\\cimwin32.dll","wmi_xml_operation":"Operation_StartedOperational","etl_processed_time":"2022-01-18T19:17:13.773Z","etl_kafka_topic":"winlogbeat","event_id":5857,"task":"","etl_host_agent_type":"winlogbeat","etl_kafka_offset":2608,"etl_version":"2020.04.19.01","etl_host_agent_uid":"8faec186-b368-44a8-a9c5-6e284dfc7aea","@timestamp":"2020-09-29T06:38:58.238Z","beat_version":"7.6.2","z_elastic_ecs":{"agent":{},"log":{},"host":{},"event":{"provider":"Microsoft-Windows-WMI-Activity","kind":"event","created":"2022-01-18T19:17:03.901Z","code":5857},"ecs":{"version":"1.4.0"},"user":{"type":"Well Known Group","identifier":"S-1-5-20","domain":"NT AUTHORITY","name":"NETWORK SERVICE"},"winlog":{"process":{"thread":{}}}},"beat_hostname":"win10","log_name":"Microsoft-Windows-WMI-Activity/Operational","etl_kafka_partition":0,"process_name":"wmiprvse.exe","type":"wineventlog","provider_guid":"1418ef04-b0b4-4623-bf7e-d74ab47bbdaa","wmi_result_code":"0x0","wmi_provider":"CIMWin32","event_original_time":"2020-09-29T06:38:58.238Z","thread_id":2948,"etl_host_agent_ephemeral_uid":"298c86f2-fe36-4c4c-88aa-2a80cc6ed89e","@version":"1","opcode":"Info","etl_pipeline":["all-filter-0098","all-add_processed_timestamp","fingerprint-winlogbeats7","winlogbeat_7_and_above-field_nest_cleanup","winlogbeat_7_and_above-field_cleanups","1500","1522","wmi-user_field_renames","wmi-event_id_5857_rename","general_rename-various_global_options","provider_guid-cleanup","winevent-hostname-cleanup","final-cleanup-message_field"],"record_number":150,"event_original_message":"CIMWin32 provider started with result code 0x0. HostProcess = wmiprvse.exe; ProcessID = 2804; ProviderPath = %systemroot%\\system32\\wbem\\cimwin32.dll","source_name":"Microsoft-Windows-WMI-Activity","process_id":"2804","etl_kafka_time":1601361538238,"host_name":"vagrant-10"}},{"_index":"logs-endpoint-winevent-wmiactivity-2020.09.29","_type":"_doc","_id":"b2fe688e7dcb0a5044ba3e25385d6df41b2640c1","_score":1.0,"_source":{"level":"information","activity_id":"{2f777558-962b-0000-dc80-772f2b96d601}","wmi_provider_path":"C:\\Windows\\System32\\wbem\\WmiPerfClass.dll","wmi_xml_operation":"Operation_StartedOperational","etl_processed_time":"2022-01-18T19:17:13.773Z","etl_kafka_topic":"winlogbeat","event_id":5857,"task":"","etl_host_agent_type":"winlogbeat","etl_kafka_offset":2609,"etl_version":"2020.04.19.01","etl_host_agent_uid":"8faec186-b368-44a8-a9c5-6e284dfc7aea","@timestamp":"2020-09-29T06:39:16.878Z","beat_version":"7.6.2","z_elastic_ecs":{"agent":{},"log":{},"host":{},"event":{"provider":"Microsoft-Windows-WMI-Activity","kind":"event","created":"2022-01-18T19:17:03.901Z","code":5857},"ecs":{"version":"1.4.0"},"user":{"identifier":"S-1-5-18","type":"User","domain":"NT AUTHORITY","name":"SYSTEM"},"winlog":{"process":{"thread":{}}}},"beat_hostname":"win10","log_name":"Microsoft-Windows-WMI-Activity/Operational","etl_kafka_partition":0,"process_name":"wmiprvse.exe","type":"wineventlog","provider_guid":"1418ef04-b0b4-4623-bf7e-d74ab47bbdaa","wmi_result_code":"0x0","wmi_provider":"WmiPerfClass","event_original_time":"2020-09-29T06:39:16.878Z","thread_id":6124,"etl_host_agent_ephemeral_uid":"298c86f2-fe36-4c4c-88aa-2a80cc6ed89e","@version":"1","opcode":"Info","etl_pipeline":["all-filter-0098","all-add_processed_timestamp","fingerprint-winlogbeats7","winlogbeat_7_and_above-field_nest_cleanup","winlogbeat_7_and_above-field_cleanups","1500","1522","wmi-user_field_renames","wmi-event_id_5857_rename","general_rename-various_global_options","provider_guid-cleanup","winevent-hostname-cleanup","final-cleanup-message_field"],"record_number":151,"event_original_message":"WmiPerfClass provider started with result code 0x0. HostProcess = wmiprvse.exe; ProcessID = 5524; ProviderPath = C:\\Windows\\System32\\wbem\\WmiPerfClass.dll","source_name":"Microsoft-Windows-WMI-Activity","process_id":"5524","etl_kafka_time":1601361556878,"host_name":"vagrant-10"}},{"_index":"logs-endpoint-winevent-wmiactivity-2020.09.29","_type":"_doc","_id":"7e48daec02a44acbbc5fe8f1e5011bd1df0d41c2","_score":1.0,"_source":{"level":"information","activity_id":"{2f777558-962b-0000-ed82-772f2b96d601}","wmi_provider_path":"%systemroot%\\system32\\wbem\\wmiprov.dll","wmi_xml_operation":"Operation_StartedOperational","etl_processed_time":"2022-01-18T19:17:13.773Z","etl_kafka_topic":"winlogbeat","event_id":5857,"task":"","etl_host_agent_type":"winlogbeat","etl_kafka_offset":2610,"etl_version":"2020.04.19.01","etl_host_agent_uid":"8faec186-b368-44a8-a9c5-6e284dfc7aea","@timestamp":"2020-09-29T06:39:22.731Z","beat_version":"7.6.2","z_elastic_ecs":{"agent":{},"log":{},"host":{},"event":{"provider":"Microsoft-Windows-WMI-Activity","kind":"event","created":"2022-01-18T19:17:03.901Z","code":5857},"ecs":{"version":"1.4.0"},"user":{"type":"User","identifier":"S-1-5-18","domain":"NT AUTHORITY","name":"SYSTEM"},"winlog":{"process":{"thread":{}}}},"beat_hostname":"win10","log_name":"Microsoft-Windows-WMI-Activity/Operational","etl_kafka_partition":0,"process_name":"wmiprvse.exe","type":"wineventlog","provider_guid":"1418ef04-b0b4-4623-bf7e-d74ab47bbdaa","wmi_result_code":"0x0","wmi_provider":"WMIProv","event_original_time":"2020-09-29T06:39:22.731Z","thread_id":5428,"etl_host_agent_ephemeral_uid":"298c86f2-fe36-4c4c-88aa-2a80cc6ed89e","@version":"1","opcode":"Info","etl_pipeline":["all-filter-0098","all-add_processed_timestamp","fingerprint-winlogbeats7","winlogbeat_7_and_above-field_nest_cleanup","winlogbeat_7_and_above-field_cleanups","1500","1522","wmi-user_field_renames","wmi-event_id_5857_rename","general_rename-various_global_options","provider_guid-cleanup","winevent-hostname-cleanup","final-cleanup-message_field"],"record_number":152,"event_original_message":"WMIProv provider started with result code 0x0. HostProcess = wmiprvse.exe; ProcessID = 5524; ProviderPath = %systemroot%\\system32\\wbem\\wmiprov.dll","source_name":"Microsoft-Windows-WMI-Activity","process_id":"5524","etl_kafka_time":1601361562731,"host_name":"vagrant-10"}},{"_index":"logs-endpoint-winevent-wmiactivity-2020.09.29","_type":"_doc","_id":"914a6c6149b0bf78dbf947393b1f6ab29c904412","_score":1.0,"_source":{"level":"information","wmi_provider_path":"%systemroot%\\system32\\wbem\\cimwin32.dll","wmi_xml_operation":"Operation_StartedOperational","etl_processed_time":"2022-01-18T19:17:13.773Z","etl_kafka_topic":"winlogbeat","event_id":5857,"task":"","etl_host_agent_type":"winlogbeat","etl_kafka_offset":2612,"etl_version":"2020.04.19.01","etl_host_agent_uid":"8faec186-b368-44a8-a9c5-6e284dfc7aea","@timestamp":"2020-09-29T06:40:39.871Z","beat_version":"7.6.2","z_elastic_ecs":{"agent":{},"log":{},"host":{},"event":{"provider":"Microsoft-Windows-WMI-Activity","kind":"event","created":"2022-01-18T19:17:03.901Z","code":5857},"ecs":{"version":"1.4.0"},"user":{"identifier":"S-1-5-20","type":"Well Known Group","domain":"NT AUTHORITY","name":"NETWORK SERVICE"},"winlog":{"process":{"thread":{}}}},"beat_hostname":"win10","log_name":"Microsoft-Windows-WMI-Activity/Operational","etl_kafka_partition":0,"process_name":"wmiprvse.exe","type":"wineventlog","provider_guid":"1418ef04-b0b4-4623-bf7e-d74ab47bbdaa","wmi_result_code":"0x0","wmi_provider":"CIMWin32","event_original_time":"2020-09-29T06:40:39.871Z","thread_id":2892,"etl_host_agent_ephemeral_uid":"298c86f2-fe36-4c4c-88aa-2a80cc6ed89e","@version":"1","opcode":"Info","etl_pipeline":["all-filter-0098","all-add_processed_timestamp","fingerprint-winlogbeats7","winlogbeat_7_and_above-field_nest_cleanup","winlogbeat_7_and_above-field_cleanups","1500","1522","wmi-user_field_renames","wmi-event_id_5857_rename","general_rename-various_global_options","provider_guid-cleanup","winevent-hostname-cleanup","final-cleanup-message_field"],"record_number":154,"event_original_message":"CIMWin32 provider started with result code 0x0. HostProcess = wmiprvse.exe; ProcessID = 2796; ProviderPath = %systemroot%\\system32\\wbem\\cimwin32.dll","source_name":"Microsoft-Windows-WMI-Activity","process_id":"2796","etl_kafka_time":1601361639871,"host_name":"vagrant-10"}},{"_index":"logs-endpoint-winevent-wmiactivity-2020.09.29","_type":"_doc","_id":"0ab2ba36122a83bf260fa729beb49a32b97afb54","_score":1.0,"_source":{"level":"information","wmi_provider_path":"%ProgramFiles%\\Windows Defender\\ProtectionManagement.dll","wmi_xml_operation":"Operation_StartedOperational","etl_processed_time":"2022-01-18T19:17:13.763Z","etl_kafka_topic":"winlogbeat","event_id":5857,"task":"","etl_host_agent_type":"winlogbeat","etl_kafka_offset":2617,"etl_version":"2020.04.19.01","etl_host_agent_uid":"8faec186-b368-44a8-a9c5-6e284dfc7aea","@timestamp":"2020-09-29T06:43:42.029Z","beat_version":"7.6.2","z_elastic_ecs":{"agent":{},"log":{},"host":{},"event":{"provider":"Microsoft-Windows-WMI-Activity","kind":"event","created":"2022-01-18T19:17:03.902Z","code":5857},"ecs":{"version":"1.4.0"},"user":{"identifier":"S-1-5-19","type":"Well Known Group","domain":"NT AUTHORITY","name":"LOCAL SERVICE"},"winlog":{"process":{"thread":{}}}},"beat_hostname":"win10","log_name":"Microsoft-Windows-WMI-Activity/Operational","etl_kafka_partition":0,"process_name":"wmiprvse.exe","type":"wineventlog","provider_guid":"1418ef04-b0b4-4623-bf7e-d74ab47bbdaa","wmi_result_code":"0x0","wmi_provider":"ProtectionManagement","event_original_time":"2020-09-29T06:43:42.029Z","thread_id":6808,"etl_host_agent_ephemeral_uid":"298c86f2-fe36-4c4c-88aa-2a80cc6ed89e","@version":"1","opcode":"Info","etl_pipeline":["all-filter-0098","all-add_processed_timestamp","fingerprint-winlogbeats7","winlogbeat_7_and_above-field_nest_cleanup","winlogbeat_7_and_above-field_cleanups","1500","1522","wmi-user_field_renames","wmi-event_id_5857_rename","general_rename-various_global_options","provider_guid-cleanup","winevent-hostname-cleanup","final-cleanup-message_field"],"record_number":159,"event_original_message":"ProtectionManagement provider started with result code 0x0. HostProcess = wmiprvse.exe; ProcessID = 5444; ProviderPath = %ProgramFiles%\\Windows Defender\\ProtectionManagement.dll","source_name":"Microsoft-Windows-WMI-Activity","process_id":"5444","etl_kafka_time":1601361822028,"host_name":"vagrant-10"}},{"_index":"logs-endpoint-winevent-wmiactivity-2020.09.29","_type":"_doc","_id":"0a4566b86d3ecd0ba031c4048efc995cad9ab86a","_score":1.0,"_source":{"level":"information","activity_id":"{6e89360f-962b-0001-d13f-896e2b96d601}","wmi_provider_path":"%systemroot%\\system32\\wbem\\wmiprov.dll","wmi_xml_operation":"Operation_StartedOperational","etl_processed_time":"2022-01-18T19:17:13.773Z","etl_kafka_topic":"winlogbeat","event_id":5857,"task":"","etl_host_agent_type":"winlogbeat","etl_kafka_offset":2614,"etl_version":"2020.04.19.01","etl_host_agent_uid":"8faec186-b368-44a8-a9c5-6e284dfc7aea","@timestamp":"2020-09-29T06:41:03.936Z","beat_version":"7.6.2","z_elastic_ecs":{"agent":{},"log":{},"host":{},"event":{"provider":"Microsoft-Windows-WMI-Activity","kind":"event","created":"2022-01-18T19:17:03.901Z","code":5857},"ecs":{"version":"1.4.0"},"user":{"type":"User","identifier":"S-1-5-18","domain":"NT AUTHORITY","name":"SYSTEM"},"winlog":{"process":{"thread":{}}}},"beat_hostname":"win10","log_name":"Microsoft-Windows-WMI-Activity/Operational","etl_kafka_partition":0,"process_name":"wmiprvse.exe","type":"wineventlog","provider_guid":"1418ef04-b0b4-4623-bf7e-d74ab47bbdaa","wmi_result_code":"0x0","wmi_provider":"WMIProv","event_original_time":"2020-09-29T06:41:03.936Z","thread_id":6352,"etl_host_agent_ephemeral_uid":"298c86f2-fe36-4c4c-88aa-2a80cc6ed89e","@version":"1","opcode":"Info","etl_pipeline":["all-filter-0098","all-add_processed_timestamp","fingerprint-winlogbeats7","winlogbeat_7_and_above-field_nest_cleanup","winlogbeat_7_and_above-field_cleanups","1500","1522","wmi-user_field_renames","wmi-event_id_5857_rename","general_rename-various_global_options","provider_guid-cleanup","winevent-hostname-cleanup","final-cleanup-message_field"],"record_number":156,"event_original_message":"WMIProv provider started with result code 0x0. HostProcess = wmiprvse.exe; ProcessID = 6324; ProviderPath = %systemroot%\\system32\\wbem\\wmiprov.dll","source_name":"Microsoft-Windows-WMI-Activity","process_id":"6324","etl_kafka_time":1601361663936,"host_name":"vagrant-10"}},{"_index":"logs-endpoint-winevent-wmiactivity-2020.09.29","_type":"_doc","_id":"c190222c6a9a084bae7373039d9bf3bd46ba2c24","_score":1.0,"_source":{"level":"information","wmi_provider_path":"%systemroot%\\system32\\wbem\\ntevt.dll","wmi_xml_operation":"Operation_StartedOperational","etl_processed_time":"2022-01-18T19:17:13.773Z","etl_kafka_topic":"winlogbeat","event_id":5857,"task":"","etl_host_agent_type":"winlogbeat","etl_kafka_offset":2615,"etl_version":"2020.04.19.01","etl_host_agent_uid":"8faec186-b368-44a8-a9c5-6e284dfc7aea","@timestamp":"2020-09-29T06:41:19.545Z","beat_version":"7.6.2","z_elastic_ecs":{"agent":{},"log":{},"host":{},"event":{"provider":"Microsoft-Windows-WMI-Activity","kind":"event","created":"2022-01-18T19:17:03.901Z","code":5857},"ecs":{"version":"1.4.0"},"user":{"identifier":"S-1-5-20","type":"Well Known Group","domain":"NT AUTHORITY","name":"NETWORK SERVICE"},"winlog":{"process":{"thread":{}}}},"beat_hostname":"win10","log_name":"Microsoft-Windows-WMI-Activity/Operational","etl_kafka_partition":0,"process_name":"wmiprvse.exe","type":"wineventlog","provider_guid":"1418ef04-b0b4-4623-bf7e-d74ab47bbdaa","wmi_result_code":"0x0","wmi_provider":"MS_NT_EVENTLOG_PROVIDER","event_original_time":"2020-09-29T06:41:19.545Z","thread_id":2884,"etl_host_agent_ephemeral_uid":"298c86f2-fe36-4c4c-88aa-2a80cc6ed89e","@version":"1","opcode":"Info","etl_pipeline":["all-filter-0098","all-add_processed_timestamp","fingerprint-winlogbeats7","winlogbeat_7_and_above-field_nest_cleanup","winlogbeat_7_and_above-field_cleanups","1500","1522","wmi-user_field_renames","wmi-event_id_5857_rename","general_rename-various_global_options","provider_guid-cleanup","winevent-hostname-cleanup","final-cleanup-message_field"],"record_number":157,"event_original_message":"MS_NT_EVENTLOG_PROVIDER provider started with result code 0x0. HostProcess = wmiprvse.exe; ProcessID = 2796; ProviderPath = %systemroot%\\system32\\wbem\\ntevt.dll","source_name":"Microsoft-Windows-WMI-Activity","process_id":"2796","etl_kafka_time":1601361679544,"host_name":"vagrant-10"}},{"_index":"logs-endpoint-winevent-wmiactivity-2022.01.18","_type":"_doc","_id":"e4277f2d37fac7988250bc06fbfde7192a3fb4a7","_score":1.0,"_source":{"level":"information","wmi_xml_operation":"Operation_TemporaryEssStarted","etl_processed_time":"2022-01-18T19:15:05.586Z","etl_kafka_topic":"winlogbeat","event_id":5860,"meta_user_name_is_machine":"false","task":"","wmi_namespace":"root\\subscription","etl_host_agent_type":"winlogbeat","user_domain":"nt authority","user_name":"system","wmi_client_machine":"DC","etl_kafka_offset":695,"etl_version":"2020.04.19.01","etl_host_agent_uid":"a1f88b3f-2f88-447f-b94f-5b4a29bbdc8b","@timestamp":"2022-01-18T19:00:18.383Z","beat_version":"7.6.2","z_elastic_ecs":{"agent":{},"log":{},"host":{},"event":{"provider":"Microsoft-Windows-WMI-Activity","kind":"event","created":"2022-01-18T19:02:54.468Z","code":5860},"ecs":{"version":"1.4.0"},"user":{"identifier":"S-1-5-18","type":"User","domain":"NT AUTHORITY","name":"SYSTEM"},"winlog":{"process":{"thread":{}}}},"beat_hostname":"dc","log_name":"Microsoft-Windows-WMI-Activity/Operational","etl_kafka_partition":0,"wmi_possible_cause":"Temporary","User":"nt authority\\system","type":"wineventlog","provider_guid":"1418EF04-B0B4-4623-BF7E-D74AB47BBDAA","event_original_time":"2022-01-18T19:00:18.383Z","wmi_query":"SELECT * FROM __InstanceOperationEvent WITHIN 5WHERE TargetInstance ISA '__EventConsumer' OR TargetInstance ISA '__EventFilter' OR TargetInstance ISA '__FilterToConsumerBinding'","thread_id":2100,"etl_host_agent_ephemeral_uid":"473ad3e0-64cb-46c2-b806-1b5bf2ee3534","@version":"1","opcode":"Info","etl_pipeline":["all-filter-0098","all-add_processed_timestamp","fingerprint-winlogbeats7","winlogbeat_7_and_above-field_nest_cleanup","winlogbeat_7_and_above-field_cleanups","1500","1522","wmi-user_field_renames","wmi-all-extract_domain_and_user_name","wmi-event_id-5860-field_rename","general_rename-various_global_options","provider_guid-cleanup","winevent-hostname-cleanup","winevent-user_name-is-machine-account","final-cleanup-message_field"],"record_number":920,"event_original_message":"Namespace = ROOT\\Subscription; NotificationQuery = SELECT * FROM __InstanceOperationEvent WITHIN 5WHERE TargetInstance ISA '__EventConsumer' OR TargetInstance ISA '__EventFilter' OR TargetInstance ISA '__FilterToConsumerBinding'; UserName = NT AUTHORITY\\SYSTEM; ClientProcessID = 2388, ClientMachine = DC; PossibleCause = Temporary","source_name":"Microsoft-Windows-WMI-Activity","process_id":"2388","etl_kafka_time":1642532418382,"host_name":"dc.windomain.local"}},{"_index":"logs-endpoint-winevent-wmiactivity-2022.01.18","_type":"_doc","_id":"70b87646f9235b04deed37f67eeb94241c02d671","_score":1.0,"_source":{"level":"error","wmi_component":"Unknown","wmi_xml_operation":"Operation_ClientFailure","etl_processed_time":"2022-01-18T19:15:05.642Z","etl_kafka_topic":"winlogbeat","event_id":5858,"meta_user_name_is_machine":"false","task":"","etl_host_agent_type":"winlogbeat","user_domain":"nt authority","user_name":"system","wmi_client_machine":"DC","etl_kafka_offset":798,"etl_version":"2020.04.19.01","etl_host_agent_uid":"a1f88b3f-2f88-447f-b94f-5b4a29bbdc8b","@timestamp":"2022-01-18T19:00:37.048Z","beat_version":"7.6.2","z_elastic_ecs":{"agent":{},"log":{},"host":{},"event":{"provider":"Microsoft-Windows-WMI-Activity","kind":"event","created":"2022-01-18T19:02:55.214Z","code":5858},"ecs":{"version":"1.4.0"},"user":{"type":"User","identifier":"S-1-5-18","domain":"NT AUTHORITY","name":"SYSTEM"},"winlog":{"process":{"thread":{}}}},"beat_hostname":"dc","log_name":"Microsoft-Windows-WMI-Activity/Operational","wmi_id":"{00000000-0000-0000-0000-000000000000}","etl_kafka_partition":0,"wmi_operation":"Start IWbemServices::ExecQuery - root\\wmi : select * from WDMClassesOfDriver where Driver = \"C:\\\\Windows\\\\system32\\\\drivers\\\\ndis.sys[MofResourceName]\" and (HighDateTime != 0 or LowDateTime != 0)","wmi_possible_cause":"Unknown","User":"nt authority\\system","type":"wineventlog","provider_guid":"1418EF04-B0B4-4623-BF7E-D74AB47BBDAA","wmi_result_code":"0x80041032","event_original_time":"2022-01-18T19:00:37.048Z","thread_id":2008,"etl_host_agent_ephemeral_uid":"473ad3e0-64cb-46c2-b806-1b5bf2ee3534","@version":"1","opcode":"Info","etl_pipeline":["all-filter-0098","all-add_processed_timestamp","fingerprint-winlogbeats7","winlogbeat_7_and_above-field_nest_cleanup","winlogbeat_7_and_above-field_cleanups","1500","1522","wmi-user_field_renames","wmi-all-extract_domain_and_user_name","wmi-event_id-5858-field_rename","general_rename-various_global_options","provider_guid-cleanup","winevent-hostname-cleanup","winevent-user_name-is-machine-account","final-cleanup-message_field"],"record_number":923,"event_original_message":"Id = {00000000-0000-0000-0000-000000000000}; ClientMachine = DC; User = NT AUTHORITY\\SYSTEM; ClientProcessId = 988; Component = Unknown; Operation = Start IWbemServices::ExecQuery - root\\wmi : select * from WDMClassesOfDriver where Driver = \"C:\\\\Windows\\\\system32\\\\drivers\\\\ndis.sys[MofResourceName]\" and (HighDateTime != 0 or LowDateTime != 0); ResultCode = 0x80041032; PossibleCause = Unknown","source_name":"Microsoft-Windows-WMI-Activity","process_id":"988","etl_kafka_time":1642532437048,"host_name":"dc.windomain.local"}},{"_index":"logs-endpoint-winevent-wmiactivity-2022.01.18","_type":"_doc","_id":"ae9218d4209fba4a5ca8532e647a2e31f037c624","_score":1.0,"_source":{"level":"error","wmi_component":"Unknown","wmi_xml_operation":"Operation_ClientFailure","etl_processed_time":"2022-01-18T19:15:05.643Z","etl_kafka_topic":"winlogbeat","event_id":5858,"meta_user_name_is_machine":"false","task":"","etl_host_agent_type":"winlogbeat","user_domain":"nt authority","user_name":"system","wmi_client_machine":"DC","etl_kafka_offset":801,"etl_version":"2020.04.19.01","etl_host_agent_uid":"a1f88b3f-2f88-447f-b94f-5b4a29bbdc8b","@timestamp":"2022-01-18T19:00:43.460Z","beat_version":"7.6.2","z_elastic_ecs":{"agent":{},"log":{},"host":{},"event":{"provider":"Microsoft-Windows-WMI-Activity","kind":"event","created":"2022-01-18T19:02:55.215Z","code":5858},"ecs":{"version":"1.4.0"},"user":{"type":"User","identifier":"S-1-5-18","domain":"NT AUTHORITY","name":"SYSTEM"},"winlog":{"process":{"thread":{}}}},"beat_hostname":"dc","log_name":"Microsoft-Windows-WMI-Activity/Operational","wmi_id":"{00000000-0000-0000-0000-000000000000}","etl_kafka_partition":0,"wmi_operation":"Start IWbemServices::CreateInstanceEnum - root\\wmi : MSiSCSI_PortalInfoClass","wmi_possible_cause":"Unknown","User":"nt authority\\system","type":"wineventlog","provider_guid":"1418EF04-B0B4-4623-BF7E-D74AB47BBDAA","wmi_result_code":"0x8004100c","event_original_time":"2022-01-18T19:00:43.460Z","thread_id":2100,"etl_host_agent_ephemeral_uid":"473ad3e0-64cb-46c2-b806-1b5bf2ee3534","@version":"1","opcode":"Info","etl_pipeline":["all-filter-0098","all-add_processed_timestamp","fingerprint-winlogbeats7","winlogbeat_7_and_above-field_nest_cleanup","winlogbeat_7_and_above-field_cleanups","1500","1522","wmi-user_field_renames","wmi-all-extract_domain_and_user_name","wmi-event_id-5858-field_rename","general_rename-various_global_options","provider_guid-cleanup","winevent-hostname-cleanup","winevent-user_name-is-machine-account","final-cleanup-message_field"],"record_number":926,"event_original_message":"Id = {00000000-0000-0000-0000-000000000000}; ClientMachine = DC; User = NT AUTHORITY\\SYSTEM; ClientProcessId = 2720; Component = Unknown; Operation = Start IWbemServices::CreateInstanceEnum - root\\wmi : MSiSCSI_PortalInfoClass; ResultCode = 0x8004100C; PossibleCause = Unknown","source_name":"Microsoft-Windows-WMI-Activity","process_id":"2720","etl_kafka_time":1642532443460,"host_name":"dc.windomain.local"}},