{"_index":"logs-endpoint-winevent-wmiactivity-2020.09.29","_type":"_doc","_id":"0745f338d04d1a329260f4857d8670745bb0a414","_score":1.0,"_source":{"level":"error","wmi_component":"Unknown","wmi_xml_operation":"Operation_ClientFailure","etl_processed_time":"2022-01-18T19:16:59.562Z","etl_kafka_topic":"winlogbeat","event_id":5858,"task":"","etl_host_agent_type":"winlogbeat","wmi_client_machine":"VAGRANT-10","etl_kafka_offset":2329,"etl_version":"2020.04.19.01","etl_host_agent_uid":"8faec186-b368-44a8-a9c5-6e284dfc7aea","@timestamp":"2020-09-29T06:35:33.998Z","beat_version":"7.6.2","z_elastic_ecs":{"agent":{},"log":{},"host":{},"event":{"provider":"Microsoft-Windows-WMI-Activity","kind":"event","created":"2022-01-18T19:16:49.439Z","code":5858},"ecs":{"version":"1.4.0"},"user":{"identifier":"S-1-5-18","type":"User","domain":"NT AUTHORITY","name":"SYSTEM"},"winlog":{"process":{"thread":{}}}},"beat_hostname":"win10","log_name":"Microsoft-Windows-WMI-Activity/Operational","wmi_id":"{B88A9944-FE12-46D6-AA30-925DC3DFF259}","etl_kafka_partition":0,"wmi_operation":"Start IWbemServices::DeleteInstance - Root\\Rsop\\User\\S_1_5_21_1682166927_3851495277_586444471_1001 : RSOP_ExtensionStatus.extensionGuid=\"{B087BE9D-ED37-454f-AF9C-04291E351182}\"","wmi_possible_cause":"Unknown","type":"wineventlog","provider_guid":"1418ef04-b0b4-4623-bf7e-d74ab47bbdaa","wmi_result_code":"0x80041002","event_original_time":"2020-09-29T06:35:33.998Z","thread_id":2428,"etl_host_agent_ephemeral_uid":"298c86f2-fe36-4c4c-88aa-2a80cc6ed89e","@version":"1","opcode":"Info","etl_pipeline":["all-filter-0098","all-add_processed_timestamp","fingerprint-winlogbeats7","winlogbeat_7_and_above-field_nest_cleanup","winlogbeat_7_and_above-field_cleanups","1500","1522","wmi-user_field_renames","wmi-event_id-5858-field_rename","general_rename-various_global_options","provider_guid-cleanup","winevent-hostname-cleanup","final-cleanup-message_field"],"record_number":77,"event_original_message":"Id = {B88A9944-FE12-46D6-AA30-925DC3DFF259}; ClientMachine = VAGRANT-10; User = ; ClientProcessId = 1004; Component = Unknown; Operation = Start IWbemServices::DeleteInstance - Root\\Rsop\\User\\S_1_5_21_1682166927_3851495277_586444471_1001 : RSOP_ExtensionStatus.extensionGuid=\"{B087BE9D-ED37-454f-AF9C-04291E351182}\"; ResultCode = 0x80041002; PossibleCause = Unknown","source_name":"Microsoft-Windows-WMI-Activity","process_id":"1004","etl_kafka_time":1601361333997,"host_name":"vagrant-10"}},{"_index":"logs-endpoint-winevent-wmiactivity-2020.09.29","_type":"_doc","_id":"e0b112443a40f645f9c431b10ae17e05ab18e2c7","_score":1.0,"_source":{"level":"error","wmi_component":"Unknown","wmi_xml_operation":"Operation_ClientFailure","etl_processed_time":"2022-01-18T19:16:59.562Z","etl_kafka_topic":"winlogbeat","event_id":5858,"task":"","etl_host_agent_type":"winlogbeat","wmi_client_machine":"VAGRANT-10","etl_kafka_offset":2330,"etl_version":"2020.04.19.01","etl_host_agent_uid":"8faec186-b368-44a8-a9c5-6e284dfc7aea","@timestamp":"2020-09-29T06:35:33.998Z","beat_version":"7.6.2","z_elastic_ecs":{"agent":{},"log":{},"host":{},"event":{"provider":"Microsoft-Windows-WMI-Activity","kind":"event","created":"2022-01-18T19:16:49.439Z","code":5858},"ecs":{"version":"1.4.0"},"user":{"type":"User","identifier":"S-1-5-18","domain":"NT AUTHORITY","name":"SYSTEM"},"winlog":{"process":{"thread":{}}}},"beat_hostname":"win10","log_name":"Microsoft-Windows-WMI-Activity/Operational","wmi_id":"{B88A9944-FE12-46D6-AA30-925DC3DFF259}","etl_kafka_partition":0,"wmi_operation":"Start IWbemServices::DeleteInstance - Root\\Rsop\\User\\S_1_5_21_1682166927_3851495277_586444471_1001 : RSOP_ExtensionStatus.extensionGuid=\"{BA649533-0AAC-4E04-B9BC-4DBAE0325B12}\"","wmi_possible_cause":"Unknown","type":"wineventlog","provider_guid":"1418ef04-b0b4-4623-bf7e-d74ab47bbdaa","wmi_result_code":"0x80041002","event_original_time":"2020-09-29T06:35:33.998Z","thread_id":2428,"etl_host_agent_ephemeral_uid":"298c86f2-fe36-4c4c-88aa-2a80cc6ed89e","@version":"1","opcode":"Info","etl_pipeline":["all-filter-0098","all-add_processed_timestamp","fingerprint-winlogbeats7","winlogbeat_7_and_above-field_nest_cleanup","winlogbeat_7_and_above-field_cleanups","1500","1522","wmi-user_field_renames","wmi-event_id-5858-field_rename","general_rename-various_global_options","provider_guid-cleanup","winevent-hostname-cleanup","final-cleanup-message_field"],"record_number":78,"event_original_message":"Id = {B88A9944-FE12-46D6-AA30-925DC3DFF259}; ClientMachine = VAGRANT-10; User = ; ClientProcessId = 1004; Component = Unknown; Operation = Start IWbemServices::DeleteInstance - Root\\Rsop\\User\\S_1_5_21_1682166927_3851495277_586444471_1001 : RSOP_ExtensionStatus.extensionGuid=\"{BA649533-0AAC-4E04-B9BC-4DBAE0325B12}\"; ResultCode = 0x80041002; PossibleCause = Unknown","source_name":"Microsoft-Windows-WMI-Activity","process_id":"1004","etl_kafka_time":1601361333998,"host_name":"vagrant-10"}},{"_index":"logs-endpoint-winevent-wmiactivity-2020.09.29","_type":"_doc","_id":"88ba2dac82326053d0fb8fc3dfd0da62063a9307","_score":1.0,"_source":{"level":"error","wmi_component":"Unknown","wmi_xml_operation":"Operation_ClientFailure","etl_processed_time":"2022-01-18T19:16:59.563Z","etl_kafka_topic":"winlogbeat","event_id":5858,"task":"","etl_host_agent_type":"winlogbeat","wmi_client_machine":"VAGRANT-10","etl_kafka_offset":2331,"etl_version":"2020.04.19.01","etl_host_agent_uid":"8faec186-b368-44a8-a9c5-6e284dfc7aea","@timestamp":"2020-09-29T06:35:33.999Z","beat_version":"7.6.2","z_elastic_ecs":{"agent":{},"log":{},"host":{},"event":{"provider":"Microsoft-Windows-WMI-Activity","kind":"event","created":"2022-01-18T19:16:49.439Z","code":5858},"ecs":{"version":"1.4.0"},"user":{"type":"User","identifier":"S-1-5-18","domain":"NT AUTHORITY","name":"SYSTEM"},"winlog":{"process":{"thread":{}}}},"beat_hostname":"win10","log_name":"Microsoft-Windows-WMI-Activity/Operational","wmi_id":"{B88A9944-FE12-46D6-AA30-925DC3DFF259}","etl_kafka_partition":0,"wmi_operation":"Start IWbemServices::DeleteInstance - Root\\Rsop\\User\\S_1_5_21_1682166927_3851495277_586444471_1001 : RSOP_ExtensionStatus.extensionGuid=\"{BC75B1ED-5833-4858-9BB8-CBF0B166DF9D}\"","wmi_possible_cause":"Unknown","type":"wineventlog","provider_guid":"1418ef04-b0b4-4623-bf7e-d74ab47bbdaa","wmi_result_code":"0x80041002","event_original_time":"2020-09-29T06:35:33.999Z","thread_id":2428,"etl_host_agent_ephemeral_uid":"298c86f2-fe36-4c4c-88aa-2a80cc6ed89e","@version":"1","opcode":"Info","etl_pipeline":["all-filter-0098","all-add_processed_timestamp","fingerprint-winlogbeats7","winlogbeat_7_and_above-field_nest_cleanup","winlogbeat_7_and_above-field_cleanups","1500","1522","wmi-user_field_renames","wmi-event_id-5858-field_rename","general_rename-various_global_options","provider_guid-cleanup","winevent-hostname-cleanup","final-cleanup-message_field"],"record_number":79,"event_original_message":"Id = {B88A9944-FE12-46D6-AA30-925DC3DFF259}; ClientMachine = VAGRANT-10; User = ; ClientProcessId = 1004; Component = Unknown; Operation = Start IWbemServices::DeleteInstance - Root\\Rsop\\User\\S_1_5_21_1682166927_3851495277_586444471_1001 : RSOP_ExtensionStatus.extensionGuid=\"{BC75B1ED-5833-4858-9BB8-CBF0B166DF9D}\"; ResultCode = 0x80041002; PossibleCause = Unknown","source_name":"Microsoft-Windows-WMI-Activity","process_id":"1004","etl_kafka_time":1601361333998,"host_name":"vagrant-10"}},{"_index":"logs-endpoint-winevent-wmiactivity-2020.09.29","_type":"_doc","_id":"556e29d3741fa078162214d0801a645f860b1c5b","_score":1.0,"_source":{"level":"error","wmi_component":"Unknown","wmi_xml_operation":"Operation_ClientFailure","etl_processed_time":"2022-01-18T19:16:59.563Z","etl_kafka_topic":"winlogbeat","event_id":5858,"task":"","etl_host_agent_type":"winlogbeat","wmi_client_machine":"VAGRANT-10","etl_kafka_offset":2332,"etl_version":"2020.04.19.01","etl_host_agent_uid":"8faec186-b368-44a8-a9c5-6e284dfc7aea","@timestamp":"2020-09-29T06:35:34.000Z","beat_version":"7.6.2","z_elastic_ecs":{"agent":{},"log":{},"host":{},"event":{"provider":"Microsoft-Windows-WMI-Activity","kind":"event","created":"2022-01-18T19:16:49.439Z","code":5858},"ecs":{"version":"1.4.0"},"user":{"type":"User","identifier":"S-1-5-18","domain":"NT AUTHORITY","name":"SYSTEM"},"winlog":{"process":{"thread":{}}}},"beat_hostname":"win10","log_name":"Microsoft-Windows-WMI-Activity/Operational","wmi_id":"{B88A9944-FE12-46D6-AA30-925DC3DFF259}","etl_kafka_partition":0,"wmi_operation":"Start IWbemServices::DeleteInstance - Root\\Rsop\\User\\S_1_5_21_1682166927_3851495277_586444471_1001 : RSOP_ExtensionStatus.extensionGuid=\"{C34B2751-1CF4-44F5-9262-C3FC39666591}\"","wmi_possible_cause":"Unknown","type":"wineventlog","provider_guid":"1418ef04-b0b4-4623-bf7e-d74ab47bbdaa","wmi_result_code":"0x80041002","event_original_time":"2020-09-29T06:35:34.000Z","thread_id":2428,"etl_host_agent_ephemeral_uid":"298c86f2-fe36-4c4c-88aa-2a80cc6ed89e","@version":"1","opcode":"Info","etl_pipeline":["all-filter-0098","all-add_processed_timestamp","fingerprint-winlogbeats7","winlogbeat_7_and_above-field_nest_cleanup","winlogbeat_7_and_above-field_cleanups","1500","1522","wmi-user_field_renames","wmi-event_id-5858-field_rename","general_rename-various_global_options","provider_guid-cleanup","winevent-hostname-cleanup","final-cleanup-message_field"],"record_number":80,"event_original_message":"Id = {B88A9944-FE12-46D6-AA30-925DC3DFF259}; ClientMachine = VAGRANT-10; User = ; ClientProcessId = 1004; Component = Unknown; Operation = Start IWbemServices::DeleteInstance - Root\\Rsop\\User\\S_1_5_21_1682166927_3851495277_586444471_1001 : RSOP_ExtensionStatus.extensionGuid=\"{C34B2751-1CF4-44F5-9262-C3FC39666591}\"; ResultCode = 0x80041002; PossibleCause = Unknown","source_name":"Microsoft-Windows-WMI-Activity","process_id":"1004","etl_kafka_time":1601361334000,"host_name":"vagrant-10"}},{"_index":"logs-endpoint-winevent-wmiactivity-2020.09.29","_type":"_doc","_id":"eb49f178ccd224f58a82875753a912996be04c98","_score":1.0,"_source":{"level":"error","wmi_component":"Unknown","wmi_xml_operation":"Operation_ClientFailure","etl_processed_time":"2022-01-18T19:16:59.563Z","etl_kafka_topic":"winlogbeat","event_id":5858,"task":"","etl_host_agent_type":"winlogbeat","wmi_client_machine":"VAGRANT-10","etl_kafka_offset":2333,"etl_version":"2020.04.19.01","etl_host_agent_uid":"8faec186-b368-44a8-a9c5-6e284dfc7aea","@timestamp":"2020-09-29T06:35:34.001Z","beat_version":"7.6.2","z_elastic_ecs":{"agent":{},"log":{},"host":{},"event":{"provider":"Microsoft-Windows-WMI-Activity","kind":"event","created":"2022-01-18T19:16:49.439Z","code":5858},"ecs":{"version":"1.4.0"},"user":{"type":"User","identifier":"S-1-5-18","domain":"NT AUTHORITY","name":"SYSTEM"},"winlog":{"process":{"thread":{}}}},"beat_hostname":"win10","log_name":"Microsoft-Windows-WMI-Activity/Operational","wmi_id":"{B88A9944-FE12-46D6-AA30-925DC3DFF259}","etl_kafka_partition":0,"wmi_operation":"Start IWbemServices::DeleteInstance - Root\\Rsop\\User\\S_1_5_21_1682166927_3851495277_586444471_1001 : RSOP_ExtensionStatus.extensionGuid=\"{C418DD9D-0D14-4efb-8FBF-CFE535C8FAC7}\"","wmi_possible_cause":"Unknown","type":"wineventlog","provider_guid":"1418ef04-b0b4-4623-bf7e-d74ab47bbdaa","wmi_result_code":"0x80041002","event_original_time":"2020-09-29T06:35:34.001Z","thread_id":2428,"etl_host_agent_ephemeral_uid":"298c86f2-fe36-4c4c-88aa-2a80cc6ed89e","@version":"1","opcode":"Info","etl_pipeline":["all-filter-0098","all-add_processed_timestamp","fingerprint-winlogbeats7","winlogbeat_7_and_above-field_nest_cleanup","winlogbeat_7_and_above-field_cleanups","1500","1522","wmi-user_field_renames","wmi-event_id-5858-field_rename","general_rename-various_global_options","provider_guid-cleanup","winevent-hostname-cleanup","final-cleanup-message_field"],"record_number":81,"event_original_message":"Id = {B88A9944-FE12-46D6-AA30-925DC3DFF259}; ClientMachine = VAGRANT-10; User = ; ClientProcessId = 1004; Component = Unknown; Operation = Start IWbemServices::DeleteInstance - Root\\Rsop\\User\\S_1_5_21_1682166927_3851495277_586444471_1001 : RSOP_ExtensionStatus.extensionGuid=\"{C418DD9D-0D14-4efb-8FBF-CFE535C8FAC7}\"; ResultCode = 0x80041002; PossibleCause = Unknown","source_name":"Microsoft-Windows-WMI-Activity","process_id":"1004","etl_kafka_time":1601361334000,"host_name":"vagrant-10"}},{"_index":"logs-endpoint-winevent-wmiactivity-2020.09.29","_type":"_doc","_id":"927ea7d0c731133367739e3bb58c28d71e04a4ce","_score":1.0,"_source":{"level":"error","wmi_component":"Unknown","wmi_xml_operation":"Operation_ClientFailure","etl_processed_time":"2022-01-18T19:16:59.563Z","etl_kafka_topic":"winlogbeat","event_id":5858,"task":"","etl_host_agent_type":"winlogbeat","wmi_client_machine":"VAGRANT-10","etl_kafka_offset":2334,"etl_version":"2020.04.19.01","etl_host_agent_uid":"8faec186-b368-44a8-a9c5-6e284dfc7aea","@timestamp":"2020-09-29T06:35:34.001Z","beat_version":"7.6.2","z_elastic_ecs":{"agent":{},"log":{},"host":{},"event":{"provider":"Microsoft-Windows-WMI-Activity","kind":"event","created":"2022-01-18T19:16:49.439Z","code":5858},"ecs":{"version":"1.4.0"},"user":{"identifier":"S-1-5-18","type":"User","domain":"NT AUTHORITY","name":"SYSTEM"},"winlog":{"process":{"thread":{}}}},"beat_hostname":"win10","log_name":"Microsoft-Windows-WMI-Activity/Operational","wmi_id":"{B88A9944-FE12-46D6-AA30-925DC3DFF259}","etl_kafka_partition":0,"wmi_operation":"Start IWbemServices::DeleteInstance - Root\\Rsop\\User\\S_1_5_21_1682166927_3851495277_586444471_1001 : RSOP_ExtensionStatus.extensionGuid=\"{C631DF4C-088F-4156-B058-4375F0853CD8}\"","wmi_possible_cause":"Unknown","type":"wineventlog","provider_guid":"1418ef04-b0b4-4623-bf7e-d74ab47bbdaa","wmi_result_code":"0x80041002","event_original_time":"2020-09-29T06:35:34.001Z","thread_id":2428,"etl_host_agent_ephemeral_uid":"298c86f2-fe36-4c4c-88aa-2a80cc6ed89e","@version":"1","opcode":"Info","etl_pipeline":["all-filter-0098","all-add_processed_timestamp","fingerprint-winlogbeats7","winlogbeat_7_and_above-field_nest_cleanup","winlogbeat_7_and_above-field_cleanups","1500","1522","wmi-user_field_renames","wmi-event_id-5858-field_rename","general_rename-various_global_options","provider_guid-cleanup","winevent-hostname-cleanup","final-cleanup-message_field"],"record_number":82,"event_original_message":"Id = {B88A9944-FE12-46D6-AA30-925DC3DFF259}; ClientMachine = VAGRANT-10; User = ; ClientProcessId = 1004; Component = Unknown; Operation = Start IWbemServices::DeleteInstance - Root\\Rsop\\User\\S_1_5_21_1682166927_3851495277_586444471_1001 : RSOP_ExtensionStatus.extensionGuid=\"{C631DF4C-088F-4156-B058-4375F0853CD8}\"; ResultCode = 0x80041002; PossibleCause = Unknown","source_name":"Microsoft-Windows-WMI-Activity","process_id":"1004","etl_kafka_time":1601361334000,"host_name":"vagrant-10"}},{"_index":"logs-endpoint-winevent-wmiactivity-2020.09.29","_type":"_doc","_id":"764d067612fd4ee21e7e1808066f8455dfa043ae","_score":1.0,"_source":{"level":"error","wmi_component":"Unknown","wmi_xml_operation":"Operation_ClientFailure","etl_processed_time":"2022-01-18T19:16:59.563Z","etl_kafka_topic":"winlogbeat","event_id":5858,"task":"","etl_host_agent_type":"winlogbeat","wmi_client_machine":"VAGRANT-10","etl_kafka_offset":2335,"etl_version":"2020.04.19.01","etl_host_agent_uid":"8faec186-b368-44a8-a9c5-6e284dfc7aea","@timestamp":"2020-09-29T06:35:34.001Z","beat_version":"7.6.2","z_elastic_ecs":{"agent":{},"log":{},"host":{},"event":{"provider":"Microsoft-Windows-WMI-Activity","kind":"event","created":"2022-01-18T19:16:49.439Z","code":5858},"ecs":{"version":"1.4.0"},"user":{"type":"User","identifier":"S-1-5-18","domain":"NT AUTHORITY","name":"SYSTEM"},"winlog":{"process":{"thread":{}}}},"beat_hostname":"win10","log_name":"Microsoft-Windows-WMI-Activity/Operational","wmi_id":"{B88A9944-FE12-46D6-AA30-925DC3DFF259}","etl_kafka_partition":0,"wmi_operation":"Start IWbemServices::DeleteInstance - Root\\Rsop\\User\\S_1_5_21_1682166927_3851495277_586444471_1001 : RSOP_ExtensionStatus.extensionGuid=\"{c6dc5466-785a-11d2-84d0-00c04fb169f7}\"","wmi_possible_cause":"Unknown","type":"wineventlog","provider_guid":"1418ef04-b0b4-4623-bf7e-d74ab47bbdaa","wmi_result_code":"0x80041002","event_original_time":"2020-09-29T06:35:34.001Z","thread_id":2428,"etl_host_agent_ephemeral_uid":"298c86f2-fe36-4c4c-88aa-2a80cc6ed89e","@version":"1","opcode":"Info","etl_pipeline":["all-filter-0098","all-add_processed_timestamp","fingerprint-winlogbeats7","winlogbeat_7_and_above-field_nest_cleanup","winlogbeat_7_and_above-field_cleanups","1500","1522","wmi-user_field_renames","wmi-event_id-5858-field_rename","general_rename-various_global_options","provider_guid-cleanup","winevent-hostname-cleanup","final-cleanup-message_field"],"record_number":83,"event_original_message":"Id = {B88A9944-FE12-46D6-AA30-925DC3DFF259}; ClientMachine = VAGRANT-10; User = ; ClientProcessId = 1004; Component = Unknown; Operation = Start IWbemServices::DeleteInstance - Root\\Rsop\\User\\S_1_5_21_1682166927_3851495277_586444471_1001 : RSOP_ExtensionStatus.extensionGuid=\"{c6dc5466-785a-11d2-84d0-00c04fb169f7}\"; ResultCode = 0x80041002; PossibleCause = Unknown","source_name":"Microsoft-Windows-WMI-Activity","process_id":"1004","etl_kafka_time":1601361334001,"host_name":"vagrant-10"}},{"_index":"logs-endpoint-winevent-wmiactivity-2020.09.29","_type":"_doc","_id":"da4d62c2a52c734de63dcf047826a7ab312e21cf","_score":1.0,"_source":{"level":"error","wmi_component":"Unknown","wmi_xml_operation":"Operation_ClientFailure","etl_processed_time":"2022-01-18T19:16:59.563Z","etl_kafka_topic":"winlogbeat","event_id":5858,"task":"","etl_host_agent_type":"winlogbeat","wmi_client_machine":"VAGRANT-10","etl_kafka_offset":2336,"etl_version":"2020.04.19.01","etl_host_agent_uid":"8faec186-b368-44a8-a9c5-6e284dfc7aea","@timestamp":"2020-09-29T06:35:34.002Z","beat_version":"7.6.2","z_elastic_ecs":{"agent":{},"log":{},"host":{},"event":{"provider":"Microsoft-Windows-WMI-Activity","kind":"event","created":"2022-01-18T19:16:49.439Z","code":5858},"ecs":{"version":"1.4.0"},"user":{"type":"User","identifier":"S-1-5-18","domain":"NT AUTHORITY","name":"SYSTEM"},"winlog":{"process":{"thread":{}}}},"beat_hostname":"win10","log_name":"Microsoft-Windows-WMI-Activity/Operational","wmi_id":"{B88A9944-FE12-46D6-AA30-925DC3DFF259}","etl_kafka_partition":0,"wmi_operation":"Start IWbemServices::DeleteInstance - Root\\Rsop\\User\\S_1_5_21_1682166927_3851495277_586444471_1001 : RSOP_ExtensionStatus.extensionGuid=\"{CF7639F3-ABA2-41DB-97F2-81E2C5DBFC5D}\"","wmi_possible_cause":"Unknown","type":"wineventlog","provider_guid":"1418ef04-b0b4-4623-bf7e-d74ab47bbdaa","wmi_result_code":"0x80041002","event_original_time":"2020-09-29T06:35:34.002Z","thread_id":2428,"etl_host_agent_ephemeral_uid":"298c86f2-fe36-4c4c-88aa-2a80cc6ed89e","@version":"1","opcode":"Info","etl_pipeline":["all-filter-0098","all-add_processed_timestamp","fingerprint-winlogbeats7","winlogbeat_7_and_above-field_nest_cleanup","winlogbeat_7_and_above-field_cleanups","1500","1522","wmi-user_field_renames","wmi-event_id-5858-field_rename","general_rename-various_global_options","provider_guid-cleanup","winevent-hostname-cleanup","final-cleanup-message_field"],"record_number":84,"event_original_message":"Id = {B88A9944-FE12-46D6-AA30-925DC3DFF259}; ClientMachine = VAGRANT-10; User = ; ClientProcessId = 1004; Component = Unknown; Operation = Start IWbemServices::DeleteInstance - Root\\Rsop\\User\\S_1_5_21_1682166927_3851495277_586444471_1001 : RSOP_ExtensionStatus.extensionGuid=\"{CF7639F3-ABA2-41DB-97F2-81E2C5DBFC5D}\"; ResultCode = 0x80041002; PossibleCause = Unknown","source_name":"Microsoft-Windows-WMI-Activity","process_id":"1004","etl_kafka_time":1601361334001,"host_name":"vagrant-10"}},{"_index":"logs-endpoint-winevent-wmiactivity-2020.09.29","_type":"_doc","_id":"51beb139928073cc8c8d355a7722bf501575e73d","_score":1.0,"_source":{"level":"error","wmi_component":"Unknown","wmi_xml_operation":"Operation_ClientFailure","etl_processed_time":"2022-01-18T19:16:59.563Z","etl_kafka_topic":"winlogbeat","event_id":5858,"task":"","etl_host_agent_type":"winlogbeat","wmi_client_machine":"VAGRANT-10","etl_kafka_offset":2337,"etl_version":"2020.04.19.01","etl_host_agent_uid":"8faec186-b368-44a8-a9c5-6e284dfc7aea","@timestamp":"2020-09-29T06:35:34.002Z","beat_version":"7.6.2","z_elastic_ecs":{"agent":{},"log":{},"host":{},"event":{"provider":"Microsoft-Windows-WMI-Activity","kind":"event","created":"2022-01-18T19:16:49.439Z","code":5858},"ecs":{"version":"1.4.0"},"user":{"type":"User","identifier":"S-1-5-18","domain":"NT AUTHORITY","name":"SYSTEM"},"winlog":{"process":{"thread":{}}}},"beat_hostname":"win10","log_name":"Microsoft-Windows-WMI-Activity/Operational","wmi_id":"{B88A9944-FE12-46D6-AA30-925DC3DFF259}","etl_kafka_partition":0,"wmi_operation":"Start IWbemServices::DeleteInstance - Root\\Rsop\\User\\S_1_5_21_1682166927_3851495277_586444471_1001 : RSOP_ExtensionStatus.extensionGuid=\"{CFF649BD-601D-4361-AD3D-0FC365DB4DB7}\"","wmi_possible_cause":"Unknown","type":"wineventlog","provider_guid":"1418ef04-b0b4-4623-bf7e-d74ab47bbdaa","wmi_result_code":"0x80041002","event_original_time":"2020-09-29T06:35:34.002Z","thread_id":2428,"etl_host_agent_ephemeral_uid":"298c86f2-fe36-4c4c-88aa-2a80cc6ed89e","@version":"1","opcode":"Info","etl_pipeline":["all-filter-0098","all-add_processed_timestamp","fingerprint-winlogbeats7","winlogbeat_7_and_above-field_nest_cleanup","winlogbeat_7_and_above-field_cleanups","1500","1522","wmi-user_field_renames","wmi-event_id-5858-field_rename","general_rename-various_global_options","provider_guid-cleanup","winevent-hostname-cleanup","final-cleanup-message_field"],"record_number":85,"event_original_message":"Id = {B88A9944-FE12-46D6-AA30-925DC3DFF259}; ClientMachine = VAGRANT-10; User = ; ClientProcessId = 1004; Component = Unknown; Operation = Start IWbemServices::DeleteInstance - Root\\Rsop\\User\\S_1_5_21_1682166927_3851495277_586444471_1001 : RSOP_ExtensionStatus.extensionGuid=\"{CFF649BD-601D-4361-AD3D-0FC365DB4DB7}\"; ResultCode = 0x80041002; PossibleCause = Unknown","source_name":"Microsoft-Windows-WMI-Activity","process_id":"1004","etl_kafka_time":1601361334002,"host_name":"vagrant-10"}},{"_index":"logs-endpoint-winevent-wmiactivity-2020.09.29","_type":"_doc","_id":"ce387f0777017377e43b0f6c20bb92f2e48616f4","_score":1.0,"_source":{"level":"error","wmi_component":"Unknown","wmi_xml_operation":"Operation_ClientFailure","etl_processed_time":"2022-01-18T19:16:59.564Z","etl_kafka_topic":"winlogbeat","event_id":5858,"task":"","etl_host_agent_type":"winlogbeat","wmi_client_machine":"VAGRANT-10","etl_kafka_offset":2338,"etl_version":"2020.04.19.01","etl_host_agent_uid":"8faec186-b368-44a8-a9c5-6e284dfc7aea","@timestamp":"2020-09-29T06:35:34.003Z","beat_version":"7.6.2","z_elastic_ecs":{"agent":{},"log":{},"host":{},"event":{"provider":"Microsoft-Windows-WMI-Activity","kind":"event","created":"2022-01-18T19:16:49.439Z","code":5858},"ecs":{"version":"1.4.0"},"user":{"type":"User","identifier":"S-1-5-18","domain":"NT AUTHORITY","name":"SYSTEM"},"winlog":{"process":{"thread":{}}}},"beat_hostname":"win10","log_name":"Microsoft-Windows-WMI-Activity/Operational","wmi_id":"{B88A9944-FE12-46D6-AA30-925DC3DFF259}","etl_kafka_partition":0,"wmi_operation":"Start IWbemServices::DeleteInstance - Root\\Rsop\\User\\S_1_5_21_1682166927_3851495277_586444471_1001 : RSOP_ExtensionStatus.extensionGuid=\"{E47248BA-94CC-49c4-BBB5-9EB7F05183D0}\"","wmi_possible_cause":"Unknown","type":"wineventlog","provider_guid":"1418ef04-b0b4-4623-bf7e-d74ab47bbdaa","wmi_result_code":"0x80041002","event_original_time":"2020-09-29T06:35:34.003Z","thread_id":2428,"etl_host_agent_ephemeral_uid":"298c86f2-fe36-4c4c-88aa-2a80cc6ed89e","@version":"1","opcode":"Info","etl_pipeline":["all-filter-0098","all-add_processed_timestamp","fingerprint-winlogbeats7","winlogbeat_7_and_above-field_nest_cleanup","winlogbeat_7_and_above-field_cleanups","1500","1522","wmi-user_field_renames","wmi-event_id-5858-field_rename","general_rename-various_global_options","provider_guid-cleanup","winevent-hostname-cleanup","final-cleanup-message_field"],"record_number":86,"event_original_message":"Id = {B88A9944-FE12-46D6-AA30-925DC3DFF259}; ClientMachine = VAGRANT-10; User = ; ClientProcessId = 1004; Component = Unknown; Operation = Start IWbemServices::DeleteInstance - Root\\Rsop\\User\\S_1_5_21_1682166927_3851495277_586444471_1001 : RSOP_ExtensionStatus.extensionGuid=\"{E47248BA-94CC-49c4-BBB5-9EB7F05183D0}\"; ResultCode = 0x80041002; PossibleCause = Unknown","source_name":"Microsoft-Windows-WMI-Activity","process_id":"1004","etl_kafka_time":1601361334002,"host_name":"vagrant-10"}},{"_index":"logs-endpoint-winevent-wmiactivity-2020.09.29","_type":"_doc","_id":"5e0b0ac2e472d697051cf05de129d7dce5e7ca81","_score":1.0,"_source":{"level":"error","wmi_component":"Unknown","wmi_xml_operation":"Operation_ClientFailure","etl_processed_time":"2022-01-18T19:16:59.564Z","etl_kafka_topic":"winlogbeat","event_id":5858,"task":"","etl_host_agent_type":"winlogbeat","wmi_client_machine":"VAGRANT-10","etl_kafka_offset":2339,"etl_version":"2020.04.19.01","etl_host_agent_uid":"8faec186-b368-44a8-a9c5-6e284dfc7aea","@timestamp":"2020-09-29T06:35:34.003Z","beat_version":"7.6.2","z_elastic_ecs":{"agent":{},"log":{},"host":{},"event":{"provider":"Microsoft-Windows-WMI-Activity","kind":"event","created":"2022-01-18T19:16:49.439Z","code":5858},"ecs":{"version":"1.4.0"},"user":{"type":"User","identifier":"S-1-5-18","domain":"NT AUTHORITY","name":"SYSTEM"},"winlog":{"process":{"thread":{}}}},"beat_hostname":"win10","log_name":"Microsoft-Windows-WMI-Activity/Operational","wmi_id":"{B88A9944-FE12-46D6-AA30-925DC3DFF259}","etl_kafka_partition":0,"wmi_operation":"Start IWbemServices::DeleteInstance - Root\\Rsop\\User\\S_1_5_21_1682166927_3851495277_586444471_1001 : RSOP_ExtensionStatus.extensionGuid=\"{E4F48E54-F38D-4884-BFB9-D4D2E5729C18}\"","wmi_possible_cause":"Unknown","type":"wineventlog","provider_guid":"1418ef04-b0b4-4623-bf7e-d74ab47bbdaa","wmi_result_code":"0x80041002","event_original_time":"2020-09-29T06:35:34.003Z","thread_id":2428,"etl_host_agent_ephemeral_uid":"298c86f2-fe36-4c4c-88aa-2a80cc6ed89e","@version":"1","opcode":"Info","etl_pipeline":["all-filter-0098","all-add_processed_timestamp","fingerprint-winlogbeats7","winlogbeat_7_and_above-field_nest_cleanup","winlogbeat_7_and_above-field_cleanups","1500","1522","wmi-user_field_renames","wmi-event_id-5858-field_rename","general_rename-various_global_options","provider_guid-cleanup","winevent-hostname-cleanup","final-cleanup-message_field"],"record_number":87,"event_original_message":"Id = {B88A9944-FE12-46D6-AA30-925DC3DFF259}; ClientMachine = VAGRANT-10; User = ; ClientProcessId = 1004; Component = Unknown; Operation = Start IWbemServices::DeleteInstance - Root\\Rsop\\User\\S_1_5_21_1682166927_3851495277_586444471_1001 : RSOP_ExtensionStatus.extensionGuid=\"{E4F48E54-F38D-4884-BFB9-D4D2E5729C18}\"; ResultCode = 0x80041002; PossibleCause = Unknown","source_name":"Microsoft-Windows-WMI-Activity","process_id":"1004","etl_kafka_time":1601361334003,"host_name":"vagrant-10"}},{"_index":"logs-endpoint-winevent-wmiactivity-2020.09.29","_type":"_doc","_id":"7717d7d6fe58075aec3a8268b715ed2ea8df1604","_score":1.0,"_source":{"level":"error","wmi_component":"Unknown","wmi_xml_operation":"Operation_ClientFailure","etl_processed_time":"2022-01-18T19:16:59.564Z","etl_kafka_topic":"winlogbeat","event_id":5858,"task":"","etl_host_agent_type":"winlogbeat","wmi_client_machine":"VAGRANT-10","etl_kafka_offset":2340,"etl_version":"2020.04.19.01","etl_host_agent_uid":"8faec186-b368-44a8-a9c5-6e284dfc7aea","@timestamp":"2020-09-29T06:35:34.003Z","beat_version":"7.6.2","z_elastic_ecs":{"agent":{},"log":{},"host":{},"event":{"provider":"Microsoft-Windows-WMI-Activity","kind":"event","created":"2022-01-18T19:16:49.439Z","code":5858},"ecs":{"version":"1.4.0"},"user":{"type":"User","identifier":"S-1-5-18","domain":"NT AUTHORITY","name":"SYSTEM"},"winlog":{"process":{"thread":{}}}},"beat_hostname":"win10","log_name":"Microsoft-Windows-WMI-Activity/Operational","wmi_id":"{B88A9944-FE12-46D6-AA30-925DC3DFF259}","etl_kafka_partition":0,"wmi_operation":"Start IWbemServices::DeleteInstance - Root\\Rsop\\User\\S_1_5_21_1682166927_3851495277_586444471_1001 : RSOP_ExtensionStatus.extensionGuid=\"{E5094040-C46C-4115-B030-04FB2E545B00}\"","wmi_possible_cause":"Unknown","type":"wineventlog","provider_guid":"1418ef04-b0b4-4623-bf7e-d74ab47bbdaa","wmi_result_code":"0x80041002","event_original_time":"2020-09-29T06:35:34.003Z","thread_id":2428,"etl_host_agent_ephemeral_uid":"298c86f2-fe36-4c4c-88aa-2a80cc6ed89e","@version":"1","opcode":"Info","etl_pipeline":["all-filter-0098","all-add_processed_timestamp","fingerprint-winlogbeats7","winlogbeat_7_and_above-field_nest_cleanup","winlogbeat_7_and_above-field_cleanups","1500","1522","wmi-user_field_renames","wmi-event_id-5858-field_rename","general_rename-various_global_options","provider_guid-cleanup","winevent-hostname-cleanup","final-cleanup-message_field"],"record_number":88,"event_original_message":"Id = {B88A9944-FE12-46D6-AA30-925DC3DFF259}; ClientMachine = VAGRANT-10; User = ; ClientProcessId = 1004; Component = Unknown; Operation = Start IWbemServices::DeleteInstance - Root\\Rsop\\User\\S_1_5_21_1682166927_3851495277_586444471_1001 : RSOP_ExtensionStatus.extensionGuid=\"{E5094040-C46C-4115-B030-04FB2E545B00}\"; ResultCode = 0x80041002; PossibleCause = Unknown","source_name":"Microsoft-Windows-WMI-Activity","process_id":"1004","etl_kafka_time":1601361334003,"host_name":"vagrant-10"}},{"_index":"logs-endpoint-winevent-wmiactivity-2020.09.29","_type":"_doc","_id":"c82717d92250423ccc96b35be814a3dc9c5a5f85","_score":1.0,"_source":{"level":"error","wmi_component":"Unknown","wmi_xml_operation":"Operation_ClientFailure","etl_processed_time":"2022-01-18T19:16:59.564Z","etl_kafka_topic":"winlogbeat","event_id":5858,"task":"","etl_host_agent_type":"winlogbeat","wmi_client_machine":"VAGRANT-10","etl_kafka_offset":2341,"etl_version":"2020.04.19.01","etl_host_agent_uid":"8faec186-b368-44a8-a9c5-6e284dfc7aea","@timestamp":"2020-09-29T06:35:34.004Z","beat_version":"7.6.2","z_elastic_ecs":{"agent":{},"log":{},"host":{},"event":{"provider":"Microsoft-Windows-WMI-Activity","kind":"event","created":"2022-01-18T19:16:49.506Z","code":5858},"ecs":{"version":"1.4.0"},"user":{"identifier":"S-1-5-18","type":"User","domain":"NT AUTHORITY","name":"SYSTEM"},"winlog":{"process":{"thread":{}}}},"beat_hostname":"win10","log_name":"Microsoft-Windows-WMI-Activity/Operational","wmi_id":"{B88A9944-FE12-46D6-AA30-925DC3DFF259}","etl_kafka_partition":0,"wmi_operation":"Start IWbemServices::DeleteInstance - Root\\Rsop\\User\\S_1_5_21_1682166927_3851495277_586444471_1001 : RSOP_ExtensionStatus.extensionGuid=\"{E62688F0-25FD-4c90-BFF5-F508B9D2E31F}\"","wmi_possible_cause":"Unknown","type":"wineventlog","provider_guid":"1418ef04-b0b4-4623-bf7e-d74ab47bbdaa","wmi_result_code":"0x80041002","event_original_time":"2020-09-29T06:35:34.004Z","thread_id":2428,"etl_host_agent_ephemeral_uid":"298c86f2-fe36-4c4c-88aa-2a80cc6ed89e","@version":"1","opcode":"Info","etl_pipeline":["all-filter-0098","all-add_processed_timestamp","fingerprint-winlogbeats7","winlogbeat_7_and_above-field_nest_cleanup","winlogbeat_7_and_above-field_cleanups","1500","1522","wmi-user_field_renames","wmi-event_id-5858-field_rename","general_rename-various_global_options","provider_guid-cleanup","winevent-hostname-cleanup","final-cleanup-message_field"],"record_number":89,"event_original_message":"Id = {B88A9944-FE12-46D6-AA30-925DC3DFF259}; ClientMachine = VAGRANT-10; User = ; ClientProcessId = 1004; Component = Unknown; Operation = Start IWbemServices::DeleteInstance - Root\\Rsop\\User\\S_1_5_21_1682166927_3851495277_586444471_1001 : RSOP_ExtensionStatus.extensionGuid=\"{E62688F0-25FD-4c90-BFF5-F508B9D2E31F}\"; ResultCode = 0x80041002; PossibleCause = Unknown","source_name":"Microsoft-Windows-WMI-Activity","process_id":"1004","etl_kafka_time":1601361334003,"host_name":"vagrant-10"}},{"_index":"logs-endpoint-winevent-wmiactivity-2020.09.29","_type":"_doc","_id":"6ce6dd762dd8ad8286912db37476e73b76dee693","_score":1.0,"_source":{"level":"error","wmi_component":"Unknown","wmi_xml_operation":"Operation_ClientFailure","etl_processed_time":"2022-01-18T19:16:59.564Z","etl_kafka_topic":"winlogbeat","event_id":5858,"task":"","etl_host_agent_type":"winlogbeat","wmi_client_machine":"VAGRANT-10","etl_kafka_offset":2342,"etl_version":"2020.04.19.01","etl_host_agent_uid":"8faec186-b368-44a8-a9c5-6e284dfc7aea","@timestamp":"2020-09-29T06:35:34.004Z","beat_version":"7.6.2","z_elastic_ecs":{"agent":{},"log":{},"host":{},"event":{"provider":"Microsoft-Windows-WMI-Activity","kind":"event","created":"2022-01-18T19:16:49.506Z","code":5858},"ecs":{"version":"1.4.0"},"user":{"identifier":"S-1-5-18","type":"User","domain":"NT AUTHORITY","name":"SYSTEM"},"winlog":{"process":{"thread":{}}}},"beat_hostname":"win10","log_name":"Microsoft-Windows-WMI-Activity/Operational","wmi_id":"{B88A9944-FE12-46D6-AA30-925DC3DFF259}","etl_kafka_partition":0,"wmi_operation":"Start IWbemServices::DeleteInstance - Root\\Rsop\\User\\S_1_5_21_1682166927_3851495277_586444471_1001 : RSOP_ExtensionStatus.extensionGuid=\"{F9C77450-3A41-477E-9310-9ACD617BD9E3}\"","wmi_possible_cause":"Unknown","type":"wineventlog","provider_guid":"1418ef04-b0b4-4623-bf7e-d74ab47bbdaa","wmi_result_code":"0x80041002","event_original_time":"2020-09-29T06:35:34.004Z","thread_id":2428,"etl_host_agent_ephemeral_uid":"298c86f2-fe36-4c4c-88aa-2a80cc6ed89e","@version":"1","opcode":"Info","etl_pipeline":["all-filter-0098","all-add_processed_timestamp","fingerprint-winlogbeats7","winlogbeat_7_and_above-field_nest_cleanup","winlogbeat_7_and_above-field_cleanups","1500","1522","wmi-user_field_renames","wmi-event_id-5858-field_rename","general_rename-various_global_options","provider_guid-cleanup","winevent-hostname-cleanup","final-cleanup-message_field"],"record_number":90,"event_original_message":"Id = {B88A9944-FE12-46D6-AA30-925DC3DFF259}; ClientMachine = VAGRANT-10; User = ; ClientProcessId = 1004; Component = Unknown; Operation = Start IWbemServices::DeleteInstance - Root\\Rsop\\User\\S_1_5_21_1682166927_3851495277_586444471_1001 : RSOP_ExtensionStatus.extensionGuid=\"{F9C77450-3A41-477E-9310-9ACD617BD9E3}\"; ResultCode = 0x80041002; PossibleCause = Unknown","source_name":"Microsoft-Windows-WMI-Activity","process_id":"1004","etl_kafka_time":1601361334004,"host_name":"vagrant-10"}},{"_index":"logs-endpoint-winevent-wmiactivity-2020.09.29","_type":"_doc","_id":"7640c1e96fb2fa8442bfa42a876a44b01309cfbd","_score":1.0,"_source":{"level":"error","wmi_component":"Unknown","wmi_xml_operation":"Operation_ClientFailure","etl_processed_time":"2022-01-18T19:16:59.564Z","etl_kafka_topic":"winlogbeat","event_id":5858,"task":"","etl_host_agent_type":"winlogbeat","wmi_client_machine":"VAGRANT-10","etl_kafka_offset":2343,"etl_version":"2020.04.19.01","etl_host_agent_uid":"8faec186-b368-44a8-a9c5-6e284dfc7aea","@timestamp":"2020-09-29T06:35:34.005Z","beat_version":"7.6.2","z_elastic_ecs":{"agent":{},"log":{},"host":{},"event":{"provider":"Microsoft-Windows-WMI-Activity","kind":"event","created":"2022-01-18T19:16:49.506Z","code":5858},"ecs":{"version":"1.4.0"},"user":{"identifier":"S-1-5-18","type":"User","domain":"NT AUTHORITY","name":"SYSTEM"},"winlog":{"process":{"thread":{}}}},"beat_hostname":"win10","log_name":"Microsoft-Windows-WMI-Activity/Operational","wmi_id":"{B88A9944-FE12-46D6-AA30-925DC3DFF259}","etl_kafka_partition":0,"wmi_operation":"Start IWbemServices::DeleteInstance - Root\\Rsop\\User\\S_1_5_21_1682166927_3851495277_586444471_1001 : RSOP_ExtensionStatus.extensionGuid=\"{FB2CA36D-0B40-4307-821B-A13B252DE56C}\"","wmi_possible_cause":"Unknown","type":"wineventlog","provider_guid":"1418ef04-b0b4-4623-bf7e-d74ab47bbdaa","wmi_result_code":"0x80041002","event_original_time":"2020-09-29T06:35:34.005Z","thread_id":2428,"etl_host_agent_ephemeral_uid":"298c86f2-fe36-4c4c-88aa-2a80cc6ed89e","@version":"1","opcode":"Info","etl_pipeline":["all-filter-0098","all-add_processed_timestamp","fingerprint-winlogbeats7","winlogbeat_7_and_above-field_nest_cleanup","winlogbeat_7_and_above-field_cleanups","1500","1522","wmi-user_field_renames","wmi-event_id-5858-field_rename","general_rename-various_global_options","provider_guid-cleanup","winevent-hostname-cleanup","final-cleanup-message_field"],"record_number":91,"event_original_message":"Id = {B88A9944-FE12-46D6-AA30-925DC3DFF259}; ClientMachine = VAGRANT-10; User = ; ClientProcessId = 1004; Component = Unknown; Operation = Start IWbemServices::DeleteInstance - Root\\Rsop\\User\\S_1_5_21_1682166927_3851495277_586444471_1001 : RSOP_ExtensionStatus.extensionGuid=\"{FB2CA36D-0B40-4307-821B-A13B252DE56C}\"; ResultCode = 0x80041002; PossibleCause = Unknown","source_name":"Microsoft-Windows-WMI-Activity","process_id":"1004","etl_kafka_time":1601361334004,"host_name":"vagrant-10"}},{"_index":"logs-endpoint-winevent-wmiactivity-2020.09.29","_type":"_doc","_id":"33e19aaf5ef3609cea133c55041e830c02bed187","_score":1.0,"_source":{"level":"information","wmi_provider_path":"%systemroot%\\system32\\wbem\\cimwin32.dll","wmi_xml_operation":"Operation_StartedOperational","etl_processed_time":"2022-01-18T19:16:59.564Z","etl_kafka_topic":"winlogbeat","event_id":5857,"task":"","etl_host_agent_type":"winlogbeat","etl_kafka_offset":2344,"etl_version":"2020.04.19.01","etl_host_agent_uid":"8faec186-b368-44a8-a9c5-6e284dfc7aea","@timestamp":"2020-09-29T06:35:36.604Z","beat_version":"7.6.2","z_elastic_ecs":{"agent":{},"log":{},"host":{},"event":{"provider":"Microsoft-Windows-WMI-Activity","kind":"event","created":"2022-01-18T19:16:49.506Z","code":5857},"ecs":{"version":"1.4.0"},"user":{"identifier":"S-1-5-20","type":"Well Known Group","domain":"NT AUTHORITY","name":"NETWORK SERVICE"},"winlog":{"process":{"thread":{}}}},"beat_hostname":"win10","log_name":"Microsoft-Windows-WMI-Activity/Operational","etl_kafka_partition":0,"process_name":"wmiprvse.exe","type":"wineventlog","provider_guid":"1418ef04-b0b4-4623-bf7e-d74ab47bbdaa","wmi_result_code":"0x0","wmi_provider":"CIMWin32","event_original_time":"2020-09-29T06:35:36.604Z","thread_id":4052,"etl_host_agent_ephemeral_uid":"298c86f2-fe36-4c4c-88aa-2a80cc6ed89e","@version":"1","opcode":"Info","etl_pipeline":["all-filter-0098","all-add_processed_timestamp","fingerprint-winlogbeats7","winlogbeat_7_and_above-field_nest_cleanup","winlogbeat_7_and_above-field_cleanups","1500","1522","wmi-user_field_renames","wmi-event_id_5857_rename","general_rename-various_global_options","provider_guid-cleanup","winevent-hostname-cleanup","final-cleanup-message_field"],"record_number":92,"event_original_message":"CIMWin32 provider started with result code 0x0. HostProcess = wmiprvse.exe; ProcessID = 4012; ProviderPath = %systemroot%\\system32\\wbem\\cimwin32.dll","source_name":"Microsoft-Windows-WMI-Activity","process_id":"4012","etl_kafka_time":1601361336603,"host_name":"vagrant-10"}},{"_index":"logs-endpoint-winevent-wmiactivity-2020.09.29","_type":"_doc","_id":"2c7794885c53e2fc04cd7b4032768edd4fc51876","_score":1.0,"_source":{"level":"information","wmi_provider_path":"%systemroot%\\system32\\wbem\\wmipcima.dll","wmi_xml_operation":"Operation_StartedOperational","etl_processed_time":"2022-01-18T19:16:59.565Z","etl_kafka_topic":"winlogbeat","event_id":5857,"task":"","etl_host_agent_type":"winlogbeat","etl_kafka_offset":2345,"etl_version":"2020.04.19.01","etl_host_agent_uid":"8faec186-b368-44a8-a9c5-6e284dfc7aea","@timestamp":"2020-09-29T06:35:36.755Z","beat_version":"7.6.2","z_elastic_ecs":{"agent":{},"log":{},"host":{},"event":{"provider":"Microsoft-Windows-WMI-Activity","kind":"event","created":"2022-01-18T19:16:49.506Z","code":5857},"ecs":{"version":"1.4.0"},"user":{"type":"Well Known Group","identifier":"S-1-5-20","domain":"NT AUTHORITY","name":"NETWORK SERVICE"},"winlog":{"process":{"thread":{}}}},"beat_hostname":"win10","log_name":"Microsoft-Windows-WMI-Activity/Operational","etl_kafka_partition":0,"process_name":"wmiprvse.exe","type":"wineventlog","provider_guid":"1418ef04-b0b4-4623-bf7e-d74ab47bbdaa","wmi_result_code":"0x0","wmi_provider":"CIMWin32a","event_original_time":"2020-09-29T06:35:36.755Z","thread_id":4052,"etl_host_agent_ephemeral_uid":"298c86f2-fe36-4c4c-88aa-2a80cc6ed89e","@version":"1","opcode":"Info","etl_pipeline":["all-filter-0098","all-add_processed_timestamp","fingerprint-winlogbeats7","winlogbeat_7_and_above-field_nest_cleanup","winlogbeat_7_and_above-field_cleanups","1500","1522","wmi-user_field_renames","wmi-event_id_5857_rename","general_rename-various_global_options","provider_guid-cleanup","winevent-hostname-cleanup","final-cleanup-message_field"],"record_number":93,"event_original_message":"CIMWin32a provider started with result code 0x0. HostProcess = wmiprvse.exe; ProcessID = 4012; ProviderPath = %systemroot%\\system32\\wbem\\wmipcima.dll","source_name":"Microsoft-Windows-WMI-Activity","process_id":"4012","etl_kafka_time":1601361336754,"host_name":"vagrant-10"}},{"_index":"logs-endpoint-winevent-wmiactivity-2020.09.29","_type":"_doc","_id":"eee8a12d6f3009e356ad7adc04e65037acf6389d","_score":1.0,"_source":{"level":"information","wmi_provider_path":"C:\\Windows\\System32\\wbem\\WmiPerfClass.dll","wmi_xml_operation":"Operation_StartedOperational","etl_processed_time":"2022-01-18T19:16:59.565Z","etl_kafka_topic":"winlogbeat","event_id":5857,"task":"","etl_host_agent_type":"winlogbeat","etl_kafka_offset":2347,"etl_version":"2020.04.19.01","etl_host_agent_uid":"8faec186-b368-44a8-a9c5-6e284dfc7aea","@timestamp":"2020-09-29T06:35:37.852Z","beat_version":"7.6.2","z_elastic_ecs":{"agent":{},"log":{},"host":{},"event":{"provider":"Microsoft-Windows-WMI-Activity","kind":"event","created":"2022-01-18T19:16:49.506Z","code":5857},"ecs":{"version":"1.4.0"},"user":{"type":"User","identifier":"S-1-5-18","domain":"NT AUTHORITY","name":"SYSTEM"},"winlog":{"process":{"thread":{}}}},"beat_hostname":"win10","log_name":"Microsoft-Windows-WMI-Activity/Operational","etl_kafka_partition":0,"process_name":"wmiprvse.exe","type":"wineventlog","provider_guid":"1418ef04-b0b4-4623-bf7e-d74ab47bbdaa","wmi_result_code":"0x0","wmi_provider":"WmiPerfClass","event_original_time":"2020-09-29T06:35:37.852Z","thread_id":4336,"etl_host_agent_ephemeral_uid":"298c86f2-fe36-4c4c-88aa-2a80cc6ed89e","@version":"1","opcode":"Info","etl_pipeline":["all-filter-0098","all-add_processed_timestamp","fingerprint-winlogbeats7","winlogbeat_7_and_above-field_nest_cleanup","winlogbeat_7_and_above-field_cleanups","1500","1522","wmi-user_field_renames","wmi-event_id_5857_rename","general_rename-various_global_options","provider_guid-cleanup","winevent-hostname-cleanup","final-cleanup-message_field"],"record_number":95,"event_original_message":"WmiPerfClass provider started with result code 0x0. HostProcess = wmiprvse.exe; ProcessID = 4276; ProviderPath = C:\\Windows\\System32\\wbem\\WmiPerfClass.dll","source_name":"Microsoft-Windows-WMI-Activity","process_id":"4276","etl_kafka_time":1601361337851,"host_name":"vagrant-10"}},{"_index":"logs-endpoint-winevent-wmiactivity-2020.09.29","_type":"_doc","_id":"68022eee90caceb5e60ccd6a5a09f6b1b3cd267a","_score":1.0,"_source":{"level":"information","wmi_provider_path":"C:\\Windows\\System32\\wbem\\Win32_TPM.dll","wmi_xml_operation":"Operation_StartedOperational","etl_processed_time":"2022-01-18T19:16:59.565Z","etl_kafka_topic":"winlogbeat","event_id":5857,"task":"","etl_host_agent_type":"winlogbeat","etl_kafka_offset":2349,"etl_version":"2020.04.19.01","etl_host_agent_uid":"8faec186-b368-44a8-a9c5-6e284dfc7aea","@timestamp":"2020-09-29T06:35:38.955Z","beat_version":"7.6.2","z_elastic_ecs":{"agent":{},"log":{},"host":{},"event":{"provider":"Microsoft-Windows-WMI-Activity","kind":"event","created":"2022-01-18T19:16:49.506Z","code":5857},"ecs":{"version":"1.4.0"},"user":{"type":"Well Known Group","identifier":"S-1-5-20","domain":"NT AUTHORITY","name":"NETWORK SERVICE"},"winlog":{"process":{"thread":{}}}},"beat_hostname":"win10","log_name":"Microsoft-Windows-WMI-Activity/Operational","etl_kafka_partition":0,"process_name":"wmiprvse.exe","type":"wineventlog","provider_guid":"1418ef04-b0b4-4623-bf7e-d74ab47bbdaa","wmi_result_code":"0x0","wmi_provider":"Win32_TpmProvider","event_original_time":"2020-09-29T06:35:38.955Z","thread_id":4036,"etl_host_agent_ephemeral_uid":"298c86f2-fe36-4c4c-88aa-2a80cc6ed89e","@version":"1","opcode":"Info","etl_pipeline":["all-filter-0098","all-add_processed_timestamp","fingerprint-winlogbeats7","winlogbeat_7_and_above-field_nest_cleanup","winlogbeat_7_and_above-field_cleanups","1500","1522","wmi-user_field_renames","wmi-event_id_5857_rename","general_rename-various_global_options","provider_guid-cleanup","winevent-hostname-cleanup","final-cleanup-message_field"],"record_number":97,"event_original_message":"Win32_TpmProvider provider started with result code 0x0. HostProcess = wmiprvse.exe; ProcessID = 4012; ProviderPath = C:\\Windows\\System32\\wbem\\Win32_TPM.dll","source_name":"Microsoft-Windows-WMI-Activity","process_id":"4012","etl_kafka_time":1601361338954,"host_name":"vagrant-10"}},{"_index":"logs-endpoint-winevent-wmiactivity-2020.09.29","_type":"_doc","_id":"34ebe1102d0464a62d9a80dee964b78c72e94c2f","_score":1.0,"_source":{"level":"information","wmi_provider_path":"%SystemRoot%\\System32\\Win32_DeviceGuard.dll","wmi_xml_operation":"Operation_StartedOperational","etl_processed_time":"2022-01-18T19:16:59.566Z","etl_kafka_topic":"winlogbeat","event_id":5857,"task":"","etl_host_agent_type":"winlogbeat","etl_kafka_offset":2350,"etl_version":"2020.04.19.01","etl_host_agent_uid":"8faec186-b368-44a8-a9c5-6e284dfc7aea","@timestamp":"2020-09-29T06:35:40.924Z","beat_version":"7.6.2","z_elastic_ecs":{"agent":{},"log":{},"host":{},"event":{"provider":"Microsoft-Windows-WMI-Activity","kind":"event","created":"2022-01-18T19:16:49.506Z","code":5857},"ecs":{"version":"1.4.0"},"user":{"identifier":"S-1-5-20","type":"Well Known Group","domain":"NT AUTHORITY","name":"NETWORK SERVICE"},"winlog":{"process":{"thread":{}}}},"beat_hostname":"win10","log_name":"Microsoft-Windows-WMI-Activity/Operational","etl_kafka_partition":0,"process_name":"wmiprvse.exe","type":"wineventlog","provider_guid":"1418ef04-b0b4-4623-bf7e-d74ab47bbdaa","wmi_result_code":"0x0","wmi_provider":"Win32_DeviceGuard","event_original_time":"2020-09-29T06:35:40.924Z","thread_id":4036,"etl_host_agent_ephemeral_uid":"298c86f2-fe36-4c4c-88aa-2a80cc6ed89e","@version":"1","opcode":"Info","etl_pipeline":["all-filter-0098","all-add_processed_timestamp","fingerprint-winlogbeats7","winlogbeat_7_and_above-field_nest_cleanup","winlogbeat_7_and_above-field_cleanups","1500","1522","wmi-user_field_renames","wmi-event_id_5857_rename","general_rename-various_global_options","provider_guid-cleanup","winevent-hostname-cleanup","final-cleanup-message_field"],"record_number":98,"event_original_message":"Win32_DeviceGuard provider started with result code 0x0. HostProcess = wmiprvse.exe; ProcessID = 4012; ProviderPath = %SystemRoot%\\System32\\Win32_DeviceGuard.dll","source_name":"Microsoft-Windows-WMI-Activity","process_id":"4012","etl_kafka_time":1601361340924,"host_name":"vagrant-10"}},{"_index":"logs-endpoint-winevent-wmiactivity-2020.09.29","_type":"_doc","_id":"863dc104515ac8fe690ff43d5dfd90f887d602d7","_score":1.0,"_source":{"level":"error","wmi_component":"Unknown","wmi_xml_operation":"Operation_ClientFailure","etl_processed_time":"2022-01-18T19:17:13.457Z","etl_kafka_topic":"winlogbeat","event_id":5858,"task":"","etl_host_agent_type":"winlogbeat","wmi_client_machine":"VAGRANT-10","etl_kafka_offset":2559,"etl_version":"2020.04.19.01","etl_host_agent_uid":"8faec186-b368-44a8-a9c5-6e284dfc7aea","@timestamp":"2020-09-29T06:35:57.580Z","beat_version":"7.6.2","z_elastic_ecs":{"agent":{},"log":{},"host":{},"event":{"provider":"Microsoft-Windows-WMI-Activity","kind":"event","created":"2022-01-18T19:17:03.891Z","code":5858},"ecs":{"version":"1.4.0"},"user":{"type":"User","identifier":"S-1-5-18","domain":"NT AUTHORITY","name":"SYSTEM"},"winlog":{"process":{"thread":{}}}},"beat_hostname":"win10","log_name":"Microsoft-Windows-WMI-Activity/Operational","wmi_id":"{4F24E68D-BD0E-4AA4-BEA1-DC6DB11F04C7}","etl_kafka_partition":0,"wmi_operation":"Start IWbemServices::DeleteInstance - Root\\Rsop\\User\\S_1_5_21_1682166927_3851495277_586444471_1000 : RSOP_ExtensionStatus.extensionGuid=\"{35378EAC-683F-11D2-A89A-00C04FBBCFA2}\"","wmi_possible_cause":"Unknown","type":"wineventlog","provider_guid":"1418ef04-b0b4-4623-bf7e-d74ab47bbdaa","wmi_result_code":"0x80041002","event_original_time":"2020-09-29T06:35:57.580Z","thread_id":2428,"etl_host_agent_ephemeral_uid":"298c86f2-fe36-4c4c-88aa-2a80cc6ed89e","@version":"1","opcode":"Info","etl_pipeline":["all-filter-0098","all-add_processed_timestamp","fingerprint-winlogbeats7","winlogbeat_7_and_above-field_nest_cleanup","winlogbeat_7_and_above-field_cleanups","1500","1522","wmi-user_field_renames","wmi-event_id-5858-field_rename","general_rename-various_global_options","provider_guid-cleanup","winevent-hostname-cleanup","final-cleanup-message_field"],"record_number":101,"event_original_message":"Id = {4F24E68D-BD0E-4AA4-BEA1-DC6DB11F04C7}; ClientMachine = VAGRANT-10; User = ; ClientProcessId = 1004; Component = Unknown; Operation = Start IWbemServices::DeleteInstance - Root\\Rsop\\User\\S_1_5_21_1682166927_3851495277_586444471_1000 : RSOP_ExtensionStatus.extensionGuid=\"{35378EAC-683F-11D2-A89A-00C04FBBCFA2}\"; ResultCode = 0x80041002; PossibleCause = Unknown","source_name":"Microsoft-Windows-WMI-Activity","process_id":"1004","etl_kafka_time":1601361357580,"host_name":"vagrant-10"}},