{"_index":"logs-endpoint-winevent-application-2022.01.18","_type":"_doc","_id":"24791fa64f50884a9120a51b1a81afd00ee3f5a9","_score":1.0,"_source":{"level":"information","param8":"0 0","param4":"1","param2":"2396","type":"wineventlog","etl_processed_time":"2022-01-18T19:14:09.874Z","etl_kafka_topic":"winlogbeat","keywords":["Classic"],"event_id":326,"param1":"DFSRs","task":"General","param3":"\\\\.\\C:\\System Volume Information\\DFSR\\database_E484_1360_8413_3490\\dfsr.db: ","event_original_time":"2022-01-18T19:00:50.229Z","etl_host_agent_type":"winlogbeat","etl_host_agent_ephemeral_uid":"473ad3e0-64cb-46c2-b806-1b5bf2ee3534","@version":"1","etl_kafka_offset":37,"etl_version":"2020.04.19.01","opcode":"Info","etl_host_agent_uid":"a1f88b3f-2f88-447f-b94f-5b4a29bbdc8b","etl_pipeline":["all-filter-0098","all-add_processed_timestamp","fingerprint-winlogbeats7","winlogbeat_7_and_above-field_nest_cleanup","winlogbeat_7_and_above-field_cleanups","1500","1522","winevent-application-all-1534","general_rename-various_global_options","winevent-hostname-cleanup","final-cleanup-message_field"],"param5":"\\\\.\\C:\\System Volume Information\\DFSR\\database_E484_1360_8413_3490\\dfsr.db","param6":"0","@timestamp":"2022-01-18T19:00:50.229Z","beat_version":"7.6.2","event_original_message":"DFSRs (2396) \\\\.\\C:\\System Volume Information\\DFSR\\database_E484_1360_8413_3490\\dfsr.db: The database engine attached a database (1, \\\\.\\C:\\System Volume Information\\DFSR\\database_E484_1360_8413_3490\\dfsr.db). (Time=0 seconds) \n \nInternal Timing Sequence: [1] 0.000, [2] 0.032, [3] 0.109, [4] 0.000, [5] 0.000, [6] 0.016, [7] 0.015, [8] 0.000, [9] 0.000, [10] 0.000, [11] 0.000, [12] 0.000. \nSaved Cache: 0 0","source_name":"ESENT","z_elastic_ecs":{"agent":{},"log":{},"host":{},"event":{"code":326,"provider":"ESENT","action":"General","kind":"event","created":"2022-01-18T19:02:50.024Z"},"ecs":{"version":"1.4.0"},"winlog":{}},"beat_hostname":"dc","record_number":482,"log_name":"Application","etl_kafka_time":1642532450229,"etl_kafka_partition":0,"param7":"[1] 0.000, [2] 0.032, [3] 0.109, [4] 0.000, [5] 0.000, [6] 0.016, [7] 0.015, [8] 0.000, [9] 0.000, [10] 0.000, [11] 0.000, [12] 0.000.","host_name":"dc.windomain.local"}},{"_index":"logs-endpoint-winevent-application-2022.01.18","_type":"_doc","_id":"227c95e33930554967c22db51ebbc7ff31d0e9d7","_score":1.0,"_source":{"level":"information","type":"wineventlog","event_id":0,"param1":"Service stopped","task":"","event_original_time":"2022-01-18T19:02:30.706Z","etl_host_agent_type":"winlogbeat","etl_host_agent_ephemeral_uid":"473ad3e0-64cb-46c2-b806-1b5bf2ee3534","@version":"1","etl_host_agent_uid":"a1f88b3f-2f88-447f-b94f-5b4a29bbdc8b","etl_pipeline":["fingerprint-winlogbeats7","winlogbeat_7_and_above-field_nest_cleanup","winlogbeat_7_and_above-field_cleanups","1500","1522","winevent-application-all-1534","general_rename-various_global_options","winevent-hostname-cleanup"],"@timestamp":"2022-01-18T19:02:30.706Z","beat_version":"7.6.2","record_number":486,"source_name":"gupdate","z_elastic_ecs":{"agent":{},"log":{},"host":{},"event":{"provider":"gupdate","kind":"event","created":"2022-01-18T19:02:50.024Z","code":0},"ecs":{"version":"1.4.0"},"winlog":{}},"beat_hostname":"dc","log_name":"Application","host_name":"dc.windomain.local"}},{"_index":"logs-endpoint-winevent-application-2022.01.18","_type":"_doc","_id":"5e8427c7ec428544abb68f5225ff1a2ee32f85e3","_score":1.0,"_source":{"level":"information","spp_restart_reason":"TBL","type":"wineventlog","etl_processed_time":"2022-01-18T19:15:23.916Z","etl_kafka_topic":"winlogbeat","keywords":["Classic"],"event_id":16384,"provider_guid":"E23B33B0-C8C9-472C-A5F9-F2BDFEA0F156","task":"","spp_restart_scheduled":"2022-01-19T19:02:02Z","event_original_time":"2022-01-18T19:03:02.842Z","etl_host_agent_type":"winlogbeat","etl_host_agent_ephemeral_uid":"473ad3e0-64cb-46c2-b806-1b5bf2ee3534","@version":"1","etl_kafka_offset":1506,"etl_version":"2020.04.19.01","etl_host_agent_uid":"a1f88b3f-2f88-447f-b94f-5b4a29bbdc8b","etl_pipeline":["all-filter-0098","all-add_processed_timestamp","fingerprint-winlogbeats7","winlogbeat_7_and_above-field_nest_cleanup","winlogbeat_7_and_above-field_cleanups","1500","1522","winevent-application-all-1534","general_rename-various_global_options","provider_guid-cleanup","winevent-hostname-cleanup","final-cleanup-message_field"],"@timestamp":"2022-01-18T19:03:02.842Z","beat_version":"7.6.2","event_original_message":"Successfully scheduled Software Protection service for re-start at 2022-01-19T19:02:02Z. Reason: TBL.","source_name":"Microsoft-Windows-Security-SPP","z_elastic_ecs":{"agent":{},"log":{},"host":{},"event":{"provider":"Microsoft-Windows-Security-SPP","kind":"event","created":"2022-01-18T19:03:03.456Z","code":16384},"ecs":{"version":"1.4.0"},"winlog":{}},"beat_hostname":"dc","record_number":492,"log_name":"Application","etl_kafka_time":1642532582842,"etl_kafka_partition":0,"host_name":"dc.windomain.local"}},{"_index":"logs-endpoint-winevent-application-2022.01.18","_type":"_doc","_id":"604ec6d47c86379d371755a1614ece8cf35adc45","_score":1.0,"_source":{"level":"information","type":"wineventlog","etl_processed_time":"2022-01-18T19:15:23.916Z","etl_kafka_topic":"winlogbeat","keywords":["Classic"],"event_id":903,"provider_guid":"E23B33B0-C8C9-472C-A5F9-F2BDFEA0F156","task":"","event_original_time":"2022-01-18T19:03:02.876Z","etl_host_agent_type":"winlogbeat","etl_host_agent_ephemeral_uid":"473ad3e0-64cb-46c2-b806-1b5bf2ee3534","@version":"1","etl_kafka_offset":1507,"etl_version":"2020.04.19.01","etl_host_agent_uid":"a1f88b3f-2f88-447f-b94f-5b4a29bbdc8b","etl_pipeline":["all-filter-0098","all-add_processed_timestamp","fingerprint-winlogbeats7","winlogbeat_7_and_above-field_nest_cleanup","winlogbeat_7_and_above-field_cleanups","1500","1522","winevent-application-all-1534","general_rename-various_global_options","provider_guid-cleanup","winevent-hostname-cleanup","final-cleanup-message_field"],"@timestamp":"2022-01-18T19:03:02.876Z","beat_version":"7.6.2","event_original_message":"The Software Protection service has stopped.","source_name":"Microsoft-Windows-Security-SPP","z_elastic_ecs":{"agent":{},"log":{},"host":{},"event":{"provider":"Microsoft-Windows-Security-SPP","kind":"event","created":"2022-01-18T19:03:03.457Z","code":903},"ecs":{"version":"1.4.0"},"winlog":{}},"beat_hostname":"dc","record_number":493,"log_name":"Application","etl_kafka_time":1642532582875,"etl_kafka_partition":0,"host_name":"dc.windomain.local"}},{"_index":"logs-endpoint-winevent-application-2022.01.18","_type":"_doc","_id":"f32415a7172631a61b4976722cc4813a17bcf022","_score":1.0,"_source":{"level":"information","param2":"WmiApRpl","type":"wineventlog","etl_processed_time":"2022-01-18T19:15:23.918Z","etl_kafka_topic":"winlogbeat","event_id":1000,"param1":"WmiApRpl","provider_guid":"122EE297-BB47-41AE-B265-1CA8D1886D40","task":"","event_original_time":"2022-01-18T19:03:11.651Z","etl_host_agent_type":"winlogbeat","thread_id":4056,"etl_host_agent_ephemeral_uid":"473ad3e0-64cb-46c2-b806-1b5bf2ee3534","@version":"1","etl_kafka_offset":1514,"etl_version":"2020.04.19.01","opcode":"Info","etl_host_agent_uid":"a1f88b3f-2f88-447f-b94f-5b4a29bbdc8b","etl_pipeline":["all-filter-0098","all-add_processed_timestamp","fingerprint-winlogbeats7","winlogbeat_7_and_above-field_nest_cleanup","winlogbeat_7_and_above-field_cleanups","1500","1522","winevent-application-all-1534","general_rename-various_global_options","provider_guid-cleanup","winevent-hostname-cleanup","final-cleanup-message_field"],"binaryDataSize":"16","@timestamp":"2022-01-18T19:03:11.651Z","beat_version":"7.6.2","event_original_message":"Performance counters for the WmiApRpl (WmiApRpl) service were loaded successfully. The Record Data in the data section contains the new index values assigned to this service.","source_name":"Microsoft-Windows-LoadPerf","z_elastic_ecs":{"agent":{},"log":{},"host":{},"event":{"provider":"Microsoft-Windows-LoadPerf","kind":"event","created":"2022-01-18T19:03:13.357Z","code":1000},"ecs":{"version":"1.4.0"},"user":{"type":"User","identifier":"S-1-5-18","domain":"NT AUTHORITY","name":"SYSTEM"},"winlog":{"process":{"thread":{}}}},"beat_hostname":"dc","process_id":4028,"binaryData":"562A0000FC2A0000572A0000FD2A0000","etl_kafka_time":1642532591652,"log_name":"Application","etl_kafka_partition":0,"host_name":"dc.windomain.local","record_number":494,"xml_name":"EventXML"}},{"_index":"logs-endpoint-winevent-application-2022.01.18","_type":"_doc","_id":"77c404e19043610a8191fbdade10f4cb504b4894","_score":1.0,"_source":{"level":"information","type":"wineventlog","etl_processed_time":"2022-01-18T19:15:23.944Z","etl_kafka_topic":"winlogbeat","keywords":["Classic"],"event_id":8224,"task":"","event_original_time":"2022-01-18T19:03:38.949Z","etl_host_agent_type":"winlogbeat","etl_host_agent_ephemeral_uid":"473ad3e0-64cb-46c2-b806-1b5bf2ee3534","@version":"1","etl_kafka_offset":1568,"etl_version":"2020.04.19.01","opcode":"Info","Binary":"2D20436F64653A2020434F525356434330303030303736302D2043616C6C3A2020434F525356434330303030303734322D205049443A202030303030333735322D205449443A202030303030333738342D20434D443A2020433A5C57696E646F77735C73797374656D33325C76737376632E6578652020202D20557365723A204E616D653A204E5420415554484F524954595C53595354454D2C205349443A532D312D352D313820","etl_host_agent_uid":"a1f88b3f-2f88-447f-b94f-5b4a29bbdc8b","etl_pipeline":["all-filter-0098","all-add_processed_timestamp","fingerprint-winlogbeats7","winlogbeat_7_and_above-field_nest_cleanup","winlogbeat_7_and_above-field_cleanups","1500","1522","winevent-application-all-1534","general_rename-various_global_options","winevent-hostname-cleanup","final-cleanup-message_field"],"@timestamp":"2022-01-18T19:03:38.949Z","beat_version":"7.6.2","event_original_message":"The VSS service is shutting down due to idle timeout. ","source_name":"VSS","z_elastic_ecs":{"agent":{},"log":{},"host":{},"event":{"provider":"VSS","kind":"event","created":"2022-01-18T19:03:39.423Z","code":8224},"ecs":{"version":"1.4.0"},"winlog":{}},"beat_hostname":"dc","record_number":495,"log_name":"Application","etl_kafka_time":1642532618949,"etl_kafka_partition":0,"host_name":"dc.windomain.local"}},{"_index":"logs-endpoint-winevent-application-2022.01.18","_type":"_doc","_id":"81fa73182b197c1ff0c86704747718a7a95c64cd","_score":1.0,"_source":{"level":"information","param2":"WmiApRpl","type":"wineventlog","etl_processed_time":"2022-01-18T19:15:24.879Z","etl_kafka_topic":"winlogbeat","event_id":1000,"param1":"WmiApRpl","provider_guid":"122EE297-BB47-41AE-B265-1CA8D1886D40","task":"","event_original_time":"2022-01-18T19:09:10.498Z","etl_host_agent_type":"winlogbeat","thread_id":3256,"etl_host_agent_ephemeral_uid":"473ad3e0-64cb-46c2-b806-1b5bf2ee3534","@version":"1","etl_kafka_offset":1882,"etl_version":"2020.04.19.01","opcode":"Info","etl_host_agent_uid":"a1f88b3f-2f88-447f-b94f-5b4a29bbdc8b","etl_pipeline":["all-filter-0098","all-add_processed_timestamp","fingerprint-winlogbeats7","winlogbeat_7_and_above-field_nest_cleanup","winlogbeat_7_and_above-field_cleanups","1500","1522","winevent-application-all-1534","general_rename-various_global_options","provider_guid-cleanup","winevent-hostname-cleanup","final-cleanup-message_field"],"binaryDataSize":"16","@timestamp":"2022-01-18T19:09:10.498Z","beat_version":"7.6.2","event_original_message":"Performance counters for the WmiApRpl (WmiApRpl) service were loaded successfully. The Record Data in the data section contains the new index values assigned to this service.","source_name":"Microsoft-Windows-LoadPerf","z_elastic_ecs":{"agent":{},"log":{},"host":{},"event":{"provider":"Microsoft-Windows-LoadPerf","kind":"event","created":"2022-01-18T19:09:11.846Z","code":1000},"ecs":{"version":"1.4.0"},"user":{"type":"User","identifier":"S-1-5-18","domain":"NT AUTHORITY","name":"SYSTEM"},"winlog":{"process":{"thread":{}}}},"beat_hostname":"dc","process_id":5104,"binaryData":"FE2A0000A42B0000FF2A0000A52B0000","etl_kafka_time":1642532950497,"log_name":"Application","etl_kafka_partition":0,"host_name":"dc.windomain.local","record_number":496,"xml_name":"EventXML"}},{"_index":"logs-endpoint-winevent-application-2022.01.18","_type":"_doc","_id":"f0781570eda3c463b2bbaf7d77c2819709a3061a","_score":1.0,"_source":{"level":"information","param2":"SuppressDuplicateDuration","type":"wineventlog","etl_processed_time":"2022-01-18T19:16:43.596Z","etl_kafka_topic":"winlogbeat","keywords":["Classic"],"event_id":4625,"param1":"86400","provider_guid":"899daace-4868-4295-afcd-9eb8fb497561","task":"","param3":"Software\\Microsoft\\EventSystem\\EventLog","event_original_time":"2022-01-18T19:11:45.417Z","etl_host_agent_type":"winlogbeat","etl_host_agent_ephemeral_uid":"298c86f2-fe36-4c4c-88aa-2a80cc6ed89e","@version":"1","etl_kafka_offset":1967,"etl_version":"2020.04.19.01","etl_host_agent_uid":"8faec186-b368-44a8-a9c5-6e284dfc7aea","etl_pipeline":["all-filter-0098","all-add_processed_timestamp","fingerprint-winlogbeats7","winlogbeat_7_and_above-field_nest_cleanup","winlogbeat_7_and_above-field_cleanups","1500","1522","winevent-application-all-1534","general_rename-various_global_options","provider_guid-cleanup","winevent-hostname-cleanup","final-cleanup-message_field"],"@timestamp":"2022-01-18T19:11:45.417Z","beat_version":"7.6.2","event_original_message":"The EventSystem sub system is suppressing duplicate event log entries for a duration of 86400 seconds.  The suppression timeout can be controlled by a REG_DWORD value named SuppressDuplicateDuration under the following registry key: HKLM\\Software\\Microsoft\\EventSystem\\EventLog.","source_name":"Microsoft-Windows-EventSystem","z_elastic_ecs":{"agent":{},"log":{},"host":{},"event":{"provider":"Microsoft-Windows-EventSystem","kind":"event","created":"2022-01-18T19:16:33.611Z","code":4625},"ecs":{"version":"1.4.0"},"winlog":{}},"beat_hostname":"win10","record_number":494,"log_name":"Application","etl_kafka_time":1642533105417,"etl_kafka_partition":0,"host_name":"win10"}},{"_index":"logs-endpoint-winevent-application-2022.01.18","_type":"_doc","_id":"b0b534c3834a7d1ee4cbb839074763134b2b1180","_score":1.0,"_source":{"level":"information","type":"wineventlog","etl_processed_time":"2022-01-18T19:16:43.775Z","etl_kafka_topic":"winlogbeat","keywords":["Classic"],"event_id":903,"provider_guid":"E23B33B0-C8C9-472C-A5F9-F2BDFEA0F156","task":"","event_original_time":"2022-01-18T19:12:42.683Z","etl_host_agent_type":"winlogbeat","etl_host_agent_ephemeral_uid":"298c86f2-fe36-4c4c-88aa-2a80cc6ed89e","@version":"1","etl_kafka_offset":1985,"etl_version":"2020.04.19.01","etl_host_agent_uid":"8faec186-b368-44a8-a9c5-6e284dfc7aea","etl_pipeline":["all-filter-0098","all-add_processed_timestamp","fingerprint-winlogbeats7","winlogbeat_7_and_above-field_nest_cleanup","winlogbeat_7_and_above-field_cleanups","1500","1522","winevent-application-all-1534","general_rename-various_global_options","provider_guid-cleanup","winevent-hostname-cleanup","final-cleanup-message_field"],"@timestamp":"2022-01-18T19:12:42.683Z","beat_version":"7.6.2","event_original_message":"The Software Protection service has stopped.","source_name":"Microsoft-Windows-Security-SPP","z_elastic_ecs":{"agent":{},"log":{},"host":{},"event":{"provider":"Microsoft-Windows-Security-SPP","kind":"event","created":"2022-01-18T19:16:33.625Z","code":903},"ecs":{"version":"1.4.0"},"winlog":{}},"beat_hostname":"win10","record_number":512,"log_name":"Application","etl_kafka_time":1642533162682,"etl_kafka_partition":0,"host_name":"win10.windomain.local"}},{"_index":"logs-endpoint-winevent-application-2022.01.18","_type":"_doc","_id":"06ad9abf3ce5d93567dab411971c916cff660be8","_score":1.0,"_source":{"level":"information","type":"wineventlog","etl_processed_time":"2022-01-18T19:16:43.775Z","etl_kafka_topic":"winlogbeat","version":2,"event_id":5615,"provider_guid":"1edeee53-0afe-4609-b846-d8c0b2075b1f","task":"","event_original_time":"2022-01-18T19:11:51.381Z","etl_host_agent_type":"winlogbeat","thread_id":2980,"etl_host_agent_ephemeral_uid":"298c86f2-fe36-4c4c-88aa-2a80cc6ed89e","@version":"1","etl_kafka_offset":1970,"etl_version":"2020.04.19.01","opcode":"Info","etl_host_agent_uid":"8faec186-b368-44a8-a9c5-6e284dfc7aea","etl_pipeline":["all-filter-0098","all-add_processed_timestamp","fingerprint-winlogbeats7","winlogbeat_7_and_above-field_nest_cleanup","winlogbeat_7_and_above-field_cleanups","1500","1522","winevent-application-all-1534","general_rename-various_global_options","provider_guid-cleanup","winevent-hostname-cleanup","final-cleanup-message_field"],"@timestamp":"2022-01-18T19:11:51.381Z","beat_version":"7.6.2","event_original_message":"Windows Management Instrumentation Service started sucessfully","source_name":"Microsoft-Windows-WMI","z_elastic_ecs":{"agent":{},"log":{},"host":{},"event":{"provider":"Microsoft-Windows-WMI","kind":"event","created":"2022-01-18T19:16:33.614Z","code":5615},"ecs":{"version":"1.4.0"},"user":{"identifier":"S-1-5-18","type":"User","domain":"NT AUTHORITY","name":"SYSTEM"},"winlog":{"process":{"thread":{}}}},"beat_hostname":"win10","process_id":2892,"log_name":"Application","etl_kafka_time":1642533111380,"record_number":497,"etl_kafka_partition":0,"host_name":"win10.windomain.local"}},{"_index":"logs-endpoint-winevent-application-2022.01.18","_type":"_doc","_id":"ac3936fda274da115ecf7e7dffd679ebcf9a4dde","_score":1.0,"_source":{"level":"information","param2":"SuppressDuplicateDuration","type":"wineventlog","etl_processed_time":"2022-01-18T19:16:43.775Z","etl_kafka_topic":"winlogbeat","keywords":["Classic"],"event_id":781,"param1":"86400","provider_guid":"0f177893-4a9c-4709-b921-f432d67f43d5","task":"","param3":"Software\\Microsoft\\COM3\\Eventlog","event_original_time":"2022-01-18T19:11:59.948Z","etl_host_agent_type":"winlogbeat","etl_host_agent_ephemeral_uid":"298c86f2-fe36-4c4c-88aa-2a80cc6ed89e","@version":"1","etl_kafka_offset":1973,"etl_version":"2020.04.19.01","etl_host_agent_uid":"8faec186-b368-44a8-a9c5-6e284dfc7aea","etl_pipeline":["all-filter-0098","all-add_processed_timestamp","fingerprint-winlogbeats7","winlogbeat_7_and_above-field_nest_cleanup","winlogbeat_7_and_above-field_cleanups","1500","1522","winevent-application-all-1534","general_rename-various_global_options","provider_guid-cleanup","winevent-hostname-cleanup","final-cleanup-message_field"],"@timestamp":"2022-01-18T19:11:59.948Z","beat_version":"7.6.2","event_original_message":"The COM+ sub system is suppressing duplicate event log entries for a duration of 86400 seconds.  The suppression timeout can be controlled by a REG_DWORD value named SuppressDuplicateDuration under the following registry key: HKLM\\Software\\Microsoft\\COM3\\Eventlog.","source_name":"Microsoft-Windows-Complus","z_elastic_ecs":{"agent":{},"log":{},"host":{},"event":{"provider":"Microsoft-Windows-Complus","kind":"event","created":"2022-01-18T19:16:33.617Z","code":781},"ecs":{"version":"1.4.0"},"winlog":{}},"beat_hostname":"win10","record_number":500,"log_name":"Application","etl_kafka_time":1642533119948,"etl_kafka_partition":0,"host_name":"win10.windomain.local"}},{"_index":"logs-endpoint-winevent-application-2022.01.18","_type":"_doc","_id":"63b4cda4428a1ab6d59111da2dd7642b2b3368c9","_score":1.0,"_source":{"level":"information","type":"wineventlog","etl_processed_time":"2022-01-18T19:16:43.775Z","etl_kafka_topic":"winlogbeat","keywords":["Classic"],"event_id":271,"task":"","event_original_time":"2022-01-18T19:12:09.542Z","etl_host_agent_type":"winlogbeat","etl_host_agent_ephemeral_uid":"298c86f2-fe36-4c4c-88aa-2a80cc6ed89e","@version":"1","etl_kafka_offset":1979,"etl_version":"2020.04.19.01","opcode":"Info","etl_host_agent_uid":"8faec186-b368-44a8-a9c5-6e284dfc7aea","etl_pipeline":["all-filter-0098","all-add_processed_timestamp","fingerprint-winlogbeats7","winlogbeat_7_and_above-field_nest_cleanup","winlogbeat_7_and_above-field_cleanups","1500","1522","winevent-application-all-1534","general_rename-various_global_options","winevent-hostname-cleanup","final-cleanup-message_field"],"@timestamp":"2022-01-18T19:12:09.542Z","beat_version":"7.6.2","event_original_message":"Restored network configuration.","source_name":"VMUpgradeHelper","z_elastic_ecs":{"agent":{},"log":{},"host":{},"event":{"provider":"VMUpgradeHelper","kind":"event","created":"2022-01-18T19:16:33.621Z","code":271},"ecs":{"version":"1.4.0"},"winlog":{}},"beat_hostname":"win10","record_number":506,"log_name":"Application","etl_kafka_time":1642533129541,"etl_kafka_partition":0,"host_name":"win10.windomain.local"}},{"_index":"logs-endpoint-winevent-application-2022.01.18","_type":"_doc","_id":"c165bf6d9973e9e6cf0e35a6dcab10a59f172699","_score":1.0,"_source":{"level":"information","param4":"C:\\ProgramData\\Microsoft\\Search\\Data\\Applications\\Windows\\Windows.edb","param2":"5480,D,50","type":"wineventlog","etl_processed_time":"2022-01-18T19:16:43.776Z","etl_kafka_topic":"winlogbeat","keywords":["Classic"],"event_id":330,"param1":"SearchIndexer","task":"General","param3":"Windows: ","event_original_time":"2022-01-18T19:13:17.227Z","etl_host_agent_type":"winlogbeat","etl_host_agent_ephemeral_uid":"298c86f2-fe36-4c4c-88aa-2a80cc6ed89e","@version":"1","etl_kafka_offset":1988,"etl_version":"2020.04.19.01","opcode":"Info","etl_host_agent_uid":"8faec186-b368-44a8-a9c5-6e284dfc7aea","etl_pipeline":["all-filter-0098","all-add_processed_timestamp","fingerprint-winlogbeats7","winlogbeat_7_and_above-field_nest_cleanup","winlogbeat_7_and_above-field_cleanups","1500","1522","winevent-application-all-1534","general_rename-various_global_options","winevent-hostname-cleanup","final-cleanup-message_field"],"param5":"0x410022D8 (8920 | JET_efvAllowHigherPersistedFormat)","param6":"8920 (0x22d8)","@timestamp":"2022-01-18T19:13:17.227Z","beat_version":"7.6.2","event_original_message":"SearchIndexer (5480,D,50) Windows: The database [C:\\ProgramData\\Microsoft\\Search\\Data\\Applications\\Windows\\Windows.edb] format version is being held back to 8920 (0x22d8) due to application parameter setting of 0x410022D8 (8920 | JET_efvAllowHigherPersistedFormat). Current default engine version: 9100 (0x238c).","source_name":"ESENT","z_elastic_ecs":{"agent":{},"log":{},"host":{},"event":{"code":330,"provider":"ESENT","kind":"event","action":"General","created":"2022-01-18T19:16:33.626Z"},"ecs":{"version":"1.4.0"},"winlog":{}},"beat_hostname":"win10","record_number":515,"log_name":"Application","etl_kafka_time":1642533197226,"etl_kafka_partition":0,"param7":"9100 (0x238c)","host_name":"win10.windomain.local"}},{"_index":"logs-endpoint-winevent-application-2022.01.18","_type":"_doc","_id":"8980073a4e519db7e894692eb233f30cd27e9eb8","_score":1.0,"_source":{"level":"information","param4":"0x410022D8 (8920 | JET_efvAllowHigherPersistedFormat)","param2":"5480,D,50","type":"wineventlog","etl_processed_time":"2022-01-18T19:16:43.776Z","etl_kafka_topic":"winlogbeat","keywords":["Classic"],"event_id":641,"param1":"SearchIndexer","task":"General","param3":"Windows: ","event_original_time":"2022-01-18T19:13:17.227Z","etl_host_agent_type":"winlogbeat","etl_host_agent_ephemeral_uid":"298c86f2-fe36-4c4c-88aa-2a80cc6ed89e","@version":"1","etl_kafka_offset":1989,"etl_version":"2020.04.19.01","opcode":"Info","etl_host_agent_uid":"8faec186-b368-44a8-a9c5-6e284dfc7aea","etl_pipeline":["all-filter-0098","all-add_processed_timestamp","fingerprint-winlogbeats7","winlogbeat_7_and_above-field_nest_cleanup","winlogbeat_7_and_above-field_cleanups","1500","1522","winevent-application-all-1534","general_rename-various_global_options","winevent-hostname-cleanup","final-cleanup-message_field"],"param5":"8940 (0x22ec - 8.6.20)","param6":"8.5.16","@timestamp":"2022-01-18T19:13:17.227Z","beat_version":"7.6.2","event_original_message":"SearchIndexer (5480,D,50) Windows: The log format feature version 8940 (0x22ec - 8.6.20) could not be used due to the current log format 8.5.16, controlled by the parameter 0x410022D8 (8920 | JET_efvAllowHigherPersistedFormat).","source_name":"ESENT","z_elastic_ecs":{"agent":{},"log":{},"host":{},"event":{"code":641,"provider":"ESENT","kind":"event","created":"2022-01-18T19:16:33.629Z","action":"General"},"ecs":{"version":"1.4.0"},"winlog":{}},"beat_hostname":"win10","record_number":516,"log_name":"Application","etl_kafka_time":1642533197226,"etl_kafka_partition":0,"host_name":"win10.windomain.local"}},{"_index":"logs-endpoint-winevent-application-2022.01.18","_type":"_doc","_id":"2b25023f377197530bb51a5417e46fdeced630f5","_score":1.0,"_source":{"level":"information","spp_restart_reason":"TBL","type":"wineventlog","etl_processed_time":"2022-01-18T19:16:43.781Z","etl_kafka_topic":"winlogbeat","keywords":["Classic"],"event_id":16384,"provider_guid":"E23B33B0-C8C9-472C-A5F9-F2BDFEA0F156","task":"","spp_restart_scheduled":"2022-01-19T19:11:42Z","event_original_time":"2022-01-18T19:12:42.589Z","etl_host_agent_type":"winlogbeat","etl_host_agent_ephemeral_uid":"298c86f2-fe36-4c4c-88aa-2a80cc6ed89e","@version":"1","etl_kafka_offset":1984,"etl_version":"2020.04.19.01","etl_host_agent_uid":"8faec186-b368-44a8-a9c5-6e284dfc7aea","etl_pipeline":["all-filter-0098","all-add_processed_timestamp","fingerprint-winlogbeats7","winlogbeat_7_and_above-field_nest_cleanup","winlogbeat_7_and_above-field_cleanups","1500","1522","winevent-application-all-1534","general_rename-various_global_options","provider_guid-cleanup","winevent-hostname-cleanup","final-cleanup-message_field"],"@timestamp":"2022-01-18T19:12:42.589Z","beat_version":"7.6.2","event_original_message":"Successfully scheduled Software Protection service for re-start at 2022-01-19T19:11:42Z. Reason: TBL.","source_name":"Microsoft-Windows-Security-SPP","z_elastic_ecs":{"agent":{},"log":{},"host":{},"event":{"provider":"Microsoft-Windows-Security-SPP","kind":"event","created":"2022-01-18T19:16:33.625Z","code":16384},"ecs":{"version":"1.4.0"},"winlog":{}},"beat_hostname":"win10","record_number":511,"log_name":"Application","etl_kafka_time":1642533162588,"etl_kafka_partition":0,"host_name":"win10.windomain.local"}},{"_index":"logs-endpoint-winevent-application-2022.01.18","_type":"_doc","_id":"e2d76abade89eb81a2f51bd26fe901a29aa3d926","_score":1.0,"_source":{"level":"information","type":"wineventlog","etl_processed_time":"2022-01-18T19:16:43.780Z","etl_kafka_topic":"winlogbeat","keywords":["Classic"],"event_id":900,"param1":"TriggerStarted:6","provider_guid":"E23B33B0-C8C9-472C-A5F9-F2BDFEA0F156","task":"","event_original_time":"2022-01-18T19:11:54.792Z","etl_host_agent_type":"winlogbeat","etl_host_agent_ephemeral_uid":"298c86f2-fe36-4c4c-88aa-2a80cc6ed89e","@version":"1","etl_kafka_offset":1971,"etl_version":"2020.04.19.01","etl_host_agent_uid":"8faec186-b368-44a8-a9c5-6e284dfc7aea","etl_pipeline":["all-filter-0098","all-add_processed_timestamp","fingerprint-winlogbeats7","winlogbeat_7_and_above-field_nest_cleanup","winlogbeat_7_and_above-field_cleanups","1500","1522","winevent-application-all-1534","general_rename-various_global_options","provider_guid-cleanup","winevent-hostname-cleanup","final-cleanup-message_field"],"@timestamp":"2022-01-18T19:11:54.792Z","beat_version":"7.6.2","event_original_message":"The Software Protection service is starting.\nParameters:TriggerStarted:6","source_name":"Microsoft-Windows-Security-SPP","z_elastic_ecs":{"agent":{},"log":{},"host":{},"event":{"provider":"Microsoft-Windows-Security-SPP","kind":"event","created":"2022-01-18T19:16:33.614Z","code":900},"ecs":{"version":"1.4.0"},"winlog":{}},"beat_hostname":"win10","record_number":498,"log_name":"Application","etl_kafka_time":1642533114791,"etl_kafka_partition":0,"host_name":"win10.windomain.local"}},{"_index":"logs-endpoint-winevent-application-2022.01.18","_type":"_doc","_id":"f829888c64d7f6e5477b34bfb954812b2224512a","_score":1.0,"_source":{"level":"information","type":"wineventlog","etl_processed_time":"2022-01-18T19:16:43.780Z","etl_kafka_topic":"winlogbeat","keywords":["Classic"],"event_id":1066,"param1":"C:\\Windows\\system32\\sppwinob.dll, msft:spp/windowsfunctionality/agent/7.0, 0x00000000, 0x00000000\nC:\\Windows\\system32\\sppobjs.dll, msft:rm/algorithm/inherited/1.0, 0x00000000, 0x00000000\nC:\\Windows\\system32\\sppobjs.dll, msft:rm/algorithm/phone/1.0, 0x00000000, 0x00000000\nC:\\Windows\\system32\\sppobjs.dll, msft:rm/algorithm/pkey/detect, 0x00000000, 0x00000000\nC:\\Windows\\system32\\sppobjs.dll, msft:spp/ActionScheduler/1.0, 0x00000000, 0x00000000\nC:\\Windows\\system32\\sppobjs.dll, msft:spp/TaskScheduler/1.0, 0x00000000, 0x00000000\nC:\\Windows\\system32\\sppobjs.dll, msft:spp/statecollector/pkey, 0x00000000, 0x00000000\nC:\\Windows\\system32\\sppobjs.dll, msft:spp/volume/services/kms/1.0, 0x00000000, 0x00000000\nC:\\Windows\\system32\\sppobjs.dll, msft:spp/volume/services/kms/activationinfo/1.0, 0x00000000, 0x00000000","provider_guid":"E23B33B0-C8C9-472C-A5F9-F2BDFEA0F156","task":"","event_original_time":"2022-01-18T19:12:07.307Z","etl_host_agent_type":"winlogbeat","etl_host_agent_ephemeral_uid":"298c86f2-fe36-4c4c-88aa-2a80cc6ed89e","@version":"1","etl_kafka_offset":1977,"etl_version":"2020.04.19.01","etl_host_agent_uid":"8faec186-b368-44a8-a9c5-6e284dfc7aea","etl_pipeline":["all-filter-0098","all-add_processed_timestamp","fingerprint-winlogbeats7","winlogbeat_7_and_above-field_nest_cleanup","winlogbeat_7_and_above-field_cleanups","1500","1522","winevent-application-all-1534","general_rename-various_global_options","provider_guid-cleanup","winevent-hostname-cleanup","final-cleanup-message_field"],"@timestamp":"2022-01-18T19:12:07.307Z","beat_version":"7.6.2","event_original_message":"Initialization status for service objects.\nC:\\Windows\\system32\\sppwinob.dll, msft:spp/windowsfunctionality/agent/7.0, 0x00000000, 0x00000000\nC:\\Windows\\system32\\sppobjs.dll, msft:rm/algorithm/inherited/1.0, 0x00000000, 0x00000000\nC:\\Windows\\system32\\sppobjs.dll, msft:rm/algorithm/phone/1.0, 0x00000000, 0x00000000\nC:\\Windows\\system32\\sppobjs.dll, msft:rm/algorithm/pkey/detect, 0x00000000, 0x00000000\nC:\\Windows\\system32\\sppobjs.dll, msft:spp/ActionScheduler/1.0, 0x00000000, 0x00000000\nC:\\Windows\\system32\\sppobjs.dll, msft:spp/TaskScheduler/1.0, 0x00000000, 0x00000000\nC:\\Windows\\system32\\sppobjs.dll, msft:spp/statecollector/pkey, 0x00000000, 0x00000000\nC:\\Windows\\system32\\sppobjs.dll, msft:spp/volume/services/kms/1.0, 0x00000000, 0x00000000\nC:\\Windows\\system32\\sppobjs.dll, msft:spp/volume/services/kms/activationinfo/1.0, 0x00000000, 0x00000000","source_name":"Microsoft-Windows-Security-SPP","z_elastic_ecs":{"agent":{},"log":{},"host":{},"event":{"provider":"Microsoft-Windows-Security-SPP","kind":"event","created":"2022-01-18T19:16:33.620Z","code":1066},"ecs":{"version":"1.4.0"},"winlog":{}},"beat_hostname":"win10","record_number":504,"log_name":"Application","etl_kafka_time":1642533127307,"etl_kafka_partition":0,"host_name":"win10.windomain.local"}},{"_index":"logs-endpoint-winevent-application-2022.01.18","_type":"_doc","_id":"deb5e9b15a736697be62a9cefd3ded4df780157f","_score":1.0,"_source":{"level":"information","param2":"\n1: 3f4c0546-36c6-46a8-a37f-be13cdd0cf25, 1, 1 [(0 [0x00000000, 1, 0], [(?)( 1 0x00000000)(?)( 2 0x00000000 0 0 msft:rm/algorithm/hwid/4.0 0x00000000 0)(?)( 9 0x00000000 90 129439)( 10 0x00000000 msft:rm/algorithm/flags/1.0)(?)])(1 )(2 )(3 )]","type":"wineventlog","etl_processed_time":"2022-01-18T19:16:43.781Z","etl_kafka_topic":"winlogbeat","keywords":["Classic"],"event_id":1003,"param1":"55c92734-d682-4d71-983e-d6ec3f16059f","provider_guid":"E23B33B0-C8C9-472C-A5F9-F2BDFEA0F156","task":"","event_original_time":"2022-01-18T19:12:11.215Z","etl_host_agent_type":"winlogbeat","etl_host_agent_ephemeral_uid":"298c86f2-fe36-4c4c-88aa-2a80cc6ed89e","@version":"1","etl_kafka_offset":1980,"etl_version":"2020.04.19.01","etl_host_agent_uid":"8faec186-b368-44a8-a9c5-6e284dfc7aea","etl_pipeline":["all-filter-0098","all-add_processed_timestamp","fingerprint-winlogbeats7","winlogbeat_7_and_above-field_nest_cleanup","winlogbeat_7_and_above-field_cleanups","1500","1522","winevent-application-all-1534","general_rename-various_global_options","provider_guid-cleanup","winevent-hostname-cleanup","final-cleanup-message_field"],"@timestamp":"2022-01-18T19:12:11.215Z","beat_version":"7.6.2","event_original_message":"The Software Protection service has completed licensing status check.\nApplication Id=55c92734-d682-4d71-983e-d6ec3f16059f\nLicensing Status=\n1: 3f4c0546-36c6-46a8-a37f-be13cdd0cf25, 1, 1 [(0 [0x00000000, 1, 0], [(?)( 1 0x00000000)(?)( 2 0x00000000 0 0 msft:rm/algorithm/hwid/4.0 0x00000000 0)(?)( 9 0x00000000 90 129439)( 10 0x00000000 msft:rm/algorithm/flags/1.0)(?)])(1 )(2 )(3 )]","source_name":"Microsoft-Windows-Security-SPP","z_elastic_ecs":{"agent":{},"log":{},"host":{},"event":{"provider":"Microsoft-Windows-Security-SPP","kind":"event","created":"2022-01-18T19:16:33.621Z","code":1003},"ecs":{"version":"1.4.0"},"winlog":{}},"beat_hostname":"win10","record_number":507,"log_name":"Application","etl_kafka_time":1642533131214,"etl_kafka_partition":0,"host_name":"win10.windomain.local"}},{"_index":"logs-endpoint-winevent-application-2022.01.18","_type":"_doc","_id":"86a4ac278e061f00bfa6a658cdb3273d653b2ee7","_score":1.0,"_source":{"level":"information","type":"wineventlog","etl_processed_time":"2022-01-18T19:16:43.780Z","etl_kafka_topic":"winlogbeat","event_id":1531,"provider_guid":"89b1e9f0-5aff-44a6-9b44-0a07a7ce5845","task":"","event_original_time":"2022-01-18T19:11:42.537Z","etl_host_agent_type":"winlogbeat","thread_id":1516,"etl_host_agent_ephemeral_uid":"298c86f2-fe36-4c4c-88aa-2a80cc6ed89e","@version":"1","etl_kafka_offset":1968,"etl_version":"2020.04.19.01","opcode":"Info","etl_host_agent_uid":"8faec186-b368-44a8-a9c5-6e284dfc7aea","etl_pipeline":["all-filter-0098","all-add_processed_timestamp","fingerprint-winlogbeats7","winlogbeat_7_and_above-field_nest_cleanup","winlogbeat_7_and_above-field_cleanups","1500","1522","winevent-application-all-1534","general_rename-various_global_options","provider_guid-cleanup","winevent-hostname-cleanup","final-cleanup-message_field"],"@timestamp":"2022-01-18T19:11:42.537Z","beat_version":"7.6.2","event_original_message":"The User Profile Service has started successfully.  ","source_name":"Microsoft-Windows-User Profiles Service","z_elastic_ecs":{"agent":{},"log":{},"host":{},"event":{"provider":"Microsoft-Windows-User Profiles Service","kind":"event","created":"2022-01-18T19:16:33.614Z","code":1531},"ecs":{"version":"1.4.0"},"user":{"type":"User","identifier":"S-1-5-18","domain":"NT AUTHORITY","name":"SYSTEM"},"winlog":{"process":{"thread":{}}}},"beat_hostname":"win10","process_id":1412,"log_name":"Application","etl_kafka_time":1642533102537,"record_number":495,"etl_kafka_partition":0,"host_name":"win10.windomain.local"}},{"_index":"logs-endpoint-winevent-application-2022.01.18","_type":"_doc","_id":"60bff4876d3aad3a9c9d108e45c363b2ad395488","_score":1.0,"_source":{"level":"information","param8":"Mutual Authentication Required","etl_processed_time":"2022-01-18T19:16:43.781Z","etl_kafka_topic":"winlogbeat","event_id":4202,"task":"TM","etl_host_agent_type":"winlogbeat","etl_kafka_offset":1983,"etl_version":"2020.04.19.01","etl_host_agent_uid":"8faec186-b368-44a8-a9c5-6e284dfc7aea","param5":"0","@timestamp":"2022-01-18T19:12:14.370Z","beat_version":"7.6.2","z_elastic_ecs":{"agent":{},"log":{},"host":{},"event":{"kind":"event","provider":"Microsoft-Windows-MSDTC 2","action":"TM","created":"2022-01-18T19:16:33.621Z","code":4202},"ecs":{"version":"1.4.0"},"winlog":{}},"beat_hostname":"win10","log_name":"Application","etl_kafka_partition":0,"param7":"1","param12":"1","param9":"NT AUTHORITY\\NetworkService","param4":"0","param2":"0","type":"wineventlog","param11":"0","keywords":["Classic"],"param1":"0","provider_guid":"5D9E0020-3761-4f36-90C8-38CE6511BD12","param3":"0","event_original_time":"2022-01-18T19:12:14.370Z","etl_host_agent_ephemeral_uid":"298c86f2-fe36-4c4c-88aa-2a80cc6ed89e","@version":"1","etl_pipeline":["all-filter-0098","all-add_processed_timestamp","fingerprint-winlogbeats7","winlogbeat_7_and_above-field_nest_cleanup","winlogbeat_7_and_above-field_cleanups","1500","1522","winevent-application-all-1534","general_rename-various_global_options","provider_guid-cleanup","winevent-hostname-cleanup","final-cleanup-message_field"],"param6":"0","record_number":510,"event_original_message":"MSDTC started with the following settings:\n\n Security Configuration (OFF = 0 and ON = 1):\n Allow Remote Administrator = 0,\n Network Clients = 0,\n Transaction Manager Communication: \n Allow Inbound Transactions = 0,\n Allow Outbound Transactions = 0,\n Transaction Internet Protocol (TIP) = 0,\n  Enable XA Transactions = 0,\n  Enable SNA LU 6.2 Transactions = 1,\n  MSDTC Communications Security = Mutual Authentication Required,\n Account = NT AUTHORITY\\NetworkService,\n  Firewall Exclusion Detected = 0\n\n Transaction Bridge Installed = 0\n Filtering Duplicate Events = 1","source_name":"Microsoft-Windows-MSDTC 2","etl_kafka_time":1642533134369,"param10":"0","host_name":"win10.windomain.local"}},{"_index":"logs-endpoint-winevent-application-2022.01.18","_type":"_doc","_id":"519b7141a873ac12fe9875a1c9b05cc9f6d1bfd3","_score":1.0,"_source":{"level":"information","type":"wineventlog","etl_processed_time":"2022-01-18T19:16:43.780Z","etl_kafka_topic":"winlogbeat","keywords":["Classic"],"event_id":258,"task":"","event_original_time":"2022-01-18T19:12:00.589Z","etl_host_agent_type":"winlogbeat","etl_host_agent_ephemeral_uid":"298c86f2-fe36-4c4c-88aa-2a80cc6ed89e","@version":"1","etl_kafka_offset":1974,"etl_version":"2020.04.19.01","opcode":"Info","etl_host_agent_uid":"8faec186-b368-44a8-a9c5-6e284dfc7aea","etl_pipeline":["all-filter-0098","all-add_processed_timestamp","fingerprint-winlogbeats7","winlogbeat_7_and_above-field_nest_cleanup","winlogbeat_7_and_above-field_cleanups","1500","1522","winevent-application-all-1534","general_rename-various_global_options","winevent-hostname-cleanup","final-cleanup-message_field"],"@timestamp":"2022-01-18T19:12:00.589Z","beat_version":"7.6.2","event_original_message":"Restoring network configuration.","source_name":"VMUpgradeHelper","z_elastic_ecs":{"agent":{},"log":{},"host":{},"event":{"provider":"VMUpgradeHelper","kind":"event","created":"2022-01-18T19:16:33.617Z","code":258},"ecs":{"version":"1.4.0"},"winlog":{}},"beat_hostname":"win10","record_number":501,"log_name":"Application","etl_kafka_time":1642533120588,"etl_kafka_partition":0,"host_name":"win10.windomain.local"}},{"_index":"logs-endpoint-winevent-application-2022.01.18","_type":"_doc","_id":"d16634e8ff6b06474103551d96e5d7717b9f8eb1","_score":1.0,"_source":{"level":"information","param8":"0000","param4":"0","param2":"5480,P,98","type":"wineventlog","etl_processed_time":"2022-01-18T19:16:43.781Z","etl_kafka_topic":"winlogbeat","keywords":["Classic"],"event_id":102,"param1":"SearchIndexer","task":"General","param3":"Windows: ","event_original_time":"2022-01-18T19:13:16.665Z","etl_host_agent_type":"winlogbeat","etl_host_agent_ephemeral_uid":"298c86f2-fe36-4c4c-88aa-2a80cc6ed89e","@version":"1","etl_kafka_offset":1986,"etl_version":"2020.04.19.01","opcode":"Info","etl_host_agent_uid":"8faec186-b368-44a8-a9c5-6e284dfc7aea","etl_pipeline":["all-filter-0098","all-add_processed_timestamp","fingerprint-winlogbeats7","winlogbeat_7_and_above-field_nest_cleanup","winlogbeat_7_and_above-field_cleanups","1500","1522","winevent-application-all-1534","general_rename-various_global_options","winevent-hostname-cleanup","final-cleanup-message_field"],"param5":"10","param6":"00","@timestamp":"2022-01-18T19:13:16.665Z","beat_version":"7.6.2","event_original_message":"SearchIndexer (5480,P,98) Windows: The database engine (10.00.18363.0000) is starting a new instance (0).","source_name":"ESENT","z_elastic_ecs":{"agent":{},"log":{},"host":{},"event":{"kind":"event","provider":"ESENT","action":"General","created":"2022-01-18T19:16:33.625Z","code":102},"ecs":{"version":"1.4.0"},"winlog":{}},"beat_hostname":"win10","record_number":513,"log_name":"Application","etl_kafka_time":1642533196665,"etl_kafka_partition":0,"param7":"18363","host_name":"win10.windomain.local"}},{"_index":"logs-endpoint-winevent-application-2022.01.18","_type":"_doc","_id":"5950515fd09cf9901ac012db901c0c44677f3131","_score":1.0,"_source":{"level":"information","param8":"0 0","etl_processed_time":"2022-01-18T19:16:43.781Z","etl_kafka_topic":"winlogbeat","event_id":326,"task":"General","etl_host_agent_type":"winlogbeat","etl_kafka_offset":1990,"etl_version":"2020.04.19.01","etl_host_agent_uid":"8faec186-b368-44a8-a9c5-6e284dfc7aea","param5":"C:\\ProgramData\\Microsoft\\Search\\Data\\Applications\\Windows\\Windows.edb","@timestamp":"2022-01-18T19:13:17.726Z","beat_version":"7.6.2","z_elastic_ecs":{"agent":{},"log":{},"host":{},"event":{"kind":"event","provider":"ESENT","action":"General","created":"2022-01-18T19:16:33.633Z","code":326},"ecs":{"version":"1.4.0"},"winlog":{}},"beat_hostname":"win10","log_name":"Application","etl_kafka_partition":0,"param7":"\n[1] 0.000043 +J(0) +M(C:0K, Fs:1, WS:4K # 0K, PF:0K # 0K, P:0K)\n[2] 0.033121 -0.020036 (1) WT +J(0) +M(C:0K, Fs:25, WS:36K # 0K, PF:32K # 0K, P:32K)\n[3] 0.164886 -0.114738 (6) WT +J(CM:0, PgRf:0, Rd:0/0, Dy:0/0, Lg:3480/2) +M(C:0K, Fs:38, WS:120K # 0K, PF:136K # 0K, P:136K)\n[4] 0.026687 +J(0)\n[5] -\n[6] -\n[7] -\n[8] 0.065152 -0.034093 (2) CM +J(CM:2, PgRf:2, Rd:14/2, Dy:0/0, Lg:0/0) +M(C:0K, Fs:55, WS:216K # 0K, PF:668K # 0K, P:668K)\n[9] 0.457429 -0.003381 (5) CM -0.452963 (1) WT +J(CM:5, PgRf:23, Rd:0/5, Dy:0/0, Lg:0/0) +M(C:0K, Fs:66, WS:264K # 0K, PF:256K # 128K, P:256K)\n[10] 0.003029 -0.002252 (1) CM +J(CM:1, PgRf:40, Rd:0/1, Dy:0/0, Lg:0/0) +M(C:0K, Fs:11, WS:44K # 0K, PF:96K # 96K, P:96K)\n[11] 0.0 +J(CM:0, PgRf:1, Rd:0/0, Dy:0/0, Lg:0/0) +M(C:0K, Fs:4, WS:16K # 16K, PF:0K # 0K, P:0K)\n[12] 0.000479 +J(CM:0, PgRf:42, Rd:0/0, Dy:0/0, Lg:0/0) +M(C:0K, Fs:3, WS:12K # 12K, PF:0K # 0K, P:0K)\n[13] 0.000001 +J(0)\n[14] 0.000458 +J(0)\n[15] 0.000037 +J(CM:0, PgRf:1, Rd:0/0, Dy:0/0, Lg:0/0).","param9":"lgposAttach = 00000005:009F:0268,\ndbv = 1568.20.0","param4":"1","param2":"5480,D,50","type":"wineventlog","keywords":["Classic"],"param1":"SearchIndexer","param3":"Windows: ","event_original_time":"2022-01-18T19:13:17.726Z","etl_host_agent_ephemeral_uid":"298c86f2-fe36-4c4c-88aa-2a80cc6ed89e","@version":"1","opcode":"Info","etl_pipeline":["all-filter-0098","all-add_processed_timestamp","fingerprint-winlogbeats7","winlogbeat_7_and_above-field_nest_cleanup","winlogbeat_7_and_above-field_cleanups","1500","1522","winevent-application-all-1534","general_rename-various_global_options","winevent-hostname-cleanup","final-cleanup-message_field"],"param6":"0","record_number":517,"event_original_message":"SearchIndexer (5480,D,50) Windows: The database engine attached a database (1, C:\\ProgramData\\Microsoft\\Search\\Data\\Applications\\Windows\\Windows.edb). (Time=0 seconds) \n \nSaved Cache: 0 0 \nAdditional Data: lgposAttach = 00000005:009F:0268,\ndbv = 1568.20.0 \n \nInternal Timing Sequence: \n[1] 0.000043 +J(0) +M(C:0K, Fs:1, WS:4K # 0K, PF:0K # 0K, P:0K)\n[2] 0.033121 -0.020036 (1) WT +J(0) +M(C:0K, Fs:25, WS:36K # 0K, PF:32K # 0K, P:32K)\n[3] 0.164886 -0.114738 (6) WT +J(CM:0, PgRf:0, Rd:0/0, Dy:0/0, Lg:3480/2) +M(C:0K, Fs:38, WS:120K # 0K, PF:136K # 0K, P:136K)\n[4] 0.026687 +J(0)\n[5] -\n[6] -\n[7] -\n[8] 0.065152 -0.034093 (2) CM +J(CM:2, PgRf:2, Rd:14/2, Dy:0/0, Lg:0/0) +M(C:0K, Fs:55, WS:216K # 0K, PF:668K # 0K, P:668K)\n[9] 0.457429 -0.003381 (5) CM -0.452963 (1) WT +J(CM:5, PgRf:23, Rd:0/5, Dy:0/0, Lg:0/0) +M(C:0K, Fs:66, WS:264K # 0K, PF:256K # 128K, P:256K)\n[10] 0.003029 -0.002252 (1) CM +J(CM:1, PgRf:40, Rd:0/1, Dy:0/0, Lg:0/0) +M(C:0K, Fs:11, WS:44K # 0K, PF:96K # 96K, P:96K)\n[11] 0.0 +J(CM:0, PgRf:1, Rd:0/0, Dy:0/0, Lg:0/0) +M(C:0K, Fs:4, WS:16K # 16K, PF:0K # 0K, P:0K)\n[12] 0.000479 +J(CM:0, PgRf:42, Rd:0/0, Dy:0/0, Lg:0/0) +M(C:0K, Fs:3, WS:12K # 12K, PF:0K # 0K, P:0K)\n[13] 0.000001 +J(0)\n[14] 0.000458 +J(0)\n[15] 0.000037 +J(CM:0, PgRf:1, Rd:0/0, Dy:0/0, Lg:0/0).","source_name":"ESENT","etl_kafka_time":1642533197725,"host_name":"win10.windomain.local"}},{"_index":"logs-endpoint-winevent-application-2022.01.18","_type":"_doc","_id":"88cbfb9081214c98c37ef1a3937766dfa43c3e26","_score":1.0,"_source":{"level":"information","type":"wineventlog","etl_processed_time":"2022-01-18T19:16:43.810Z","etl_kafka_topic":"winlogbeat","keywords":["Classic"],"event_id":16394,"provider_guid":"E23B33B0-C8C9-472C-A5F9-F2BDFEA0F156","task":"","event_original_time":"2022-01-18T19:12:04.667Z","etl_host_agent_type":"winlogbeat","etl_host_agent_ephemeral_uid":"298c86f2-fe36-4c4c-88aa-2a80cc6ed89e","@version":"1","etl_kafka_offset":1976,"etl_version":"2020.04.19.01","etl_host_agent_uid":"8faec186-b368-44a8-a9c5-6e284dfc7aea","etl_pipeline":["all-filter-0098","all-add_processed_timestamp","fingerprint-winlogbeats7","winlogbeat_7_and_above-field_nest_cleanup","winlogbeat_7_and_above-field_cleanups","1500","1522","winevent-application-all-1534","general_rename-various_global_options","provider_guid-cleanup","winevent-hostname-cleanup","final-cleanup-message_field"],"@timestamp":"2022-01-18T19:12:04.667Z","beat_version":"7.6.2","event_original_message":"Offline downlevel migration succeeded.","source_name":"Microsoft-Windows-Security-SPP","z_elastic_ecs":{"agent":{},"log":{},"host":{},"event":{"provider":"Microsoft-Windows-Security-SPP","kind":"event","created":"2022-01-18T19:16:33.620Z","code":16394},"ecs":{"version":"1.4.0"},"winlog":{}},"beat_hostname":"win10","record_number":503,"log_name":"Application","etl_kafka_time":1642533124666,"etl_kafka_partition":0,"host_name":"win10.windomain.local"}},{"_index":"logs-endpoint-winevent-application-2022.01.18","_type":"_doc","_id":"f9366266e9a7311af3408ba3e1150bd642024a4e","_score":1.0,"_source":{"level":"information","param2":"129439","type":"wineventlog","etl_processed_time":"2022-01-18T19:16:43.811Z","etl_kafka_topic":"winlogbeat","keywords":["Classic"],"event_id":1037,"param1":"validity","provider_guid":"E23B33B0-C8C9-472C-A5F9-F2BDFEA0F156","task":"","event_original_time":"2022-01-18T19:12:11.354Z","etl_host_agent_type":"winlogbeat","etl_host_agent_ephemeral_uid":"298c86f2-fe36-4c4c-88aa-2a80cc6ed89e","@version":"1","etl_kafka_offset":1981,"etl_version":"2020.04.19.01","etl_host_agent_uid":"8faec186-b368-44a8-a9c5-6e284dfc7aea","etl_pipeline":["all-filter-0098","all-add_processed_timestamp","fingerprint-winlogbeats7","winlogbeat_7_and_above-field_nest_cleanup","winlogbeat_7_and_above-field_cleanups","1500","1522","winevent-application-all-1534","general_rename-various_global_options","provider_guid-cleanup","winevent-hostname-cleanup","final-cleanup-message_field"],"@timestamp":"2022-01-18T19:12:11.354Z","beat_version":"7.6.2","event_original_message":"Time-based license remaining validity time 129439 minutes.","source_name":"Microsoft-Windows-Security-SPP","z_elastic_ecs":{"agent":{},"log":{},"host":{},"event":{"provider":"Microsoft-Windows-Security-SPP","kind":"event","created":"2022-01-18T19:16:33.621Z","code":1037},"ecs":{"version":"1.4.0"},"winlog":{}},"beat_hostname":"win10","record_number":508,"log_name":"Application","etl_kafka_time":1642533131354,"etl_kafka_partition":0,"host_name":"win10.windomain.local"}},{"_index":"logs-endpoint-winevent-application-2022.01.18","_type":"_doc","_id":"9fcc52fa4b9d31d0343dadb81faf2c998d0b7c31","_score":1.0,"_source":{"level":"information","type":"wineventlog","etl_processed_time":"2022-01-18T19:16:43.811Z","etl_kafka_topic":"winlogbeat","keywords":["Classic"],"event_id":902,"param1":"10.0.18362.418","provider_guid":"E23B33B0-C8C9-472C-A5F9-F2BDFEA0F156","task":"","event_original_time":"2022-01-18T19:12:11.620Z","etl_host_agent_type":"winlogbeat","etl_host_agent_ephemeral_uid":"298c86f2-fe36-4c4c-88aa-2a80cc6ed89e","@version":"1","etl_kafka_offset":1982,"etl_version":"2020.04.19.01","etl_host_agent_uid":"8faec186-b368-44a8-a9c5-6e284dfc7aea","etl_pipeline":["all-filter-0098","all-add_processed_timestamp","fingerprint-winlogbeats7","winlogbeat_7_and_above-field_nest_cleanup","winlogbeat_7_and_above-field_cleanups","1500","1522","winevent-application-all-1534","general_rename-various_global_options","provider_guid-cleanup","winevent-hostname-cleanup","final-cleanup-message_field"],"@timestamp":"2022-01-18T19:12:11.620Z","beat_version":"7.6.2","event_original_message":"The Software Protection service has started.\n10.0.18362.418","source_name":"Microsoft-Windows-Security-SPP","z_elastic_ecs":{"agent":{},"log":{},"host":{},"event":{"provider":"Microsoft-Windows-Security-SPP","kind":"event","created":"2022-01-18T19:16:33.621Z","code":902},"ecs":{"version":"1.4.0"},"winlog":{}},"beat_hostname":"win10","record_number":509,"log_name":"Application","etl_kafka_time":1642533131620,"etl_kafka_partition":0,"host_name":"win10.windomain.local"}},