{"_index":"logs-endpoint-winevent-wmiactivity-2022.01.18","_type":"_doc","_id":"ff0b759319ef93dd46b0135f2772c54aebf43be2","_score":1.0,"_source":{"level":"error","wmi_component":"Unknown","wmi_xml_operation":"Operation_ClientFailure","etl_processed_time":"2022-01-18T19:15:05.672Z","etl_kafka_topic":"winlogbeat","event_id":5858,"task":"","etl_host_agent_type":"winlogbeat","wmi_client_machine":"DC","etl_kafka_offset":858,"etl_version":"2020.04.19.01","etl_host_agent_uid":"a1f88b3f-2f88-447f-b94f-5b4a29bbdc8b","@timestamp":"2022-01-18T19:01:04.141Z","beat_version":"7.6.2","z_elastic_ecs":{"agent":{},"log":{},"host":{},"event":{"provider":"Microsoft-Windows-WMI-Activity","kind":"event","created":"2022-01-18T19:02:55.228Z","code":5858},"ecs":{"version":"1.4.0"},"user":{"type":"User","identifier":"S-1-5-18","domain":"NT AUTHORITY","name":"SYSTEM"},"winlog":{"process":{"thread":{}}}},"beat_hostname":"dc","log_name":"Microsoft-Windows-WMI-Activity/Operational","wmi_id":"{DF03AD11-93CB-4276-BC27-F45AE0874B1D}","etl_kafka_partition":0,"wmi_operation":"Start IWbemServices::DeleteInstance - Root\\Rsop\\User\\S_1_5_21_3851490644_1949014395_434759042_1000 : RSOP_ExtensionStatus.extensionGuid=\"{7150F9BF-48AD-4da4-A49C-29EF4A8369BA}\"","wmi_possible_cause":"Unknown","type":"wineventlog","provider_guid":"1418EF04-B0B4-4623-BF7E-D74AB47BBDAA","wmi_result_code":"0x80041002","event_original_time":"2022-01-18T19:01:04.141Z","thread_id":2100,"etl_host_agent_ephemeral_uid":"473ad3e0-64cb-46c2-b806-1b5bf2ee3534","@version":"1","opcode":"Info","etl_pipeline":["all-filter-0098","all-add_processed_timestamp","fingerprint-winlogbeats7","winlogbeat_7_and_above-field_nest_cleanup","winlogbeat_7_and_above-field_cleanups","1500","1522","wmi-user_field_renames","wmi-event_id-5858-field_rename","general_rename-various_global_options","provider_guid-cleanup","winevent-hostname-cleanup","final-cleanup-message_field"],"record_number":983,"event_original_message":"Id = {DF03AD11-93CB-4276-BC27-F45AE0874B1D}; ClientMachine = DC; User = ; ClientProcessId = 980; Component = Unknown; Operation = Start IWbemServices::DeleteInstance - Root\\Rsop\\User\\S_1_5_21_3851490644_1949014395_434759042_1000 : RSOP_ExtensionStatus.extensionGuid=\"{7150F9BF-48AD-4da4-A49C-29EF4A8369BA}\"; ResultCode = 0x80041002; PossibleCause = Unknown","source_name":"Microsoft-Windows-WMI-Activity","process_id":"980","etl_kafka_time":1642532464141,"host_name":"dc.windomain.local"}},{"_index":"logs-endpoint-winevent-wmiactivity-2022.01.18","_type":"_doc","_id":"274f609395c50cce479aa04e6e5ba9ae84e39096","_score":1.0,"_source":{"level":"error","wmi_component":"Unknown","wmi_xml_operation":"Operation_ClientFailure","etl_processed_time":"2022-01-18T19:15:05.674Z","etl_kafka_topic":"winlogbeat","event_id":5858,"task":"","etl_host_agent_type":"winlogbeat","wmi_client_machine":"DC","etl_kafka_offset":859,"etl_version":"2020.04.19.01","etl_host_agent_uid":"a1f88b3f-2f88-447f-b94f-5b4a29bbdc8b","@timestamp":"2022-01-18T19:01:04.142Z","beat_version":"7.6.2","z_elastic_ecs":{"agent":{},"log":{},"host":{},"event":{"provider":"Microsoft-Windows-WMI-Activity","kind":"event","created":"2022-01-18T19:02:55.228Z","code":5858},"ecs":{"version":"1.4.0"},"user":{"type":"User","identifier":"S-1-5-18","domain":"NT AUTHORITY","name":"SYSTEM"},"winlog":{"process":{"thread":{}}}},"beat_hostname":"dc","log_name":"Microsoft-Windows-WMI-Activity/Operational","wmi_id":"{DF03AD11-93CB-4276-BC27-F45AE0874B1D}","etl_kafka_partition":0,"wmi_operation":"Start IWbemServices::DeleteInstance - Root\\Rsop\\User\\S_1_5_21_3851490644_1949014395_434759042_1000 : RSOP_ExtensionStatus.extensionGuid=\"{728EE579-943C-4519-9EF7-AB56765798ED}\"","wmi_possible_cause":"Unknown","type":"wineventlog","provider_guid":"1418EF04-B0B4-4623-BF7E-D74AB47BBDAA","wmi_result_code":"0x80041002","event_original_time":"2022-01-18T19:01:04.142Z","thread_id":2100,"etl_host_agent_ephemeral_uid":"473ad3e0-64cb-46c2-b806-1b5bf2ee3534","@version":"1","opcode":"Info","etl_pipeline":["all-filter-0098","all-add_processed_timestamp","fingerprint-winlogbeats7","winlogbeat_7_and_above-field_nest_cleanup","winlogbeat_7_and_above-field_cleanups","1500","1522","wmi-user_field_renames","wmi-event_id-5858-field_rename","general_rename-various_global_options","provider_guid-cleanup","winevent-hostname-cleanup","final-cleanup-message_field"],"record_number":984,"event_original_message":"Id = {DF03AD11-93CB-4276-BC27-F45AE0874B1D}; ClientMachine = DC; User = ; ClientProcessId = 980; Component = Unknown; Operation = Start IWbemServices::DeleteInstance - Root\\Rsop\\User\\S_1_5_21_3851490644_1949014395_434759042_1000 : RSOP_ExtensionStatus.extensionGuid=\"{728EE579-943C-4519-9EF7-AB56765798ED}\"; ResultCode = 0x80041002; PossibleCause = Unknown","source_name":"Microsoft-Windows-WMI-Activity","process_id":"980","etl_kafka_time":1642532464142,"host_name":"dc.windomain.local"}},{"_index":"logs-endpoint-winevent-wmiactivity-2022.01.18","_type":"_doc","_id":"e13e9390385959abf13d66d42a4ec3b2260717ad","_score":1.0,"_source":{"level":"error","wmi_component":"Unknown","wmi_xml_operation":"Operation_ClientFailure","etl_processed_time":"2022-01-18T19:15:05.675Z","etl_kafka_topic":"winlogbeat","event_id":5858,"task":"","etl_host_agent_type":"winlogbeat","wmi_client_machine":"DC","etl_kafka_offset":860,"etl_version":"2020.04.19.01","etl_host_agent_uid":"a1f88b3f-2f88-447f-b94f-5b4a29bbdc8b","@timestamp":"2022-01-18T19:01:04.143Z","beat_version":"7.6.2","z_elastic_ecs":{"agent":{},"log":{},"host":{},"event":{"provider":"Microsoft-Windows-WMI-Activity","kind":"event","created":"2022-01-18T19:02:55.228Z","code":5858},"ecs":{"version":"1.4.0"},"user":{"type":"User","identifier":"S-1-5-18","domain":"NT AUTHORITY","name":"SYSTEM"},"winlog":{"process":{"thread":{}}}},"beat_hostname":"dc","log_name":"Microsoft-Windows-WMI-Activity/Operational","wmi_id":"{DF03AD11-93CB-4276-BC27-F45AE0874B1D}","etl_kafka_partition":0,"wmi_operation":"Start IWbemServices::DeleteInstance - Root\\Rsop\\User\\S_1_5_21_3851490644_1949014395_434759042_1000 : RSOP_ExtensionStatus.extensionGuid=\"{74EE6C03-5363-4554-B161-627540339CAB}\"","wmi_possible_cause":"Unknown","type":"wineventlog","provider_guid":"1418EF04-B0B4-4623-BF7E-D74AB47BBDAA","wmi_result_code":"0x80041002","event_original_time":"2022-01-18T19:01:04.143Z","thread_id":2100,"etl_host_agent_ephemeral_uid":"473ad3e0-64cb-46c2-b806-1b5bf2ee3534","@version":"1","opcode":"Info","etl_pipeline":["all-filter-0098","all-add_processed_timestamp","fingerprint-winlogbeats7","winlogbeat_7_and_above-field_nest_cleanup","winlogbeat_7_and_above-field_cleanups","1500","1522","wmi-user_field_renames","wmi-event_id-5858-field_rename","general_rename-various_global_options","provider_guid-cleanup","winevent-hostname-cleanup","final-cleanup-message_field"],"record_number":985,"event_original_message":"Id = {DF03AD11-93CB-4276-BC27-F45AE0874B1D}; ClientMachine = DC; User = ; ClientProcessId = 980; Component = Unknown; Operation = Start IWbemServices::DeleteInstance - Root\\Rsop\\User\\S_1_5_21_3851490644_1949014395_434759042_1000 : RSOP_ExtensionStatus.extensionGuid=\"{74EE6C03-5363-4554-B161-627540339CAB}\"; ResultCode = 0x80041002; PossibleCause = Unknown","source_name":"Microsoft-Windows-WMI-Activity","process_id":"980","etl_kafka_time":1642532464143,"host_name":"dc.windomain.local"}},{"_index":"logs-endpoint-winevent-wmiactivity-2022.01.18","_type":"_doc","_id":"36c097b4214b358ba146623d5d8124c04969f0db","_score":1.0,"_source":{"level":"error","wmi_component":"Unknown","wmi_xml_operation":"Operation_ClientFailure","etl_processed_time":"2022-01-18T19:15:05.675Z","etl_kafka_topic":"winlogbeat","event_id":5858,"task":"","etl_host_agent_type":"winlogbeat","wmi_client_machine":"DC","etl_kafka_offset":861,"etl_version":"2020.04.19.01","etl_host_agent_uid":"a1f88b3f-2f88-447f-b94f-5b4a29bbdc8b","@timestamp":"2022-01-18T19:01:04.144Z","beat_version":"7.6.2","z_elastic_ecs":{"agent":{},"log":{},"host":{},"event":{"provider":"Microsoft-Windows-WMI-Activity","kind":"event","created":"2022-01-18T19:02:55.228Z","code":5858},"ecs":{"version":"1.4.0"},"user":{"identifier":"S-1-5-18","type":"User","domain":"NT AUTHORITY","name":"SYSTEM"},"winlog":{"process":{"thread":{}}}},"beat_hostname":"dc","log_name":"Microsoft-Windows-WMI-Activity/Operational","wmi_id":"{DF03AD11-93CB-4276-BC27-F45AE0874B1D}","etl_kafka_partition":0,"wmi_operation":"Start IWbemServices::DeleteInstance - Root\\Rsop\\User\\S_1_5_21_3851490644_1949014395_434759042_1000 : RSOP_ExtensionStatus.extensionGuid=\"{7933F41E-56F8-41d6-A31C-4148A711EE93}\"","wmi_possible_cause":"Unknown","type":"wineventlog","provider_guid":"1418EF04-B0B4-4623-BF7E-D74AB47BBDAA","wmi_result_code":"0x80041002","event_original_time":"2022-01-18T19:01:04.144Z","thread_id":2100,"etl_host_agent_ephemeral_uid":"473ad3e0-64cb-46c2-b806-1b5bf2ee3534","@version":"1","opcode":"Info","etl_pipeline":["all-filter-0098","all-add_processed_timestamp","fingerprint-winlogbeats7","winlogbeat_7_and_above-field_nest_cleanup","winlogbeat_7_and_above-field_cleanups","1500","1522","wmi-user_field_renames","wmi-event_id-5858-field_rename","general_rename-various_global_options","provider_guid-cleanup","winevent-hostname-cleanup","final-cleanup-message_field"],"record_number":986,"event_original_message":"Id = {DF03AD11-93CB-4276-BC27-F45AE0874B1D}; ClientMachine = DC; User = ; ClientProcessId = 980; Component = Unknown; Operation = Start IWbemServices::DeleteInstance - Root\\Rsop\\User\\S_1_5_21_3851490644_1949014395_434759042_1000 : RSOP_ExtensionStatus.extensionGuid=\"{7933F41E-56F8-41d6-A31C-4148A711EE93}\"; ResultCode = 0x80041002; PossibleCause = Unknown","source_name":"Microsoft-Windows-WMI-Activity","process_id":"980","etl_kafka_time":1642532464144,"host_name":"dc.windomain.local"}},{"_index":"logs-endpoint-winevent-wmiactivity-2022.01.18","_type":"_doc","_id":"e4cd89290bb93765ca47ebee61bbfc6b39a6d765","_score":1.0,"_source":{"level":"error","wmi_component":"Unknown","wmi_xml_operation":"Operation_ClientFailure","etl_processed_time":"2022-01-18T19:15:05.675Z","etl_kafka_topic":"winlogbeat","event_id":5858,"task":"","etl_host_agent_type":"winlogbeat","wmi_client_machine":"DC","etl_kafka_offset":862,"etl_version":"2020.04.19.01","etl_host_agent_uid":"a1f88b3f-2f88-447f-b94f-5b4a29bbdc8b","@timestamp":"2022-01-18T19:01:04.145Z","beat_version":"7.6.2","z_elastic_ecs":{"agent":{},"log":{},"host":{},"event":{"provider":"Microsoft-Windows-WMI-Activity","kind":"event","created":"2022-01-18T19:02:55.228Z","code":5858},"ecs":{"version":"1.4.0"},"user":{"type":"User","identifier":"S-1-5-18","domain":"NT AUTHORITY","name":"SYSTEM"},"winlog":{"process":{"thread":{}}}},"beat_hostname":"dc","log_name":"Microsoft-Windows-WMI-Activity/Operational","wmi_id":"{DF03AD11-93CB-4276-BC27-F45AE0874B1D}","etl_kafka_partition":0,"wmi_operation":"Start IWbemServices::DeleteInstance - Root\\Rsop\\User\\S_1_5_21_3851490644_1949014395_434759042_1000 : RSOP_ExtensionStatus.extensionGuid=\"{7B849a69-220F-451E-B3FE-2CB811AF94AE}\"","wmi_possible_cause":"Unknown","type":"wineventlog","provider_guid":"1418EF04-B0B4-4623-BF7E-D74AB47BBDAA","wmi_result_code":"0x80041002","event_original_time":"2022-01-18T19:01:04.145Z","thread_id":2100,"etl_host_agent_ephemeral_uid":"473ad3e0-64cb-46c2-b806-1b5bf2ee3534","@version":"1","opcode":"Info","etl_pipeline":["all-filter-0098","all-add_processed_timestamp","fingerprint-winlogbeats7","winlogbeat_7_and_above-field_nest_cleanup","winlogbeat_7_and_above-field_cleanups","1500","1522","wmi-user_field_renames","wmi-event_id-5858-field_rename","general_rename-various_global_options","provider_guid-cleanup","winevent-hostname-cleanup","final-cleanup-message_field"],"record_number":987,"event_original_message":"Id = {DF03AD11-93CB-4276-BC27-F45AE0874B1D}; ClientMachine = DC; User = ; ClientProcessId = 980; Component = Unknown; Operation = Start IWbemServices::DeleteInstance - Root\\Rsop\\User\\S_1_5_21_3851490644_1949014395_434759042_1000 : RSOP_ExtensionStatus.extensionGuid=\"{7B849a69-220F-451E-B3FE-2CB811AF94AE}\"; ResultCode = 0x80041002; PossibleCause = Unknown","source_name":"Microsoft-Windows-WMI-Activity","process_id":"980","etl_kafka_time":1642532464145,"host_name":"dc.windomain.local"}},{"_index":"logs-endpoint-winevent-wmiactivity-2022.01.18","_type":"_doc","_id":"beae6f306ff0ab9fc4f8a8a8249991c84a900ed9","_score":1.0,"_source":{"level":"error","wmi_component":"Unknown","wmi_xml_operation":"Operation_ClientFailure","etl_processed_time":"2022-01-18T19:15:05.676Z","etl_kafka_topic":"winlogbeat","event_id":5858,"task":"","etl_host_agent_type":"winlogbeat","wmi_client_machine":"DC","etl_kafka_offset":863,"etl_version":"2020.04.19.01","etl_host_agent_uid":"a1f88b3f-2f88-447f-b94f-5b4a29bbdc8b","@timestamp":"2022-01-18T19:01:04.146Z","beat_version":"7.6.2","z_elastic_ecs":{"agent":{},"log":{},"host":{},"event":{"provider":"Microsoft-Windows-WMI-Activity","kind":"event","created":"2022-01-18T19:02:55.228Z","code":5858},"ecs":{"version":"1.4.0"},"user":{"type":"User","identifier":"S-1-5-18","domain":"NT AUTHORITY","name":"SYSTEM"},"winlog":{"process":{"thread":{}}}},"beat_hostname":"dc","log_name":"Microsoft-Windows-WMI-Activity/Operational","wmi_id":"{DF03AD11-93CB-4276-BC27-F45AE0874B1D}","etl_kafka_partition":0,"wmi_operation":"Start IWbemServices::DeleteInstance - Root\\Rsop\\User\\S_1_5_21_3851490644_1949014395_434759042_1000 : RSOP_ExtensionStatus.extensionGuid=\"{91FBB303-0CD5-4055-BF42-E512A681B325}\"","wmi_possible_cause":"Unknown","type":"wineventlog","provider_guid":"1418EF04-B0B4-4623-BF7E-D74AB47BBDAA","wmi_result_code":"0x80041002","event_original_time":"2022-01-18T19:01:04.146Z","thread_id":2100,"etl_host_agent_ephemeral_uid":"473ad3e0-64cb-46c2-b806-1b5bf2ee3534","@version":"1","opcode":"Info","etl_pipeline":["all-filter-0098","all-add_processed_timestamp","fingerprint-winlogbeats7","winlogbeat_7_and_above-field_nest_cleanup","winlogbeat_7_and_above-field_cleanups","1500","1522","wmi-user_field_renames","wmi-event_id-5858-field_rename","general_rename-various_global_options","provider_guid-cleanup","winevent-hostname-cleanup","final-cleanup-message_field"],"record_number":988,"event_original_message":"Id = {DF03AD11-93CB-4276-BC27-F45AE0874B1D}; ClientMachine = DC; User = ; ClientProcessId = 980; Component = Unknown; Operation = Start IWbemServices::DeleteInstance - Root\\Rsop\\User\\S_1_5_21_3851490644_1949014395_434759042_1000 : RSOP_ExtensionStatus.extensionGuid=\"{91FBB303-0CD5-4055-BF42-E512A681B325}\"; ResultCode = 0x80041002; PossibleCause = Unknown","source_name":"Microsoft-Windows-WMI-Activity","process_id":"980","etl_kafka_time":1642532464146,"host_name":"dc.windomain.local"}},{"_index":"logs-endpoint-winevent-wmiactivity-2022.01.18","_type":"_doc","_id":"3b331e410d8dfb6fa4fdec58a7a8434a8249e8a3","_score":1.0,"_source":{"level":"error","wmi_component":"Unknown","wmi_xml_operation":"Operation_ClientFailure","etl_processed_time":"2022-01-18T19:15:05.676Z","etl_kafka_topic":"winlogbeat","event_id":5858,"task":"","etl_host_agent_type":"winlogbeat","wmi_client_machine":"DC","etl_kafka_offset":864,"etl_version":"2020.04.19.01","etl_host_agent_uid":"a1f88b3f-2f88-447f-b94f-5b4a29bbdc8b","@timestamp":"2022-01-18T19:01:04.147Z","beat_version":"7.6.2","z_elastic_ecs":{"agent":{},"log":{},"host":{},"event":{"provider":"Microsoft-Windows-WMI-Activity","kind":"event","created":"2022-01-18T19:02:55.230Z","code":5858},"ecs":{"version":"1.4.0"},"user":{"identifier":"S-1-5-18","type":"User","domain":"NT AUTHORITY","name":"SYSTEM"},"winlog":{"process":{"thread":{}}}},"beat_hostname":"dc","log_name":"Microsoft-Windows-WMI-Activity/Operational","wmi_id":"{DF03AD11-93CB-4276-BC27-F45AE0874B1D}","etl_kafka_partition":0,"wmi_operation":"Start IWbemServices::DeleteInstance - Root\\Rsop\\User\\S_1_5_21_3851490644_1949014395_434759042_1000 : RSOP_ExtensionStatus.extensionGuid=\"{A3F3E39B-5D83-4940-B954-28315B82F0A8}\"","wmi_possible_cause":"Unknown","type":"wineventlog","provider_guid":"1418EF04-B0B4-4623-BF7E-D74AB47BBDAA","wmi_result_code":"0x80041002","event_original_time":"2022-01-18T19:01:04.147Z","thread_id":2100,"etl_host_agent_ephemeral_uid":"473ad3e0-64cb-46c2-b806-1b5bf2ee3534","@version":"1","opcode":"Info","etl_pipeline":["all-filter-0098","all-add_processed_timestamp","fingerprint-winlogbeats7","winlogbeat_7_and_above-field_nest_cleanup","winlogbeat_7_and_above-field_cleanups","1500","1522","wmi-user_field_renames","wmi-event_id-5858-field_rename","general_rename-various_global_options","provider_guid-cleanup","winevent-hostname-cleanup","final-cleanup-message_field"],"record_number":989,"event_original_message":"Id = {DF03AD11-93CB-4276-BC27-F45AE0874B1D}; ClientMachine = DC; User = ; ClientProcessId = 980; Component = Unknown; Operation = Start IWbemServices::DeleteInstance - Root\\Rsop\\User\\S_1_5_21_3851490644_1949014395_434759042_1000 : RSOP_ExtensionStatus.extensionGuid=\"{A3F3E39B-5D83-4940-B954-28315B82F0A8}\"; ResultCode = 0x80041002; PossibleCause = Unknown","source_name":"Microsoft-Windows-WMI-Activity","process_id":"980","etl_kafka_time":1642532464147,"host_name":"dc.windomain.local"}},{"_index":"logs-endpoint-winevent-wmiactivity-2022.01.18","_type":"_doc","_id":"78929a9ea07e0f77a803f57fbc2ccf31e028d4a5","_score":1.0,"_source":{"level":"error","wmi_component":"Unknown","wmi_xml_operation":"Operation_ClientFailure","etl_processed_time":"2022-01-18T19:15:05.676Z","etl_kafka_topic":"winlogbeat","event_id":5858,"task":"","etl_host_agent_type":"winlogbeat","wmi_client_machine":"DC","etl_kafka_offset":865,"etl_version":"2020.04.19.01","etl_host_agent_uid":"a1f88b3f-2f88-447f-b94f-5b4a29bbdc8b","@timestamp":"2022-01-18T19:01:04.148Z","beat_version":"7.6.2","z_elastic_ecs":{"agent":{},"log":{},"host":{},"event":{"provider":"Microsoft-Windows-WMI-Activity","kind":"event","created":"2022-01-18T19:02:55.230Z","code":5858},"ecs":{"version":"1.4.0"},"user":{"type":"User","identifier":"S-1-5-18","domain":"NT AUTHORITY","name":"SYSTEM"},"winlog":{"process":{"thread":{}}}},"beat_hostname":"dc","log_name":"Microsoft-Windows-WMI-Activity/Operational","wmi_id":"{DF03AD11-93CB-4276-BC27-F45AE0874B1D}","etl_kafka_partition":0,"wmi_operation":"Start IWbemServices::DeleteInstance - Root\\Rsop\\User\\S_1_5_21_3851490644_1949014395_434759042_1000 : RSOP_ExtensionStatus.extensionGuid=\"{AADCED64-746C-4633-A97C-D61349046527}\"","wmi_possible_cause":"Unknown","type":"wineventlog","provider_guid":"1418EF04-B0B4-4623-BF7E-D74AB47BBDAA","wmi_result_code":"0x80041002","event_original_time":"2022-01-18T19:01:04.148Z","thread_id":2100,"etl_host_agent_ephemeral_uid":"473ad3e0-64cb-46c2-b806-1b5bf2ee3534","@version":"1","opcode":"Info","etl_pipeline":["all-filter-0098","all-add_processed_timestamp","fingerprint-winlogbeats7","winlogbeat_7_and_above-field_nest_cleanup","winlogbeat_7_and_above-field_cleanups","1500","1522","wmi-user_field_renames","wmi-event_id-5858-field_rename","general_rename-various_global_options","provider_guid-cleanup","winevent-hostname-cleanup","final-cleanup-message_field"],"record_number":990,"event_original_message":"Id = {DF03AD11-93CB-4276-BC27-F45AE0874B1D}; ClientMachine = DC; User = ; ClientProcessId = 980; Component = Unknown; Operation = Start IWbemServices::DeleteInstance - Root\\Rsop\\User\\S_1_5_21_3851490644_1949014395_434759042_1000 : RSOP_ExtensionStatus.extensionGuid=\"{AADCED64-746C-4633-A97C-D61349046527}\"; ResultCode = 0x80041002; PossibleCause = Unknown","source_name":"Microsoft-Windows-WMI-Activity","process_id":"980","etl_kafka_time":1642532464148,"host_name":"dc.windomain.local"}},{"_index":"logs-endpoint-winevent-wmiactivity-2022.01.18","_type":"_doc","_id":"01cd1ef6dc5cfe4b6eaa2e1c545a35467002cdbd","_score":1.0,"_source":{"level":"error","wmi_component":"Unknown","wmi_xml_operation":"Operation_ClientFailure","etl_processed_time":"2022-01-18T19:15:05.680Z","etl_kafka_topic":"winlogbeat","event_id":5858,"task":"","etl_host_agent_type":"winlogbeat","wmi_client_machine":"DC","etl_kafka_offset":866,"etl_version":"2020.04.19.01","etl_host_agent_uid":"a1f88b3f-2f88-447f-b94f-5b4a29bbdc8b","@timestamp":"2022-01-18T19:01:04.149Z","beat_version":"7.6.2","z_elastic_ecs":{"agent":{},"log":{},"host":{},"event":{"provider":"Microsoft-Windows-WMI-Activity","kind":"event","created":"2022-01-18T19:02:55.230Z","code":5858},"ecs":{"version":"1.4.0"},"user":{"type":"User","identifier":"S-1-5-18","domain":"NT AUTHORITY","name":"SYSTEM"},"winlog":{"process":{"thread":{}}}},"beat_hostname":"dc","log_name":"Microsoft-Windows-WMI-Activity/Operational","wmi_id":"{DF03AD11-93CB-4276-BC27-F45AE0874B1D}","etl_kafka_partition":0,"wmi_operation":"Start IWbemServices::DeleteInstance - Root\\Rsop\\User\\S_1_5_21_3851490644_1949014395_434759042_1000 : RSOP_ExtensionStatus.extensionGuid=\"{B087BE9D-ED37-454f-AF9C-04291E351182}\"","wmi_possible_cause":"Unknown","type":"wineventlog","provider_guid":"1418EF04-B0B4-4623-BF7E-D74AB47BBDAA","wmi_result_code":"0x80041002","event_original_time":"2022-01-18T19:01:04.149Z","thread_id":2100,"etl_host_agent_ephemeral_uid":"473ad3e0-64cb-46c2-b806-1b5bf2ee3534","@version":"1","opcode":"Info","etl_pipeline":["all-filter-0098","all-add_processed_timestamp","fingerprint-winlogbeats7","winlogbeat_7_and_above-field_nest_cleanup","winlogbeat_7_and_above-field_cleanups","1500","1522","wmi-user_field_renames","wmi-event_id-5858-field_rename","general_rename-various_global_options","provider_guid-cleanup","winevent-hostname-cleanup","final-cleanup-message_field"],"record_number":991,"event_original_message":"Id = {DF03AD11-93CB-4276-BC27-F45AE0874B1D}; ClientMachine = DC; User = ; ClientProcessId = 980; Component = Unknown; Operation = Start IWbemServices::DeleteInstance - Root\\Rsop\\User\\S_1_5_21_3851490644_1949014395_434759042_1000 : RSOP_ExtensionStatus.extensionGuid=\"{B087BE9D-ED37-454f-AF9C-04291E351182}\"; ResultCode = 0x80041002; PossibleCause = Unknown","source_name":"Microsoft-Windows-WMI-Activity","process_id":"980","etl_kafka_time":1642532464149,"host_name":"dc.windomain.local"}},{"_index":"logs-endpoint-winevent-wmiactivity-2022.01.18","_type":"_doc","_id":"2763c7085b41c8b487218511f6858055d8fd66bb","_score":1.0,"_source":{"level":"error","wmi_component":"Unknown","wmi_xml_operation":"Operation_ClientFailure","etl_processed_time":"2022-01-18T19:15:05.681Z","etl_kafka_topic":"winlogbeat","event_id":5858,"task":"","etl_host_agent_type":"winlogbeat","wmi_client_machine":"DC","etl_kafka_offset":867,"etl_version":"2020.04.19.01","etl_host_agent_uid":"a1f88b3f-2f88-447f-b94f-5b4a29bbdc8b","@timestamp":"2022-01-18T19:01:04.150Z","beat_version":"7.6.2","z_elastic_ecs":{"agent":{},"log":{},"host":{},"event":{"provider":"Microsoft-Windows-WMI-Activity","kind":"event","created":"2022-01-18T19:02:55.230Z","code":5858},"ecs":{"version":"1.4.0"},"user":{"identifier":"S-1-5-18","type":"User","domain":"NT AUTHORITY","name":"SYSTEM"},"winlog":{"process":{"thread":{}}}},"beat_hostname":"dc","log_name":"Microsoft-Windows-WMI-Activity/Operational","wmi_id":"{DF03AD11-93CB-4276-BC27-F45AE0874B1D}","etl_kafka_partition":0,"wmi_operation":"Start IWbemServices::DeleteInstance - Root\\Rsop\\User\\S_1_5_21_3851490644_1949014395_434759042_1000 : RSOP_ExtensionStatus.extensionGuid=\"{BA649533-0AAC-4E04-B9BC-4DBAE0325B12}\"","wmi_possible_cause":"Unknown","type":"wineventlog","provider_guid":"1418EF04-B0B4-4623-BF7E-D74AB47BBDAA","wmi_result_code":"0x80041002","event_original_time":"2022-01-18T19:01:04.150Z","thread_id":2100,"etl_host_agent_ephemeral_uid":"473ad3e0-64cb-46c2-b806-1b5bf2ee3534","@version":"1","opcode":"Info","etl_pipeline":["all-filter-0098","all-add_processed_timestamp","fingerprint-winlogbeats7","winlogbeat_7_and_above-field_nest_cleanup","winlogbeat_7_and_above-field_cleanups","1500","1522","wmi-user_field_renames","wmi-event_id-5858-field_rename","general_rename-various_global_options","provider_guid-cleanup","winevent-hostname-cleanup","final-cleanup-message_field"],"record_number":992,"event_original_message":"Id = {DF03AD11-93CB-4276-BC27-F45AE0874B1D}; ClientMachine = DC; User = ; ClientProcessId = 980; Component = Unknown; Operation = Start IWbemServices::DeleteInstance - Root\\Rsop\\User\\S_1_5_21_3851490644_1949014395_434759042_1000 : RSOP_ExtensionStatus.extensionGuid=\"{BA649533-0AAC-4E04-B9BC-4DBAE0325B12}\"; ResultCode = 0x80041002; PossibleCause = Unknown","source_name":"Microsoft-Windows-WMI-Activity","process_id":"980","etl_kafka_time":1642532464150,"host_name":"dc.windomain.local"}},{"_index":"logs-endpoint-winevent-wmiactivity-2022.01.18","_type":"_doc","_id":"2786c5f8667a22445c0d437aaaaa8c38ab5059ac","_score":1.0,"_source":{"level":"error","wmi_component":"Unknown","wmi_xml_operation":"Operation_ClientFailure","etl_processed_time":"2022-01-18T19:15:05.681Z","etl_kafka_topic":"winlogbeat","event_id":5858,"task":"","etl_host_agent_type":"winlogbeat","wmi_client_machine":"DC","etl_kafka_offset":868,"etl_version":"2020.04.19.01","etl_host_agent_uid":"a1f88b3f-2f88-447f-b94f-5b4a29bbdc8b","@timestamp":"2022-01-18T19:01:04.151Z","beat_version":"7.6.2","z_elastic_ecs":{"agent":{},"log":{},"host":{},"event":{"provider":"Microsoft-Windows-WMI-Activity","kind":"event","created":"2022-01-18T19:02:55.230Z","code":5858},"ecs":{"version":"1.4.0"},"user":{"identifier":"S-1-5-18","type":"User","domain":"NT AUTHORITY","name":"SYSTEM"},"winlog":{"process":{"thread":{}}}},"beat_hostname":"dc","log_name":"Microsoft-Windows-WMI-Activity/Operational","wmi_id":"{DF03AD11-93CB-4276-BC27-F45AE0874B1D}","etl_kafka_partition":0,"wmi_operation":"Start IWbemServices::DeleteInstance - Root\\Rsop\\User\\S_1_5_21_3851490644_1949014395_434759042_1000 : RSOP_ExtensionStatus.extensionGuid=\"{BC75B1ED-5833-4858-9BB8-CBF0B166DF9D}\"","wmi_possible_cause":"Unknown","type":"wineventlog","provider_guid":"1418EF04-B0B4-4623-BF7E-D74AB47BBDAA","wmi_result_code":"0x80041002","event_original_time":"2022-01-18T19:01:04.151Z","thread_id":2100,"etl_host_agent_ephemeral_uid":"473ad3e0-64cb-46c2-b806-1b5bf2ee3534","@version":"1","opcode":"Info","etl_pipeline":["all-filter-0098","all-add_processed_timestamp","fingerprint-winlogbeats7","winlogbeat_7_and_above-field_nest_cleanup","winlogbeat_7_and_above-field_cleanups","1500","1522","wmi-user_field_renames","wmi-event_id-5858-field_rename","general_rename-various_global_options","provider_guid-cleanup","winevent-hostname-cleanup","final-cleanup-message_field"],"record_number":993,"event_original_message":"Id = {DF03AD11-93CB-4276-BC27-F45AE0874B1D}; ClientMachine = DC; User = ; ClientProcessId = 980; Component = Unknown; Operation = Start IWbemServices::DeleteInstance - Root\\Rsop\\User\\S_1_5_21_3851490644_1949014395_434759042_1000 : RSOP_ExtensionStatus.extensionGuid=\"{BC75B1ED-5833-4858-9BB8-CBF0B166DF9D}\"; ResultCode = 0x80041002; PossibleCause = Unknown","source_name":"Microsoft-Windows-WMI-Activity","process_id":"980","etl_kafka_time":1642532464151,"host_name":"dc.windomain.local"}},{"_index":"logs-endpoint-winevent-wmiactivity-2022.01.18","_type":"_doc","_id":"86e58858bc9c30c5cb4d0c45219eeec8d297f19e","_score":1.0,"_source":{"level":"error","wmi_component":"Unknown","wmi_xml_operation":"Operation_ClientFailure","etl_processed_time":"2022-01-18T19:15:05.681Z","etl_kafka_topic":"winlogbeat","event_id":5858,"task":"","etl_host_agent_type":"winlogbeat","wmi_client_machine":"DC","etl_kafka_offset":869,"etl_version":"2020.04.19.01","etl_host_agent_uid":"a1f88b3f-2f88-447f-b94f-5b4a29bbdc8b","@timestamp":"2022-01-18T19:01:04.152Z","beat_version":"7.6.2","z_elastic_ecs":{"agent":{},"log":{},"host":{},"event":{"provider":"Microsoft-Windows-WMI-Activity","kind":"event","created":"2022-01-18T19:02:55.230Z","code":5858},"ecs":{"version":"1.4.0"},"user":{"type":"User","identifier":"S-1-5-18","domain":"NT AUTHORITY","name":"SYSTEM"},"winlog":{"process":{"thread":{}}}},"beat_hostname":"dc","log_name":"Microsoft-Windows-WMI-Activity/Operational","wmi_id":"{DF03AD11-93CB-4276-BC27-F45AE0874B1D}","etl_kafka_partition":0,"wmi_operation":"Start IWbemServices::DeleteInstance - Root\\Rsop\\User\\S_1_5_21_3851490644_1949014395_434759042_1000 : RSOP_ExtensionStatus.extensionGuid=\"{C34B2751-1CF4-44F5-9262-C3FC39666591}\"","wmi_possible_cause":"Unknown","type":"wineventlog","provider_guid":"1418EF04-B0B4-4623-BF7E-D74AB47BBDAA","wmi_result_code":"0x80041002","event_original_time":"2022-01-18T19:01:04.152Z","thread_id":2100,"etl_host_agent_ephemeral_uid":"473ad3e0-64cb-46c2-b806-1b5bf2ee3534","@version":"1","opcode":"Info","etl_pipeline":["all-filter-0098","all-add_processed_timestamp","fingerprint-winlogbeats7","winlogbeat_7_and_above-field_nest_cleanup","winlogbeat_7_and_above-field_cleanups","1500","1522","wmi-user_field_renames","wmi-event_id-5858-field_rename","general_rename-various_global_options","provider_guid-cleanup","winevent-hostname-cleanup","final-cleanup-message_field"],"record_number":994,"event_original_message":"Id = {DF03AD11-93CB-4276-BC27-F45AE0874B1D}; ClientMachine = DC; User = ; ClientProcessId = 980; Component = Unknown; Operation = Start IWbemServices::DeleteInstance - Root\\Rsop\\User\\S_1_5_21_3851490644_1949014395_434759042_1000 : RSOP_ExtensionStatus.extensionGuid=\"{C34B2751-1CF4-44F5-9262-C3FC39666591}\"; ResultCode = 0x80041002; PossibleCause = Unknown","source_name":"Microsoft-Windows-WMI-Activity","process_id":"980","etl_kafka_time":1642532464152,"host_name":"dc.windomain.local"}},{"_index":"logs-endpoint-winevent-wmiactivity-2022.01.18","_type":"_doc","_id":"c9d4bebb4a999de1996c0ffc102a956218241d7b","_score":1.0,"_source":{"level":"error","wmi_component":"Unknown","wmi_xml_operation":"Operation_ClientFailure","etl_processed_time":"2022-01-18T19:15:05.681Z","etl_kafka_topic":"winlogbeat","event_id":5858,"task":"","etl_host_agent_type":"winlogbeat","wmi_client_machine":"DC","etl_kafka_offset":870,"etl_version":"2020.04.19.01","etl_host_agent_uid":"a1f88b3f-2f88-447f-b94f-5b4a29bbdc8b","@timestamp":"2022-01-18T19:01:04.153Z","beat_version":"7.6.2","z_elastic_ecs":{"agent":{},"log":{},"host":{},"event":{"provider":"Microsoft-Windows-WMI-Activity","kind":"event","created":"2022-01-18T19:02:55.230Z","code":5858},"ecs":{"version":"1.4.0"},"user":{"identifier":"S-1-5-18","type":"User","domain":"NT AUTHORITY","name":"SYSTEM"},"winlog":{"process":{"thread":{}}}},"beat_hostname":"dc","log_name":"Microsoft-Windows-WMI-Activity/Operational","wmi_id":"{DF03AD11-93CB-4276-BC27-F45AE0874B1D}","etl_kafka_partition":0,"wmi_operation":"Start IWbemServices::DeleteInstance - Root\\Rsop\\User\\S_1_5_21_3851490644_1949014395_434759042_1000 : RSOP_ExtensionStatus.extensionGuid=\"{C418DD9D-0D14-4efb-8FBF-CFE535C8FAC7}\"","wmi_possible_cause":"Unknown","type":"wineventlog","provider_guid":"1418EF04-B0B4-4623-BF7E-D74AB47BBDAA","wmi_result_code":"0x80041002","event_original_time":"2022-01-18T19:01:04.153Z","thread_id":2100,"etl_host_agent_ephemeral_uid":"473ad3e0-64cb-46c2-b806-1b5bf2ee3534","@version":"1","opcode":"Info","etl_pipeline":["all-filter-0098","all-add_processed_timestamp","fingerprint-winlogbeats7","winlogbeat_7_and_above-field_nest_cleanup","winlogbeat_7_and_above-field_cleanups","1500","1522","wmi-user_field_renames","wmi-event_id-5858-field_rename","general_rename-various_global_options","provider_guid-cleanup","winevent-hostname-cleanup","final-cleanup-message_field"],"record_number":995,"event_original_message":"Id = {DF03AD11-93CB-4276-BC27-F45AE0874B1D}; ClientMachine = DC; User = ; ClientProcessId = 980; Component = Unknown; Operation = Start IWbemServices::DeleteInstance - Root\\Rsop\\User\\S_1_5_21_3851490644_1949014395_434759042_1000 : RSOP_ExtensionStatus.extensionGuid=\"{C418DD9D-0D14-4efb-8FBF-CFE535C8FAC7}\"; ResultCode = 0x80041002; PossibleCause = Unknown","source_name":"Microsoft-Windows-WMI-Activity","process_id":"980","etl_kafka_time":1642532464152,"host_name":"dc.windomain.local"}},{"_index":"logs-endpoint-winevent-wmiactivity-2022.01.18","_type":"_doc","_id":"063b0bc340cbe6d18134e45cc822ff8d13b661b8","_score":1.0,"_source":{"level":"error","wmi_component":"Unknown","wmi_xml_operation":"Operation_ClientFailure","etl_processed_time":"2022-01-18T19:15:05.682Z","etl_kafka_topic":"winlogbeat","event_id":5858,"task":"","etl_host_agent_type":"winlogbeat","wmi_client_machine":"DC","etl_kafka_offset":871,"etl_version":"2020.04.19.01","etl_host_agent_uid":"a1f88b3f-2f88-447f-b94f-5b4a29bbdc8b","@timestamp":"2022-01-18T19:01:04.153Z","beat_version":"7.6.2","z_elastic_ecs":{"agent":{},"log":{},"host":{},"event":{"provider":"Microsoft-Windows-WMI-Activity","kind":"event","created":"2022-01-18T19:02:55.230Z","code":5858},"ecs":{"version":"1.4.0"},"user":{"type":"User","identifier":"S-1-5-18","domain":"NT AUTHORITY","name":"SYSTEM"},"winlog":{"process":{"thread":{}}}},"beat_hostname":"dc","log_name":"Microsoft-Windows-WMI-Activity/Operational","wmi_id":"{DF03AD11-93CB-4276-BC27-F45AE0874B1D}","etl_kafka_partition":0,"wmi_operation":"Start IWbemServices::DeleteInstance - Root\\Rsop\\User\\S_1_5_21_3851490644_1949014395_434759042_1000 : RSOP_ExtensionStatus.extensionGuid=\"{C631DF4C-088F-4156-B058-4375F0853CD8}\"","wmi_possible_cause":"Unknown","type":"wineventlog","provider_guid":"1418EF04-B0B4-4623-BF7E-D74AB47BBDAA","wmi_result_code":"0x80041002","event_original_time":"2022-01-18T19:01:04.153Z","thread_id":2100,"etl_host_agent_ephemeral_uid":"473ad3e0-64cb-46c2-b806-1b5bf2ee3534","@version":"1","opcode":"Info","etl_pipeline":["all-filter-0098","all-add_processed_timestamp","fingerprint-winlogbeats7","winlogbeat_7_and_above-field_nest_cleanup","winlogbeat_7_and_above-field_cleanups","1500","1522","wmi-user_field_renames","wmi-event_id-5858-field_rename","general_rename-various_global_options","provider_guid-cleanup","winevent-hostname-cleanup","final-cleanup-message_field"],"record_number":996,"event_original_message":"Id = {DF03AD11-93CB-4276-BC27-F45AE0874B1D}; ClientMachine = DC; User = ; ClientProcessId = 980; Component = Unknown; Operation = Start IWbemServices::DeleteInstance - Root\\Rsop\\User\\S_1_5_21_3851490644_1949014395_434759042_1000 : RSOP_ExtensionStatus.extensionGuid=\"{C631DF4C-088F-4156-B058-4375F0853CD8}\"; ResultCode = 0x80041002; PossibleCause = Unknown","source_name":"Microsoft-Windows-WMI-Activity","process_id":"980","etl_kafka_time":1642532464153,"host_name":"dc.windomain.local"}},{"_index":"logs-endpoint-winevent-wmiactivity-2022.01.18","_type":"_doc","_id":"a2488fecf7ef9db3e26a2cdf834802e768aac2d5","_score":1.0,"_source":{"level":"error","wmi_component":"Unknown","wmi_xml_operation":"Operation_ClientFailure","etl_processed_time":"2022-01-18T19:15:05.682Z","etl_kafka_topic":"winlogbeat","event_id":5858,"task":"","etl_host_agent_type":"winlogbeat","wmi_client_machine":"DC","etl_kafka_offset":872,"etl_version":"2020.04.19.01","etl_host_agent_uid":"a1f88b3f-2f88-447f-b94f-5b4a29bbdc8b","@timestamp":"2022-01-18T19:01:04.154Z","beat_version":"7.6.2","z_elastic_ecs":{"agent":{},"log":{},"host":{},"event":{"provider":"Microsoft-Windows-WMI-Activity","kind":"event","created":"2022-01-18T19:02:55.230Z","code":5858},"ecs":{"version":"1.4.0"},"user":{"type":"User","identifier":"S-1-5-18","domain":"NT AUTHORITY","name":"SYSTEM"},"winlog":{"process":{"thread":{}}}},"beat_hostname":"dc","log_name":"Microsoft-Windows-WMI-Activity/Operational","wmi_id":"{DF03AD11-93CB-4276-BC27-F45AE0874B1D}","etl_kafka_partition":0,"wmi_operation":"Start IWbemServices::DeleteInstance - Root\\Rsop\\User\\S_1_5_21_3851490644_1949014395_434759042_1000 : RSOP_ExtensionStatus.extensionGuid=\"{CF7639F3-ABA2-41DB-97F2-81E2C5DBFC5D}\"","wmi_possible_cause":"Unknown","type":"wineventlog","provider_guid":"1418EF04-B0B4-4623-BF7E-D74AB47BBDAA","wmi_result_code":"0x80041002","event_original_time":"2022-01-18T19:01:04.154Z","thread_id":2100,"etl_host_agent_ephemeral_uid":"473ad3e0-64cb-46c2-b806-1b5bf2ee3534","@version":"1","opcode":"Info","etl_pipeline":["all-filter-0098","all-add_processed_timestamp","fingerprint-winlogbeats7","winlogbeat_7_and_above-field_nest_cleanup","winlogbeat_7_and_above-field_cleanups","1500","1522","wmi-user_field_renames","wmi-event_id-5858-field_rename","general_rename-various_global_options","provider_guid-cleanup","winevent-hostname-cleanup","final-cleanup-message_field"],"record_number":997,"event_original_message":"Id = {DF03AD11-93CB-4276-BC27-F45AE0874B1D}; ClientMachine = DC; User = ; ClientProcessId = 980; Component = Unknown; Operation = Start IWbemServices::DeleteInstance - Root\\Rsop\\User\\S_1_5_21_3851490644_1949014395_434759042_1000 : RSOP_ExtensionStatus.extensionGuid=\"{CF7639F3-ABA2-41DB-97F2-81E2C5DBFC5D}\"; ResultCode = 0x80041002; PossibleCause = Unknown","source_name":"Microsoft-Windows-WMI-Activity","process_id":"980","etl_kafka_time":1642532464154,"host_name":"dc.windomain.local"}},{"_index":"logs-endpoint-winevent-wmiactivity-2022.01.18","_type":"_doc","_id":"d01aedf4ff7317e6f3a29e89b6b40ce061ffaabd","_score":1.0,"_source":{"level":"error","wmi_component":"Unknown","wmi_xml_operation":"Operation_ClientFailure","etl_processed_time":"2022-01-18T19:15:05.684Z","etl_kafka_topic":"winlogbeat","event_id":5858,"task":"","etl_host_agent_type":"winlogbeat","wmi_client_machine":"DC","etl_kafka_offset":873,"etl_version":"2020.04.19.01","etl_host_agent_uid":"a1f88b3f-2f88-447f-b94f-5b4a29bbdc8b","@timestamp":"2022-01-18T19:01:04.155Z","beat_version":"7.6.2","z_elastic_ecs":{"agent":{},"log":{},"host":{},"event":{"provider":"Microsoft-Windows-WMI-Activity","kind":"event","created":"2022-01-18T19:02:55.231Z","code":5858},"ecs":{"version":"1.4.0"},"user":{"type":"User","identifier":"S-1-5-18","domain":"NT AUTHORITY","name":"SYSTEM"},"winlog":{"process":{"thread":{}}}},"beat_hostname":"dc","log_name":"Microsoft-Windows-WMI-Activity/Operational","wmi_id":"{DF03AD11-93CB-4276-BC27-F45AE0874B1D}","etl_kafka_partition":0,"wmi_operation":"Start IWbemServices::DeleteInstance - Root\\Rsop\\User\\S_1_5_21_3851490644_1949014395_434759042_1000 : RSOP_ExtensionStatus.extensionGuid=\"{E47248BA-94CC-49c4-BBB5-9EB7F05183D0}\"","wmi_possible_cause":"Unknown","type":"wineventlog","provider_guid":"1418EF04-B0B4-4623-BF7E-D74AB47BBDAA","wmi_result_code":"0x80041002","event_original_time":"2022-01-18T19:01:04.155Z","thread_id":2100,"etl_host_agent_ephemeral_uid":"473ad3e0-64cb-46c2-b806-1b5bf2ee3534","@version":"1","opcode":"Info","etl_pipeline":["all-filter-0098","all-add_processed_timestamp","fingerprint-winlogbeats7","winlogbeat_7_and_above-field_nest_cleanup","winlogbeat_7_and_above-field_cleanups","1500","1522","wmi-user_field_renames","wmi-event_id-5858-field_rename","general_rename-various_global_options","provider_guid-cleanup","winevent-hostname-cleanup","final-cleanup-message_field"],"record_number":998,"event_original_message":"Id = {DF03AD11-93CB-4276-BC27-F45AE0874B1D}; ClientMachine = DC; User = ; ClientProcessId = 980; Component = Unknown; Operation = Start IWbemServices::DeleteInstance - Root\\Rsop\\User\\S_1_5_21_3851490644_1949014395_434759042_1000 : RSOP_ExtensionStatus.extensionGuid=\"{E47248BA-94CC-49c4-BBB5-9EB7F05183D0}\"; ResultCode = 0x80041002; PossibleCause = Unknown","source_name":"Microsoft-Windows-WMI-Activity","process_id":"980","etl_kafka_time":1642532464155,"host_name":"dc.windomain.local"}},{"_index":"logs-endpoint-winevent-wmiactivity-2022.01.18","_type":"_doc","_id":"7e443d496993b12a5a9bf6e0f136bd8ae9683add","_score":1.0,"_source":{"level":"error","wmi_component":"Unknown","wmi_xml_operation":"Operation_ClientFailure","etl_processed_time":"2022-01-18T19:15:05.685Z","etl_kafka_topic":"winlogbeat","event_id":5858,"task":"","etl_host_agent_type":"winlogbeat","wmi_client_machine":"DC","etl_kafka_offset":874,"etl_version":"2020.04.19.01","etl_host_agent_uid":"a1f88b3f-2f88-447f-b94f-5b4a29bbdc8b","@timestamp":"2022-01-18T19:01:04.156Z","beat_version":"7.6.2","z_elastic_ecs":{"agent":{},"log":{},"host":{},"event":{"provider":"Microsoft-Windows-WMI-Activity","kind":"event","created":"2022-01-18T19:02:55.231Z","code":5858},"ecs":{"version":"1.4.0"},"user":{"type":"User","identifier":"S-1-5-18","domain":"NT AUTHORITY","name":"SYSTEM"},"winlog":{"process":{"thread":{}}}},"beat_hostname":"dc","log_name":"Microsoft-Windows-WMI-Activity/Operational","wmi_id":"{DF03AD11-93CB-4276-BC27-F45AE0874B1D}","etl_kafka_partition":0,"wmi_operation":"Start IWbemServices::DeleteInstance - Root\\Rsop\\User\\S_1_5_21_3851490644_1949014395_434759042_1000 : RSOP_ExtensionStatus.extensionGuid=\"{E4F48E54-F38D-4884-BFB9-D4D2E5729C18}\"","wmi_possible_cause":"Unknown","type":"wineventlog","provider_guid":"1418EF04-B0B4-4623-BF7E-D74AB47BBDAA","wmi_result_code":"0x80041002","event_original_time":"2022-01-18T19:01:04.156Z","thread_id":2100,"etl_host_agent_ephemeral_uid":"473ad3e0-64cb-46c2-b806-1b5bf2ee3534","@version":"1","opcode":"Info","etl_pipeline":["all-filter-0098","all-add_processed_timestamp","fingerprint-winlogbeats7","winlogbeat_7_and_above-field_nest_cleanup","winlogbeat_7_and_above-field_cleanups","1500","1522","wmi-user_field_renames","wmi-event_id-5858-field_rename","general_rename-various_global_options","provider_guid-cleanup","winevent-hostname-cleanup","final-cleanup-message_field"],"record_number":999,"event_original_message":"Id = {DF03AD11-93CB-4276-BC27-F45AE0874B1D}; ClientMachine = DC; User = ; ClientProcessId = 980; Component = Unknown; Operation = Start IWbemServices::DeleteInstance - Root\\Rsop\\User\\S_1_5_21_3851490644_1949014395_434759042_1000 : RSOP_ExtensionStatus.extensionGuid=\"{E4F48E54-F38D-4884-BFB9-D4D2E5729C18}\"; ResultCode = 0x80041002; PossibleCause = Unknown","source_name":"Microsoft-Windows-WMI-Activity","process_id":"980","etl_kafka_time":1642532464156,"host_name":"dc.windomain.local"}},{"_index":"logs-endpoint-winevent-wmiactivity-2022.01.18","_type":"_doc","_id":"7caf6c7cbcd40cae4c25be366784c663ac5373f8","_score":1.0,"_source":{"level":"error","wmi_component":"Unknown","wmi_xml_operation":"Operation_ClientFailure","etl_processed_time":"2022-01-18T19:15:05.685Z","etl_kafka_topic":"winlogbeat","event_id":5858,"task":"","etl_host_agent_type":"winlogbeat","wmi_client_machine":"DC","etl_kafka_offset":875,"etl_version":"2020.04.19.01","etl_host_agent_uid":"a1f88b3f-2f88-447f-b94f-5b4a29bbdc8b","@timestamp":"2022-01-18T19:01:04.157Z","beat_version":"7.6.2","z_elastic_ecs":{"agent":{},"log":{},"host":{},"event":{"provider":"Microsoft-Windows-WMI-Activity","kind":"event","created":"2022-01-18T19:02:55.231Z","code":5858},"ecs":{"version":"1.4.0"},"user":{"identifier":"S-1-5-18","type":"User","domain":"NT AUTHORITY","name":"SYSTEM"},"winlog":{"process":{"thread":{}}}},"beat_hostname":"dc","log_name":"Microsoft-Windows-WMI-Activity/Operational","wmi_id":"{DF03AD11-93CB-4276-BC27-F45AE0874B1D}","etl_kafka_partition":0,"wmi_operation":"Start IWbemServices::DeleteInstance - Root\\Rsop\\User\\S_1_5_21_3851490644_1949014395_434759042_1000 : RSOP_ExtensionStatus.extensionGuid=\"{E5094040-C46C-4115-B030-04FB2E545B00}\"","wmi_possible_cause":"Unknown","type":"wineventlog","provider_guid":"1418EF04-B0B4-4623-BF7E-D74AB47BBDAA","wmi_result_code":"0x80041002","event_original_time":"2022-01-18T19:01:04.157Z","thread_id":2100,"etl_host_agent_ephemeral_uid":"473ad3e0-64cb-46c2-b806-1b5bf2ee3534","@version":"1","opcode":"Info","etl_pipeline":["all-filter-0098","all-add_processed_timestamp","fingerprint-winlogbeats7","winlogbeat_7_and_above-field_nest_cleanup","winlogbeat_7_and_above-field_cleanups","1500","1522","wmi-user_field_renames","wmi-event_id-5858-field_rename","general_rename-various_global_options","provider_guid-cleanup","winevent-hostname-cleanup","final-cleanup-message_field"],"record_number":1000,"event_original_message":"Id = {DF03AD11-93CB-4276-BC27-F45AE0874B1D}; ClientMachine = DC; User = ; ClientProcessId = 980; Component = Unknown; Operation = Start IWbemServices::DeleteInstance - Root\\Rsop\\User\\S_1_5_21_3851490644_1949014395_434759042_1000 : RSOP_ExtensionStatus.extensionGuid=\"{E5094040-C46C-4115-B030-04FB2E545B00}\"; ResultCode = 0x80041002; PossibleCause = Unknown","source_name":"Microsoft-Windows-WMI-Activity","process_id":"980","etl_kafka_time":1642532464157,"host_name":"dc.windomain.local"}},{"_index":"logs-endpoint-winevent-wmiactivity-2022.01.18","_type":"_doc","_id":"abf857c19cea8f8ad1b54d54098b9d9cb18af9e4","_score":1.0,"_source":{"level":"error","wmi_component":"Unknown","wmi_xml_operation":"Operation_ClientFailure","etl_processed_time":"2022-01-18T19:15:05.686Z","etl_kafka_topic":"winlogbeat","event_id":5858,"task":"","etl_host_agent_type":"winlogbeat","wmi_client_machine":"DC","etl_kafka_offset":876,"etl_version":"2020.04.19.01","etl_host_agent_uid":"a1f88b3f-2f88-447f-b94f-5b4a29bbdc8b","@timestamp":"2022-01-18T19:01:04.158Z","beat_version":"7.6.2","z_elastic_ecs":{"agent":{},"log":{},"host":{},"event":{"provider":"Microsoft-Windows-WMI-Activity","kind":"event","created":"2022-01-18T19:02:55.231Z","code":5858},"ecs":{"version":"1.4.0"},"user":{"identifier":"S-1-5-18","type":"User","domain":"NT AUTHORITY","name":"SYSTEM"},"winlog":{"process":{"thread":{}}}},"beat_hostname":"dc","log_name":"Microsoft-Windows-WMI-Activity/Operational","wmi_id":"{DF03AD11-93CB-4276-BC27-F45AE0874B1D}","etl_kafka_partition":0,"wmi_operation":"Start IWbemServices::DeleteInstance - Root\\Rsop\\User\\S_1_5_21_3851490644_1949014395_434759042_1000 : RSOP_ExtensionStatus.extensionGuid=\"{E62688F0-25FD-4c90-BFF5-F508B9D2E31F}\"","wmi_possible_cause":"Unknown","type":"wineventlog","provider_guid":"1418EF04-B0B4-4623-BF7E-D74AB47BBDAA","wmi_result_code":"0x80041002","event_original_time":"2022-01-18T19:01:04.158Z","thread_id":2100,"etl_host_agent_ephemeral_uid":"473ad3e0-64cb-46c2-b806-1b5bf2ee3534","@version":"1","opcode":"Info","etl_pipeline":["all-filter-0098","all-add_processed_timestamp","fingerprint-winlogbeats7","winlogbeat_7_and_above-field_nest_cleanup","winlogbeat_7_and_above-field_cleanups","1500","1522","wmi-user_field_renames","wmi-event_id-5858-field_rename","general_rename-various_global_options","provider_guid-cleanup","winevent-hostname-cleanup","final-cleanup-message_field"],"record_number":1001,"event_original_message":"Id = {DF03AD11-93CB-4276-BC27-F45AE0874B1D}; ClientMachine = DC; User = ; ClientProcessId = 980; Component = Unknown; Operation = Start IWbemServices::DeleteInstance - Root\\Rsop\\User\\S_1_5_21_3851490644_1949014395_434759042_1000 : RSOP_ExtensionStatus.extensionGuid=\"{E62688F0-25FD-4c90-BFF5-F508B9D2E31F}\"; ResultCode = 0x80041002; PossibleCause = Unknown","source_name":"Microsoft-Windows-WMI-Activity","process_id":"980","etl_kafka_time":1642532464158,"host_name":"dc.windomain.local"}},{"_index":"logs-endpoint-winevent-wmiactivity-2022.01.18","_type":"_doc","_id":"98d8a6331873babf36c4494ca0727657ef509165","_score":1.0,"_source":{"level":"error","wmi_component":"Unknown","wmi_xml_operation":"Operation_ClientFailure","etl_processed_time":"2022-01-18T19:15:05.686Z","etl_kafka_topic":"winlogbeat","event_id":5858,"task":"","etl_host_agent_type":"winlogbeat","wmi_client_machine":"DC","etl_kafka_offset":877,"etl_version":"2020.04.19.01","etl_host_agent_uid":"a1f88b3f-2f88-447f-b94f-5b4a29bbdc8b","@timestamp":"2022-01-18T19:01:04.160Z","beat_version":"7.6.2","z_elastic_ecs":{"agent":{},"log":{},"host":{},"event":{"provider":"Microsoft-Windows-WMI-Activity","kind":"event","created":"2022-01-18T19:02:55.231Z","code":5858},"ecs":{"version":"1.4.0"},"user":{"type":"User","identifier":"S-1-5-18","domain":"NT AUTHORITY","name":"SYSTEM"},"winlog":{"process":{"thread":{}}}},"beat_hostname":"dc","log_name":"Microsoft-Windows-WMI-Activity/Operational","wmi_id":"{DF03AD11-93CB-4276-BC27-F45AE0874B1D}","etl_kafka_partition":0,"wmi_operation":"Start IWbemServices::DeleteInstance - Root\\Rsop\\User\\S_1_5_21_3851490644_1949014395_434759042_1000 : RSOP_ExtensionStatus.extensionGuid=\"{F9C77450-3A41-477E-9310-9ACD617BD9E3}\"","wmi_possible_cause":"Unknown","type":"wineventlog","provider_guid":"1418EF04-B0B4-4623-BF7E-D74AB47BBDAA","wmi_result_code":"0x80041002","event_original_time":"2022-01-18T19:01:04.160Z","thread_id":2100,"etl_host_agent_ephemeral_uid":"473ad3e0-64cb-46c2-b806-1b5bf2ee3534","@version":"1","opcode":"Info","etl_pipeline":["all-filter-0098","all-add_processed_timestamp","fingerprint-winlogbeats7","winlogbeat_7_and_above-field_nest_cleanup","winlogbeat_7_and_above-field_cleanups","1500","1522","wmi-user_field_renames","wmi-event_id-5858-field_rename","general_rename-various_global_options","provider_guid-cleanup","winevent-hostname-cleanup","final-cleanup-message_field"],"record_number":1002,"event_original_message":"Id = {DF03AD11-93CB-4276-BC27-F45AE0874B1D}; ClientMachine = DC; User = ; ClientProcessId = 980; Component = Unknown; Operation = Start IWbemServices::DeleteInstance - Root\\Rsop\\User\\S_1_5_21_3851490644_1949014395_434759042_1000 : RSOP_ExtensionStatus.extensionGuid=\"{F9C77450-3A41-477E-9310-9ACD617BD9E3}\"; ResultCode = 0x80041002; PossibleCause = Unknown","source_name":"Microsoft-Windows-WMI-Activity","process_id":"980","etl_kafka_time":1642532464160,"host_name":"dc.windomain.local"}},