{"_index":"logs-endpoint-winevent-application-2022.01.18","_type":"_doc","_id":"e72eee828cecd0f39514cdb2db62db825d720551","_score":1.0,"_source":{"level":"information","type":"wineventlog","etl_processed_time":"2022-01-18T19:16:43.811Z","etl_kafka_topic":"winlogbeat","keywords":["Classic"],"event_id":900,"param1":"<explicit>","provider_guid":"E23B33B0-C8C9-472C-A5F9-F2BDFEA0F156","task":"","event_original_time":"2022-01-18T19:15:50.118Z","etl_host_agent_type":"winlogbeat","etl_host_agent_ephemeral_uid":"298c86f2-fe36-4c4c-88aa-2a80cc6ed89e","@version":"1","etl_kafka_offset":1994,"etl_version":"2020.04.19.01","etl_host_agent_uid":"8faec186-b368-44a8-a9c5-6e284dfc7aea","etl_pipeline":["all-filter-0098","all-add_processed_timestamp","fingerprint-winlogbeats7","winlogbeat_7_and_above-field_nest_cleanup","winlogbeat_7_and_above-field_cleanups","1500","1522","winevent-application-all-1534","general_rename-various_global_options","provider_guid-cleanup","winevent-hostname-cleanup","final-cleanup-message_field"],"@timestamp":"2022-01-18T19:15:50.118Z","beat_version":"7.6.2","event_original_message":"The Software Protection service is starting.\nParameters:<explicit>","source_name":"Microsoft-Windows-Security-SPP","z_elastic_ecs":{"agent":{},"log":{},"host":{},"event":{"provider":"Microsoft-Windows-Security-SPP","kind":"event","created":"2022-01-18T19:16:33.633Z","code":900},"ecs":{"version":"1.4.0"},"winlog":{}},"beat_hostname":"win10","record_number":521,"log_name":"Application","etl_kafka_time":1642533350117,"etl_kafka_partition":0,"host_name":"win10.windomain.local"}},{"_index":"logs-endpoint-winevent-application-2022.01.18","_type":"_doc","_id":"e747087faa42ac8773475d026237ee434df74c18","_score":1.0,"_source":{"level":"information","type":"wineventlog","etl_processed_time":"2022-01-18T19:16:43.786Z","etl_kafka_topic":"winlogbeat","version":2,"event_id":5617,"provider_guid":"1edeee53-0afe-4609-b846-d8c0b2075b1f","task":"","event_original_time":"2022-01-18T19:11:57.155Z","etl_host_agent_type":"winlogbeat","thread_id":3632,"etl_host_agent_ephemeral_uid":"298c86f2-fe36-4c4c-88aa-2a80cc6ed89e","@version":"1","etl_kafka_offset":1972,"etl_version":"2020.04.19.01","opcode":"Info","etl_host_agent_uid":"8faec186-b368-44a8-a9c5-6e284dfc7aea","etl_pipeline":["all-filter-0098","all-add_processed_timestamp","fingerprint-winlogbeats7","winlogbeat_7_and_above-field_nest_cleanup","winlogbeat_7_and_above-field_cleanups","1500","1522","winevent-application-all-1534","general_rename-various_global_options","provider_guid-cleanup","winevent-hostname-cleanup","final-cleanup-message_field"],"@timestamp":"2022-01-18T19:11:57.155Z","beat_version":"7.6.2","event_original_message":"Windows Management Instrumentation Service subsystems initialized successfully","source_name":"Microsoft-Windows-WMI","z_elastic_ecs":{"agent":{},"log":{},"host":{},"event":{"provider":"Microsoft-Windows-WMI","kind":"event","created":"2022-01-18T19:16:33.614Z","code":5617},"ecs":{"version":"1.4.0"},"user":{"identifier":"S-1-5-18","type":"User","domain":"NT AUTHORITY","name":"SYSTEM"},"winlog":{"process":{"thread":{}}}},"beat_hostname":"win10","process_id":2892,"log_name":"Application","etl_kafka_time":1642533117155,"record_number":499,"etl_kafka_partition":0,"host_name":"win10.windomain.local"}},{"_index":"logs-endpoint-winevent-application-2022.01.18","_type":"_doc","_id":"7bb61a2663b3284786f90c3b66cc00494e837daa","_score":1.0,"_source":{"level":"information","ExtraInfo":"","type":"wineventlog","etl_processed_time":"2022-01-18T19:16:43.811Z","etl_kafka_topic":"winlogbeat","keywords":["Classic"],"event_id":1003,"provider_guid":"CA4E628D-8567-4896-AB6B-835B221F373F","task":"Search service","event_original_time":"2022-01-18T19:13:22.888Z","etl_host_agent_type":"winlogbeat","etl_host_agent_ephemeral_uid":"298c86f2-fe36-4c4c-88aa-2a80cc6ed89e","@version":"1","etl_kafka_offset":1991,"etl_version":"2020.04.19.01","etl_host_agent_uid":"8faec186-b368-44a8-a9c5-6e284dfc7aea","etl_pipeline":["all-filter-0098","all-add_processed_timestamp","fingerprint-winlogbeats7","winlogbeat_7_and_above-field_nest_cleanup","winlogbeat_7_and_above-field_cleanups","1500","1522","winevent-application-all-1534","general_rename-various_global_options","provider_guid-cleanup","winevent-hostname-cleanup","final-cleanup-message_field"],"@timestamp":"2022-01-18T19:13:22.888Z","beat_version":"7.6.2","event_original_message":"The Windows Search Service started.","source_name":"Microsoft-Windows-Search","z_elastic_ecs":{"agent":{},"log":{},"host":{},"event":{"kind":"event","provider":"Microsoft-Windows-Search","action":"Search service","created":"2022-01-18T19:16:33.633Z","code":1003},"ecs":{"version":"1.4.0"},"winlog":{}},"beat_hostname":"win10","record_number":518,"log_name":"Application","etl_kafka_time":1642533202887,"etl_kafka_partition":0,"host_name":"win10.windomain.local"}},{"_index":"logs-endpoint-winevent-application-2022.01.18","_type":"_doc","_id":"f4fb41e1b207fe3f4d96552cbd2a6b8a7f3ee895","_score":1.0,"_source":{"level":"information","type":"wineventlog","etl_processed_time":"2022-01-18T19:16:43.786Z","etl_kafka_topic":"winlogbeat","keywords":["Classic"],"event_id":105,"task":"","event_original_time":"2022-01-18T19:11:51.495Z","etl_host_agent_type":"winlogbeat","etl_host_agent_ephemeral_uid":"298c86f2-fe36-4c4c-88aa-2a80cc6ed89e","@version":"1","etl_kafka_offset":1969,"etl_version":"2020.04.19.01","opcode":"Info","etl_host_agent_uid":"8faec186-b368-44a8-a9c5-6e284dfc7aea","etl_pipeline":["all-filter-0098","all-add_processed_timestamp","fingerprint-winlogbeats7","winlogbeat_7_and_above-field_nest_cleanup","winlogbeat_7_and_above-field_cleanups","1500","1522","winevent-application-all-1534","general_rename-various_global_options","winevent-hostname-cleanup","final-cleanup-message_field"],"@timestamp":"2022-01-18T19:11:51.495Z","beat_version":"7.6.2","event_original_message":"The service was started.","source_name":"VMTools","z_elastic_ecs":{"agent":{},"log":{},"host":{},"event":{"provider":"VMTools","kind":"event","created":"2022-01-18T19:16:33.614Z","code":105},"ecs":{"version":"1.4.0"},"winlog":{}},"beat_hostname":"win10","record_number":496,"log_name":"Application","etl_kafka_time":1642533111494,"etl_kafka_partition":0,"host_name":"win10.windomain.local"}},{"_index":"logs-endpoint-winevent-application-2022.01.18","_type":"_doc","_id":"f0bd41f29cfd97e28b29ee97ab94f5ced832577c","_score":1.0,"_source":{"level":"information","type":"wineventlog","etl_processed_time":"2022-01-18T19:16:43.810Z","etl_kafka_topic":"winlogbeat","keywords":["Classic"],"event_id":270,"param1":"00:0C:29:E7:BE:07","task":"","event_original_time":"2022-01-18T19:12:02.824Z","etl_host_agent_type":"winlogbeat","etl_host_agent_ephemeral_uid":"298c86f2-fe36-4c4c-88aa-2a80cc6ed89e","@version":"1","etl_kafka_offset":1975,"etl_version":"2020.04.19.01","opcode":"Info","etl_host_agent_uid":"8faec186-b368-44a8-a9c5-6e284dfc7aea","etl_pipeline":["all-filter-0098","all-add_processed_timestamp","fingerprint-winlogbeats7","winlogbeat_7_and_above-field_nest_cleanup","winlogbeat_7_and_above-field_cleanups","1500","1522","winevent-application-all-1534","general_rename-various_global_options","winevent-hostname-cleanup","final-cleanup-message_field"],"@timestamp":"2022-01-18T19:12:02.824Z","beat_version":"7.6.2","event_original_message":"Not restoring network configuration for adapter with MAC address 00:0C:29:E7:BE:07. The device ID for this adapter is unchanged.","source_name":"VMUpgradeHelper","z_elastic_ecs":{"agent":{},"log":{},"host":{},"event":{"provider":"VMUpgradeHelper","kind":"event","created":"2022-01-18T19:16:33.617Z","code":270},"ecs":{"version":"1.4.0"},"winlog":{}},"beat_hostname":"win10","record_number":502,"log_name":"Application","etl_kafka_time":1642533122823,"etl_kafka_partition":0,"host_name":"win10.windomain.local"}},{"_index":"logs-endpoint-winevent-application-2022.01.18","_type":"_doc","_id":"f4c21d94a7a693d956d8bde6b5da23a571245a19","_score":1.0,"_source":{"level":"information","type":"wineventlog","etl_processed_time":"2022-01-18T19:16:43.811Z","etl_kafka_topic":"winlogbeat","keywords":["Classic"],"event_id":270,"param1":"00:0C:29:E7:BE:FD","task":"","event_original_time":"2022-01-18T19:12:09.042Z","etl_host_agent_type":"winlogbeat","etl_host_agent_ephemeral_uid":"298c86f2-fe36-4c4c-88aa-2a80cc6ed89e","@version":"1","etl_kafka_offset":1978,"etl_version":"2020.04.19.01","opcode":"Info","etl_host_agent_uid":"8faec186-b368-44a8-a9c5-6e284dfc7aea","etl_pipeline":["all-filter-0098","all-add_processed_timestamp","fingerprint-winlogbeats7","winlogbeat_7_and_above-field_nest_cleanup","winlogbeat_7_and_above-field_cleanups","1500","1522","winevent-application-all-1534","general_rename-various_global_options","winevent-hostname-cleanup","final-cleanup-message_field"],"@timestamp":"2022-01-18T19:12:09.042Z","beat_version":"7.6.2","event_original_message":"Not restoring network configuration for adapter with MAC address 00:0C:29:E7:BE:FD. The device ID for this adapter is unchanged.","source_name":"VMUpgradeHelper","z_elastic_ecs":{"agent":{},"log":{},"host":{},"event":{"provider":"VMUpgradeHelper","kind":"event","created":"2022-01-18T19:16:33.621Z","code":270},"ecs":{"version":"1.4.0"},"winlog":{}},"beat_hostname":"win10","record_number":505,"log_name":"Application","etl_kafka_time":1642533129042,"etl_kafka_partition":0,"host_name":"win10.windomain.local"}},{"_index":"logs-endpoint-winevent-application-2022.01.18","_type":"_doc","_id":"4ab6eb08124a5d01759a9a1d8e42e81481f22fa9","_score":1.0,"_source":{"level":"information","param4":"0","param2":"5480,D,0","type":"wineventlog","etl_processed_time":"2022-01-18T19:16:43.811Z","etl_kafka_topic":"winlogbeat","keywords":["Classic"],"event_id":105,"param1":"SearchIndexer","task":"General","param3":"Windows: ","event_original_time":"2022-01-18T19:13:16.915Z","etl_host_agent_type":"winlogbeat","etl_host_agent_ephemeral_uid":"298c86f2-fe36-4c4c-88aa-2a80cc6ed89e","@version":"1","etl_kafka_offset":1987,"etl_version":"2020.04.19.01","opcode":"Info","etl_host_agent_uid":"8faec186-b368-44a8-a9c5-6e284dfc7aea","etl_pipeline":["all-filter-0098","all-add_processed_timestamp","fingerprint-winlogbeats7","winlogbeat_7_and_above-field_nest_cleanup","winlogbeat_7_and_above-field_cleanups","1500","1522","winevent-application-all-1534","general_rename-various_global_options","winevent-hostname-cleanup","final-cleanup-message_field"],"param5":"0","param6":"\n[1] 0.001952 +J(0) +M(C:0K, Fs:233, WS:908K # 908K, PF:5040K # 5040K, P:5040K)\n[2] 0.001465 +J(0) +M(C:0K, Fs:109, WS:436K # 436K, PF:392K # 392K, P:392K)\n[3] 0.000442 +J(0) +M(C:0K, Fs:10, WS:36K # 36K, PF:68K # 68K, P:68K)\n[4] 0.000524 +J(0) +M(C:0K, Fs:24, WS:96K # 96K, PF:360K # 360K, P:360K)\n[5] 0.002939 +J(0) +M(C:0K, Fs:6, WS:24K # 24K, PF:20K # 20K, P:20K)\n[6] 0.084872 +J(0) +M(C:0K, Fs:24, WS:96K # 96K, PF:24K # 24K, P:24K)\n[7] 0.055833 -0.030858 (2) WT +J(0) +M(C:0K, Fs:280, WS:1116K # 1116K, PF:1032K # 1032K, P:1032K)\n[8] -\n[9] -\n[10] -\n[11] -\n[12] -\n[13] 0.111580 -0.023483 (1) WT +J(CM:0, PgRf:0, Rd:0/0, Dy:0/0, Lg:616/1) +M(C:0K, Fs:7, WS:-1004K # 16K, PF:-1024K # 12K, P:-1024K)\n[14] 0.0 +J(0) +M(C:0K, Fs:2, WS:8K # 0K, PF:0K # 0K, P:0K)\n[15] 0.000976 +J(0) +M(C:0K, Fs:65, WS:256K # 0K, PF:68K # 0K, P:68K)\n[16] 0.002418 +J(0) +M(C:0K, Fs:3, WS:4K # 0K, PF:0K # 0K, P:0K).","@timestamp":"2022-01-18T19:13:16.915Z","beat_version":"7.6.2","event_original_message":"SearchIndexer (5480,D,0) Windows: The database engine started a new instance (0). (Time=0 seconds) \n \nAdditional Data:\n  \n \nInternal Timing Sequence: \n[1] 0.001952 +J(0) +M(C:0K, Fs:233, WS:908K # 908K, PF:5040K # 5040K, P:5040K)\n[2] 0.001465 +J(0) +M(C:0K, Fs:109, WS:436K # 436K, PF:392K # 392K, P:392K)\n[3] 0.000442 +J(0) +M(C:0K, Fs:10, WS:36K # 36K, PF:68K # 68K, P:68K)\n[4] 0.000524 +J(0) +M(C:0K, Fs:24, WS:96K # 96K, PF:360K # 360K, P:360K)\n[5] 0.002939 +J(0) +M(C:0K, Fs:6, WS:24K # 24K, PF:20K # 20K, P:20K)\n[6] 0.084872 +J(0) +M(C:0K, Fs:24, WS:96K # 96K, PF:24K # 24K, P:24K)\n[7] 0.055833 -0.030858 (2) WT +J(0) +M(C:0K, Fs:280, WS:1116K # 1116K, PF:1032K # 1032K, P:1032K)\n[8] -\n[9] -\n[10] -\n[11] -\n[12] -\n[13] 0.111580 -0.023483 (1) WT +J(CM:0, PgRf:0, Rd:0/0, Dy:0/0, Lg:616/1) +M(C:0K, Fs:7, WS:-1004K # 16K, PF:-1024K # 12K, P:-1024K)\n[14] 0.0 +J(0) +M(C:0K, Fs:2, WS:8K # 0K, PF:0K # 0K, P:0K)\n[15] 0.000976 +J(0) +M(C:0K, Fs:65, WS:256K # 0K, PF:68K # 0K, P:68K)\n[16] 0.002418 +J(0) +M(C:0K, Fs:3, WS:4K # 0K, PF:0K # 0K, P:0K).","source_name":"ESENT","z_elastic_ecs":{"agent":{},"log":{},"host":{},"event":{"kind":"event","provider":"ESENT","action":"General","created":"2022-01-18T19:16:33.626Z","code":105},"ecs":{"version":"1.4.0"},"winlog":{}},"beat_hostname":"win10","record_number":514,"log_name":"Application","etl_kafka_time":1642533196914,"etl_kafka_partition":0,"host_name":"win10.windomain.local"}},{"_index":"logs-endpoint-winevent-application-2022.01.18","_type":"_doc","_id":"5a756375a04f9333540ea04dce60adf28022ce29","_score":1.0,"_source":{"level":"information","type":"wineventlog","etl_processed_time":"2022-01-18T19:16:43.811Z","etl_kafka_topic":"winlogbeat","keywords":["Classic"],"event_id":8224,"task":"","event_original_time":"2022-01-18T19:15:16.094Z","etl_host_agent_type":"winlogbeat","etl_host_agent_ephemeral_uid":"298c86f2-fe36-4c4c-88aa-2a80cc6ed89e","@version":"1","etl_kafka_offset":1993,"etl_version":"2020.04.19.01","opcode":"Info","Binary":"2D20436F64653A2020434F525356434330303030303735392D2043616C6C3A2020434F525356434330303030303734312D205049443A202030303030343732382D205449443A202030303030343738342D20434D443A2020433A5C57696E646F77735C73797374656D33325C76737376632E6578652020202D20557365723A204E616D653A204E5420415554484F524954595C53595354454D2C205349443A532D312D352D313820","etl_host_agent_uid":"8faec186-b368-44a8-a9c5-6e284dfc7aea","etl_pipeline":["all-filter-0098","all-add_processed_timestamp","fingerprint-winlogbeats7","winlogbeat_7_and_above-field_nest_cleanup","winlogbeat_7_and_above-field_cleanups","1500","1522","winevent-application-all-1534","general_rename-various_global_options","winevent-hostname-cleanup","final-cleanup-message_field"],"@timestamp":"2022-01-18T19:15:16.094Z","beat_version":"7.6.2","event_original_message":"The VSS service is shutting down due to idle timeout. ","source_name":"VSS","z_elastic_ecs":{"agent":{},"log":{},"host":{},"event":{"provider":"VSS","kind":"event","created":"2022-01-18T19:16:33.633Z","code":8224},"ecs":{"version":"1.4.0"},"winlog":{}},"beat_hostname":"win10","record_number":520,"log_name":"Application","etl_kafka_time":1642533316094,"etl_kafka_partition":0,"host_name":"win10.windomain.local"}},{"_index":"logs-endpoint-winevent-application-2022.01.18","_type":"_doc","_id":"46bdab6936871cef73a95466580702cb5546f350","_score":1.0,"_source":{"level":"information","type":"wineventlog","event_id":0,"param1":"Service stopped","task":"","event_original_time":"2022-01-18T19:14:04.814Z","etl_host_agent_type":"winlogbeat","etl_host_agent_ephemeral_uid":"298c86f2-fe36-4c4c-88aa-2a80cc6ed89e","@version":"1","etl_host_agent_uid":"8faec186-b368-44a8-a9c5-6e284dfc7aea","etl_pipeline":["fingerprint-winlogbeats7","winlogbeat_7_and_above-field_nest_cleanup","winlogbeat_7_and_above-field_cleanups","1500","1522","winevent-application-all-1534","general_rename-various_global_options","winevent-hostname-cleanup"],"@timestamp":"2022-01-18T19:14:04.814Z","beat_version":"7.6.2","record_number":519,"source_name":"gupdate","z_elastic_ecs":{"agent":{},"log":{},"host":{},"event":{"provider":"gupdate","kind":"event","created":"2022-01-18T19:16:33.633Z","code":0},"ecs":{"version":"1.4.0"},"winlog":{}},"beat_hostname":"win10","log_name":"Application","host_name":"win10.windomain.local"}},{"_index":"logs-endpoint-winevent-application-2022.01.18","_type":"_doc","_id":"d61fca0c9861681e1520415f3a0cafc829ab49e7","_score":1.0,"_source":{"level":"information","type":"wineventlog","etl_processed_time":"2022-01-18T19:17:04.678Z","etl_kafka_topic":"winlogbeat","keywords":["Classic"],"event_id":1,"task":"","event_original_time":"2022-01-18T19:16:53.450Z","etl_host_agent_type":"winlogbeat","etl_host_agent_ephemeral_uid":"298c86f2-fe36-4c4c-88aa-2a80cc6ed89e","@version":"1","etl_kafka_offset":2355,"etl_version":"2020.04.19.01","opcode":"Info","etl_host_agent_uid":"8faec186-b368-44a8-a9c5-6e284dfc7aea","etl_pipeline":["all-filter-0098","all-add_processed_timestamp","fingerprint-winlogbeats7","winlogbeat_7_and_above-field_nest_cleanup","winlogbeat_7_and_above-field_cleanups","1500","1522","winevent-application-all-1534","general_rename-various_global_options","winevent-hostname-cleanup","final-cleanup-message_field"],"@timestamp":"2022-01-18T19:16:53.450Z","beat_version":"7.6.2","event_original_message":"The Windows Security Center Service has started.","source_name":"SecurityCenter","z_elastic_ecs":{"agent":{},"log":{},"host":{},"event":{"provider":"SecurityCenter","kind":"event","created":"2022-01-18T19:16:55.047Z","code":1},"ecs":{"version":"1.4.0"},"winlog":{}},"beat_hostname":"win10","record_number":522,"log_name":"Application","etl_kafka_time":1642533413450,"etl_kafka_partition":0,"host_name":"win10.windomain.local"}},{"_index":"logs-endpoint-winevent-application-2022.01.18","_type":"_doc","_id":"d1405d344ce42cf02084b5d40c076515af7de096","_score":1.0,"_source":{"level":"information","type":"wineventlog","etl_processed_time":"2022-01-18T19:17:34.036Z","etl_kafka_topic":"winlogbeat","keywords":["Classic"],"event_id":16394,"provider_guid":"E23B33B0-C8C9-472C-A5F9-F2BDFEA0F156","task":"","event_original_time":"2022-01-18T19:17:24.321Z","etl_host_agent_type":"winlogbeat","etl_host_agent_ephemeral_uid":"298c86f2-fe36-4c4c-88aa-2a80cc6ed89e","@version":"1","etl_kafka_offset":3312,"etl_version":"2020.04.19.01","etl_host_agent_uid":"8faec186-b368-44a8-a9c5-6e284dfc7aea","etl_pipeline":["all-filter-0098","all-add_processed_timestamp","fingerprint-winlogbeats7","winlogbeat_7_and_above-field_nest_cleanup","winlogbeat_7_and_above-field_cleanups","1500","1522","winevent-application-all-1534","general_rename-various_global_options","provider_guid-cleanup","winevent-hostname-cleanup","final-cleanup-message_field"],"@timestamp":"2022-01-18T19:17:24.321Z","beat_version":"7.6.2","event_original_message":"Offline downlevel migration succeeded.","source_name":"Microsoft-Windows-Security-SPP","z_elastic_ecs":{"agent":{},"log":{},"host":{},"event":{"provider":"Microsoft-Windows-Security-SPP","kind":"event","created":"2022-01-18T19:17:24.495Z","code":16394},"ecs":{"version":"1.4.0"},"winlog":{}},"beat_hostname":"win10","record_number":523,"log_name":"Application","etl_kafka_time":1642533444321,"etl_kafka_partition":0,"host_name":"win10.windomain.local"}},{"_index":"logs-endpoint-winevent-application-2022.01.18","_type":"_doc","_id":"15caba560ed9c4464b2e4df3d2d7c167adb7d0d1","_score":1.0,"_source":{"level":"information","spp_restart_reason":"RulesEngine","type":"wineventlog","etl_processed_time":"2022-01-18T19:19:28.756Z","etl_kafka_topic":"winlogbeat","keywords":["Classic"],"event_id":16384,"provider_guid":"E23B33B0-C8C9-472C-A5F9-F2BDFEA0F156","task":"","spp_restart_scheduled":"2022-03-19T16:30:18Z","event_original_time":"2022-01-18T19:19:18.638Z","etl_host_agent_type":"winlogbeat","etl_host_agent_ephemeral_uid":"298c86f2-fe36-4c4c-88aa-2a80cc6ed89e","@version":"1","etl_kafka_offset":6331,"etl_version":"2020.04.19.01","etl_host_agent_uid":"8faec186-b368-44a8-a9c5-6e284dfc7aea","etl_pipeline":["all-filter-0098","all-add_processed_timestamp","fingerprint-winlogbeats7","winlogbeat_7_and_above-field_nest_cleanup","winlogbeat_7_and_above-field_cleanups","1500","1522","winevent-application-all-1534","general_rename-various_global_options","provider_guid-cleanup","winevent-hostname-cleanup","final-cleanup-message_field"],"@timestamp":"2022-01-18T19:19:18.638Z","beat_version":"7.6.2","event_original_message":"Successfully scheduled Software Protection service for re-start at 2022-03-19T16:30:18Z. Reason: RulesEngine.","source_name":"Microsoft-Windows-Security-SPP","z_elastic_ecs":{"agent":{},"log":{},"host":{},"event":{"provider":"Microsoft-Windows-Security-SPP","kind":"event","created":"2022-01-18T19:19:18.928Z","code":16384},"ecs":{"version":"1.4.0"},"winlog":{}},"beat_hostname":"win10","record_number":524,"log_name":"Application","etl_kafka_time":1642533558638,"etl_kafka_partition":0,"host_name":"win10.windomain.local"}},{"_index":"logs-endpoint-winevent-application-2022.01.18","_type":"_doc","_id":"1ab272ee3f2b171eed16e52106cafd6ca1b35466","_score":1.0,"_source":{"level":"information","type":"wineventlog","etl_processed_time":"2022-01-18T19:38:33.927Z","etl_kafka_topic":"winlogbeat","keywords":["Classic"],"event_id":1066,"param1":"C:\\Windows\\system32\\sppwinob.dll, msft:spp/windowsfunctionality/agent/7.0, 0x00000000, 0x00000000\nC:\\Windows\\system32\\sppobjs.dll, msft:rm/algorithm/inherited/1.0, 0x00000000, 0x00000000\nC:\\Windows\\system32\\sppobjs.dll, msft:rm/algorithm/phone/1.0, 0x00000000, 0x00000000\nC:\\Windows\\system32\\sppobjs.dll, msft:rm/algorithm/pkey/detect, 0x00000000, 0x00000000\nC:\\Windows\\system32\\sppobjs.dll, msft:spp/ActionScheduler/1.0, 0x00000000, 0x00000000\nC:\\Windows\\system32\\sppobjs.dll, msft:spp/TaskScheduler/1.0, 0x00000000, 0x00000000\nC:\\Windows\\system32\\sppobjs.dll, msft:spp/statecollector/pkey, 0x00000000, 0x00000000\nC:\\Windows\\system32\\sppobjs.dll, msft:spp/volume/services/kms/1.0, 0x00000000, 0x00000000\nC:\\Windows\\system32\\sppobjs.dll, msft:spp/volume/services/kms/activationinfo/1.0, 0x00000000, 0x00000000","provider_guid":"E23B33B0-C8C9-472C-A5F9-F2BDFEA0F156","task":"","event_original_time":"2022-01-18T19:38:24.710Z","etl_host_agent_type":"winlogbeat","etl_host_agent_ephemeral_uid":"473ad3e0-64cb-46c2-b806-1b5bf2ee3534","@version":"1","etl_kafka_offset":21529,"etl_version":"2020.04.19.01","etl_host_agent_uid":"a1f88b3f-2f88-447f-b94f-5b4a29bbdc8b","etl_pipeline":["all-filter-0098","all-add_processed_timestamp","fingerprint-winlogbeats7","winlogbeat_7_and_above-field_nest_cleanup","winlogbeat_7_and_above-field_cleanups","1500","1522","winevent-application-all-1534","general_rename-various_global_options","provider_guid-cleanup","winevent-hostname-cleanup","final-cleanup-message_field"],"@timestamp":"2022-01-18T19:38:24.710Z","beat_version":"7.6.2","event_original_message":"Initialization status for service objects.\nC:\\Windows\\system32\\sppwinob.dll, msft:spp/windowsfunctionality/agent/7.0, 0x00000000, 0x00000000\nC:\\Windows\\system32\\sppobjs.dll, msft:rm/algorithm/inherited/1.0, 0x00000000, 0x00000000\nC:\\Windows\\system32\\sppobjs.dll, msft:rm/algorithm/phone/1.0, 0x00000000, 0x00000000\nC:\\Windows\\system32\\sppobjs.dll, msft:rm/algorithm/pkey/detect, 0x00000000, 0x00000000\nC:\\Windows\\system32\\sppobjs.dll, msft:spp/ActionScheduler/1.0, 0x00000000, 0x00000000\nC:\\Windows\\system32\\sppobjs.dll, msft:spp/TaskScheduler/1.0, 0x00000000, 0x00000000\nC:\\Windows\\system32\\sppobjs.dll, msft:spp/statecollector/pkey, 0x00000000, 0x00000000\nC:\\Windows\\system32\\sppobjs.dll, msft:spp/volume/services/kms/1.0, 0x00000000, 0x00000000\nC:\\Windows\\system32\\sppobjs.dll, msft:spp/volume/services/kms/activationinfo/1.0, 0x00000000, 0x00000000","source_name":"Microsoft-Windows-Security-SPP","z_elastic_ecs":{"agent":{},"log":{},"host":{},"event":{"provider":"Microsoft-Windows-Security-SPP","kind":"event","created":"2022-01-18T19:38:24.833Z","code":1066},"ecs":{"version":"1.4.0"},"winlog":{}},"beat_hostname":"dc","record_number":498,"log_name":"Application","etl_kafka_time":1642534704710,"etl_kafka_partition":0,"host_name":"dc.windomain.local"}},{"_index":"logs-endpoint-winevent-application-2022.01.18","_type":"_doc","_id":"f4ce8fbdfa595c7c8d1c9cb06b2e1d783754a12f","_score":1.0,"_source":{"level":"information","type":"wineventlog","etl_processed_time":"2022-01-18T19:38:33.925Z","etl_kafka_topic":"winlogbeat","keywords":["Classic"],"event_id":900,"param1":"caller=wlms.exe","provider_guid":"E23B33B0-C8C9-472C-A5F9-F2BDFEA0F156","task":"","event_original_time":"2022-01-18T19:38:23.934Z","etl_host_agent_type":"winlogbeat","etl_host_agent_ephemeral_uid":"473ad3e0-64cb-46c2-b806-1b5bf2ee3534","@version":"1","etl_kafka_offset":21528,"etl_version":"2020.04.19.01","etl_host_agent_uid":"a1f88b3f-2f88-447f-b94f-5b4a29bbdc8b","etl_pipeline":["all-filter-0098","all-add_processed_timestamp","fingerprint-winlogbeats7","winlogbeat_7_and_above-field_nest_cleanup","winlogbeat_7_and_above-field_cleanups","1500","1522","winevent-application-all-1534","general_rename-various_global_options","provider_guid-cleanup","winevent-hostname-cleanup","final-cleanup-message_field"],"@timestamp":"2022-01-18T19:38:23.934Z","beat_version":"7.6.2","event_original_message":"The Software Protection service is starting.\nParameters:caller=wlms.exe","source_name":"Microsoft-Windows-Security-SPP","z_elastic_ecs":{"agent":{},"log":{},"host":{},"event":{"provider":"Microsoft-Windows-Security-SPP","kind":"event","created":"2022-01-18T19:38:24.833Z","code":900},"ecs":{"version":"1.4.0"},"winlog":{}},"beat_hostname":"dc","record_number":497,"log_name":"Application","etl_kafka_time":1642534703934,"etl_kafka_partition":0,"host_name":"dc.windomain.local"}},{"_index":"logs-endpoint-winevent-application-2022.01.18","_type":"_doc","_id":"39428361339f59cff6233f8ffdf015d0e332456b","_score":1.0,"_source":{"level":"information","param2":"\n1: 9dfa8ec0-7665-4b9d-b2cb-bfc2dc37c9f4, 1, 1 [(0 [0x00000000, 1, 0], [(?)( 1 0x00000000)(?)( 2 0x00000000 0 0 msft:rm/algorithm/hwid/4.0 0x00000000 0)(?)( 9 0x00000000 180 258909)( 10 0x00000000 msft:rm/algorithm/flags/1.0)(?)])(1 )(2 )(3 )]","type":"wineventlog","etl_processed_time":"2022-01-18T19:38:35.336Z","etl_kafka_topic":"winlogbeat","keywords":["Classic"],"event_id":1003,"param1":"55c92734-d682-4d71-983e-d6ec3f16059f","provider_guid":"E23B33B0-C8C9-472C-A5F9-F2BDFEA0F156","task":"","event_original_time":"2022-01-18T19:38:25.085Z","etl_host_agent_type":"winlogbeat","etl_host_agent_ephemeral_uid":"473ad3e0-64cb-46c2-b806-1b5bf2ee3534","@version":"1","etl_kafka_offset":21531,"etl_version":"2020.04.19.01","etl_host_agent_uid":"a1f88b3f-2f88-447f-b94f-5b4a29bbdc8b","etl_pipeline":["all-filter-0098","all-add_processed_timestamp","fingerprint-winlogbeats7","winlogbeat_7_and_above-field_nest_cleanup","winlogbeat_7_and_above-field_cleanups","1500","1522","winevent-application-all-1534","general_rename-various_global_options","provider_guid-cleanup","winevent-hostname-cleanup","final-cleanup-message_field"],"@timestamp":"2022-01-18T19:38:25.085Z","beat_version":"7.6.2","event_original_message":"The Software Protection service has completed licensing status check.\nApplication Id=55c92734-d682-4d71-983e-d6ec3f16059f\nLicensing Status=\n1: 9dfa8ec0-7665-4b9d-b2cb-bfc2dc37c9f4, 1, 1 [(0 [0x00000000, 1, 0], [(?)( 1 0x00000000)(?)( 2 0x00000000 0 0 msft:rm/algorithm/hwid/4.0 0x00000000 0)(?)( 9 0x00000000 180 258909)( 10 0x00000000 msft:rm/algorithm/flags/1.0)(?)])(1 )(2 )(3 )]","source_name":"Microsoft-Windows-Security-SPP","z_elastic_ecs":{"agent":{},"log":{},"host":{},"event":{"provider":"Microsoft-Windows-Security-SPP","kind":"event","created":"2022-01-18T19:38:25.848Z","code":1003},"ecs":{"version":"1.4.0"},"winlog":{}},"beat_hostname":"dc","record_number":499,"log_name":"Application","etl_kafka_time":1642534705085,"etl_kafka_partition":0,"host_name":"dc.windomain.local"}},{"_index":"logs-endpoint-winevent-application-2022.01.18","_type":"_doc","_id":"a4e77f06bb7d63d0423fc21e4d92416f03efefe0","_score":1.0,"_source":{"level":"information","type":"wineventlog","etl_processed_time":"2022-01-18T19:38:35.346Z","etl_kafka_topic":"winlogbeat","keywords":["Classic"],"event_id":902,"param1":"10.0.14393.2248","provider_guid":"E23B33B0-C8C9-472C-A5F9-F2BDFEA0F156","task":"","event_original_time":"2022-01-18T19:38:25.243Z","etl_host_agent_type":"winlogbeat","etl_host_agent_ephemeral_uid":"473ad3e0-64cb-46c2-b806-1b5bf2ee3534","@version":"1","etl_kafka_offset":21533,"etl_version":"2020.04.19.01","etl_host_agent_uid":"a1f88b3f-2f88-447f-b94f-5b4a29bbdc8b","etl_pipeline":["all-filter-0098","all-add_processed_timestamp","fingerprint-winlogbeats7","winlogbeat_7_and_above-field_nest_cleanup","winlogbeat_7_and_above-field_cleanups","1500","1522","winevent-application-all-1534","general_rename-various_global_options","provider_guid-cleanup","winevent-hostname-cleanup","final-cleanup-message_field"],"@timestamp":"2022-01-18T19:38:25.243Z","beat_version":"7.6.2","event_original_message":"The Software Protection service has started.\n10.0.14393.2248","source_name":"Microsoft-Windows-Security-SPP","z_elastic_ecs":{"agent":{},"log":{},"host":{},"event":{"provider":"Microsoft-Windows-Security-SPP","kind":"event","created":"2022-01-18T19:38:25.849Z","code":902},"ecs":{"version":"1.4.0"},"winlog":{}},"beat_hostname":"dc","record_number":501,"log_name":"Application","etl_kafka_time":1642534705243,"etl_kafka_partition":0,"host_name":"dc.windomain.local"}},{"_index":"logs-endpoint-winevent-application-2022.01.18","_type":"_doc","_id":"1d1c7ea9bd02f8500c6638b08a7363a7e0d1e054","_score":1.0,"_source":{"level":"information","param2":"258909","type":"wineventlog","etl_processed_time":"2022-01-18T19:38:35.346Z","etl_kafka_topic":"winlogbeat","keywords":["Classic"],"event_id":1037,"param1":"validity","provider_guid":"E23B33B0-C8C9-472C-A5F9-F2BDFEA0F156","task":"","event_original_time":"2022-01-18T19:38:25.134Z","etl_host_agent_type":"winlogbeat","etl_host_agent_ephemeral_uid":"473ad3e0-64cb-46c2-b806-1b5bf2ee3534","@version":"1","etl_kafka_offset":21532,"etl_version":"2020.04.19.01","etl_host_agent_uid":"a1f88b3f-2f88-447f-b94f-5b4a29bbdc8b","etl_pipeline":["all-filter-0098","all-add_processed_timestamp","fingerprint-winlogbeats7","winlogbeat_7_and_above-field_nest_cleanup","winlogbeat_7_and_above-field_cleanups","1500","1522","winevent-application-all-1534","general_rename-various_global_options","provider_guid-cleanup","winevent-hostname-cleanup","final-cleanup-message_field"],"@timestamp":"2022-01-18T19:38:25.134Z","beat_version":"7.6.2","event_original_message":"Time-based license remaining validity time 258909 minutes.","source_name":"Microsoft-Windows-Security-SPP","z_elastic_ecs":{"agent":{},"log":{},"host":{},"event":{"provider":"Microsoft-Windows-Security-SPP","kind":"event","created":"2022-01-18T19:38:25.849Z","code":1037},"ecs":{"version":"1.4.0"},"winlog":{}},"beat_hostname":"dc","record_number":500,"log_name":"Application","etl_kafka_time":1642534705134,"etl_kafka_partition":0,"host_name":"dc.windomain.local"}},{"_index":"logs-endpoint-winevent-application-2022.01.18","_type":"_doc","_id":"f6921eae4f28dcb29339f99e09fee13823848231","_score":1.0,"_source":{"level":"information","spp_restart_reason":"TBL","type":"wineventlog","etl_processed_time":"2022-01-18T19:39:06.865Z","etl_kafka_topic":"winlogbeat","keywords":["Classic"],"event_id":16384,"provider_guid":"E23B33B0-C8C9-472C-A5F9-F2BDFEA0F156","task":"","spp_restart_scheduled":"2022-01-19T19:37:55Z","event_original_time":"2022-01-18T19:38:56.381Z","etl_host_agent_type":"winlogbeat","etl_host_agent_ephemeral_uid":"473ad3e0-64cb-46c2-b806-1b5bf2ee3534","@version":"1","etl_kafka_offset":21556,"etl_version":"2020.04.19.01","etl_host_agent_uid":"a1f88b3f-2f88-447f-b94f-5b4a29bbdc8b","etl_pipeline":["all-filter-0098","all-add_processed_timestamp","fingerprint-winlogbeats7","winlogbeat_7_and_above-field_nest_cleanup","winlogbeat_7_and_above-field_cleanups","1500","1522","winevent-application-all-1534","general_rename-various_global_options","provider_guid-cleanup","winevent-hostname-cleanup","final-cleanup-message_field"],"@timestamp":"2022-01-18T19:38:56.381Z","beat_version":"7.6.2","event_original_message":"Successfully scheduled Software Protection service for re-start at 2022-01-19T19:37:55Z. Reason: TBL.","source_name":"Microsoft-Windows-Security-SPP","z_elastic_ecs":{"agent":{},"log":{},"host":{},"event":{"provider":"Microsoft-Windows-Security-SPP","kind":"event","created":"2022-01-18T19:38:57.105Z","code":16384},"ecs":{"version":"1.4.0"},"winlog":{}},"beat_hostname":"dc","record_number":502,"log_name":"Application","etl_kafka_time":1642534736381,"etl_kafka_partition":0,"host_name":"dc.windomain.local"}},{"_index":"logs-endpoint-winevent-application-2022.01.18","_type":"_doc","_id":"1c8a55df44e32462ea7c5d070c19d89d08292826","_score":1.0,"_source":{"level":"information","type":"wineventlog","etl_processed_time":"2022-01-18T19:39:06.865Z","etl_kafka_topic":"winlogbeat","keywords":["Classic"],"event_id":903,"provider_guid":"E23B33B0-C8C9-472C-A5F9-F2BDFEA0F156","task":"","event_original_time":"2022-01-18T19:38:56.447Z","etl_host_agent_type":"winlogbeat","etl_host_agent_ephemeral_uid":"473ad3e0-64cb-46c2-b806-1b5bf2ee3534","@version":"1","etl_kafka_offset":21557,"etl_version":"2020.04.19.01","etl_host_agent_uid":"a1f88b3f-2f88-447f-b94f-5b4a29bbdc8b","etl_pipeline":["all-filter-0098","all-add_processed_timestamp","fingerprint-winlogbeats7","winlogbeat_7_and_above-field_nest_cleanup","winlogbeat_7_and_above-field_cleanups","1500","1522","winevent-application-all-1534","general_rename-various_global_options","provider_guid-cleanup","winevent-hostname-cleanup","final-cleanup-message_field"],"@timestamp":"2022-01-18T19:38:56.447Z","beat_version":"7.6.2","event_original_message":"The Software Protection service has stopped.","source_name":"Microsoft-Windows-Security-SPP","z_elastic_ecs":{"agent":{},"log":{},"host":{},"event":{"provider":"Microsoft-Windows-Security-SPP","kind":"event","created":"2022-01-18T19:38:57.105Z","code":903},"ecs":{"version":"1.4.0"},"winlog":{}},"beat_hostname":"dc","record_number":503,"log_name":"Application","etl_kafka_time":1642534736447,"etl_kafka_partition":0,"host_name":"dc.windomain.local"}}]}}