{"took":34,"timed_out":false,"_shards":{"total":1,"successful":1,"skipped":0,"failed":0},"hits":{"total":{"value":72,"relation":"eq"},"max_score":1.0,"hits":[{"_index":"logs-endpoint-winevent-application-2022.01.18","_type":"_doc","_id":"d8800f5cd4ce64ad53584679b4c654078e510327","_score":1.0,"_source":{"level":"information","spp_restart_reason":"TBL","type":"wineventlog","etl_processed_time":"2022-01-18T19:14:09.875Z","etl_kafka_topic":"winlogbeat","keywords":["Classic"],"event_id":16384,"provider_guid":"E23B33B0-C8C9-472C-A5F9-F2BDFEA0F156","task":"","spp_restart_scheduled":"2022-01-19T18:59:53Z","event_original_time":"2022-01-18T19:00:54.587Z","etl_host_agent_type":"winlogbeat","etl_host_agent_ephemeral_uid":"473ad3e0-64cb-46c2-b806-1b5bf2ee3534","@version":"1","etl_kafka_offset":39,"etl_version":"2020.04.19.01","etl_host_agent_uid":"a1f88b3f-2f88-447f-b94f-5b4a29bbdc8b","etl_pipeline":["all-filter-0098","all-add_processed_timestamp","fingerprint-winlogbeats7","winlogbeat_7_and_above-field_nest_cleanup","winlogbeat_7_and_above-field_cleanups","1500","1522","winevent-application-all-1534","general_rename-various_global_options","provider_guid-cleanup","winevent-hostname-cleanup","final-cleanup-message_field"],"@timestamp":"2022-01-18T19:00:54.587Z","beat_version":"7.6.2","event_original_message":"Successfully scheduled Software Protection service for re-start at 2022-01-19T18:59:53Z. Reason: TBL.","source_name":"Microsoft-Windows-Security-SPP","z_elastic_ecs":{"agent":{},"log":{},"host":{},"event":{"provider":"Microsoft-Windows-Security-SPP","kind":"event","created":"2022-01-18T19:02:50.024Z","code":16384},"ecs":{"version":"1.4.0"},"winlog":{}},"beat_hostname":"dc","record_number":484,"log_name":"Application","etl_kafka_time":1642532454586,"etl_kafka_partition":0,"host_name":"dc.windomain.local"}},{"_index":"logs-endpoint-winevent-application-2022.01.18","_type":"_doc","_id":"3a7cefa5a5f6a1e23690c31345a010bcf9f2ae6e","_score":1.0,"_source":{"level":"information","type":"wineventlog","etl_processed_time":"2022-01-18T19:14:09.848Z","etl_kafka_topic":"winlogbeat","keywords":["Classic"],"event_id":900,"param1":"caller=wlms.exe","provider_guid":"E23B33B0-C8C9-472C-A5F9-F2BDFEA0F156","task":"","event_original_time":"2022-01-18T19:00:12.024Z","etl_host_agent_type":"winlogbeat","etl_host_agent_ephemeral_uid":"473ad3e0-64cb-46c2-b806-1b5bf2ee3534","@version":"1","etl_kafka_offset":23,"etl_version":"2020.04.19.01","etl_host_agent_uid":"a1f88b3f-2f88-447f-b94f-5b4a29bbdc8b","etl_pipeline":["all-filter-0098","all-add_processed_timestamp","fingerprint-winlogbeats7","winlogbeat_7_and_above-field_nest_cleanup","winlogbeat_7_and_above-field_cleanups","1500","1522","winevent-application-all-1534","general_rename-various_global_options","provider_guid-cleanup","winevent-hostname-cleanup","final-cleanup-message_field"],"@timestamp":"2022-01-18T19:00:12.024Z","beat_version":"7.6.2","event_original_message":"The Software Protection service is starting.\nParameters:caller=wlms.exe","source_name":"Microsoft-Windows-Security-SPP","z_elastic_ecs":{"agent":{},"log":{},"host":{},"event":{"provider":"Microsoft-Windows-Security-SPP","kind":"event","created":"2022-01-18T19:02:50.012Z","code":900},"ecs":{"version":"1.4.0"},"winlog":{}},"beat_hostname":"dc","record_number":468,"log_name":"Application","etl_kafka_time":1642532412024,"etl_kafka_partition":0,"host_name":"dc.windomain.local"}},{"_index":"logs-endpoint-winevent-application-2022.01.18","_type":"_doc","_id":"c667f55cb02fe828d3ba38bd5cdeef637b873463","_score":1.0,"_source":{"level":"information","type":"wineventlog","etl_processed_time":"2022-01-18T19:14:09.851Z","etl_kafka_topic":"winlogbeat","keywords":["Classic"],"event_id":1066,"param1":"C:\\Windows\\system32\\sppwinob.dll, msft:spp/windowsfunctionality/agent/7.0, 0x00000000, 0x00000000\nC:\\Windows\\system32\\sppobjs.dll, msft:rm/algorithm/inherited/1.0, 0x00000000, 0x00000000\nC:\\Windows\\system32\\sppobjs.dll, msft:rm/algorithm/phone/1.0, 0x00000000, 0x00000000\nC:\\Windows\\system32\\sppobjs.dll, msft:rm/algorithm/pkey/detect, 0x00000000, 0x00000000\nC:\\Windows\\system32\\sppobjs.dll, msft:spp/ActionScheduler/1.0, 0x00000000, 0x00000000\nC:\\Windows\\system32\\sppobjs.dll, msft:spp/TaskScheduler/1.0, 0x00000000, 0x00000000\nC:\\Windows\\system32\\sppobjs.dll, msft:spp/statecollector/pkey, 0x00000000, 0x00000000\nC:\\Windows\\system32\\sppobjs.dll, msft:spp/volume/services/kms/1.0, 0x00000000, 0x00000000\nC:\\Windows\\system32\\sppobjs.dll, msft:spp/volume/services/kms/activationinfo/1.0, 0x00000000, 0x00000000","provider_guid":"E23B33B0-C8C9-472C-A5F9-F2BDFEA0F156","task":"","event_original_time":"2022-01-18T19:00:18.774Z","etl_host_agent_type":"winlogbeat","etl_host_agent_ephemeral_uid":"473ad3e0-64cb-46c2-b806-1b5bf2ee3534","@version":"1","etl_kafka_offset":24,"etl_version":"2020.04.19.01","etl_host_agent_uid":"a1f88b3f-2f88-447f-b94f-5b4a29bbdc8b","etl_pipeline":["all-filter-0098","all-add_processed_timestamp","fingerprint-winlogbeats7","winlogbeat_7_and_above-field_nest_cleanup","winlogbeat_7_and_above-field_cleanups","1500","1522","winevent-application-all-1534","general_rename-various_global_options","provider_guid-cleanup","winevent-hostname-cleanup","final-cleanup-message_field"],"@timestamp":"2022-01-18T19:00:18.774Z","beat_version":"7.6.2","event_original_message":"Initialization status for service objects.\nC:\\Windows\\system32\\sppwinob.dll, msft:spp/windowsfunctionality/agent/7.0, 0x00000000, 0x00000000\nC:\\Windows\\system32\\sppobjs.dll, msft:rm/algorithm/inherited/1.0, 0x00000000, 0x00000000\nC:\\Windows\\system32\\sppobjs.dll, msft:rm/algorithm/phone/1.0, 0x00000000, 0x00000000\nC:\\Windows\\system32\\sppobjs.dll, msft:rm/algorithm/pkey/detect, 0x00000000, 0x00000000\nC:\\Windows\\system32\\sppobjs.dll, msft:spp/ActionScheduler/1.0, 0x00000000, 0x00000000\nC:\\Windows\\system32\\sppobjs.dll, msft:spp/TaskScheduler/1.0, 0x00000000, 0x00000000\nC:\\Windows\\system32\\sppobjs.dll, msft:spp/statecollector/pkey, 0x00000000, 0x00000000\nC:\\Windows\\system32\\sppobjs.dll, msft:spp/volume/services/kms/1.0, 0x00000000, 0x00000000\nC:\\Windows\\system32\\sppobjs.dll, msft:spp/volume/services/kms/activationinfo/1.0, 0x00000000, 0x00000000","source_name":"Microsoft-Windows-Security-SPP","z_elastic_ecs":{"agent":{},"log":{},"host":{},"event":{"provider":"Microsoft-Windows-Security-SPP","kind":"event","created":"2022-01-18T19:02:50.012Z","code":1066},"ecs":{"version":"1.4.0"},"winlog":{}},"beat_hostname":"dc","record_number":469,"log_name":"Application","etl_kafka_time":1642532418773,"etl_kafka_partition":0,"host_name":"dc.windomain.local"}},{"_index":"logs-endpoint-winevent-application-2022.01.18","_type":"_doc","_id":"f9d571b39ef0ef6873aa8ece0953337469e41134","_score":1.0,"_source":{"level":"information","param2":"\n1: 9dfa8ec0-7665-4b9d-b2cb-bfc2dc37c9f4, 1, 1 [(0 [0x00000000, 1, 0], [(?)( 1 0x00000000)(?)( 2 0x00000000 0 0 msft:rm/algorithm/hwid/4.0 0x00000000 0)(?)( 9 0x00000000 180 258947)( 10 0x00000000 msft:rm/algorithm/flags/1.0)(?)])(1 )(2 )(3 )]","type":"wineventlog","etl_processed_time":"2022-01-18T19:14:09.852Z","etl_kafka_topic":"winlogbeat","keywords":["Classic"],"event_id":1003,"param1":"55c92734-d682-4d71-983e-d6ec3f16059f","provider_guid":"E23B33B0-C8C9-472C-A5F9-F2BDFEA0F156","task":"","event_original_time":"2022-01-18T19:00:21.511Z","etl_host_agent_type":"winlogbeat","etl_host_agent_ephemeral_uid":"473ad3e0-64cb-46c2-b806-1b5bf2ee3534","@version":"1","etl_kafka_offset":25,"etl_version":"2020.04.19.01","etl_host_agent_uid":"a1f88b3f-2f88-447f-b94f-5b4a29bbdc8b","etl_pipeline":["all-filter-0098","all-add_processed_timestamp","fingerprint-winlogbeats7","winlogbeat_7_and_above-field_nest_cleanup","winlogbeat_7_and_above-field_cleanups","1500","1522","winevent-application-all-1534","general_rename-various_global_options","provider_guid-cleanup","winevent-hostname-cleanup","final-cleanup-message_field"],"@timestamp":"2022-01-18T19:00:21.511Z","beat_version":"7.6.2","event_original_message":"The Software Protection service has completed licensing status check.\nApplication Id=55c92734-d682-4d71-983e-d6ec3f16059f\nLicensing Status=\n1: 9dfa8ec0-7665-4b9d-b2cb-bfc2dc37c9f4, 1, 1 [(0 [0x00000000, 1, 0], [(?)( 1 0x00000000)(?)( 2 0x00000000 0 0 msft:rm/algorithm/hwid/4.0 0x00000000 0)(?)( 9 0x00000000 180 258947)( 10 0x00000000 msft:rm/algorithm/flags/1.0)(?)])(1 )(2 )(3 )]","source_name":"Microsoft-Windows-Security-SPP","z_elastic_ecs":{"agent":{},"log":{},"host":{},"event":{"provider":"Microsoft-Windows-Security-SPP","kind":"event","created":"2022-01-18T19:02:50.022Z","code":1003},"ecs":{"version":"1.4.0"},"winlog":{}},"beat_hostname":"dc","record_number":470,"log_name":"Application","etl_kafka_time":1642532421511,"etl_kafka_partition":0,"host_name":"dc.windomain.local"}},{"_index":"logs-endpoint-winevent-application-2022.01.18","_type":"_doc","_id":"e65f144dfbd3ceca44e7fe98138031f0801f0cce","_score":1.0,"_source":{"level":"information","param2":"258947","type":"wineventlog","etl_processed_time":"2022-01-18T19:14:09.853Z","etl_kafka_topic":"winlogbeat","keywords":["Classic"],"event_id":1037,"param1":"validity","provider_guid":"E23B33B0-C8C9-472C-A5F9-F2BDFEA0F156","task":"","event_original_time":"2022-01-18T19:00:21.558Z","etl_host_agent_type":"winlogbeat","etl_host_agent_ephemeral_uid":"473ad3e0-64cb-46c2-b806-1b5bf2ee3534","@version":"1","etl_kafka_offset":26,"etl_version":"2020.04.19.01","etl_host_agent_uid":"a1f88b3f-2f88-447f-b94f-5b4a29bbdc8b","etl_pipeline":["all-filter-0098","all-add_processed_timestamp","fingerprint-winlogbeats7","winlogbeat_7_and_above-field_nest_cleanup","winlogbeat_7_and_above-field_cleanups","1500","1522","winevent-application-all-1534","general_rename-various_global_options","provider_guid-cleanup","winevent-hostname-cleanup","final-cleanup-message_field"],"@timestamp":"2022-01-18T19:00:21.558Z","beat_version":"7.6.2","event_original_message":"Time-based license remaining validity time 258947 minutes.","source_name":"Microsoft-Windows-Security-SPP","z_elastic_ecs":{"agent":{},"log":{},"host":{},"event":{"provider":"Microsoft-Windows-Security-SPP","kind":"event","created":"2022-01-18T19:02:50.022Z","code":1037},"ecs":{"version":"1.4.0"},"winlog":{}},"beat_hostname":"dc","record_number":471,"log_name":"Application","etl_kafka_time":1642532421558,"etl_kafka_partition":0,"host_name":"dc.windomain.local"}},{"_index":"logs-endpoint-winevent-application-2022.01.18","_type":"_doc","_id":"552cbfca81fa11faa6fd247c306870bf86ad64e8","_score":1.0,"_source":{"level":"information","type":"wineventlog","etl_processed_time":"2022-01-18T19:14:09.862Z","etl_kafka_topic":"winlogbeat","keywords":["Classic"],"event_id":902,"param1":"10.0.14393.2248","provider_guid":"E23B33B0-C8C9-472C-A5F9-F2BDFEA0F156","task":"","event_original_time":"2022-01-18T19:00:22.571Z","etl_host_agent_type":"winlogbeat","etl_host_agent_ephemeral_uid":"473ad3e0-64cb-46c2-b806-1b5bf2ee3534","@version":"1","etl_kafka_offset":27,"etl_version":"2020.04.19.01","etl_host_agent_uid":"a1f88b3f-2f88-447f-b94f-5b4a29bbdc8b","etl_pipeline":["all-filter-0098","all-add_processed_timestamp","fingerprint-winlogbeats7","winlogbeat_7_and_above-field_nest_cleanup","winlogbeat_7_and_above-field_cleanups","1500","1522","winevent-application-all-1534","general_rename-various_global_options","provider_guid-cleanup","winevent-hostname-cleanup","final-cleanup-message_field"],"@timestamp":"2022-01-18T19:00:22.571Z","beat_version":"7.6.2","event_original_message":"The Software Protection service has started.\n10.0.14393.2248","source_name":"Microsoft-Windows-Security-SPP","z_elastic_ecs":{"agent":{},"log":{},"host":{},"event":{"provider":"Microsoft-Windows-Security-SPP","kind":"event","created":"2022-01-18T19:02:50.022Z","code":902},"ecs":{"version":"1.4.0"},"winlog":{}},"beat_hostname":"dc","record_number":472,"log_name":"Application","etl_kafka_time":1642532422570,"etl_kafka_partition":0,"host_name":"dc.windomain.local"}},{"_index":"logs-endpoint-winevent-application-2022.01.18","_type":"_doc","_id":"47e1b9185e505f8446fc8a8cc882b56ce2429ed5","_score":1.0,"_source":{"level":"information","type":"wineventlog","etl_processed_time":"2022-01-18T19:14:09.875Z","etl_kafka_topic":"winlogbeat","keywords":["Classic"],"event_id":903,"provider_guid":"E23B33B0-C8C9-472C-A5F9-F2BDFEA0F156","task":"","event_original_time":"2022-01-18T19:00:54.680Z","etl_host_agent_type":"winlogbeat","etl_host_agent_ephemeral_uid":"473ad3e0-64cb-46c2-b806-1b5bf2ee3534","@version":"1","etl_kafka_offset":40,"etl_version":"2020.04.19.01","etl_host_agent_uid":"a1f88b3f-2f88-447f-b94f-5b4a29bbdc8b","etl_pipeline":["all-filter-0098","all-add_processed_timestamp","fingerprint-winlogbeats7","winlogbeat_7_and_above-field_nest_cleanup","winlogbeat_7_and_above-field_cleanups","1500","1522","winevent-application-all-1534","general_rename-various_global_options","provider_guid-cleanup","winevent-hostname-cleanup","final-cleanup-message_field"],"@timestamp":"2022-01-18T19:00:54.680Z","beat_version":"7.6.2","event_original_message":"The Software Protection service has stopped.","source_name":"Microsoft-Windows-Security-SPP","z_elastic_ecs":{"agent":{},"log":{},"host":{},"event":{"provider":"Microsoft-Windows-Security-SPP","kind":"event","created":"2022-01-18T19:02:50.024Z","code":903},"ecs":{"version":"1.4.0"},"winlog":{}},"beat_hostname":"dc","record_number":485,"log_name":"Application","etl_kafka_time":1642532454680,"etl_kafka_partition":0,"host_name":"dc.windomain.local"}},{"_index":"logs-endpoint-winevent-application-2022.01.18","_type":"_doc","_id":"79b2a76c7e0dfe8234911bf1230435c51886a9a5","_score":1.0,"_source":{"level":"information","type":"wineventlog","etl_processed_time":"2022-01-18T19:14:09.879Z","etl_kafka_topic":"winlogbeat","keywords":["Classic"],"event_id":900,"param1":"<none>","provider_guid":"E23B33B0-C8C9-472C-A5F9-F2BDFEA0F156","task":"","event_original_time":"2022-01-18T19:02:32.159Z","etl_host_agent_type":"winlogbeat","etl_host_agent_ephemeral_uid":"473ad3e0-64cb-46c2-b806-1b5bf2ee3534","@version":"1","etl_kafka_offset":42,"etl_version":"2020.04.19.01","etl_host_agent_uid":"a1f88b3f-2f88-447f-b94f-5b4a29bbdc8b","etl_pipeline":["all-filter-0098","all-add_processed_timestamp","fingerprint-winlogbeats7","winlogbeat_7_and_above-field_nest_cleanup","winlogbeat_7_and_above-field_cleanups","1500","1522","winevent-application-all-1534","general_rename-various_global_options","provider_guid-cleanup","winevent-hostname-cleanup","final-cleanup-message_field"],"@timestamp":"2022-01-18T19:02:32.159Z","beat_version":"7.6.2","event_original_message":"The Software Protection service is starting.\nParameters:<none>","source_name":"Microsoft-Windows-Security-SPP","z_elastic_ecs":{"agent":{},"log":{},"host":{},"event":{"provider":"Microsoft-Windows-Security-SPP","kind":"event","created":"2022-01-18T19:02:50.024Z","code":900},"ecs":{"version":"1.4.0"},"winlog":{}},"beat_hostname":"dc","record_number":487,"log_name":"Application","etl_kafka_time":1642532552159,"etl_kafka_partition":0,"host_name":"dc.windomain.local"}},{"_index":"logs-endpoint-winevent-application-2022.01.18","_type":"_doc","_id":"01566374f65fa0a13b550feb9b1b055ea6d05249","_score":1.0,"_source":{"level":"information","type":"wineventlog","etl_processed_time":"2022-01-18T19:14:09.879Z","etl_kafka_topic":"winlogbeat","keywords":["Classic"],"event_id":1066,"param1":"C:\\Windows\\system32\\sppwinob.dll, msft:spp/windowsfunctionality/agent/7.0, 0x00000000, 0x00000000\nC:\\Windows\\system32\\sppobjs.dll, msft:rm/algorithm/inherited/1.0, 0x00000000, 0x00000000\nC:\\Windows\\system32\\sppobjs.dll, msft:rm/algorithm/phone/1.0, 0x00000000, 0x00000000\nC:\\Windows\\system32\\sppobjs.dll, msft:rm/algorithm/pkey/detect, 0x00000000, 0x00000000\nC:\\Windows\\system32\\sppobjs.dll, msft:spp/ActionScheduler/1.0, 0x00000000, 0x00000000\nC:\\Windows\\system32\\sppobjs.dll, msft:spp/TaskScheduler/1.0, 0x00000000, 0x00000000\nC:\\Windows\\system32\\sppobjs.dll, msft:spp/statecollector/pkey, 0x00000000, 0x00000000\nC:\\Windows\\system32\\sppobjs.dll, msft:spp/volume/services/kms/1.0, 0x00000000, 0x00000000\nC:\\Windows\\system32\\sppobjs.dll, msft:spp/volume/services/kms/activationinfo/1.0, 0x00000000, 0x00000000","provider_guid":"E23B33B0-C8C9-472C-A5F9-F2BDFEA0F156","task":"","event_original_time":"2022-01-18T19:02:33.021Z","etl_host_agent_type":"winlogbeat","etl_host_agent_ephemeral_uid":"473ad3e0-64cb-46c2-b806-1b5bf2ee3534","@version":"1","etl_kafka_offset":43,"etl_version":"2020.04.19.01","etl_host_agent_uid":"a1f88b3f-2f88-447f-b94f-5b4a29bbdc8b","etl_pipeline":["all-filter-0098","all-add_processed_timestamp","fingerprint-winlogbeats7","winlogbeat_7_and_above-field_nest_cleanup","winlogbeat_7_and_above-field_cleanups","1500","1522","winevent-application-all-1534","general_rename-various_global_options","provider_guid-cleanup","winevent-hostname-cleanup","final-cleanup-message_field"],"@timestamp":"2022-01-18T19:02:33.021Z","beat_version":"7.6.2","event_original_message":"Initialization status for service objects.\nC:\\Windows\\system32\\sppwinob.dll, msft:spp/windowsfunctionality/agent/7.0, 0x00000000, 0x00000000\nC:\\Windows\\system32\\sppobjs.dll, msft:rm/algorithm/inherited/1.0, 0x00000000, 0x00000000\nC:\\Windows\\system32\\sppobjs.dll, msft:rm/algorithm/phone/1.0, 0x00000000, 0x00000000\nC:\\Windows\\system32\\sppobjs.dll, msft:rm/algorithm/pkey/detect, 0x00000000, 0x00000000\nC:\\Windows\\system32\\sppobjs.dll, msft:spp/ActionScheduler/1.0, 0x00000000, 0x00000000\nC:\\Windows\\system32\\sppobjs.dll, msft:spp/TaskScheduler/1.0, 0x00000000, 0x00000000\nC:\\Windows\\system32\\sppobjs.dll, msft:spp/statecollector/pkey, 0x00000000, 0x00000000\nC:\\Windows\\system32\\sppobjs.dll, msft:spp/volume/services/kms/1.0, 0x00000000, 0x00000000\nC:\\Windows\\system32\\sppobjs.dll, msft:spp/volume/services/kms/activationinfo/1.0, 0x00000000, 0x00000000","source_name":"Microsoft-Windows-Security-SPP","z_elastic_ecs":{"agent":{},"log":{},"host":{},"event":{"provider":"Microsoft-Windows-Security-SPP","kind":"event","created":"2022-01-18T19:02:50.024Z","code":1066},"ecs":{"version":"1.4.0"},"winlog":{}},"beat_hostname":"dc","record_number":488,"log_name":"Application","etl_kafka_time":1642532553021,"etl_kafka_partition":0,"host_name":"dc.windomain.local"}},{"_index":"logs-endpoint-winevent-application-2022.01.18","_type":"_doc","_id":"82a7eb7b4cb09a726b0f8c88ee338241e56a1252","_score":1.0,"_source":{"level":"information","param2":"\n1: 9dfa8ec0-7665-4b9d-b2cb-bfc2dc37c9f4, 1, 1 [(0 [0x00000000, 1, 0], [(?)( 1 0x00000000)(?)( 2 0x00000000 0 0 msft:rm/algorithm/hwid/4.0 0x00000000 0)(?)( 9 0x00000000 180 258945)( 10 0x00000000 msft:rm/algorithm/flags/1.0)(?)])(1 )(2 )(3 )]","type":"wineventlog","etl_processed_time":"2022-01-18T19:14:09.881Z","etl_kafka_topic":"winlogbeat","keywords":["Classic"],"event_id":1003,"param1":"55c92734-d682-4d71-983e-d6ec3f16059f","provider_guid":"E23B33B0-C8C9-472C-A5F9-F2BDFEA0F156","task":"","event_original_time":"2022-01-18T19:02:33.521Z","etl_host_agent_type":"winlogbeat","etl_host_agent_ephemeral_uid":"473ad3e0-64cb-46c2-b806-1b5bf2ee3534","@version":"1","etl_kafka_offset":44,"etl_version":"2020.04.19.01","etl_host_agent_uid":"a1f88b3f-2f88-447f-b94f-5b4a29bbdc8b","etl_pipeline":["all-filter-0098","all-add_processed_timestamp","fingerprint-winlogbeats7","winlogbeat_7_and_above-field_nest_cleanup","winlogbeat_7_and_above-field_cleanups","1500","1522","winevent-application-all-1534","general_rename-various_global_options","provider_guid-cleanup","winevent-hostname-cleanup","final-cleanup-message_field"],"@timestamp":"2022-01-18T19:02:33.521Z","beat_version":"7.6.2","event_original_message":"The Software Protection service has completed licensing status check.\nApplication Id=55c92734-d682-4d71-983e-d6ec3f16059f\nLicensing Status=\n1: 9dfa8ec0-7665-4b9d-b2cb-bfc2dc37c9f4, 1, 1 [(0 [0x00000000, 1, 0], [(?)( 1 0x00000000)(?)( 2 0x00000000 0 0 msft:rm/algorithm/hwid/4.0 0x00000000 0)(?)( 9 0x00000000 180 258945)( 10 0x00000000 msft:rm/algorithm/flags/1.0)(?)])(1 )(2 )(3 )]","source_name":"Microsoft-Windows-Security-SPP","z_elastic_ecs":{"agent":{},"log":{},"host":{},"event":{"provider":"Microsoft-Windows-Security-SPP","kind":"event","created":"2022-01-18T19:02:50.024Z","code":1003},"ecs":{"version":"1.4.0"},"winlog":{}},"beat_hostname":"dc","record_number":489,"log_name":"Application","etl_kafka_time":1642532553521,"etl_kafka_partition":0,"host_name":"dc.windomain.local"}},{"_index":"logs-endpoint-winevent-application-2022.01.18","_type":"_doc","_id":"588f6f93a8df49a1ca832435a88c1706a390f2d6","_score":1.0,"_source":{"level":"information","param2":"258945","type":"wineventlog","etl_processed_time":"2022-01-18T19:14:09.882Z","etl_kafka_topic":"winlogbeat","keywords":["Classic"],"event_id":1037,"param1":"validity","provider_guid":"E23B33B0-C8C9-472C-A5F9-F2BDFEA0F156","task":"","event_original_time":"2022-01-18T19:02:33.567Z","etl_host_agent_type":"winlogbeat","etl_host_agent_ephemeral_uid":"473ad3e0-64cb-46c2-b806-1b5bf2ee3534","@version":"1","etl_kafka_offset":45,"etl_version":"2020.04.19.01","etl_host_agent_uid":"a1f88b3f-2f88-447f-b94f-5b4a29bbdc8b","etl_pipeline":["all-filter-0098","all-add_processed_timestamp","fingerprint-winlogbeats7","winlogbeat_7_and_above-field_nest_cleanup","winlogbeat_7_and_above-field_cleanups","1500","1522","winevent-application-all-1534","general_rename-various_global_options","provider_guid-cleanup","winevent-hostname-cleanup","final-cleanup-message_field"],"@timestamp":"2022-01-18T19:02:33.567Z","beat_version":"7.6.2","event_original_message":"Time-based license remaining validity time 258945 minutes.","source_name":"Microsoft-Windows-Security-SPP","z_elastic_ecs":{"agent":{},"log":{},"host":{},"event":{"provider":"Microsoft-Windows-Security-SPP","kind":"event","created":"2022-01-18T19:02:50.024Z","code":1037},"ecs":{"version":"1.4.0"},"winlog":{}},"beat_hostname":"dc","record_number":490,"log_name":"Application","etl_kafka_time":1642532553567,"etl_kafka_partition":0,"host_name":"dc.windomain.local"}},{"_index":"logs-endpoint-winevent-application-2022.01.18","_type":"_doc","_id":"34b464a43cf2bca488bfc27f0cffb1bc84cc75eb","_score":1.0,"_source":{"level":"information","type":"wineventlog","etl_processed_time":"2022-01-18T19:14:09.883Z","etl_kafka_topic":"winlogbeat","keywords":["Classic"],"event_id":902,"param1":"10.0.14393.2248","provider_guid":"E23B33B0-C8C9-472C-A5F9-F2BDFEA0F156","task":"","event_original_time":"2022-01-18T19:02:33.734Z","etl_host_agent_type":"winlogbeat","etl_host_agent_ephemeral_uid":"473ad3e0-64cb-46c2-b806-1b5bf2ee3534","@version":"1","etl_kafka_offset":46,"etl_version":"2020.04.19.01","etl_host_agent_uid":"a1f88b3f-2f88-447f-b94f-5b4a29bbdc8b","etl_pipeline":["all-filter-0098","all-add_processed_timestamp","fingerprint-winlogbeats7","winlogbeat_7_and_above-field_nest_cleanup","winlogbeat_7_and_above-field_cleanups","1500","1522","winevent-application-all-1534","general_rename-various_global_options","provider_guid-cleanup","winevent-hostname-cleanup","final-cleanup-message_field"],"@timestamp":"2022-01-18T19:02:33.734Z","beat_version":"7.6.2","event_original_message":"The Software Protection service has started.\n10.0.14393.2248","source_name":"Microsoft-Windows-Security-SPP","z_elastic_ecs":{"agent":{},"log":{},"host":{},"event":{"provider":"Microsoft-Windows-Security-SPP","kind":"event","created":"2022-01-18T19:02:50.024Z","code":902},"ecs":{"version":"1.4.0"},"winlog":{}},"beat_hostname":"dc","record_number":491,"log_name":"Application","etl_kafka_time":1642532553733,"etl_kafka_partition":0,"host_name":"dc.windomain.local"}},{"_index":"logs-endpoint-winevent-application-2022.01.18","_type":"_doc","_id":"0a42db31b23b8ad6de9a342e785e9406e7689815","_score":1.0,"_source":{"level":"information","param2":"SuppressDuplicateDuration","type":"wineventlog","etl_processed_time":"2022-01-18T19:14:09.842Z","etl_kafka_topic":"winlogbeat","keywords":["Classic"],"event_id":4625,"param1":"86400","provider_guid":"899daace-4868-4295-afcd-9eb8fb497561","task":"","param3":"Software\\Microsoft\\EventSystem\\EventLog","event_original_time":"2022-01-18T18:59:24.711Z","etl_host_agent_type":"winlogbeat","etl_host_agent_ephemeral_uid":"473ad3e0-64cb-46c2-b806-1b5bf2ee3534","@version":"1","etl_kafka_offset":18,"etl_version":"2020.04.19.01","etl_host_agent_uid":"a1f88b3f-2f88-447f-b94f-5b4a29bbdc8b","etl_pipeline":["all-filter-0098","all-add_processed_timestamp","fingerprint-winlogbeats7","winlogbeat_7_and_above-field_nest_cleanup","winlogbeat_7_and_above-field_cleanups","1500","1522","winevent-application-all-1534","general_rename-various_global_options","provider_guid-cleanup","winevent-hostname-cleanup","final-cleanup-message_field"],"@timestamp":"2022-01-18T18:59:24.711Z","beat_version":"7.6.2","event_original_message":"The EventSystem sub system is suppressing duplicate event log entries for a duration of 86400 seconds.  The suppression timeout can be controlled by a REG_DWORD value named SuppressDuplicateDuration under the following registry key: HKLM\\Software\\Microsoft\\EventSystem\\EventLog.","source_name":"Microsoft-Windows-EventSystem","z_elastic_ecs":{"agent":{},"log":{},"host":{},"event":{"provider":"Microsoft-Windows-EventSystem","kind":"event","created":"2022-01-18T19:02:50.012Z","code":4625},"ecs":{"version":"1.4.0"},"winlog":{}},"beat_hostname":"dc","record_number":463,"log_name":"Application","etl_kafka_time":1642532364711,"etl_kafka_partition":0,"host_name":"dc.windomain.local"}},{"_index":"logs-endpoint-winevent-application-2022.01.18","_type":"_doc","_id":"c1263de5faadb644b4bc95949f64f9756b506bcc","_score":1.0,"_source":{"level":"information","type":"wineventlog","etl_processed_time":"2022-01-18T19:14:09.842Z","etl_kafka_topic":"winlogbeat","event_id":1531,"provider_guid":"89B1E9F0-5AFF-44A6-9B44-0A07A7CE5845","task":"","event_original_time":"2022-01-18T18:59:25.163Z","etl_host_agent_type":"winlogbeat","thread_id":1352,"etl_host_agent_ephemeral_uid":"473ad3e0-64cb-46c2-b806-1b5bf2ee3534","@version":"1","etl_kafka_offset":19,"etl_version":"2020.04.19.01","opcode":"Info","etl_host_agent_uid":"a1f88b3f-2f88-447f-b94f-5b4a29bbdc8b","etl_pipeline":["all-filter-0098","all-add_processed_timestamp","fingerprint-winlogbeats7","winlogbeat_7_and_above-field_nest_cleanup","winlogbeat_7_and_above-field_cleanups","1500","1522","winevent-application-all-1534","general_rename-various_global_options","provider_guid-cleanup","winevent-hostname-cleanup","final-cleanup-message_field"],"@timestamp":"2022-01-18T18:59:25.163Z","beat_version":"7.6.2","event_original_message":"The User Profile Service has started successfully.  ","source_name":"Microsoft-Windows-User Profiles Service","z_elastic_ecs":{"agent":{},"log":{},"host":{},"event":{"provider":"Microsoft-Windows-User Profiles Service","kind":"event","created":"2022-01-18T19:02:50.012Z","code":1531},"ecs":{"version":"1.4.0"},"user":{"identifier":"S-1-5-18","type":"User","domain":"NT AUTHORITY","name":"SYSTEM"},"winlog":{"process":{"thread":{}}}},"beat_hostname":"dc","process_id":980,"log_name":"Application","etl_kafka_time":1642532365163,"record_number":464,"etl_kafka_partition":0,"host_name":"dc.windomain.local"}},{"_index":"logs-endpoint-winevent-application-2022.01.18","_type":"_doc","_id":"dfb64d7f862bdbe4a93af43c9a370e5eb159ae4f","_score":1.0,"_source":{"level":"information","type":"wineventlog","etl_processed_time":"2022-01-18T19:14:09.843Z","etl_kafka_topic":"winlogbeat","version":2,"event_id":5615,"provider_guid":"1EDEEE53-0AFE-4609-B846-D8C0B2075B1F","task":"","event_original_time":"2022-01-18T18:59:25.850Z","etl_host_agent_type":"winlogbeat","thread_id":1508,"etl_host_agent_ephemeral_uid":"473ad3e0-64cb-46c2-b806-1b5bf2ee3534","@version":"1","etl_kafka_offset":20,"etl_version":"2020.04.19.01","opcode":"Info","etl_host_agent_uid":"a1f88b3f-2f88-447f-b94f-5b4a29bbdc8b","etl_pipeline":["all-filter-0098","all-add_processed_timestamp","fingerprint-winlogbeats7","winlogbeat_7_and_above-field_nest_cleanup","winlogbeat_7_and_above-field_cleanups","1500","1522","winevent-application-all-1534","general_rename-various_global_options","provider_guid-cleanup","winevent-hostname-cleanup","final-cleanup-message_field"],"@timestamp":"2022-01-18T18:59:25.850Z","beat_version":"7.6.2","event_original_message":"Windows Management Instrumentation Service started sucessfully","source_name":"Microsoft-Windows-WMI","z_elastic_ecs":{"agent":{},"log":{},"host":{},"event":{"provider":"Microsoft-Windows-WMI","kind":"event","created":"2022-01-18T19:02:50.012Z","code":5615},"ecs":{"version":"1.4.0"},"user":{"type":"User","identifier":"S-1-5-18","domain":"NT AUTHORITY","name":"SYSTEM"},"winlog":{"process":{"thread":{}}}},"beat_hostname":"dc","process_id":980,"log_name":"Application","etl_kafka_time":1642532365850,"record_number":465,"etl_kafka_partition":0,"host_name":"dc.windomain.local"}},{"_index":"logs-endpoint-winevent-application-2022.01.18","_type":"_doc","_id":"85c44500543ddf5cad8c1f378ef30bee91778a49","_score":1.0,"_source":{"level":"information","type":"wineventlog","etl_processed_time":"2022-01-18T19:14:09.844Z","etl_kafka_topic":"winlogbeat","version":2,"event_id":5617,"provider_guid":"1EDEEE53-0AFE-4609-B846-D8C0B2075B1F","task":"","event_original_time":"2022-01-18T18:59:32.473Z","etl_host_agent_type":"winlogbeat","thread_id":808,"etl_host_agent_ephemeral_uid":"473ad3e0-64cb-46c2-b806-1b5bf2ee3534","@version":"1","etl_kafka_offset":21,"etl_version":"2020.04.19.01","opcode":"Info","etl_host_agent_uid":"a1f88b3f-2f88-447f-b94f-5b4a29bbdc8b","etl_pipeline":["all-filter-0098","all-add_processed_timestamp","fingerprint-winlogbeats7","winlogbeat_7_and_above-field_nest_cleanup","winlogbeat_7_and_above-field_cleanups","1500","1522","winevent-application-all-1534","general_rename-various_global_options","provider_guid-cleanup","winevent-hostname-cleanup","final-cleanup-message_field"],"@timestamp":"2022-01-18T18:59:32.473Z","beat_version":"7.6.2","event_original_message":"Windows Management Instrumentation Service subsystems initialized successfully","source_name":"Microsoft-Windows-WMI","z_elastic_ecs":{"agent":{},"log":{},"host":{},"event":{"provider":"Microsoft-Windows-WMI","kind":"event","created":"2022-01-18T19:02:50.012Z","code":5617},"ecs":{"version":"1.4.0"},"user":{"type":"User","identifier":"S-1-5-18","domain":"NT AUTHORITY","name":"SYSTEM"},"winlog":{"process":{"thread":{}}}},"beat_hostname":"dc","process_id":980,"log_name":"Application","etl_kafka_time":1642532372473,"record_number":466,"etl_kafka_partition":0,"host_name":"dc.windomain.local"}},{"_index":"logs-endpoint-winevent-application-2022.01.18","_type":"_doc","_id":"87d977bbcea9fe10483f6e2c5bf4a33ba76e4421","_score":1.0,"_source":{"level":"warning","param2":"CreateSession","type":"wineventlog","etl_processed_time":"2022-01-18T19:14:09.863Z","etl_kafka_topic":"winlogbeat","keywords":["Classic"],"event_id":6005,"param1":"GPClient","provider_guid":"DBE9B383-7CF3-4331-91CC-A3CB16A3B538","task":"","event_original_time":"2022-01-18T19:00:28.056Z","etl_host_agent_type":"winlogbeat","etl_host_agent_ephemeral_uid":"473ad3e0-64cb-46c2-b806-1b5bf2ee3534","@version":"1","etl_kafka_offset":28,"etl_version":"2020.04.19.01","Binary":"18680F25","etl_host_agent_uid":"a1f88b3f-2f88-447f-b94f-5b4a29bbdc8b","etl_pipeline":["all-filter-0098","all-add_processed_timestamp","fingerprint-winlogbeats7","winlogbeat_7_and_above-field_nest_cleanup","winlogbeat_7_and_above-field_cleanups","1500","1522","winevent-application-all-1534","general_rename-various_global_options","provider_guid-cleanup","winevent-hostname-cleanup","final-cleanup-message_field"],"@timestamp":"2022-01-18T19:00:28.056Z","beat_version":"7.6.2","event_original_message":"The winlogon notification subscriber <GPClient> is taking long time to handle the notification event (CreateSession).","source_name":"Microsoft-Windows-Winlogon","z_elastic_ecs":{"agent":{},"log":{},"host":{},"event":{"provider":"Microsoft-Windows-Winlogon","kind":"event","created":"2022-01-18T19:02:50.022Z","code":6005},"ecs":{"version":"1.4.0"},"winlog":{}},"beat_hostname":"dc","record_number":473,"log_name":"Application","etl_kafka_time":1642532428056,"etl_kafka_partition":0,"host_name":"dc.windomain.local"}},{"_index":"logs-endpoint-winevent-application-2022.01.18","_type":"_doc","_id":"863a80291fbc5f7b8285b40f7d66918b76f816c9","_score":1.0,"_source":{"level":"information","param2":"SuppressDuplicateDuration","type":"wineventlog","etl_processed_time":"2022-01-18T19:14:09.863Z","etl_kafka_topic":"winlogbeat","keywords":["Classic"],"event_id":781,"param1":"86400","provider_guid":"0f177893-4a9c-4709-b921-f432d67f43d5","task":"","param3":"Software\\Microsoft\\COM3\\Eventlog","event_original_time":"2022-01-18T19:00:33.930Z","etl_host_agent_type":"winlogbeat","etl_host_agent_ephemeral_uid":"473ad3e0-64cb-46c2-b806-1b5bf2ee3534","@version":"1","etl_kafka_offset":29,"etl_version":"2020.04.19.01","etl_host_agent_uid":"a1f88b3f-2f88-447f-b94f-5b4a29bbdc8b","etl_pipeline":["all-filter-0098","all-add_processed_timestamp","fingerprint-winlogbeats7","winlogbeat_7_and_above-field_nest_cleanup","winlogbeat_7_and_above-field_cleanups","1500","1522","winevent-application-all-1534","general_rename-various_global_options","provider_guid-cleanup","winevent-hostname-cleanup","final-cleanup-message_field"],"@timestamp":"2022-01-18T19:00:33.930Z","beat_version":"7.6.2","event_original_message":"The COM+ sub system is suppressing duplicate event log entries for a duration of 86400 seconds.  The suppression timeout can be controlled by a REG_DWORD value named SuppressDuplicateDuration under the following registry key: HKLM\\Software\\Microsoft\\COM3\\Eventlog.","source_name":"Microsoft-Windows-Complus","z_elastic_ecs":{"agent":{},"log":{},"host":{},"event":{"provider":"Microsoft-Windows-Complus","kind":"event","created":"2022-01-18T19:02:50.022Z","code":781},"ecs":{"version":"1.4.0"},"winlog":{}},"beat_hostname":"dc","record_number":474,"log_name":"Application","etl_kafka_time":1642532433930,"etl_kafka_partition":0,"host_name":"dc.windomain.local"}},{"_index":"logs-endpoint-winevent-application-2022.01.18","_type":"_doc","_id":"2c7b01e055151486a63522876c158dfc0f60ebaf","_score":1.0,"_source":{"level":"information","param8":"Mutual Authentication Required","etl_processed_time":"2022-01-18T19:14:09.865Z","etl_kafka_topic":"winlogbeat","event_id":4202,"task":"TM","etl_host_agent_type":"winlogbeat","etl_kafka_offset":31,"etl_version":"2020.04.19.01","etl_host_agent_uid":"a1f88b3f-2f88-447f-b94f-5b4a29bbdc8b","param5":"0","@timestamp":"2022-01-18T19:00:40.946Z","beat_version":"7.6.2","z_elastic_ecs":{"agent":{},"log":{},"host":{},"event":{"code":4202,"provider":"Microsoft-Windows-MSDTC 2","action":"TM","kind":"event","created":"2022-01-18T19:02:50.022Z"},"ecs":{"version":"1.4.0"},"winlog":{}},"beat_hostname":"dc","log_name":"Application","etl_kafka_partition":0,"param7":"1","param12":"1","param9":"NT AUTHORITY\\NetworkService","param4":"0","param2":"0","type":"wineventlog","param11":"0","keywords":["Classic"],"param1":"0","provider_guid":"5D9E0020-3761-4f36-90C8-38CE6511BD12","param3":"0","event_original_time":"2022-01-18T19:00:40.946Z","etl_host_agent_ephemeral_uid":"473ad3e0-64cb-46c2-b806-1b5bf2ee3534","@version":"1","etl_pipeline":["all-filter-0098","all-add_processed_timestamp","fingerprint-winlogbeats7","winlogbeat_7_and_above-field_nest_cleanup","winlogbeat_7_and_above-field_cleanups","1500","1522","winevent-application-all-1534","general_rename-various_global_options","provider_guid-cleanup","winevent-hostname-cleanup","final-cleanup-message_field"],"param6":"0","record_number":476,"event_original_message":"MSDTC started with the following settings:\n\n Security Configuration (OFF = 0 and ON = 1):\n Allow Remote Administrator = 0,\n Network Clients = 0,\n Transaction Manager Communication: \n Allow Inbound Transactions = 0,\n Allow Outbound Transactions = 0,\n Transaction Internet Protocol (TIP) = 0,\n  Enable XA Transactions = 0,\n  Enable SNA LU 6.2 Transactions = 1,\n  MSDTC Communications Security = Mutual Authentication Required,\n Account = NT AUTHORITY\\NetworkService,\n  Firewall Exclusion Detected = 0\n\n Transaction Bridge Installed = 0\n Filtering Duplicate Events = 1","source_name":"Microsoft-Windows-MSDTC 2","etl_kafka_time":1642532440946,"param10":"0","host_name":"dc.windomain.local"}},{"_index":"logs-endpoint-winevent-application-2022.01.18","_type":"_doc","_id":"57e44707a96cd902d313a36614fabf0c8904dd3e","_score":1.0,"_source":{"level":"warning","param2":"83","type":"wineventlog","etl_processed_time":"2022-01-18T19:14:09.875Z","etl_kafka_topic":"winlogbeat","keywords":["Classic"],"event_id":6006,"param1":"GPClient","provider_guid":"DBE9B383-7CF3-4331-91CC-A3CB16A3B538","task":"","param3":"CreateSession","event_original_time":"2022-01-18T19:00:51.133Z","etl_host_agent_type":"winlogbeat","etl_host_agent_ephemeral_uid":"473ad3e0-64cb-46c2-b806-1b5bf2ee3534","@version":"1","etl_kafka_offset":38,"etl_version":"2020.04.19.01","Binary":"20000000","etl_host_agent_uid":"a1f88b3f-2f88-447f-b94f-5b4a29bbdc8b","etl_pipeline":["all-filter-0098","all-add_processed_timestamp","fingerprint-winlogbeats7","winlogbeat_7_and_above-field_nest_cleanup","winlogbeat_7_and_above-field_cleanups","1500","1522","winevent-application-all-1534","general_rename-various_global_options","provider_guid-cleanup","winevent-hostname-cleanup","final-cleanup-message_field"],"@timestamp":"2022-01-18T19:00:51.133Z","beat_version":"7.6.2","event_original_message":"The winlogon notification subscriber <GPClient> took 83 second(s) to handle the notification event (CreateSession).","source_name":"Microsoft-Windows-Winlogon","z_elastic_ecs":{"agent":{},"log":{},"host":{},"event":{"provider":"Microsoft-Windows-Winlogon","kind":"event","created":"2022-01-18T19:02:50.024Z","code":6006},"ecs":{"version":"1.4.0"},"winlog":{}},"beat_hostname":"dc","record_number":483,"log_name":"Application","etl_kafka_time":1642532451133,"etl_kafka_partition":0,"host_name":"dc.windomain.local"}},{"_index":"logs-endpoint-winevent-application-2022.01.18","_type":"_doc","_id":"afff894e70eb0a6f2ab4e0ff6699198d63ef50f0","_score":1.0,"_source":{"level":"information","type":"wineventlog","etl_processed_time":"2022-01-18T19:14:09.844Z","etl_kafka_topic":"winlogbeat","keywords":["Classic"],"event_id":105,"task":"","event_original_time":"2022-01-18T19:00:07.461Z","etl_host_agent_type":"winlogbeat","etl_host_agent_ephemeral_uid":"473ad3e0-64cb-46c2-b806-1b5bf2ee3534","@version":"1","etl_kafka_offset":22,"etl_version":"2020.04.19.01","opcode":"Info","etl_host_agent_uid":"a1f88b3f-2f88-447f-b94f-5b4a29bbdc8b","etl_pipeline":["all-filter-0098","all-add_processed_timestamp","fingerprint-winlogbeats7","winlogbeat_7_and_above-field_nest_cleanup","winlogbeat_7_and_above-field_cleanups","1500","1522","winevent-application-all-1534","general_rename-various_global_options","winevent-hostname-cleanup","final-cleanup-message_field"],"@timestamp":"2022-01-18T19:00:07.461Z","beat_version":"7.6.2","event_original_message":"The service was started.","source_name":"VMTools","z_elastic_ecs":{"agent":{},"log":{},"host":{},"event":{"provider":"VMTools","kind":"event","created":"2022-01-18T19:02:50.012Z","code":105},"ecs":{"version":"1.4.0"},"winlog":{}},"beat_hostname":"dc","record_number":467,"log_name":"Application","etl_kafka_time":1642532407461,"etl_kafka_partition":0,"host_name":"dc.windomain.local"}},{"_index":"logs-endpoint-winevent-application-2022.01.18","_type":"_doc","_id":"a40bb82ac92d5b8310fdd774723620f6fd1ceca2","_score":1.0,"_source":{"level":"information","type":"wineventlog","etl_processed_time":"2022-01-18T19:14:09.864Z","etl_kafka_topic":"winlogbeat","keywords":["Classic"],"event_id":258,"task":"","event_original_time":"2022-01-18T19:00:38.369Z","etl_host_agent_type":"winlogbeat","etl_host_agent_ephemeral_uid":"473ad3e0-64cb-46c2-b806-1b5bf2ee3534","@version":"1","etl_kafka_offset":30,"etl_version":"2020.04.19.01","opcode":"Info","etl_host_agent_uid":"a1f88b3f-2f88-447f-b94f-5b4a29bbdc8b","etl_pipeline":["all-filter-0098","all-add_processed_timestamp","fingerprint-winlogbeats7","winlogbeat_7_and_above-field_nest_cleanup","winlogbeat_7_and_above-field_cleanups","1500","1522","winevent-application-all-1534","general_rename-various_global_options","winevent-hostname-cleanup","final-cleanup-message_field"],"@timestamp":"2022-01-18T19:00:38.369Z","beat_version":"7.6.2","event_original_message":"Restoring network configuration.","source_name":"VMUpgradeHelper","z_elastic_ecs":{"agent":{},"log":{},"host":{},"event":{"provider":"VMUpgradeHelper","kind":"event","created":"2022-01-18T19:02:50.022Z","code":258},"ecs":{"version":"1.4.0"},"winlog":{}},"beat_hostname":"dc","record_number":475,"log_name":"Application","etl_kafka_time":1642532438369,"etl_kafka_partition":0,"host_name":"dc.windomain.local"}},{"_index":"logs-endpoint-winevent-application-2022.01.18","_type":"_doc","_id":"757d4e0beb21a46fdf00cc97964dfe974fd0c517","_score":1.0,"_source":{"level":"information","type":"wineventlog","etl_processed_time":"2022-01-18T19:14:09.867Z","etl_kafka_topic":"winlogbeat","keywords":["Classic"],"event_id":270,"param1":"00:0C:29:97:3B:C9","task":"","event_original_time":"2022-01-18T19:00:44.164Z","etl_host_agent_type":"winlogbeat","etl_host_agent_ephemeral_uid":"473ad3e0-64cb-46c2-b806-1b5bf2ee3534","@version":"1","etl_kafka_offset":32,"etl_version":"2020.04.19.01","opcode":"Info","etl_host_agent_uid":"a1f88b3f-2f88-447f-b94f-5b4a29bbdc8b","etl_pipeline":["all-filter-0098","all-add_processed_timestamp","fingerprint-winlogbeats7","winlogbeat_7_and_above-field_nest_cleanup","winlogbeat_7_and_above-field_cleanups","1500","1522","winevent-application-all-1534","general_rename-various_global_options","winevent-hostname-cleanup","final-cleanup-message_field"],"@timestamp":"2022-01-18T19:00:44.164Z","beat_version":"7.6.2","event_original_message":"Not restoring network configuration for adapter with MAC address 00:0C:29:97:3B:C9. The device ID for this adapter is unchanged.","source_name":"VMUpgradeHelper","z_elastic_ecs":{"agent":{},"log":{},"host":{},"event":{"provider":"VMUpgradeHelper","kind":"event","created":"2022-01-18T19:02:50.022Z","code":270},"ecs":{"version":"1.4.0"},"winlog":{}},"beat_hostname":"dc","record_number":477,"log_name":"Application","etl_kafka_time":1642532444164,"etl_kafka_partition":0,"host_name":"dc.windomain.local"}},{"_index":"logs-endpoint-winevent-application-2022.01.18","_type":"_doc","_id":"c7774400bcd4dd15840744f14a7ee6a460161ebf","_score":1.0,"_source":{"level":"information","type":"wineventlog","etl_processed_time":"2022-01-18T19:14:09.868Z","etl_kafka_topic":"winlogbeat","keywords":["Classic"],"event_id":270,"param1":"00:0C:29:97:3B:BF","task":"","event_original_time":"2022-01-18T19:00:44.571Z","etl_host_agent_type":"winlogbeat","etl_host_agent_ephemeral_uid":"473ad3e0-64cb-46c2-b806-1b5bf2ee3534","@version":"1","etl_kafka_offset":33,"etl_version":"2020.04.19.01","opcode":"Info","etl_host_agent_uid":"a1f88b3f-2f88-447f-b94f-5b4a29bbdc8b","etl_pipeline":["all-filter-0098","all-add_processed_timestamp","fingerprint-winlogbeats7","winlogbeat_7_and_above-field_nest_cleanup","winlogbeat_7_and_above-field_cleanups","1500","1522","winevent-application-all-1534","general_rename-various_global_options","winevent-hostname-cleanup","final-cleanup-message_field"],"@timestamp":"2022-01-18T19:00:44.571Z","beat_version":"7.6.2","event_original_message":"Not restoring network configuration for adapter with MAC address 00:0C:29:97:3B:BF. The device ID for this adapter is unchanged.","source_name":"VMUpgradeHelper","z_elastic_ecs":{"agent":{},"log":{},"host":{},"event":{"provider":"VMUpgradeHelper","kind":"event","created":"2022-01-18T19:02:50.022Z","code":270},"ecs":{"version":"1.4.0"},"winlog":{}},"beat_hostname":"dc","record_number":478,"log_name":"Application","etl_kafka_time":1642532444571,"etl_kafka_partition":0,"host_name":"dc.windomain.local"}},{"_index":"logs-endpoint-winevent-application-2022.01.18","_type":"_doc","_id":"24a55f7871ffb27fcaa3c1da42d73c2727f2b3c9","_score":1.0,"_source":{"level":"information","type":"wineventlog","etl_processed_time":"2022-01-18T19:14:09.873Z","etl_kafka_topic":"winlogbeat","keywords":["Classic"],"event_id":271,"task":"","event_original_time":"2022-01-18T19:00:44.602Z","etl_host_agent_type":"winlogbeat","etl_host_agent_ephemeral_uid":"473ad3e0-64cb-46c2-b806-1b5bf2ee3534","@version":"1","etl_kafka_offset":34,"etl_version":"2020.04.19.01","opcode":"Info","etl_host_agent_uid":"a1f88b3f-2f88-447f-b94f-5b4a29bbdc8b","etl_pipeline":["all-filter-0098","all-add_processed_timestamp","fingerprint-winlogbeats7","winlogbeat_7_and_above-field_nest_cleanup","winlogbeat_7_and_above-field_cleanups","1500","1522","winevent-application-all-1534","general_rename-various_global_options","winevent-hostname-cleanup","final-cleanup-message_field"],"@timestamp":"2022-01-18T19:00:44.602Z","beat_version":"7.6.2","event_original_message":"Restored network configuration.","source_name":"VMUpgradeHelper","z_elastic_ecs":{"agent":{},"log":{},"host":{},"event":{"provider":"VMUpgradeHelper","kind":"event","created":"2022-01-18T19:02:50.022Z","code":271},"ecs":{"version":"1.4.0"},"winlog":{}},"beat_hostname":"dc","record_number":479,"log_name":"Application","etl_kafka_time":1642532444602,"etl_kafka_partition":0,"host_name":"dc.windomain.local"}},{"_index":"logs-endpoint-winevent-application-2022.01.18","_type":"_doc","_id":"6f73f0960af1c34669521ce20bb3415d66051d09","_score":1.0,"_source":{"level":"information","param8":"0000","param4":"0","param2":"2396","type":"wineventlog","etl_processed_time":"2022-01-18T19:14:09.873Z","etl_kafka_topic":"winlogbeat","keywords":["Classic"],"event_id":102,"param1":"DFSRs","task":"General","param3":"\\\\.\\C:\\System Volume Information\\DFSR\\database_E484_1360_8413_3490\\dfsr.db: ","event_original_time":"2022-01-18T19:00:48.586Z","etl_host_agent_type":"winlogbeat","etl_host_agent_ephemeral_uid":"473ad3e0-64cb-46c2-b806-1b5bf2ee3534","@version":"1","etl_kafka_offset":35,"etl_version":"2020.04.19.01","opcode":"Info","etl_host_agent_uid":"a1f88b3f-2f88-447f-b94f-5b4a29bbdc8b","etl_pipeline":["all-filter-0098","all-add_processed_timestamp","fingerprint-winlogbeats7","winlogbeat_7_and_above-field_nest_cleanup","winlogbeat_7_and_above-field_cleanups","1500","1522","winevent-application-all-1534","general_rename-various_global_options","winevent-hostname-cleanup","final-cleanup-message_field"],"param5":"10","param6":"00","@timestamp":"2022-01-18T19:00:48.586Z","beat_version":"7.6.2","event_original_message":"DFSRs (2396) \\\\.\\C:\\System Volume Information\\DFSR\\database_E484_1360_8413_3490\\dfsr.db: The database engine (10.00.14393.0000) is starting a new instance (0).","source_name":"ESENT","z_elastic_ecs":{"agent":{},"log":{},"host":{},"event":{"kind":"event","provider":"ESENT","action":"General","created":"2022-01-18T19:02:50.022Z","code":102},"ecs":{"version":"1.4.0"},"winlog":{}},"beat_hostname":"dc","record_number":480,"log_name":"Application","etl_kafka_time":1642532448586,"etl_kafka_partition":0,"param7":"14393","host_name":"dc.windomain.local"}},{"_index":"logs-endpoint-winevent-application-2022.01.18","_type":"_doc","_id":"67e50ef31bc4f98a6381be5870c489c0a9f7cf24","_score":1.0,"_source":{"level":"information","param4":"0","param2":"2396","type":"wineventlog","etl_processed_time":"2022-01-18T19:14:09.874Z","etl_kafka_topic":"winlogbeat","keywords":["Classic"],"event_id":105,"param1":"DFSRs","task":"General","param3":"\\\\.\\C:\\System Volume Information\\DFSR\\database_E484_1360_8413_3490\\dfsr.db: ","event_original_time":"2022-01-18T19:00:50.055Z","etl_host_agent_type":"winlogbeat","etl_host_agent_ephemeral_uid":"473ad3e0-64cb-46c2-b806-1b5bf2ee3534","@version":"1","etl_kafka_offset":36,"etl_version":"2020.04.19.01","opcode":"Info","etl_host_agent_uid":"a1f88b3f-2f88-447f-b94f-5b4a29bbdc8b","etl_pipeline":["all-filter-0098","all-add_processed_timestamp","fingerprint-winlogbeats7","winlogbeat_7_and_above-field_nest_cleanup","winlogbeat_7_and_above-field_cleanups","1500","1522","winevent-application-all-1534","general_rename-various_global_options","winevent-hostname-cleanup","final-cleanup-message_field"],"param5":"1","param6":"[1] 0.000, [2] 0.000, [3] 0.015, [4] 1.094, [5] 0.000, [6] 0.000, [7] 0.359, [8] 0.000, [9] 0.000, [10] 0.000.","@timestamp":"2022-01-18T19:00:50.055Z","beat_version":"7.6.2","event_original_message":"DFSRs (2396) \\\\.\\C:\\System Volume Information\\DFSR\\database_E484_1360_8413_3490\\dfsr.db: The database engine started a new instance (0). (Time=1 seconds) \n \nInternal Timing Sequence: [1] 0.000, [2] 0.000, [3] 0.015, [4] 1.094, [5] 0.000, [6] 0.000, [7] 0.359, [8] 0.000, [9] 0.000, [10] 0.000.","source_name":"ESENT","z_elastic_ecs":{"agent":{},"log":{},"host":{},"event":{"code":105,"provider":"ESENT","kind":"event","action":"General","created":"2022-01-18T19:02:50.022Z"},"ecs":{"version":"1.4.0"},"winlog":{}},"beat_hostname":"dc","record_number":481,"log_name":"Application","etl_kafka_time":1642532450055,"etl_kafka_partition":0,"host_name":"dc.windomain.local"}},