{"_index":"logs-endpoint-winevent-wmiactivity-2022.01.18","_type":"_doc","_id":"a38826c36377c529cffca7e6bc467b34fa36c9a8","_score":1.0,"_source":{"level":"error","wmi_component":"Unknown","wmi_xml_operation":"Operation_ClientFailure","etl_processed_time":"2022-01-18T19:17:23.814Z","etl_kafka_topic":"winlogbeat","event_id":5858,"meta_user_name_is_machine":"false","task":"","etl_host_agent_type":"winlogbeat","user_domain":"nt authority","user_name":"system","wmi_client_machine":"WIN10","etl_kafka_offset":3074,"etl_version":"2020.04.19.01","etl_host_agent_uid":"8faec186-b368-44a8-a9c5-6e284dfc7aea","@timestamp":"2022-01-18T17:41:11.514Z","beat_version":"7.6.2","z_elastic_ecs":{"agent":{},"log":{},"host":{},"event":{"provider":"Microsoft-Windows-WMI-Activity","kind":"event","created":"2022-01-18T19:17:14.619Z","code":5858},"ecs":{"version":"1.4.0"},"user":{"type":"User","identifier":"S-1-5-18","domain":"NT AUTHORITY","name":"SYSTEM"},"winlog":{"process":{"thread":{}}}},"beat_hostname":"win10","log_name":"Microsoft-Windows-WMI-Activity/Operational","wmi_id":"{3C52321B-3A5D-4210-AE56-79EECB96E4FD}","etl_kafka_partition":0,"wmi_operation":"Start IWbemServices::DeleteInstance - Root\\Rsop\\User\\S_1_5_21_2710683477_379927232_207942850_1000 : RSOP_ExtensionStatus.extensionGuid=\"{6232C319-91AC-4931-9385-E70C2B099F0E}\"","wmi_possible_cause":"Unknown","User":"nt authority\\system","type":"wineventlog","provider_guid":"1418ef04-b0b4-4623-bf7e-d74ab47bbdaa","wmi_result_code":"0x80041002","event_original_time":"2022-01-18T17:41:11.514Z","thread_id":3816,"etl_host_agent_ephemeral_uid":"298c86f2-fe36-4c4c-88aa-2a80cc6ed89e","@version":"1","opcode":"Info","etl_pipeline":["all-filter-0098","all-add_processed_timestamp","fingerprint-winlogbeats7","winlogbeat_7_and_above-field_nest_cleanup","winlogbeat_7_and_above-field_cleanups","1500","1522","wmi-user_field_renames","wmi-all-extract_domain_and_user_name","wmi-event_id-5858-field_rename","general_rename-various_global_options","provider_guid-cleanup","winevent-hostname-cleanup","winevent-user_name-is-machine-account","final-cleanup-message_field"],"record_number":322,"event_original_message":"Id = {3C52321B-3A5D-4210-AE56-79EECB96E4FD}; ClientMachine = WIN10; User = NT AUTHORITY\\SYSTEM; ClientProcessId = 2740; Component = Unknown; Operation = Start IWbemServices::DeleteInstance - Root\\Rsop\\User\\S_1_5_21_2710683477_379927232_207942850_1000 : RSOP_ExtensionStatus.extensionGuid=\"{6232C319-91AC-4931-9385-E70C2B099F0E}\"; ResultCode = 0x80041002; PossibleCause = Unknown","source_name":"Microsoft-Windows-WMI-Activity","process_id":"2740","etl_kafka_time":1642527671514,"host_name":"win10.windomain.local"}},{"_index":"logs-endpoint-winevent-wmiactivity-2022.01.18","_type":"_doc","_id":"eb7972c1f921bc21b2c30637b0d380d2a1aca2cd","_score":1.0,"_source":{"level":"information","activity_id":"{f6080b4b-0c88-0002-26bb-08f6880cd801}","wmi_xml_operation":"Operation_EssStarted","etl_processed_time":"2022-01-18T19:17:23.813Z","etl_kafka_topic":"winlogbeat","event_id":5859,"task":"","wmi_namespace":"//./root/cimv2","etl_host_agent_type":"winlogbeat","etl_kafka_offset":3054,"etl_version":"2020.04.19.01","etl_host_agent_uid":"8faec186-b368-44a8-a9c5-6e284dfc7aea","@timestamp":"2022-01-18T16:47:35.679Z","wmi_query_id":"0","beat_version":"7.6.2","z_elastic_ecs":{"agent":{},"log":{},"host":{},"event":{"provider":"Microsoft-Windows-WMI-Activity","kind":"event","created":"2022-01-18T19:17:14.615Z","code":5859},"ecs":{"version":"1.4.0"},"user":{"type":"User","identifier":"S-1-5-18","domain":"NT AUTHORITY","name":"SYSTEM"},"winlog":{"process":{"thread":{}}}},"beat_hostname":"win10","log_name":"Microsoft-Windows-WMI-Activity/Operational","etl_kafka_partition":0,"wmi_possible_cause":"Permanent","User":"s-1-5-32-544","type":"wineventlog","tags":["_parsefailure","parsefailure-grok-User-extract_domain_and_user_name"],"provider_guid":"1418ef04-b0b4-4623-bf7e-d74ab47bbdaa","wmi_provider":"SCM Event Provider","event_original_time":"2022-01-18T16:47:35.679Z","wmi_query":"select * from MSFT_SCMEventLogEvent","thread_id":3532,"etl_host_agent_ephemeral_uid":"298c86f2-fe36-4c4c-88aa-2a80cc6ed89e","@version":"1","opcode":"Info","etl_pipeline":["all-filter-0098","all-add_processed_timestamp","fingerprint-winlogbeats7","winlogbeat_7_and_above-field_nest_cleanup","winlogbeat_7_and_above-field_cleanups","1500","1522","wmi-user_field_renames","wmi-event_id-5859-field_rename","general_rename-various_global_options","provider_guid-cleanup","winevent-hostname-cleanup","final-cleanup-message_field"],"record_number":302,"event_original_message":"Namespace = //./ROOT/CIMV2; NotificationQuery = select * from MSFT_SCMEventLogEvent; OwnerName = S-1-5-32-544; HostProcessID = 2912;  Provider= SCM Event Provider, queryID = 0; PossibleCause = Permanent","source_name":"Microsoft-Windows-WMI-Activity","process_id":"2912","etl_kafka_time":1642524455680,"host_name":"win10.windomain.local"}},{"_index":"logs-endpoint-winevent-wmiactivity-2022.01.18","_type":"_doc","_id":"4b7196d62755cd8e50621145d1d26fecd3bbdae2","_score":1.0,"_source":{"level":"information","wmi_xml_operation":"Operation_TemporaryEssStarted","etl_processed_time":"2022-01-18T19:17:23.887Z","etl_kafka_topic":"winlogbeat","event_id":5860,"meta_user_name_is_machine":"false","task":"","wmi_namespace":"root\\subscription","etl_host_agent_type":"winlogbeat","user_domain":"nt authority","user_name":"system","wmi_client_machine":"WIN10","etl_kafka_offset":3055,"etl_version":"2020.04.19.01","etl_host_agent_uid":"8faec186-b368-44a8-a9c5-6e284dfc7aea","@timestamp":"2022-01-18T16:47:35.702Z","beat_version":"7.6.2","z_elastic_ecs":{"agent":{},"log":{},"host":{},"event":{"provider":"Microsoft-Windows-WMI-Activity","kind":"event","created":"2022-01-18T19:17:14.615Z","code":5860},"ecs":{"version":"1.4.0"},"user":{"identifier":"S-1-5-18","type":"User","domain":"NT AUTHORITY","name":"SYSTEM"},"winlog":{"process":{"thread":{}}}},"beat_hostname":"win10","log_name":"Microsoft-Windows-WMI-Activity/Operational","etl_kafka_partition":0,"wmi_possible_cause":"Temporary","User":"nt authority\\system","type":"wineventlog","provider_guid":"1418ef04-b0b4-4623-bf7e-d74ab47bbdaa","event_original_time":"2022-01-18T16:47:35.702Z","wmi_query":"SELECT * FROM __InstanceOperationEvent WITHIN 5WHERE TargetInstance ISA '__EventConsumer' OR TargetInstance ISA '__EventFilter' OR TargetInstance ISA '__FilterToConsumerBinding'","thread_id":4860,"etl_host_agent_ephemeral_uid":"298c86f2-fe36-4c4c-88aa-2a80cc6ed89e","@version":"1","opcode":"Info","etl_pipeline":["all-filter-0098","all-add_processed_timestamp","fingerprint-winlogbeats7","winlogbeat_7_and_above-field_nest_cleanup","winlogbeat_7_and_above-field_cleanups","1500","1522","wmi-user_field_renames","wmi-all-extract_domain_and_user_name","wmi-event_id-5860-field_rename","general_rename-various_global_options","provider_guid-cleanup","winevent-hostname-cleanup","winevent-user_name-is-machine-account","final-cleanup-message_field"],"record_number":303,"event_original_message":"Namespace = ROOT\\Subscription; NotificationQuery = SELECT * FROM __InstanceOperationEvent WITHIN 5WHERE TargetInstance ISA '__EventConsumer' OR TargetInstance ISA '__EventFilter' OR TargetInstance ISA '__FilterToConsumerBinding'; UserName = NT AUTHORITY\\SYSTEM; ClientProcessID = 2076, ClientMachine = WIN10; PossibleCause = Temporary","source_name":"Microsoft-Windows-WMI-Activity","process_id":"2076","etl_kafka_time":1642524455702,"host_name":"win10.windomain.local"}},{"_index":"logs-endpoint-winevent-wmiactivity-2022.01.18","_type":"_doc","_id":"be135c8ca7c55a16673802fe56689b29352a6ba5","_score":1.0,"_source":{"level":"error","activity_id":"{f6080b4b-0c88-0000-3f80-08f6880cd801}","wmi_component":"Unknown","wmi_xml_operation":"Operation_ClientFailure","etl_processed_time":"2022-01-18T19:17:23.887Z","etl_kafka_topic":"winlogbeat","event_id":5858,"meta_user_name_is_machine":"false","task":"","etl_host_agent_type":"winlogbeat","user_domain":"nt authority","user_name":"system","wmi_client_machine":"WIN10","etl_kafka_offset":3059,"etl_version":"2020.04.19.01","etl_host_agent_uid":"8faec186-b368-44a8-a9c5-6e284dfc7aea","@timestamp":"2022-01-18T16:50:36.269Z","beat_version":"7.6.2","z_elastic_ecs":{"agent":{},"log":{},"host":{},"event":{"provider":"Microsoft-Windows-WMI-Activity","kind":"event","created":"2022-01-18T19:17:14.616Z","code":5858},"ecs":{"version":"1.4.0"},"user":{"type":"User","identifier":"S-1-5-18","domain":"NT AUTHORITY","name":"SYSTEM"},"winlog":{"process":{"thread":{}}}},"beat_hostname":"win10","log_name":"Microsoft-Windows-WMI-Activity/Operational","wmi_id":"{F6080B4B-0C88-0000-3F80-08F6880CD801}","etl_kafka_partition":0,"wmi_operation":"Start IWbemServices::ExecNotificationQuery - ROOT\\CIMV2 : SELECT * FROM Win32_ProcessStartTrace WHERE ProcessName = 'wsmprovhost.exe'","wmi_possible_cause":"Unknown","User":"nt authority\\system","type":"wineventlog","provider_guid":"1418ef04-b0b4-4623-bf7e-d74ab47bbdaa","wmi_result_code":"0x80041032","event_original_time":"2022-01-18T16:50:36.269Z","thread_id":3612,"etl_host_agent_ephemeral_uid":"298c86f2-fe36-4c4c-88aa-2a80cc6ed89e","@version":"1","opcode":"Info","etl_pipeline":["all-filter-0098","all-add_processed_timestamp","fingerprint-winlogbeats7","winlogbeat_7_and_above-field_nest_cleanup","winlogbeat_7_and_above-field_cleanups","1500","1522","wmi-user_field_renames","wmi-all-extract_domain_and_user_name","wmi-event_id-5858-field_rename","general_rename-various_global_options","provider_guid-cleanup","winevent-hostname-cleanup","winevent-user_name-is-machine-account","final-cleanup-message_field"],"record_number":307,"event_original_message":"Id = {F6080B4B-0C88-0000-3F80-08F6880CD801}; ClientMachine = WIN10; User = NT AUTHORITY\\SYSTEM; ClientProcessId = 3656; Component = Unknown; Operation = Start IWbemServices::ExecNotificationQuery - ROOT\\CIMV2 : SELECT * FROM Win32_ProcessStartTrace WHERE ProcessName = 'wsmprovhost.exe'; ResultCode = 0x80041032; PossibleCause = Unknown","source_name":"Microsoft-Windows-WMI-Activity","process_id":"3656","etl_kafka_time":1642524636270,"host_name":"win10.windomain.local"}},{"_index":"logs-endpoint-winevent-wmiactivity-2022.01.18","_type":"_doc","_id":"1950e8b0a5f1a0ac8d2045005d202c660873ba5b","_score":1.0,"_source":{"level":"error","wmi_component":"Unknown","wmi_xml_operation":"Operation_ClientFailure","etl_processed_time":"2022-01-18T19:17:23.887Z","etl_kafka_topic":"winlogbeat","event_id":5858,"meta_user_name_is_machine":"false","task":"","etl_host_agent_type":"winlogbeat","user_domain":"nt authority","user_name":"system","wmi_client_machine":"WIN10","etl_kafka_offset":3063,"etl_version":"2020.04.19.01","etl_host_agent_uid":"8faec186-b368-44a8-a9c5-6e284dfc7aea","@timestamp":"2022-01-18T17:41:11.320Z","beat_version":"7.6.2","z_elastic_ecs":{"agent":{},"log":{},"host":{},"event":{"provider":"Microsoft-Windows-WMI-Activity","kind":"event","created":"2022-01-18T19:17:14.617Z","code":5858},"ecs":{"version":"1.4.0"},"user":{"type":"User","identifier":"S-1-5-18","domain":"NT AUTHORITY","name":"SYSTEM"},"winlog":{"process":{"thread":{}}}},"beat_hostname":"win10","log_name":"Microsoft-Windows-WMI-Activity/Operational","wmi_id":"{3C52321B-3A5D-4210-AE56-79EECB96E4FD}","etl_kafka_partition":0,"wmi_operation":"Start IWbemServices::DeleteInstance - Root\\Rsop\\User\\S_1_5_21_2710683477_379927232_207942850_1000 : RSOP_ExtensionStatus.extensionGuid=\"{17D89FEC-5C44-4972-B12D-241CAEF74509}\"","wmi_possible_cause":"Unknown","User":"nt authority\\system","type":"wineventlog","provider_guid":"1418ef04-b0b4-4623-bf7e-d74ab47bbdaa","wmi_result_code":"0x80041002","event_original_time":"2022-01-18T17:41:11.320Z","thread_id":3816,"etl_host_agent_ephemeral_uid":"298c86f2-fe36-4c4c-88aa-2a80cc6ed89e","@version":"1","opcode":"Info","etl_pipeline":["all-filter-0098","all-add_processed_timestamp","fingerprint-winlogbeats7","winlogbeat_7_and_above-field_nest_cleanup","winlogbeat_7_and_above-field_cleanups","1500","1522","wmi-user_field_renames","wmi-all-extract_domain_and_user_name","wmi-event_id-5858-field_rename","general_rename-various_global_options","provider_guid-cleanup","winevent-hostname-cleanup","winevent-user_name-is-machine-account","final-cleanup-message_field"],"record_number":311,"event_original_message":"Id = {3C52321B-3A5D-4210-AE56-79EECB96E4FD}; ClientMachine = WIN10; User = NT AUTHORITY\\SYSTEM; ClientProcessId = 2740; Component = Unknown; Operation = Start IWbemServices::DeleteInstance - Root\\Rsop\\User\\S_1_5_21_2710683477_379927232_207942850_1000 : RSOP_ExtensionStatus.extensionGuid=\"{17D89FEC-5C44-4972-B12D-241CAEF74509}\"; ResultCode = 0x80041002; PossibleCause = Unknown","source_name":"Microsoft-Windows-WMI-Activity","process_id":"2740","etl_kafka_time":1642527671321,"host_name":"win10.windomain.local"}},{"_index":"logs-endpoint-winevent-wmiactivity-2022.01.18","_type":"_doc","_id":"9747d07a3361bcfbf7494e7d105e0cbf0ce5d7de","_score":1.0,"_source":{"level":"error","wmi_component":"Unknown","wmi_xml_operation":"Operation_ClientFailure","etl_processed_time":"2022-01-18T19:17:23.887Z","etl_kafka_topic":"winlogbeat","event_id":5858,"meta_user_name_is_machine":"false","task":"","etl_host_agent_type":"winlogbeat","user_domain":"nt authority","user_name":"system","wmi_client_machine":"WIN10","etl_kafka_offset":3067,"etl_version":"2020.04.19.01","etl_host_agent_uid":"8faec186-b368-44a8-a9c5-6e284dfc7aea","@timestamp":"2022-01-18T17:41:11.371Z","beat_version":"7.6.2","z_elastic_ecs":{"agent":{},"log":{},"host":{},"event":{"provider":"Microsoft-Windows-WMI-Activity","kind":"event","created":"2022-01-18T19:17:14.617Z","code":5858},"ecs":{"version":"1.4.0"},"user":{"identifier":"S-1-5-18","type":"User","domain":"NT AUTHORITY","name":"SYSTEM"},"winlog":{"process":{"thread":{}}}},"beat_hostname":"win10","log_name":"Microsoft-Windows-WMI-Activity/Operational","wmi_id":"{3C52321B-3A5D-4210-AE56-79EECB96E4FD}","etl_kafka_partition":0,"wmi_operation":"Start IWbemServices::DeleteInstance - Root\\Rsop\\User\\S_1_5_21_2710683477_379927232_207942850_1000 : RSOP_ExtensionStatus.extensionGuid=\"{3A0DBA37-F8B2-4356-83DE-3E90BD5C261F}\"","wmi_possible_cause":"Unknown","User":"nt authority\\system","type":"wineventlog","provider_guid":"1418ef04-b0b4-4623-bf7e-d74ab47bbdaa","wmi_result_code":"0x80041002","event_original_time":"2022-01-18T17:41:11.371Z","thread_id":3816,"etl_host_agent_ephemeral_uid":"298c86f2-fe36-4c4c-88aa-2a80cc6ed89e","@version":"1","opcode":"Info","etl_pipeline":["all-filter-0098","all-add_processed_timestamp","fingerprint-winlogbeats7","winlogbeat_7_and_above-field_nest_cleanup","winlogbeat_7_and_above-field_cleanups","1500","1522","wmi-user_field_renames","wmi-all-extract_domain_and_user_name","wmi-event_id-5858-field_rename","general_rename-various_global_options","provider_guid-cleanup","winevent-hostname-cleanup","winevent-user_name-is-machine-account","final-cleanup-message_field"],"record_number":315,"event_original_message":"Id = {3C52321B-3A5D-4210-AE56-79EECB96E4FD}; ClientMachine = WIN10; User = NT AUTHORITY\\SYSTEM; ClientProcessId = 2740; Component = Unknown; Operation = Start IWbemServices::DeleteInstance - Root\\Rsop\\User\\S_1_5_21_2710683477_379927232_207942850_1000 : RSOP_ExtensionStatus.extensionGuid=\"{3A0DBA37-F8B2-4356-83DE-3E90BD5C261F}\"; ResultCode = 0x80041002; PossibleCause = Unknown","source_name":"Microsoft-Windows-WMI-Activity","process_id":"2740","etl_kafka_time":1642527671371,"host_name":"win10.windomain.local"}},{"_index":"logs-endpoint-winevent-wmiactivity-2022.01.18","_type":"_doc","_id":"a6806c30c92bb42d29cc77789545cb5d41e7b1f6","_score":1.0,"_source":{"level":"error","wmi_component":"Unknown","wmi_xml_operation":"Operation_ClientFailure","etl_processed_time":"2022-01-18T19:17:23.888Z","etl_kafka_topic":"winlogbeat","event_id":5858,"meta_user_name_is_machine":"false","task":"","etl_host_agent_type":"winlogbeat","user_domain":"nt authority","user_name":"system","wmi_client_machine":"WIN10","etl_kafka_offset":3071,"etl_version":"2020.04.19.01","etl_host_agent_uid":"8faec186-b368-44a8-a9c5-6e284dfc7aea","@timestamp":"2022-01-18T17:41:11.466Z","beat_version":"7.6.2","z_elastic_ecs":{"agent":{},"log":{},"host":{},"event":{"provider":"Microsoft-Windows-WMI-Activity","kind":"event","created":"2022-01-18T19:17:14.619Z","code":5858},"ecs":{"version":"1.4.0"},"user":{"type":"User","identifier":"S-1-5-18","domain":"NT AUTHORITY","name":"SYSTEM"},"winlog":{"process":{"thread":{}}}},"beat_hostname":"win10","log_name":"Microsoft-Windows-WMI-Activity/Operational","wmi_id":"{3C52321B-3A5D-4210-AE56-79EECB96E4FD}","etl_kafka_partition":0,"wmi_operation":"Start IWbemServices::DeleteInstance - Root\\Rsop\\User\\S_1_5_21_2710683477_379927232_207942850_1000 : RSOP_ExtensionStatus.extensionGuid=\"{4D2F9B6F-1E52-4711-A382-6A8B1A003DE6}\"","wmi_possible_cause":"Unknown","User":"nt authority\\system","type":"wineventlog","provider_guid":"1418ef04-b0b4-4623-bf7e-d74ab47bbdaa","wmi_result_code":"0x80041002","event_original_time":"2022-01-18T17:41:11.466Z","thread_id":3816,"etl_host_agent_ephemeral_uid":"298c86f2-fe36-4c4c-88aa-2a80cc6ed89e","@version":"1","opcode":"Info","etl_pipeline":["all-filter-0098","all-add_processed_timestamp","fingerprint-winlogbeats7","winlogbeat_7_and_above-field_nest_cleanup","winlogbeat_7_and_above-field_cleanups","1500","1522","wmi-user_field_renames","wmi-all-extract_domain_and_user_name","wmi-event_id-5858-field_rename","general_rename-various_global_options","provider_guid-cleanup","winevent-hostname-cleanup","winevent-user_name-is-machine-account","final-cleanup-message_field"],"record_number":319,"event_original_message":"Id = {3C52321B-3A5D-4210-AE56-79EECB96E4FD}; ClientMachine = WIN10; User = NT AUTHORITY\\SYSTEM; ClientProcessId = 2740; Component = Unknown; Operation = Start IWbemServices::DeleteInstance - Root\\Rsop\\User\\S_1_5_21_2710683477_379927232_207942850_1000 : RSOP_ExtensionStatus.extensionGuid=\"{4D2F9B6F-1E52-4711-A382-6A8B1A003DE6}\"; ResultCode = 0x80041002; PossibleCause = Unknown","source_name":"Microsoft-Windows-WMI-Activity","process_id":"2740","etl_kafka_time":1642527671467,"host_name":"win10.windomain.local"}},{"_index":"logs-endpoint-winevent-wmiactivity-2022.01.18","_type":"_doc","_id":"30fa19db7fd82d65f395fb6cd2bb634324612f5f","_score":1.0,"_source":{"level":"error","wmi_component":"Unknown","wmi_xml_operation":"Operation_ClientFailure","etl_processed_time":"2022-01-18T19:17:23.888Z","etl_kafka_topic":"winlogbeat","event_id":5858,"meta_user_name_is_machine":"false","task":"","etl_host_agent_type":"winlogbeat","user_domain":"nt authority","user_name":"system","wmi_client_machine":"WIN10","etl_kafka_offset":3075,"etl_version":"2020.04.19.01","etl_host_agent_uid":"8faec186-b368-44a8-a9c5-6e284dfc7aea","@timestamp":"2022-01-18T17:41:11.517Z","beat_version":"7.6.2","z_elastic_ecs":{"agent":{},"log":{},"host":{},"event":{"provider":"Microsoft-Windows-WMI-Activity","kind":"event","created":"2022-01-18T19:17:14.619Z","code":5858},"ecs":{"version":"1.4.0"},"user":{"identifier":"S-1-5-18","type":"User","domain":"NT AUTHORITY","name":"SYSTEM"},"winlog":{"process":{"thread":{}}}},"beat_hostname":"win10","log_name":"Microsoft-Windows-WMI-Activity/Operational","wmi_id":"{3C52321B-3A5D-4210-AE56-79EECB96E4FD}","etl_kafka_partition":0,"wmi_operation":"Start IWbemServices::DeleteInstance - Root\\Rsop\\User\\S_1_5_21_2710683477_379927232_207942850_1000 : RSOP_ExtensionStatus.extensionGuid=\"{7150F9BF-48AD-4da4-A49C-29EF4A8369BA}\"","wmi_possible_cause":"Unknown","User":"nt authority\\system","type":"wineventlog","provider_guid":"1418ef04-b0b4-4623-bf7e-d74ab47bbdaa","wmi_result_code":"0x80041002","event_original_time":"2022-01-18T17:41:11.517Z","thread_id":3816,"etl_host_agent_ephemeral_uid":"298c86f2-fe36-4c4c-88aa-2a80cc6ed89e","@version":"1","opcode":"Info","etl_pipeline":["all-filter-0098","all-add_processed_timestamp","fingerprint-winlogbeats7","winlogbeat_7_and_above-field_nest_cleanup","winlogbeat_7_and_above-field_cleanups","1500","1522","wmi-user_field_renames","wmi-all-extract_domain_and_user_name","wmi-event_id-5858-field_rename","general_rename-various_global_options","provider_guid-cleanup","winevent-hostname-cleanup","winevent-user_name-is-machine-account","final-cleanup-message_field"],"record_number":323,"event_original_message":"Id = {3C52321B-3A5D-4210-AE56-79EECB96E4FD}; ClientMachine = WIN10; User = NT AUTHORITY\\SYSTEM; ClientProcessId = 2740; Component = Unknown; Operation = Start IWbemServices::DeleteInstance - Root\\Rsop\\User\\S_1_5_21_2710683477_379927232_207942850_1000 : RSOP_ExtensionStatus.extensionGuid=\"{7150F9BF-48AD-4da4-A49C-29EF4A8369BA}\"; ResultCode = 0x80041002; PossibleCause = Unknown","source_name":"Microsoft-Windows-WMI-Activity","process_id":"2740","etl_kafka_time":1642527671518,"host_name":"win10.windomain.local"}},{"_index":"logs-endpoint-winevent-wmiactivity-2022.01.18","_type":"_doc","_id":"9aac9e91236ed6d5a2b8540d71a723065bb196a9","_score":1.0,"_source":{"level":"error","wmi_component":"Unknown","wmi_xml_operation":"Operation_ClientFailure","etl_processed_time":"2022-01-18T19:17:23.814Z","etl_kafka_topic":"winlogbeat","event_id":5858,"meta_user_name_is_machine":"false","task":"","etl_host_agent_type":"winlogbeat","user_domain":"nt authority","user_name":"system","wmi_client_machine":"WIN10","etl_kafka_offset":3061,"etl_version":"2020.04.19.01","etl_host_agent_uid":"8faec186-b368-44a8-a9c5-6e284dfc7aea","@timestamp":"2022-01-18T17:41:11.313Z","beat_version":"7.6.2","z_elastic_ecs":{"agent":{},"log":{},"host":{},"event":{"provider":"Microsoft-Windows-WMI-Activity","kind":"event","created":"2022-01-18T19:17:14.617Z","code":5858},"ecs":{"version":"1.4.0"},"user":{"type":"User","identifier":"S-1-5-18","domain":"NT AUTHORITY","name":"SYSTEM"},"winlog":{"process":{"thread":{}}}},"beat_hostname":"win10","log_name":"Microsoft-Windows-WMI-Activity/Operational","wmi_id":"{3C52321B-3A5D-4210-AE56-79EECB96E4FD}","etl_kafka_partition":0,"wmi_operation":"Start IWbemServices::DeleteInstance - Root\\Rsop\\User\\S_1_5_21_2710683477_379927232_207942850_1000 : RSOP_ExtensionStatus.extensionGuid=\"{0E28E245-9368-4853-AD84-6DA3BA35BB75}\"","wmi_possible_cause":"Unknown","User":"nt authority\\system","type":"wineventlog","provider_guid":"1418ef04-b0b4-4623-bf7e-d74ab47bbdaa","wmi_result_code":"0x80041002","event_original_time":"2022-01-18T17:41:11.313Z","thread_id":3816,"etl_host_agent_ephemeral_uid":"298c86f2-fe36-4c4c-88aa-2a80cc6ed89e","@version":"1","opcode":"Info","etl_pipeline":["all-filter-0098","all-add_processed_timestamp","fingerprint-winlogbeats7","winlogbeat_7_and_above-field_nest_cleanup","winlogbeat_7_and_above-field_cleanups","1500","1522","wmi-user_field_renames","wmi-all-extract_domain_and_user_name","wmi-event_id-5858-field_rename","general_rename-various_global_options","provider_guid-cleanup","winevent-hostname-cleanup","winevent-user_name-is-machine-account","final-cleanup-message_field"],"record_number":309,"event_original_message":"Id = {3C52321B-3A5D-4210-AE56-79EECB96E4FD}; ClientMachine = WIN10; User = NT AUTHORITY\\SYSTEM; ClientProcessId = 2740; Component = Unknown; Operation = Start IWbemServices::DeleteInstance - Root\\Rsop\\User\\S_1_5_21_2710683477_379927232_207942850_1000 : RSOP_ExtensionStatus.extensionGuid=\"{0E28E245-9368-4853-AD84-6DA3BA35BB75}\"; ResultCode = 0x80041002; PossibleCause = Unknown","source_name":"Microsoft-Windows-WMI-Activity","process_id":"2740","etl_kafka_time":1642527671313,"host_name":"win10.windomain.local"}},{"_index":"logs-endpoint-winevent-wmiactivity-2022.01.18","_type":"_doc","_id":"4cd88e0dab1249ca92e1ac349cf85359a23a56d3","_score":1.0,"_source":{"level":"error","wmi_component":"Unknown","wmi_xml_operation":"Operation_ClientFailure","etl_processed_time":"2022-01-18T19:17:23.814Z","etl_kafka_topic":"winlogbeat","event_id":5858,"meta_user_name_is_machine":"false","task":"","etl_host_agent_type":"winlogbeat","user_domain":"nt authority","user_name":"system","wmi_client_machine":"WIN10","etl_kafka_offset":3065,"etl_version":"2020.04.19.01","etl_host_agent_uid":"8faec186-b368-44a8-a9c5-6e284dfc7aea","@timestamp":"2022-01-18T17:41:11.354Z","beat_version":"7.6.2","z_elastic_ecs":{"agent":{},"log":{},"host":{},"event":{"provider":"Microsoft-Windows-WMI-Activity","kind":"event","created":"2022-01-18T19:17:14.617Z","code":5858},"ecs":{"version":"1.4.0"},"user":{"type":"User","identifier":"S-1-5-18","domain":"NT AUTHORITY","name":"SYSTEM"},"winlog":{"process":{"thread":{}}}},"beat_hostname":"win10","log_name":"Microsoft-Windows-WMI-Activity/Operational","wmi_id":"{3C52321B-3A5D-4210-AE56-79EECB96E4FD}","etl_kafka_partition":0,"wmi_operation":"Start IWbemServices::DeleteInstance - Root\\Rsop\\User\\S_1_5_21_2710683477_379927232_207942850_1000 : RSOP_ExtensionStatus.extensionGuid=\"{25537BA6-77A8-11D2-9B6C-0000F8080861}\"","wmi_possible_cause":"Unknown","User":"nt authority\\system","type":"wineventlog","provider_guid":"1418ef04-b0b4-4623-bf7e-d74ab47bbdaa","wmi_result_code":"0x80041002","event_original_time":"2022-01-18T17:41:11.354Z","thread_id":3816,"etl_host_agent_ephemeral_uid":"298c86f2-fe36-4c4c-88aa-2a80cc6ed89e","@version":"1","opcode":"Info","etl_pipeline":["all-filter-0098","all-add_processed_timestamp","fingerprint-winlogbeats7","winlogbeat_7_and_above-field_nest_cleanup","winlogbeat_7_and_above-field_cleanups","1500","1522","wmi-user_field_renames","wmi-all-extract_domain_and_user_name","wmi-event_id-5858-field_rename","general_rename-various_global_options","provider_guid-cleanup","winevent-hostname-cleanup","winevent-user_name-is-machine-account","final-cleanup-message_field"],"record_number":313,"event_original_message":"Id = {3C52321B-3A5D-4210-AE56-79EECB96E4FD}; ClientMachine = WIN10; User = NT AUTHORITY\\SYSTEM; ClientProcessId = 2740; Component = Unknown; Operation = Start IWbemServices::DeleteInstance - Root\\Rsop\\User\\S_1_5_21_2710683477_379927232_207942850_1000 : RSOP_ExtensionStatus.extensionGuid=\"{25537BA6-77A8-11D2-9B6C-0000F8080861}\"; ResultCode = 0x80041002; PossibleCause = Unknown","source_name":"Microsoft-Windows-WMI-Activity","process_id":"2740","etl_kafka_time":1642527671354,"host_name":"win10.windomain.local"}},{"_index":"logs-endpoint-winevent-wmiactivity-2022.01.18","_type":"_doc","_id":"a14d1771f52d60dbe63022031c32b3f5d8adee51","_score":1.0,"_source":{"level":"error","wmi_component":"Unknown","wmi_xml_operation":"Operation_ClientFailure","etl_processed_time":"2022-01-18T19:17:23.814Z","etl_kafka_topic":"winlogbeat","event_id":5858,"meta_user_name_is_machine":"false","task":"","etl_host_agent_type":"winlogbeat","user_domain":"nt authority","user_name":"system","wmi_client_machine":"WIN10","etl_kafka_offset":3069,"etl_version":"2020.04.19.01","etl_host_agent_uid":"8faec186-b368-44a8-a9c5-6e284dfc7aea","@timestamp":"2022-01-18T17:41:11.378Z","beat_version":"7.6.2","z_elastic_ecs":{"agent":{},"log":{},"host":{},"event":{"provider":"Microsoft-Windows-WMI-Activity","kind":"event","created":"2022-01-18T19:17:14.617Z","code":5858},"ecs":{"version":"1.4.0"},"user":{"identifier":"S-1-5-18","type":"User","domain":"NT AUTHORITY","name":"SYSTEM"},"winlog":{"process":{"thread":{}}}},"beat_hostname":"win10","log_name":"Microsoft-Windows-WMI-Activity/Operational","wmi_id":"{3C52321B-3A5D-4210-AE56-79EECB96E4FD}","etl_kafka_partition":0,"wmi_operation":"Start IWbemServices::DeleteInstance - Root\\Rsop\\User\\S_1_5_21_2710683477_379927232_207942850_1000 : RSOP_ExtensionStatus.extensionGuid=\"{4B7C3B0F-E993-4E06-A241-3FBE06943684}\"","wmi_possible_cause":"Unknown","User":"nt authority\\system","type":"wineventlog","provider_guid":"1418ef04-b0b4-4623-bf7e-d74ab47bbdaa","wmi_result_code":"0x80041002","event_original_time":"2022-01-18T17:41:11.378Z","thread_id":3816,"etl_host_agent_ephemeral_uid":"298c86f2-fe36-4c4c-88aa-2a80cc6ed89e","@version":"1","opcode":"Info","etl_pipeline":["all-filter-0098","all-add_processed_timestamp","fingerprint-winlogbeats7","winlogbeat_7_and_above-field_nest_cleanup","winlogbeat_7_and_above-field_cleanups","1500","1522","wmi-user_field_renames","wmi-all-extract_domain_and_user_name","wmi-event_id-5858-field_rename","general_rename-various_global_options","provider_guid-cleanup","winevent-hostname-cleanup","winevent-user_name-is-machine-account","final-cleanup-message_field"],"record_number":317,"event_original_message":"Id = {3C52321B-3A5D-4210-AE56-79EECB96E4FD}; ClientMachine = WIN10; User = NT AUTHORITY\\SYSTEM; ClientProcessId = 2740; Component = Unknown; Operation = Start IWbemServices::DeleteInstance - Root\\Rsop\\User\\S_1_5_21_2710683477_379927232_207942850_1000 : RSOP_ExtensionStatus.extensionGuid=\"{4B7C3B0F-E993-4E06-A241-3FBE06943684}\"; ResultCode = 0x80041002; PossibleCause = Unknown","source_name":"Microsoft-Windows-WMI-Activity","process_id":"2740","etl_kafka_time":1642527671378,"host_name":"win10.windomain.local"}},{"_index":"logs-endpoint-winevent-wmiactivity-2022.01.18","_type":"_doc","_id":"e14e8d58417399ffb7c8a4f7b2913629c8f94a20","_score":1.0,"_source":{"level":"error","wmi_component":"Unknown","wmi_xml_operation":"Operation_ClientFailure","etl_processed_time":"2022-01-18T19:17:23.815Z","etl_kafka_topic":"winlogbeat","event_id":5858,"meta_user_name_is_machine":"false","task":"","etl_host_agent_type":"winlogbeat","user_domain":"nt authority","user_name":"system","wmi_client_machine":"WIN10","etl_kafka_offset":3073,"etl_version":"2020.04.19.01","etl_host_agent_uid":"8faec186-b368-44a8-a9c5-6e284dfc7aea","@timestamp":"2022-01-18T17:41:11.473Z","beat_version":"7.6.2","z_elastic_ecs":{"agent":{},"log":{},"host":{},"event":{"provider":"Microsoft-Windows-WMI-Activity","kind":"event","created":"2022-01-18T19:17:14.619Z","code":5858},"ecs":{"version":"1.4.0"},"user":{"type":"User","identifier":"S-1-5-18","domain":"NT AUTHORITY","name":"SYSTEM"},"winlog":{"process":{"thread":{}}}},"beat_hostname":"win10","log_name":"Microsoft-Windows-WMI-Activity/Operational","wmi_id":"{3C52321B-3A5D-4210-AE56-79EECB96E4FD}","etl_kafka_partition":0,"wmi_operation":"Start IWbemServices::DeleteInstance - Root\\Rsop\\User\\S_1_5_21_2710683477_379927232_207942850_1000 : RSOP_ExtensionStatus.extensionGuid=\"{5794DAFD-BE60-433f-88A2-1A31939AC01F}\"","wmi_possible_cause":"Unknown","User":"nt authority\\system","type":"wineventlog","provider_guid":"1418ef04-b0b4-4623-bf7e-d74ab47bbdaa","wmi_result_code":"0x80041002","event_original_time":"2022-01-18T17:41:11.473Z","thread_id":3816,"etl_host_agent_ephemeral_uid":"298c86f2-fe36-4c4c-88aa-2a80cc6ed89e","@version":"1","opcode":"Info","etl_pipeline":["all-filter-0098","all-add_processed_timestamp","fingerprint-winlogbeats7","winlogbeat_7_and_above-field_nest_cleanup","winlogbeat_7_and_above-field_cleanups","1500","1522","wmi-user_field_renames","wmi-all-extract_domain_and_user_name","wmi-event_id-5858-field_rename","general_rename-various_global_options","provider_guid-cleanup","winevent-hostname-cleanup","winevent-user_name-is-machine-account","final-cleanup-message_field"],"record_number":321,"event_original_message":"Id = {3C52321B-3A5D-4210-AE56-79EECB96E4FD}; ClientMachine = WIN10; User = NT AUTHORITY\\SYSTEM; ClientProcessId = 2740; Component = Unknown; Operation = Start IWbemServices::DeleteInstance - Root\\Rsop\\User\\S_1_5_21_2710683477_379927232_207942850_1000 : RSOP_ExtensionStatus.extensionGuid=\"{5794DAFD-BE60-433f-88A2-1A31939AC01F}\"; ResultCode = 0x80041002; PossibleCause = Unknown","source_name":"Microsoft-Windows-WMI-Activity","process_id":"2740","etl_kafka_time":1642527671473,"host_name":"win10.windomain.local"}},{"_index":"logs-endpoint-winevent-wmiactivity-2022.01.18","_type":"_doc","_id":"3edd364055b602120425b3464690d56dc5ccfab3","_score":1.0,"_source":{"level":"information","wmi_xml_operation":"Operation_ESStoConsumerBinding","type":"wineventlog","etl_processed_time":"2022-01-18T19:17:23.814Z","etl_kafka_topic":"winlogbeat","event_id":5861,"provider_guid":"1418ef04-b0b4-4623-bf7e-d74ab47bbdaa","task":"","wmi_namespace":"//./ROOT/Subscription","event_original_time":"2022-01-18T16:47:35.613Z","etl_host_agent_type":"winlogbeat","wmi_consumer":"NTEventLogEventConsumer=\"SCM Event Log Consumer\"","thread_id":3532,"etl_host_agent_ephemeral_uid":"298c86f2-fe36-4c4c-88aa-2a80cc6ed89e","@version":"1","etl_kafka_offset":3053,"etl_version":"2020.04.19.01","opcode":"Info","etl_host_agent_uid":"8faec186-b368-44a8-a9c5-6e284dfc7aea","etl_pipeline":["all-filter-0098","all-add_processed_timestamp","fingerprint-winlogbeats7","winlogbeat_7_and_above-field_nest_cleanup","winlogbeat_7_and_above-field_cleanups","1500","1522","wmi-user_field_renames","wmi-event_id-5861-field_rename","general_rename-various_global_options","provider_guid-cleanup","winevent-hostname-cleanup","final-cleanup-message_field"],"@timestamp":"2022-01-18T16:47:35.613Z","beat_version":"7.6.2","event_original_message":"Namespace = //./ROOT/Subscription; Eventfilter = SCM Event Log Filter (refer to its activate eventid:5859); Consumer = NTEventLogEventConsumer=\"SCM Event Log Consumer\"; PossibleCause = Binding EventFilter: \ninstance of __EventFilter\n{\n\tCreatorSID = {1, 2, 0, 0, 0, 0, 0, 5, 32, 0, 0, 0, 32, 2, 0, 0};\n\tEventNamespace = \"root\\\\cimv2\";\n\tName = \"SCM Event Log Filter\";\n\tQuery = \"select * from MSFT_SCMEventLogEvent\";\n\tQueryLanguage = \"WQL\";\n};\nPerm. Consumer: \ninstance of NTEventLogEventConsumer\n{\n\tCategory = 0;\n\tCreatorSID = {1, 2, 0, 0, 0, 0, 0, 5, 32, 0, 0, 0, 32, 2, 0, 0};\n\tEventType = 1;\n\tName = \"SCM Event Log Consumer\";\n\tNameOfUserSIDProperty = \"sid\";\n\tSourceName = \"Service Control Manager\";\n};","source_name":"Microsoft-Windows-WMI-Activity","z_elastic_ecs":{"agent":{},"log":{},"host":{},"event":{"provider":"Microsoft-Windows-WMI-Activity","kind":"event","created":"2022-01-18T19:17:14.615Z","code":5861},"ecs":{"version":"1.4.0"},"user":{"type":"User","identifier":"S-1-5-18","domain":"NT AUTHORITY","name":"SYSTEM"},"winlog":{"process":{"thread":{}}}},"beat_hostname":"win10","process_id":2912,"log_name":"Microsoft-Windows-WMI-Activity/Operational","etl_kafka_time":1642524455613,"record_number":301,"etl_kafka_partition":0,"host_name":"win10.windomain.local","wmi_event_subsystem":"SCM Event Log Filter","wmi_possible_cause":"Binding EventFilter: \ninstance of __EventFilter\n{\n\tCreatorSID = {1, 2, 0, 0, 0, 0, 0, 5, 32, 0, 0, 0, 32, 2, 0, 0};\n\tEventNamespace = \"root\\\\cimv2\";\n\tName = \"SCM Event Log Filter\";\n\tQuery = \"select * from MSFT_SCMEventLogEvent\";\n\tQueryLanguage = \"WQL\";\n};\nPerm. Consumer: \ninstance of NTEventLogEventConsumer\n{\n\tCategory = 0;\n\tCreatorSID = {1, 2, 0, 0, 0, 0, 0, 5, 32, 0, 0, 0, 32, 2, 0, 0};\n\tEventType = 1;\n\tName = \"SCM Event Log Consumer\";\n\tNameOfUserSIDProperty = \"sid\";\n\tSourceName = \"Service Control Manager\";\n};"}},{"_index":"logs-endpoint-winevent-wmiactivity-2022.01.18","_type":"_doc","_id":"088e5380deda018227e33dbb83f436443f6be2ff","_score":1.0,"_source":{"level":"information","wmi_provider_path":"C:\\Windows\\System32\\wbem\\krnlprov.dll","wmi_xml_operation":"Operation_StartedOperational","etl_processed_time":"2022-01-18T19:17:23.814Z","etl_kafka_topic":"winlogbeat","event_id":5857,"task":"","etl_host_agent_type":"winlogbeat","etl_kafka_offset":3057,"etl_version":"2020.04.19.01","etl_host_agent_uid":"8faec186-b368-44a8-a9c5-6e284dfc7aea","@timestamp":"2022-01-18T16:48:35.090Z","beat_version":"7.6.2","z_elastic_ecs":{"agent":{},"log":{},"host":{},"event":{"provider":"Microsoft-Windows-WMI-Activity","kind":"event","created":"2022-01-18T19:17:14.616Z","code":5857},"ecs":{"version":"1.4.0"},"user":{"type":"User","identifier":"S-1-5-18","domain":"NT AUTHORITY","name":"SYSTEM"},"winlog":{"process":{"thread":{}}}},"beat_hostname":"win10","log_name":"Microsoft-Windows-WMI-Activity/Operational","etl_kafka_partition":0,"process_name":"wmiprvse.exe","type":"wineventlog","provider_guid":"1418ef04-b0b4-4623-bf7e-d74ab47bbdaa","wmi_result_code":"0x0","wmi_provider":"WMI Kernel Trace Event Provider","event_original_time":"2022-01-18T16:48:35.090Z","thread_id":4776,"etl_host_agent_ephemeral_uid":"298c86f2-fe36-4c4c-88aa-2a80cc6ed89e","@version":"1","opcode":"Info","etl_pipeline":["all-filter-0098","all-add_processed_timestamp","fingerprint-winlogbeats7","winlogbeat_7_and_above-field_nest_cleanup","winlogbeat_7_and_above-field_cleanups","1500","1522","wmi-user_field_renames","wmi-event_id_5857_rename","general_rename-various_global_options","provider_guid-cleanup","winevent-hostname-cleanup","final-cleanup-message_field"],"record_number":305,"event_original_message":"WMI Kernel Trace Event Provider provider started with result code 0x0. HostProcess = wmiprvse.exe; ProcessID = 2912; ProviderPath = C:\\Windows\\System32\\wbem\\krnlprov.dll","source_name":"Microsoft-Windows-WMI-Activity","process_id":"2912","etl_kafka_time":1642524515090,"host_name":"win10.windomain.local"}},{"_index":"logs-endpoint-winevent-wmiactivity-2022.01.18","_type":"_doc","_id":"155454baab235c76790191e8a76de6618c58f787","_score":1.0,"_source":{"level":"information","wmi_xml_operation":"Operation_TemporaryEssStarted","etl_processed_time":"2022-01-18T19:17:23.882Z","etl_kafka_topic":"winlogbeat","event_id":5860,"meta_user_name_is_machine":"false","task":"","wmi_namespace":"root\\subscription","etl_host_agent_type":"winlogbeat","user_domain":"nt authority","user_name":"system","wmi_client_machine":"WIN10","etl_kafka_offset":3102,"etl_version":"2020.04.19.01","etl_host_agent_uid":"8faec186-b368-44a8-a9c5-6e284dfc7aea","@timestamp":"2022-01-18T19:11:58.096Z","beat_version":"7.6.2","z_elastic_ecs":{"agent":{},"log":{},"host":{},"event":{"provider":"Microsoft-Windows-WMI-Activity","kind":"event","created":"2022-01-18T19:17:14.646Z","code":5860},"ecs":{"version":"1.4.0"},"user":{"type":"User","identifier":"S-1-5-18","domain":"NT AUTHORITY","name":"SYSTEM"},"winlog":{"process":{"thread":{}}}},"beat_hostname":"win10","log_name":"Microsoft-Windows-WMI-Activity/Operational","etl_kafka_partition":0,"wmi_possible_cause":"Temporary","User":"nt authority\\system","type":"wineventlog","provider_guid":"1418ef04-b0b4-4623-bf7e-d74ab47bbdaa","event_original_time":"2022-01-18T19:11:58.096Z","wmi_query":"SELECT * FROM __InstanceOperationEvent WITHIN 5WHERE TargetInstance ISA '__EventConsumer' OR TargetInstance ISA '__EventFilter' OR TargetInstance ISA '__FilterToConsumerBinding'","thread_id":4056,"etl_host_agent_ephemeral_uid":"298c86f2-fe36-4c4c-88aa-2a80cc6ed89e","@version":"1","opcode":"Info","etl_pipeline":["all-filter-0098","all-add_processed_timestamp","fingerprint-winlogbeats7","winlogbeat_7_and_above-field_nest_cleanup","winlogbeat_7_and_above-field_cleanups","1500","1522","wmi-user_field_renames","wmi-all-extract_domain_and_user_name","wmi-event_id-5860-field_rename","general_rename-various_global_options","provider_guid-cleanup","winevent-hostname-cleanup","winevent-user_name-is-machine-account","final-cleanup-message_field"],"record_number":350,"event_original_message":"Namespace = ROOT\\Subscription; NotificationQuery = SELECT * FROM __InstanceOperationEvent WITHIN 5WHERE TargetInstance ISA '__EventConsumer' OR TargetInstance ISA '__EventFilter' OR TargetInstance ISA '__FilterToConsumerBinding'; UserName = NT AUTHORITY\\SYSTEM; ClientProcessID = 3028, ClientMachine = WIN10; PossibleCause = Temporary","source_name":"Microsoft-Windows-WMI-Activity","process_id":"3028","etl_kafka_time":1642533118096,"host_name":"win10.windomain.local"}},{"_index":"logs-endpoint-winevent-wmiactivity-2022.01.18","_type":"_doc","_id":"6518492426b40ce3ca97ce9baf104e6aa7898a11","_score":1.0,"_source":{"level":"information","activity_id":"{29b7cf4b-0c9f-0002-75d0-b7299f0cd801}","wmi_xml_operation":"Operation_TemporaryEssStarted","etl_processed_time":"2022-01-18T19:17:23.883Z","etl_kafka_topic":"winlogbeat","event_id":5860,"meta_user_name_is_machine":"false","task":"","wmi_namespace":"root\\cimv2","etl_host_agent_type":"winlogbeat","user_domain":"nt authority","user_name":"system","wmi_client_machine":"WIN10","etl_kafka_offset":3108,"etl_version":"2020.04.19.01","etl_host_agent_uid":"8faec186-b368-44a8-a9c5-6e284dfc7aea","@timestamp":"2022-01-18T19:12:53.415Z","beat_version":"7.6.2","z_elastic_ecs":{"agent":{},"log":{},"host":{},"event":{"provider":"Microsoft-Windows-WMI-Activity","kind":"event","created":"2022-01-18T19:17:14.647Z","code":5860},"ecs":{"version":"1.4.0"},"user":{"identifier":"S-1-5-18","type":"User","domain":"NT AUTHORITY","name":"SYSTEM"},"winlog":{"process":{"thread":{}}}},"beat_hostname":"win10","log_name":"Microsoft-Windows-WMI-Activity/Operational","etl_kafka_partition":0,"wmi_possible_cause":"Temporary","User":"nt authority\\system","type":"wineventlog","provider_guid":"1418ef04-b0b4-4623-bf7e-d74ab47bbdaa","event_original_time":"2022-01-18T19:12:53.415Z","wmi_query":"SELECT * FROM Win32_ProcessStartTrace WHERE ProcessName = 'wsmprovhost.exe'","thread_id":2580,"etl_host_agent_ephemeral_uid":"298c86f2-fe36-4c4c-88aa-2a80cc6ed89e","@version":"1","opcode":"Info","etl_pipeline":["all-filter-0098","all-add_processed_timestamp","fingerprint-winlogbeats7","winlogbeat_7_and_above-field_nest_cleanup","winlogbeat_7_and_above-field_cleanups","1500","1522","wmi-user_field_renames","wmi-all-extract_domain_and_user_name","wmi-event_id-5860-field_rename","general_rename-various_global_options","provider_guid-cleanup","winevent-hostname-cleanup","winevent-user_name-is-machine-account","final-cleanup-message_field"],"record_number":356,"event_original_message":"Namespace = ROOT\\CIMV2; NotificationQuery = SELECT * FROM Win32_ProcessStartTrace WHERE ProcessName = 'wsmprovhost.exe'; UserName = NT AUTHORITY\\SYSTEM; ClientProcessID = 4820, ClientMachine = WIN10; PossibleCause = Temporary","source_name":"Microsoft-Windows-WMI-Activity","process_id":"4820","etl_kafka_time":1642533173415,"host_name":"win10.windomain.local"}},{"_index":"logs-endpoint-winevent-wmiactivity-2022.01.18","_type":"_doc","_id":"0cd002aa2a08627fff6f6064ba04b2d071f5c1ec","_score":1.0,"_source":{"level":"information","wmi_xml_operation":"Operation_TemporaryEssStarted","etl_processed_time":"2022-01-18T19:17:23.883Z","etl_kafka_topic":"winlogbeat","event_id":5860,"meta_user_name_is_machine":"false","task":"","wmi_namespace":"root\\securitycenter","etl_host_agent_type":"winlogbeat","user_domain":"nt authority","user_name":"local service","wmi_client_machine":"WIN10","etl_kafka_offset":3111,"etl_version":"2020.04.19.01","etl_host_agent_uid":"8faec186-b368-44a8-a9c5-6e284dfc7aea","@timestamp":"2022-01-18T19:16:52.888Z","beat_version":"7.6.2","z_elastic_ecs":{"agent":{},"log":{},"host":{},"event":{"provider":"Microsoft-Windows-WMI-Activity","kind":"event","created":"2022-01-18T19:17:14.647Z","code":5860},"ecs":{"version":"1.4.0"},"user":{"identifier":"S-1-5-18","type":"User","domain":"NT AUTHORITY","name":"SYSTEM"},"winlog":{"process":{"thread":{}}}},"beat_hostname":"win10","log_name":"Microsoft-Windows-WMI-Activity/Operational","etl_kafka_partition":0,"wmi_possible_cause":"Temporary","User":"nt authority\\local service","type":"wineventlog","provider_guid":"1418ef04-b0b4-4623-bf7e-d74ab47bbdaa","event_original_time":"2022-01-18T19:16:52.888Z","wmi_query":"SELECT * FROM __InstanceOperationEvent WHERE TargetInstance ISA 'AntiVirusProduct' OR TargetInstance ISA 'FirewallProduct' OR TargetInstance ISA 'AntiSpywareProduct'","thread_id":7072,"etl_host_agent_ephemeral_uid":"298c86f2-fe36-4c4c-88aa-2a80cc6ed89e","@version":"1","opcode":"Info","etl_pipeline":["all-filter-0098","all-add_processed_timestamp","fingerprint-winlogbeats7","winlogbeat_7_and_above-field_nest_cleanup","winlogbeat_7_and_above-field_cleanups","1500","1522","wmi-user_field_renames","wmi-all-extract_domain_and_user_name","wmi-event_id-5860-field_rename","general_rename-various_global_options","provider_guid-cleanup","winevent-hostname-cleanup","winevent-user_name-is-machine-account","final-cleanup-message_field"],"record_number":359,"event_original_message":"Namespace = ROOT\\SecurityCenter; NotificationQuery = SELECT * FROM __InstanceOperationEvent WHERE TargetInstance ISA 'AntiVirusProduct' OR TargetInstance ISA 'FirewallProduct' OR TargetInstance ISA 'AntiSpywareProduct'; UserName = NT AUTHORITY\\LOCAL SERVICE; ClientProcessID = 6812, ClientMachine = WIN10; PossibleCause = Temporary","source_name":"Microsoft-Windows-WMI-Activity","process_id":"6812","etl_kafka_time":1642533412888,"host_name":"win10.windomain.local"}},{"_index":"logs-endpoint-winevent-wmiactivity-2022.01.18","_type":"_doc","_id":"48bccf560e4b8a26e7fac89b021fc0fce17e4403","_score":1.0,"_source":{"level":"error","wmi_component":"Unknown","wmi_xml_operation":"Operation_ClientFailure","etl_processed_time":"2022-01-18T19:17:23.880Z","etl_kafka_topic":"winlogbeat","event_id":5858,"meta_user_name_is_machine":"false","task":"","etl_host_agent_type":"winlogbeat","user_domain":"nt authority","user_name":"system","wmi_client_machine":"WIN10","etl_kafka_offset":3060,"etl_version":"2020.04.19.01","etl_host_agent_uid":"8faec186-b368-44a8-a9c5-6e284dfc7aea","@timestamp":"2022-01-18T17:41:11.310Z","beat_version":"7.6.2","z_elastic_ecs":{"agent":{},"log":{},"host":{},"event":{"provider":"Microsoft-Windows-WMI-Activity","kind":"event","created":"2022-01-18T19:17:14.616Z","code":5858},"ecs":{"version":"1.4.0"},"user":{"identifier":"S-1-5-18","type":"User","domain":"NT AUTHORITY","name":"SYSTEM"},"winlog":{"process":{"thread":{}}}},"beat_hostname":"win10","log_name":"Microsoft-Windows-WMI-Activity/Operational","wmi_id":"{3C52321B-3A5D-4210-AE56-79EECB96E4FD}","etl_kafka_partition":0,"wmi_operation":"Start IWbemServices::DeleteInstance - Root\\Rsop\\User\\S_1_5_21_2710683477_379927232_207942850_1000 : RSOP_ExtensionStatus.extensionGuid=\"{35378EAC-683F-11D2-A89A-00C04FBBCFA2}\"","wmi_possible_cause":"Unknown","User":"nt authority\\system","type":"wineventlog","provider_guid":"1418ef04-b0b4-4623-bf7e-d74ab47bbdaa","wmi_result_code":"0x80041002","event_original_time":"2022-01-18T17:41:11.310Z","thread_id":3816,"etl_host_agent_ephemeral_uid":"298c86f2-fe36-4c4c-88aa-2a80cc6ed89e","@version":"1","opcode":"Info","etl_pipeline":["all-filter-0098","all-add_processed_timestamp","fingerprint-winlogbeats7","winlogbeat_7_and_above-field_nest_cleanup","winlogbeat_7_and_above-field_cleanups","1500","1522","wmi-user_field_renames","wmi-all-extract_domain_and_user_name","wmi-event_id-5858-field_rename","general_rename-various_global_options","provider_guid-cleanup","winevent-hostname-cleanup","winevent-user_name-is-machine-account","final-cleanup-message_field"],"record_number":308,"event_original_message":"Id = {3C52321B-3A5D-4210-AE56-79EECB96E4FD}; ClientMachine = WIN10; User = NT AUTHORITY\\SYSTEM; ClientProcessId = 2740; Component = Unknown; Operation = Start IWbemServices::DeleteInstance - Root\\Rsop\\User\\S_1_5_21_2710683477_379927232_207942850_1000 : RSOP_ExtensionStatus.extensionGuid=\"{35378EAC-683F-11D2-A89A-00C04FBBCFA2}\"; ResultCode = 0x80041002; PossibleCause = Unknown","source_name":"Microsoft-Windows-WMI-Activity","process_id":"2740","etl_kafka_time":1642527671310,"host_name":"win10.windomain.local"}},{"_index":"logs-endpoint-winevent-wmiactivity-2022.01.18","_type":"_doc","_id":"a7be30bb337bbbc36868cb178e9e442e9f2edb26","_score":1.0,"_source":{"level":"error","wmi_component":"Unknown","wmi_xml_operation":"Operation_ClientFailure","etl_processed_time":"2022-01-18T19:17:23.880Z","etl_kafka_topic":"winlogbeat","event_id":5858,"meta_user_name_is_machine":"false","task":"","etl_host_agent_type":"winlogbeat","user_domain":"nt authority","user_name":"system","wmi_client_machine":"WIN10","etl_kafka_offset":3064,"etl_version":"2020.04.19.01","etl_host_agent_uid":"8faec186-b368-44a8-a9c5-6e284dfc7aea","@timestamp":"2022-01-18T17:41:11.350Z","beat_version":"7.6.2","z_elastic_ecs":{"agent":{},"log":{},"host":{},"event":{"provider":"Microsoft-Windows-WMI-Activity","kind":"event","created":"2022-01-18T19:17:14.617Z","code":5858},"ecs":{"version":"1.4.0"},"user":{"type":"User","identifier":"S-1-5-18","domain":"NT AUTHORITY","name":"SYSTEM"},"winlog":{"process":{"thread":{}}}},"beat_hostname":"win10","log_name":"Microsoft-Windows-WMI-Activity/Operational","wmi_id":"{3C52321B-3A5D-4210-AE56-79EECB96E4FD}","etl_kafka_partition":0,"wmi_operation":"Start IWbemServices::DeleteInstance - Root\\Rsop\\User\\S_1_5_21_2710683477_379927232_207942850_1000 : RSOP_ExtensionStatus.extensionGuid=\"{1A6364EB-776B-4120-ADE1-B63A406A76B5}\"","wmi_possible_cause":"Unknown","User":"nt authority\\system","type":"wineventlog","provider_guid":"1418ef04-b0b4-4623-bf7e-d74ab47bbdaa","wmi_result_code":"0x80041002","event_original_time":"2022-01-18T17:41:11.350Z","thread_id":3816,"etl_host_agent_ephemeral_uid":"298c86f2-fe36-4c4c-88aa-2a80cc6ed89e","@version":"1","opcode":"Info","etl_pipeline":["all-filter-0098","all-add_processed_timestamp","fingerprint-winlogbeats7","winlogbeat_7_and_above-field_nest_cleanup","winlogbeat_7_and_above-field_cleanups","1500","1522","wmi-user_field_renames","wmi-all-extract_domain_and_user_name","wmi-event_id-5858-field_rename","general_rename-various_global_options","provider_guid-cleanup","winevent-hostname-cleanup","winevent-user_name-is-machine-account","final-cleanup-message_field"],"record_number":312,"event_original_message":"Id = {3C52321B-3A5D-4210-AE56-79EECB96E4FD}; ClientMachine = WIN10; User = NT AUTHORITY\\SYSTEM; ClientProcessId = 2740; Component = Unknown; Operation = Start IWbemServices::DeleteInstance - Root\\Rsop\\User\\S_1_5_21_2710683477_379927232_207942850_1000 : RSOP_ExtensionStatus.extensionGuid=\"{1A6364EB-776B-4120-ADE1-B63A406A76B5}\"; ResultCode = 0x80041002; PossibleCause = Unknown","source_name":"Microsoft-Windows-WMI-Activity","process_id":"2740","etl_kafka_time":1642527671350,"host_name":"win10.windomain.local"}},