{"_index":"logs-endpoint-winevent-wmiactivity-2022.01.18","_type":"_doc","_id":"760e0be8b438f9eece45f0be55435505d193702d","_score":1.0,"_source":{"level":"error","wmi_component":"Unknown","wmi_xml_operation":"Operation_ClientFailure","etl_processed_time":"2022-01-18T19:17:19.882Z","etl_kafka_topic":"winlogbeat","event_id":5858,"meta_user_name_is_machine":"false","task":"","etl_host_agent_type":"winlogbeat","user_domain":"nt authority","user_name":"system","wmi_client_machine":"WIN10","etl_kafka_offset":2927,"etl_version":"2020.04.19.01","etl_host_agent_uid":"8faec186-b368-44a8-a9c5-6e284dfc7aea","@timestamp":"2022-01-18T16:33:00.069Z","beat_version":"7.6.2","z_elastic_ecs":{"agent":{},"log":{},"host":{},"event":{"provider":"Microsoft-Windows-WMI-Activity","kind":"event","created":"2022-01-18T19:17:09.571Z","code":5858},"ecs":{"version":"1.4.0"},"user":{"identifier":"S-1-5-18","type":"User","domain":"NT AUTHORITY","name":"SYSTEM"},"winlog":{"process":{"thread":{}}}},"beat_hostname":"win10","log_name":"Microsoft-Windows-WMI-Activity/Operational","wmi_id":"{9D2D0513-5CE6-4A4F-BD48-0CBFFB899422}","etl_kafka_partition":0,"wmi_operation":"Start IWbemServices::DeleteInstance - Root\\Rsop\\Computer : RSOP_ExtensionStatus.extensionGuid=\"{c6dc5466-785a-11d2-84d0-00c04fb169f7}\"","wmi_possible_cause":"Unknown","User":"nt authority\\system","type":"wineventlog","provider_guid":"1418ef04-b0b4-4623-bf7e-d74ab47bbdaa","wmi_result_code":"0x80041002","event_original_time":"2022-01-18T16:33:00.069Z","thread_id":3964,"etl_host_agent_ephemeral_uid":"298c86f2-fe36-4c4c-88aa-2a80cc6ed89e","@version":"1","opcode":"Info","etl_pipeline":["all-filter-0098","all-add_processed_timestamp","fingerprint-winlogbeats7","winlogbeat_7_and_above-field_nest_cleanup","winlogbeat_7_and_above-field_cleanups","1500","1522","wmi-user_field_renames","wmi-all-extract_domain_and_user_name","wmi-event_id-5858-field_rename","general_rename-various_global_options","provider_guid-cleanup","winevent-hostname-cleanup","winevent-user_name-is-machine-account","final-cleanup-message_field"],"record_number":275,"event_original_message":"Id = {9D2D0513-5CE6-4A4F-BD48-0CBFFB899422}; ClientMachine = WIN10; User = NT AUTHORITY\\SYSTEM; ClientProcessId = 712; Component = Unknown; Operation = Start IWbemServices::DeleteInstance - Root\\Rsop\\Computer : RSOP_ExtensionStatus.extensionGuid=\"{c6dc5466-785a-11d2-84d0-00c04fb169f7}\"; ResultCode = 0x80041002; PossibleCause = Unknown","source_name":"Microsoft-Windows-WMI-Activity","process_id":"712","etl_kafka_time":1642523580068,"host_name":"win10.windomain.local"}},{"_index":"logs-endpoint-winevent-wmiactivity-2022.01.18","_type":"_doc","_id":"fd0269cab114486d17165d76bf4dd0d20bd9e8e2","_score":1.0,"_source":{"level":"error","wmi_component":"Unknown","wmi_xml_operation":"Operation_ClientFailure","etl_processed_time":"2022-01-18T19:17:19.882Z","etl_kafka_topic":"winlogbeat","event_id":5858,"meta_user_name_is_machine":"false","task":"","etl_host_agent_type":"winlogbeat","user_domain":"nt authority","user_name":"system","wmi_client_machine":"WIN10","etl_kafka_offset":2928,"etl_version":"2020.04.19.01","etl_host_agent_uid":"8faec186-b368-44a8-a9c5-6e284dfc7aea","@timestamp":"2022-01-18T16:33:00.080Z","beat_version":"7.6.2","z_elastic_ecs":{"agent":{},"log":{},"host":{},"event":{"provider":"Microsoft-Windows-WMI-Activity","kind":"event","created":"2022-01-18T19:17:09.571Z","code":5858},"ecs":{"version":"1.4.0"},"user":{"type":"User","identifier":"S-1-5-18","domain":"NT AUTHORITY","name":"SYSTEM"},"winlog":{"process":{"thread":{}}}},"beat_hostname":"win10","log_name":"Microsoft-Windows-WMI-Activity/Operational","wmi_id":"{9D2D0513-5CE6-4A4F-BD48-0CBFFB899422}","etl_kafka_partition":0,"wmi_operation":"Start IWbemServices::DeleteInstance - Root\\Rsop\\Computer : RSOP_ExtensionStatus.extensionGuid=\"{cdeafc3d-948d-49dd-ab12-e578ba4af7aa}\"","wmi_possible_cause":"Unknown","User":"nt authority\\system","type":"wineventlog","provider_guid":"1418ef04-b0b4-4623-bf7e-d74ab47bbdaa","wmi_result_code":"0x80041002","event_original_time":"2022-01-18T16:33:00.080Z","thread_id":3964,"etl_host_agent_ephemeral_uid":"298c86f2-fe36-4c4c-88aa-2a80cc6ed89e","@version":"1","opcode":"Info","etl_pipeline":["all-filter-0098","all-add_processed_timestamp","fingerprint-winlogbeats7","winlogbeat_7_and_above-field_nest_cleanup","winlogbeat_7_and_above-field_cleanups","1500","1522","wmi-user_field_renames","wmi-all-extract_domain_and_user_name","wmi-event_id-5858-field_rename","general_rename-various_global_options","provider_guid-cleanup","winevent-hostname-cleanup","winevent-user_name-is-machine-account","final-cleanup-message_field"],"record_number":276,"event_original_message":"Id = {9D2D0513-5CE6-4A4F-BD48-0CBFFB899422}; ClientMachine = WIN10; User = NT AUTHORITY\\SYSTEM; ClientProcessId = 712; Component = Unknown; Operation = Start IWbemServices::DeleteInstance - Root\\Rsop\\Computer : RSOP_ExtensionStatus.extensionGuid=\"{cdeafc3d-948d-49dd-ab12-e578ba4af7aa}\"; ResultCode = 0x80041002; PossibleCause = Unknown","source_name":"Microsoft-Windows-WMI-Activity","process_id":"712","etl_kafka_time":1642523580080,"host_name":"win10.windomain.local"}},{"_index":"logs-endpoint-winevent-wmiactivity-2022.01.18","_type":"_doc","_id":"4e7e39e93a822e70a77346fd184dd01a7d3896c8","_score":1.0,"_source":{"level":"error","wmi_component":"Unknown","wmi_xml_operation":"Operation_ClientFailure","etl_processed_time":"2022-01-18T19:17:19.882Z","etl_kafka_topic":"winlogbeat","event_id":5858,"meta_user_name_is_machine":"false","task":"","etl_host_agent_type":"winlogbeat","user_domain":"nt authority","user_name":"system","wmi_client_machine":"WIN10","etl_kafka_offset":2929,"etl_version":"2020.04.19.01","etl_host_agent_uid":"8faec186-b368-44a8-a9c5-6e284dfc7aea","@timestamp":"2022-01-18T16:33:00.085Z","beat_version":"7.6.2","z_elastic_ecs":{"agent":{},"log":{},"host":{},"event":{"provider":"Microsoft-Windows-WMI-Activity","kind":"event","created":"2022-01-18T19:17:09.571Z","code":5858},"ecs":{"version":"1.4.0"},"user":{"identifier":"S-1-5-18","type":"User","domain":"NT AUTHORITY","name":"SYSTEM"},"winlog":{"process":{"thread":{}}}},"beat_hostname":"win10","log_name":"Microsoft-Windows-WMI-Activity/Operational","wmi_id":"{9D2D0513-5CE6-4A4F-BD48-0CBFFB899422}","etl_kafka_partition":0,"wmi_operation":"Start IWbemServices::DeleteInstance - Root\\Rsop\\Computer : RSOP_ExtensionStatus.extensionGuid=\"{CF7639F3-ABA2-41DB-97F2-81E2C5DBFC5D}\"","wmi_possible_cause":"Unknown","User":"nt authority\\system","type":"wineventlog","provider_guid":"1418ef04-b0b4-4623-bf7e-d74ab47bbdaa","wmi_result_code":"0x80041002","event_original_time":"2022-01-18T16:33:00.085Z","thread_id":3964,"etl_host_agent_ephemeral_uid":"298c86f2-fe36-4c4c-88aa-2a80cc6ed89e","@version":"1","opcode":"Info","etl_pipeline":["all-filter-0098","all-add_processed_timestamp","fingerprint-winlogbeats7","winlogbeat_7_and_above-field_nest_cleanup","winlogbeat_7_and_above-field_cleanups","1500","1522","wmi-user_field_renames","wmi-all-extract_domain_and_user_name","wmi-event_id-5858-field_rename","general_rename-various_global_options","provider_guid-cleanup","winevent-hostname-cleanup","winevent-user_name-is-machine-account","final-cleanup-message_field"],"record_number":277,"event_original_message":"Id = {9D2D0513-5CE6-4A4F-BD48-0CBFFB899422}; ClientMachine = WIN10; User = NT AUTHORITY\\SYSTEM; ClientProcessId = 712; Component = Unknown; Operation = Start IWbemServices::DeleteInstance - Root\\Rsop\\Computer : RSOP_ExtensionStatus.extensionGuid=\"{CF7639F3-ABA2-41DB-97F2-81E2C5DBFC5D}\"; ResultCode = 0x80041002; PossibleCause = Unknown","source_name":"Microsoft-Windows-WMI-Activity","process_id":"712","etl_kafka_time":1642523580085,"host_name":"win10.windomain.local"}},{"_index":"logs-endpoint-winevent-wmiactivity-2022.01.18","_type":"_doc","_id":"1e1a98b980345c6e7a029603131f4ace289d8089","_score":1.0,"_source":{"level":"error","wmi_component":"Unknown","wmi_xml_operation":"Operation_ClientFailure","etl_processed_time":"2022-01-18T19:17:19.882Z","etl_kafka_topic":"winlogbeat","event_id":5858,"meta_user_name_is_machine":"false","task":"","etl_host_agent_type":"winlogbeat","user_domain":"nt authority","user_name":"system","wmi_client_machine":"WIN10","etl_kafka_offset":2930,"etl_version":"2020.04.19.01","etl_host_agent_uid":"8faec186-b368-44a8-a9c5-6e284dfc7aea","@timestamp":"2022-01-18T16:33:00.091Z","beat_version":"7.6.2","z_elastic_ecs":{"agent":{},"log":{},"host":{},"event":{"provider":"Microsoft-Windows-WMI-Activity","kind":"event","created":"2022-01-18T19:17:09.571Z","code":5858},"ecs":{"version":"1.4.0"},"user":{"identifier":"S-1-5-18","type":"User","domain":"NT AUTHORITY","name":"SYSTEM"},"winlog":{"process":{"thread":{}}}},"beat_hostname":"win10","log_name":"Microsoft-Windows-WMI-Activity/Operational","wmi_id":"{9D2D0513-5CE6-4A4F-BD48-0CBFFB899422}","etl_kafka_partition":0,"wmi_operation":"Start IWbemServices::DeleteInstance - Root\\Rsop\\Computer : RSOP_ExtensionStatus.extensionGuid=\"{CFF649BD-601D-4361-AD3D-0FC365DB4DB7}\"","wmi_possible_cause":"Unknown","User":"nt authority\\system","type":"wineventlog","provider_guid":"1418ef04-b0b4-4623-bf7e-d74ab47bbdaa","wmi_result_code":"0x80041002","event_original_time":"2022-01-18T16:33:00.091Z","thread_id":3964,"etl_host_agent_ephemeral_uid":"298c86f2-fe36-4c4c-88aa-2a80cc6ed89e","@version":"1","opcode":"Info","etl_pipeline":["all-filter-0098","all-add_processed_timestamp","fingerprint-winlogbeats7","winlogbeat_7_and_above-field_nest_cleanup","winlogbeat_7_and_above-field_cleanups","1500","1522","wmi-user_field_renames","wmi-all-extract_domain_and_user_name","wmi-event_id-5858-field_rename","general_rename-various_global_options","provider_guid-cleanup","winevent-hostname-cleanup","winevent-user_name-is-machine-account","final-cleanup-message_field"],"record_number":278,"event_original_message":"Id = {9D2D0513-5CE6-4A4F-BD48-0CBFFB899422}; ClientMachine = WIN10; User = NT AUTHORITY\\SYSTEM; ClientProcessId = 712; Component = Unknown; Operation = Start IWbemServices::DeleteInstance - Root\\Rsop\\Computer : RSOP_ExtensionStatus.extensionGuid=\"{CFF649BD-601D-4361-AD3D-0FC365DB4DB7}\"; ResultCode = 0x80041002; PossibleCause = Unknown","source_name":"Microsoft-Windows-WMI-Activity","process_id":"712","etl_kafka_time":1642523580091,"host_name":"win10.windomain.local"}},{"_index":"logs-endpoint-winevent-wmiactivity-2022.01.18","_type":"_doc","_id":"f6254d11b9b05588355686ec4304998d95a094ca","_score":1.0,"_source":{"level":"error","wmi_component":"Unknown","wmi_xml_operation":"Operation_ClientFailure","etl_processed_time":"2022-01-18T19:17:19.882Z","etl_kafka_topic":"winlogbeat","event_id":5858,"meta_user_name_is_machine":"false","task":"","etl_host_agent_type":"winlogbeat","user_domain":"nt authority","user_name":"system","wmi_client_machine":"WIN10","etl_kafka_offset":2931,"etl_version":"2020.04.19.01","etl_host_agent_uid":"8faec186-b368-44a8-a9c5-6e284dfc7aea","@timestamp":"2022-01-18T16:33:00.096Z","beat_version":"7.6.2","z_elastic_ecs":{"agent":{},"log":{},"host":{},"event":{"provider":"Microsoft-Windows-WMI-Activity","kind":"event","created":"2022-01-18T19:17:09.571Z","code":5858},"ecs":{"version":"1.4.0"},"user":{"identifier":"S-1-5-18","type":"User","domain":"NT AUTHORITY","name":"SYSTEM"},"winlog":{"process":{"thread":{}}}},"beat_hostname":"win10","log_name":"Microsoft-Windows-WMI-Activity/Operational","wmi_id":"{9D2D0513-5CE6-4A4F-BD48-0CBFFB899422}","etl_kafka_partition":0,"wmi_operation":"Start IWbemServices::DeleteInstance - Root\\Rsop\\Computer : RSOP_ExtensionStatus.extensionGuid=\"{e437bc1c-aa7d-11d2-a382-00c04f991e27}\"","wmi_possible_cause":"Unknown","User":"nt authority\\system","type":"wineventlog","provider_guid":"1418ef04-b0b4-4623-bf7e-d74ab47bbdaa","wmi_result_code":"0x80041002","event_original_time":"2022-01-18T16:33:00.096Z","thread_id":3964,"etl_host_agent_ephemeral_uid":"298c86f2-fe36-4c4c-88aa-2a80cc6ed89e","@version":"1","opcode":"Info","etl_pipeline":["all-filter-0098","all-add_processed_timestamp","fingerprint-winlogbeats7","winlogbeat_7_and_above-field_nest_cleanup","winlogbeat_7_and_above-field_cleanups","1500","1522","wmi-user_field_renames","wmi-all-extract_domain_and_user_name","wmi-event_id-5858-field_rename","general_rename-various_global_options","provider_guid-cleanup","winevent-hostname-cleanup","winevent-user_name-is-machine-account","final-cleanup-message_field"],"record_number":279,"event_original_message":"Id = {9D2D0513-5CE6-4A4F-BD48-0CBFFB899422}; ClientMachine = WIN10; User = NT AUTHORITY\\SYSTEM; ClientProcessId = 712; Component = Unknown; Operation = Start IWbemServices::DeleteInstance - Root\\Rsop\\Computer : RSOP_ExtensionStatus.extensionGuid=\"{e437bc1c-aa7d-11d2-a382-00c04f991e27}\"; ResultCode = 0x80041002; PossibleCause = Unknown","source_name":"Microsoft-Windows-WMI-Activity","process_id":"712","etl_kafka_time":1642523580096,"host_name":"win10.windomain.local"}},{"_index":"logs-endpoint-winevent-wmiactivity-2022.01.18","_type":"_doc","_id":"f58de5ddbdf164265d599b73a150b73df3644662","_score":1.0,"_source":{"level":"error","wmi_component":"Unknown","wmi_xml_operation":"Operation_ClientFailure","etl_processed_time":"2022-01-18T19:17:19.882Z","etl_kafka_topic":"winlogbeat","event_id":5858,"meta_user_name_is_machine":"false","task":"","etl_host_agent_type":"winlogbeat","user_domain":"nt authority","user_name":"system","wmi_client_machine":"WIN10","etl_kafka_offset":2932,"etl_version":"2020.04.19.01","etl_host_agent_uid":"8faec186-b368-44a8-a9c5-6e284dfc7aea","@timestamp":"2022-01-18T16:33:00.100Z","beat_version":"7.6.2","z_elastic_ecs":{"agent":{},"log":{},"host":{},"event":{"provider":"Microsoft-Windows-WMI-Activity","kind":"event","created":"2022-01-18T19:17:09.571Z","code":5858},"ecs":{"version":"1.4.0"},"user":{"type":"User","identifier":"S-1-5-18","domain":"NT AUTHORITY","name":"SYSTEM"},"winlog":{"process":{"thread":{}}}},"beat_hostname":"win10","log_name":"Microsoft-Windows-WMI-Activity/Operational","wmi_id":"{9D2D0513-5CE6-4A4F-BD48-0CBFFB899422}","etl_kafka_partition":0,"wmi_operation":"Start IWbemServices::DeleteInstance - Root\\Rsop\\Computer : RSOP_ExtensionStatus.extensionGuid=\"{E4F48E54-F38D-4884-BFB9-D4D2E5729C18}\"","wmi_possible_cause":"Unknown","User":"nt authority\\system","type":"wineventlog","provider_guid":"1418ef04-b0b4-4623-bf7e-d74ab47bbdaa","wmi_result_code":"0x80041002","event_original_time":"2022-01-18T16:33:00.100Z","thread_id":3964,"etl_host_agent_ephemeral_uid":"298c86f2-fe36-4c4c-88aa-2a80cc6ed89e","@version":"1","opcode":"Info","etl_pipeline":["all-filter-0098","all-add_processed_timestamp","fingerprint-winlogbeats7","winlogbeat_7_and_above-field_nest_cleanup","winlogbeat_7_and_above-field_cleanups","1500","1522","wmi-user_field_renames","wmi-all-extract_domain_and_user_name","wmi-event_id-5858-field_rename","general_rename-various_global_options","provider_guid-cleanup","winevent-hostname-cleanup","winevent-user_name-is-machine-account","final-cleanup-message_field"],"record_number":280,"event_original_message":"Id = {9D2D0513-5CE6-4A4F-BD48-0CBFFB899422}; ClientMachine = WIN10; User = NT AUTHORITY\\SYSTEM; ClientProcessId = 712; Component = Unknown; Operation = Start IWbemServices::DeleteInstance - Root\\Rsop\\Computer : RSOP_ExtensionStatus.extensionGuid=\"{E4F48E54-F38D-4884-BFB9-D4D2E5729C18}\"; ResultCode = 0x80041002; PossibleCause = Unknown","source_name":"Microsoft-Windows-WMI-Activity","process_id":"712","etl_kafka_time":1642523580100,"host_name":"win10.windomain.local"}},{"_index":"logs-endpoint-winevent-wmiactivity-2022.01.18","_type":"_doc","_id":"a0c36d88e6d2458db8b2c22c5b63ba703751f3e0","_score":1.0,"_source":{"level":"error","wmi_component":"Unknown","wmi_xml_operation":"Operation_ClientFailure","etl_processed_time":"2022-01-18T19:17:19.887Z","etl_kafka_topic":"winlogbeat","event_id":5858,"meta_user_name_is_machine":"false","task":"","etl_host_agent_type":"winlogbeat","user_domain":"nt authority","user_name":"system","wmi_client_machine":"WIN10","etl_kafka_offset":2933,"etl_version":"2020.04.19.01","etl_host_agent_uid":"8faec186-b368-44a8-a9c5-6e284dfc7aea","@timestamp":"2022-01-18T16:33:00.108Z","beat_version":"7.6.2","z_elastic_ecs":{"agent":{},"log":{},"host":{},"event":{"provider":"Microsoft-Windows-WMI-Activity","kind":"event","created":"2022-01-18T19:17:09.571Z","code":5858},"ecs":{"version":"1.4.0"},"user":{"identifier":"S-1-5-18","type":"User","domain":"NT AUTHORITY","name":"SYSTEM"},"winlog":{"process":{"thread":{}}}},"beat_hostname":"win10","log_name":"Microsoft-Windows-WMI-Activity/Operational","wmi_id":"{9D2D0513-5CE6-4A4F-BD48-0CBFFB899422}","etl_kafka_partition":0,"wmi_operation":"Start IWbemServices::DeleteInstance - Root\\Rsop\\Computer : RSOP_ExtensionStatus.extensionGuid=\"{E5094040-C46C-4115-B030-04FB2E545B00}\"","wmi_possible_cause":"Unknown","User":"nt authority\\system","type":"wineventlog","provider_guid":"1418ef04-b0b4-4623-bf7e-d74ab47bbdaa","wmi_result_code":"0x80041002","event_original_time":"2022-01-18T16:33:00.108Z","thread_id":3964,"etl_host_agent_ephemeral_uid":"298c86f2-fe36-4c4c-88aa-2a80cc6ed89e","@version":"1","opcode":"Info","etl_pipeline":["all-filter-0098","all-add_processed_timestamp","fingerprint-winlogbeats7","winlogbeat_7_and_above-field_nest_cleanup","winlogbeat_7_and_above-field_cleanups","1500","1522","wmi-user_field_renames","wmi-all-extract_domain_and_user_name","wmi-event_id-5858-field_rename","general_rename-various_global_options","provider_guid-cleanup","winevent-hostname-cleanup","winevent-user_name-is-machine-account","final-cleanup-message_field"],"record_number":281,"event_original_message":"Id = {9D2D0513-5CE6-4A4F-BD48-0CBFFB899422}; ClientMachine = WIN10; User = NT AUTHORITY\\SYSTEM; ClientProcessId = 712; Component = Unknown; Operation = Start IWbemServices::DeleteInstance - Root\\Rsop\\Computer : RSOP_ExtensionStatus.extensionGuid=\"{E5094040-C46C-4115-B030-04FB2E545B00}\"; ResultCode = 0x80041002; PossibleCause = Unknown","source_name":"Microsoft-Windows-WMI-Activity","process_id":"712","etl_kafka_time":1642523580108,"host_name":"win10.windomain.local"}},{"_index":"logs-endpoint-winevent-wmiactivity-2022.01.18","_type":"_doc","_id":"c2244001522b8da17e100e58c589b4ed2986dfe0","_score":1.0,"_source":{"level":"error","wmi_component":"Unknown","wmi_xml_operation":"Operation_ClientFailure","etl_processed_time":"2022-01-18T19:17:19.888Z","etl_kafka_topic":"winlogbeat","event_id":5858,"meta_user_name_is_machine":"false","task":"","etl_host_agent_type":"winlogbeat","user_domain":"nt authority","user_name":"system","wmi_client_machine":"WIN10","etl_kafka_offset":2934,"etl_version":"2020.04.19.01","etl_host_agent_uid":"8faec186-b368-44a8-a9c5-6e284dfc7aea","@timestamp":"2022-01-18T16:33:00.111Z","beat_version":"7.6.2","z_elastic_ecs":{"agent":{},"log":{},"host":{},"event":{"provider":"Microsoft-Windows-WMI-Activity","kind":"event","created":"2022-01-18T19:17:09.571Z","code":5858},"ecs":{"version":"1.4.0"},"user":{"type":"User","identifier":"S-1-5-18","domain":"NT AUTHORITY","name":"SYSTEM"},"winlog":{"process":{"thread":{}}}},"beat_hostname":"win10","log_name":"Microsoft-Windows-WMI-Activity/Operational","wmi_id":"{9D2D0513-5CE6-4A4F-BD48-0CBFFB899422}","etl_kafka_partition":0,"wmi_operation":"Start IWbemServices::DeleteInstance - Root\\Rsop\\Computer : RSOP_ExtensionStatus.extensionGuid=\"{E62688F0-25FD-4c90-BFF5-F508B9D2E31F}\"","wmi_possible_cause":"Unknown","User":"nt authority\\system","type":"wineventlog","provider_guid":"1418ef04-b0b4-4623-bf7e-d74ab47bbdaa","wmi_result_code":"0x80041002","event_original_time":"2022-01-18T16:33:00.111Z","thread_id":3964,"etl_host_agent_ephemeral_uid":"298c86f2-fe36-4c4c-88aa-2a80cc6ed89e","@version":"1","opcode":"Info","etl_pipeline":["all-filter-0098","all-add_processed_timestamp","fingerprint-winlogbeats7","winlogbeat_7_and_above-field_nest_cleanup","winlogbeat_7_and_above-field_cleanups","1500","1522","wmi-user_field_renames","wmi-all-extract_domain_and_user_name","wmi-event_id-5858-field_rename","general_rename-various_global_options","provider_guid-cleanup","winevent-hostname-cleanup","winevent-user_name-is-machine-account","final-cleanup-message_field"],"record_number":282,"event_original_message":"Id = {9D2D0513-5CE6-4A4F-BD48-0CBFFB899422}; ClientMachine = WIN10; User = NT AUTHORITY\\SYSTEM; ClientProcessId = 712; Component = Unknown; Operation = Start IWbemServices::DeleteInstance - Root\\Rsop\\Computer : RSOP_ExtensionStatus.extensionGuid=\"{E62688F0-25FD-4c90-BFF5-F508B9D2E31F}\"; ResultCode = 0x80041002; PossibleCause = Unknown","source_name":"Microsoft-Windows-WMI-Activity","process_id":"712","etl_kafka_time":1642523580111,"host_name":"win10.windomain.local"}},{"_index":"logs-endpoint-winevent-wmiactivity-2022.01.18","_type":"_doc","_id":"40f6c5e8ee884b61278b7703ea9994a0a8c61219","_score":1.0,"_source":{"level":"error","wmi_component":"Unknown","wmi_xml_operation":"Operation_ClientFailure","etl_processed_time":"2022-01-18T19:17:19.888Z","etl_kafka_topic":"winlogbeat","event_id":5858,"meta_user_name_is_machine":"false","task":"","etl_host_agent_type":"winlogbeat","user_domain":"nt authority","user_name":"system","wmi_client_machine":"WIN10","etl_kafka_offset":2935,"etl_version":"2020.04.19.01","etl_host_agent_uid":"8faec186-b368-44a8-a9c5-6e284dfc7aea","@timestamp":"2022-01-18T16:33:00.115Z","beat_version":"7.6.2","z_elastic_ecs":{"agent":{},"log":{},"host":{},"event":{"provider":"Microsoft-Windows-WMI-Activity","kind":"event","created":"2022-01-18T19:17:09.571Z","code":5858},"ecs":{"version":"1.4.0"},"user":{"type":"User","identifier":"S-1-5-18","domain":"NT AUTHORITY","name":"SYSTEM"},"winlog":{"process":{"thread":{}}}},"beat_hostname":"win10","log_name":"Microsoft-Windows-WMI-Activity/Operational","wmi_id":"{9D2D0513-5CE6-4A4F-BD48-0CBFFB899422}","etl_kafka_partition":0,"wmi_operation":"Start IWbemServices::DeleteInstance - Root\\Rsop\\Computer : RSOP_ExtensionStatus.extensionGuid=\"{F312195E-3D9D-447A-A3F5-08DFFA24735E}\"","wmi_possible_cause":"Unknown","User":"nt authority\\system","type":"wineventlog","provider_guid":"1418ef04-b0b4-4623-bf7e-d74ab47bbdaa","wmi_result_code":"0x80041002","event_original_time":"2022-01-18T16:33:00.115Z","thread_id":3964,"etl_host_agent_ephemeral_uid":"298c86f2-fe36-4c4c-88aa-2a80cc6ed89e","@version":"1","opcode":"Info","etl_pipeline":["all-filter-0098","all-add_processed_timestamp","fingerprint-winlogbeats7","winlogbeat_7_and_above-field_nest_cleanup","winlogbeat_7_and_above-field_cleanups","1500","1522","wmi-user_field_renames","wmi-all-extract_domain_and_user_name","wmi-event_id-5858-field_rename","general_rename-various_global_options","provider_guid-cleanup","winevent-hostname-cleanup","winevent-user_name-is-machine-account","final-cleanup-message_field"],"record_number":283,"event_original_message":"Id = {9D2D0513-5CE6-4A4F-BD48-0CBFFB899422}; ClientMachine = WIN10; User = NT AUTHORITY\\SYSTEM; ClientProcessId = 712; Component = Unknown; Operation = Start IWbemServices::DeleteInstance - Root\\Rsop\\Computer : RSOP_ExtensionStatus.extensionGuid=\"{F312195E-3D9D-447A-A3F5-08DFFA24735E}\"; ResultCode = 0x80041002; PossibleCause = Unknown","source_name":"Microsoft-Windows-WMI-Activity","process_id":"712","etl_kafka_time":1642523580114,"host_name":"win10.windomain.local"}},{"_index":"logs-endpoint-winevent-wmiactivity-2022.01.18","_type":"_doc","_id":"f2905b2642d3655d9d2b2b37b4bd599cd99ea7da","_score":1.0,"_source":{"level":"error","wmi_component":"Unknown","wmi_xml_operation":"Operation_ClientFailure","etl_processed_time":"2022-01-18T19:17:19.888Z","etl_kafka_topic":"winlogbeat","event_id":5858,"meta_user_name_is_machine":"false","task":"","etl_host_agent_type":"winlogbeat","user_domain":"nt authority","user_name":"system","wmi_client_machine":"WIN10","etl_kafka_offset":2936,"etl_version":"2020.04.19.01","etl_host_agent_uid":"8faec186-b368-44a8-a9c5-6e284dfc7aea","@timestamp":"2022-01-18T16:33:00.225Z","beat_version":"7.6.2","z_elastic_ecs":{"agent":{},"log":{},"host":{},"event":{"provider":"Microsoft-Windows-WMI-Activity","kind":"event","created":"2022-01-18T19:17:09.571Z","code":5858},"ecs":{"version":"1.4.0"},"user":{"type":"User","identifier":"S-1-5-18","domain":"NT AUTHORITY","name":"SYSTEM"},"winlog":{"process":{"thread":{}}}},"beat_hostname":"win10","log_name":"Microsoft-Windows-WMI-Activity/Operational","wmi_id":"{9D2D0513-5CE6-4A4F-BD48-0CBFFB899422}","etl_kafka_partition":0,"wmi_operation":"Start IWbemServices::DeleteInstance - Root\\Rsop\\Computer : RSOP_ExtensionStatus.extensionGuid=\"{FB2CA36D-0B40-4307-821B-A13B252DE56C}\"","wmi_possible_cause":"Unknown","User":"nt authority\\system","type":"wineventlog","provider_guid":"1418ef04-b0b4-4623-bf7e-d74ab47bbdaa","wmi_result_code":"0x80041002","event_original_time":"2022-01-18T16:33:00.225Z","thread_id":3964,"etl_host_agent_ephemeral_uid":"298c86f2-fe36-4c4c-88aa-2a80cc6ed89e","@version":"1","opcode":"Info","etl_pipeline":["all-filter-0098","all-add_processed_timestamp","fingerprint-winlogbeats7","winlogbeat_7_and_above-field_nest_cleanup","winlogbeat_7_and_above-field_cleanups","1500","1522","wmi-user_field_renames","wmi-all-extract_domain_and_user_name","wmi-event_id-5858-field_rename","general_rename-various_global_options","provider_guid-cleanup","winevent-hostname-cleanup","winevent-user_name-is-machine-account","final-cleanup-message_field"],"record_number":284,"event_original_message":"Id = {9D2D0513-5CE6-4A4F-BD48-0CBFFB899422}; ClientMachine = WIN10; User = NT AUTHORITY\\SYSTEM; ClientProcessId = 712; Component = Unknown; Operation = Start IWbemServices::DeleteInstance - Root\\Rsop\\Computer : RSOP_ExtensionStatus.extensionGuid=\"{FB2CA36D-0B40-4307-821B-A13B252DE56C}\"; ResultCode = 0x80041002; PossibleCause = Unknown","source_name":"Microsoft-Windows-WMI-Activity","process_id":"712","etl_kafka_time":1642523580225,"host_name":"win10.windomain.local"}},{"_index":"logs-endpoint-winevent-wmiactivity-2022.01.18","_type":"_doc","_id":"bea7a9d3b132266b311fd3220056f5761bfb2b66","_score":1.0,"_source":{"level":"error","wmi_component":"Unknown","wmi_xml_operation":"Operation_ClientFailure","etl_processed_time":"2022-01-18T19:17:19.888Z","etl_kafka_topic":"winlogbeat","event_id":5858,"meta_user_name_is_machine":"false","task":"","etl_host_agent_type":"winlogbeat","user_domain":"nt authority","user_name":"system","wmi_client_machine":"WIN10","etl_kafka_offset":2937,"etl_version":"2020.04.19.01","etl_host_agent_uid":"8faec186-b368-44a8-a9c5-6e284dfc7aea","@timestamp":"2022-01-18T16:33:00.229Z","beat_version":"7.6.2","z_elastic_ecs":{"agent":{},"log":{},"host":{},"event":{"provider":"Microsoft-Windows-WMI-Activity","kind":"event","created":"2022-01-18T19:17:09.571Z","code":5858},"ecs":{"version":"1.4.0"},"user":{"identifier":"S-1-5-18","type":"User","domain":"NT AUTHORITY","name":"SYSTEM"},"winlog":{"process":{"thread":{}}}},"beat_hostname":"win10","log_name":"Microsoft-Windows-WMI-Activity/Operational","wmi_id":"{9D2D0513-5CE6-4A4F-BD48-0CBFFB899422}","etl_kafka_partition":0,"wmi_operation":"Start IWbemServices::DeleteInstance - Root\\Rsop\\Computer : RSOP_ExtensionStatus.extensionGuid=\"{fbf687e6-f063-4d9f-9f4f-fd9a26acdd5f}\"","wmi_possible_cause":"Unknown","User":"nt authority\\system","type":"wineventlog","provider_guid":"1418ef04-b0b4-4623-bf7e-d74ab47bbdaa","wmi_result_code":"0x80041002","event_original_time":"2022-01-18T16:33:00.229Z","thread_id":3964,"etl_host_agent_ephemeral_uid":"298c86f2-fe36-4c4c-88aa-2a80cc6ed89e","@version":"1","opcode":"Info","etl_pipeline":["all-filter-0098","all-add_processed_timestamp","fingerprint-winlogbeats7","winlogbeat_7_and_above-field_nest_cleanup","winlogbeat_7_and_above-field_cleanups","1500","1522","wmi-user_field_renames","wmi-all-extract_domain_and_user_name","wmi-event_id-5858-field_rename","general_rename-various_global_options","provider_guid-cleanup","winevent-hostname-cleanup","winevent-user_name-is-machine-account","final-cleanup-message_field"],"record_number":285,"event_original_message":"Id = {9D2D0513-5CE6-4A4F-BD48-0CBFFB899422}; ClientMachine = WIN10; User = NT AUTHORITY\\SYSTEM; ClientProcessId = 712; Component = Unknown; Operation = Start IWbemServices::DeleteInstance - Root\\Rsop\\Computer : RSOP_ExtensionStatus.extensionGuid=\"{fbf687e6-f063-4d9f-9f4f-fd9a26acdd5f}\"; ResultCode = 0x80041002; PossibleCause = Unknown","source_name":"Microsoft-Windows-WMI-Activity","process_id":"712","etl_kafka_time":1642523580229,"host_name":"win10.windomain.local"}},{"_index":"logs-endpoint-winevent-wmiactivity-2022.01.18","_type":"_doc","_id":"7d91f43e7b4150788ffd5587e317e4dc840b976b","_score":1.0,"_source":{"level":"error","wmi_component":"Unknown","wmi_xml_operation":"Operation_ClientFailure","etl_processed_time":"2022-01-18T19:17:19.888Z","etl_kafka_topic":"winlogbeat","event_id":5858,"meta_user_name_is_machine":"false","task":"","etl_host_agent_type":"winlogbeat","user_domain":"nt authority","user_name":"system","wmi_client_machine":"WIN10","etl_kafka_offset":2938,"etl_version":"2020.04.19.01","etl_host_agent_uid":"8faec186-b368-44a8-a9c5-6e284dfc7aea","@timestamp":"2022-01-18T16:33:00.234Z","beat_version":"7.6.2","z_elastic_ecs":{"agent":{},"log":{},"host":{},"event":{"provider":"Microsoft-Windows-WMI-Activity","kind":"event","created":"2022-01-18T19:17:09.571Z","code":5858},"ecs":{"version":"1.4.0"},"user":{"type":"User","identifier":"S-1-5-18","domain":"NT AUTHORITY","name":"SYSTEM"},"winlog":{"process":{"thread":{}}}},"beat_hostname":"win10","log_name":"Microsoft-Windows-WMI-Activity/Operational","wmi_id":"{9D2D0513-5CE6-4A4F-BD48-0CBFFB899422}","etl_kafka_partition":0,"wmi_operation":"Start IWbemServices::DeleteInstance - Root\\Rsop\\Computer : RSOP_ExtensionStatus.extensionGuid=\"{FC491EF1-C4AA-4CE1-B329-414B101DB823}\"","wmi_possible_cause":"Unknown","User":"nt authority\\system","type":"wineventlog","provider_guid":"1418ef04-b0b4-4623-bf7e-d74ab47bbdaa","wmi_result_code":"0x80041002","event_original_time":"2022-01-18T16:33:00.234Z","thread_id":3964,"etl_host_agent_ephemeral_uid":"298c86f2-fe36-4c4c-88aa-2a80cc6ed89e","@version":"1","opcode":"Info","etl_pipeline":["all-filter-0098","all-add_processed_timestamp","fingerprint-winlogbeats7","winlogbeat_7_and_above-field_nest_cleanup","winlogbeat_7_and_above-field_cleanups","1500","1522","wmi-user_field_renames","wmi-all-extract_domain_and_user_name","wmi-event_id-5858-field_rename","general_rename-various_global_options","provider_guid-cleanup","winevent-hostname-cleanup","winevent-user_name-is-machine-account","final-cleanup-message_field"],"record_number":286,"event_original_message":"Id = {9D2D0513-5CE6-4A4F-BD48-0CBFFB899422}; ClientMachine = WIN10; User = NT AUTHORITY\\SYSTEM; ClientProcessId = 712; Component = Unknown; Operation = Start IWbemServices::DeleteInstance - Root\\Rsop\\Computer : RSOP_ExtensionStatus.extensionGuid=\"{FC491EF1-C4AA-4CE1-B329-414B101DB823}\"; ResultCode = 0x80041002; PossibleCause = Unknown","source_name":"Microsoft-Windows-WMI-Activity","process_id":"712","etl_kafka_time":1642523580233,"host_name":"win10.windomain.local"}},{"_index":"logs-endpoint-winevent-wmiactivity-2022.01.18","_type":"_doc","_id":"15bf5cc94eb057548d3bed02dfa1fbe118d17309","_score":1.0,"_source":{"level":"error","wmi_component":"Unknown","wmi_xml_operation":"Operation_ClientFailure","etl_processed_time":"2022-01-18T19:17:19.889Z","etl_kafka_topic":"winlogbeat","event_id":5858,"meta_user_name_is_machine":"false","task":"","etl_host_agent_type":"winlogbeat","user_domain":"win10","user_name":"vagrant","wmi_client_machine":"WIN10","etl_kafka_offset":2945,"etl_version":"2020.04.19.01","etl_host_agent_uid":"8faec186-b368-44a8-a9c5-6e284dfc7aea","@timestamp":"2022-01-18T16:34:09.669Z","beat_version":"7.6.2","z_elastic_ecs":{"agent":{},"log":{},"host":{},"event":{"provider":"Microsoft-Windows-WMI-Activity","kind":"event","created":"2022-01-18T19:17:09.571Z","code":5858},"ecs":{"version":"1.4.0"},"user":{"identifier":"S-1-5-18","type":"User","domain":"NT AUTHORITY","name":"SYSTEM"},"winlog":{"process":{"thread":{}}}},"beat_hostname":"win10","log_name":"Microsoft-Windows-WMI-Activity/Operational","wmi_id":"{00000000-0000-0000-0000-000000000000}","etl_kafka_partition":0,"wmi_operation":"Start IWbemServices::ExecQuery - root\\cimv2 : SELECT RemainingWindowsReArmCount, KeyManagementServiceListeningPort, KeyManagementServiceDnsPublishing, KeyManagementServiceLowPriority, ClientMachineId, KeyManagementServiceHostCaching, Version FROM SoftwareLicensingService","wmi_possible_cause":"Unknown","User":"win10\\vagrant","type":"wineventlog","provider_guid":"1418ef04-b0b4-4623-bf7e-d74ab47bbdaa","wmi_result_code":"0x80041032","event_original_time":"2022-01-18T16:34:09.669Z","thread_id":3936,"etl_host_agent_ephemeral_uid":"298c86f2-fe36-4c4c-88aa-2a80cc6ed89e","@version":"1","opcode":"Info","etl_pipeline":["all-filter-0098","all-add_processed_timestamp","fingerprint-winlogbeats7","winlogbeat_7_and_above-field_nest_cleanup","winlogbeat_7_and_above-field_cleanups","1500","1522","wmi-user_field_renames","wmi-all-extract_domain_and_user_name","wmi-event_id-5858-field_rename","general_rename-various_global_options","provider_guid-cleanup","winevent-hostname-cleanup","winevent-user_name-is-machine-account","final-cleanup-message_field"],"record_number":293,"event_original_message":"Id = {00000000-0000-0000-0000-000000000000}; ClientMachine = WIN10; User = WIN10\\vagrant; ClientProcessId = 4740; Component = Unknown; Operation = Start IWbemServices::ExecQuery - root\\cimv2 : SELECT RemainingWindowsReArmCount, KeyManagementServiceListeningPort, KeyManagementServiceDnsPublishing, KeyManagementServiceLowPriority, ClientMachineId, KeyManagementServiceHostCaching, Version FROM SoftwareLicensingService; ResultCode = 0x80041032; PossibleCause = Unknown","source_name":"Microsoft-Windows-WMI-Activity","process_id":"4740","etl_kafka_time":1642523649669,"host_name":"win10.windomain.local"}},{"_index":"logs-endpoint-winevent-wmiactivity-2022.01.18","_type":"_doc","_id":"4666506d05eadbc350ce00eaa9648b5ca636c80b","_score":1.0,"_source":{"level":"error","wmi_component":"Unknown","wmi_xml_operation":"Operation_ClientFailure","etl_processed_time":"2022-01-18T19:17:19.889Z","etl_kafka_topic":"winlogbeat","event_id":5858,"meta_user_name_is_machine":"false","task":"","etl_host_agent_type":"winlogbeat","user_domain":"win10","user_name":"vagrant","wmi_client_machine":"WIN10","etl_kafka_offset":2946,"etl_version":"2020.04.19.01","etl_host_agent_uid":"8faec186-b368-44a8-a9c5-6e284dfc7aea","@timestamp":"2022-01-18T16:34:13.024Z","beat_version":"7.6.2","z_elastic_ecs":{"agent":{},"log":{},"host":{},"event":{"provider":"Microsoft-Windows-WMI-Activity","kind":"event","created":"2022-01-18T19:17:09.571Z","code":5858},"ecs":{"version":"1.4.0"},"user":{"identifier":"S-1-5-18","type":"User","domain":"NT AUTHORITY","name":"SYSTEM"},"winlog":{"process":{"thread":{}}}},"beat_hostname":"win10","log_name":"Microsoft-Windows-WMI-Activity/Operational","wmi_id":"{00000000-0000-0000-0000-000000000000}","etl_kafka_partition":0,"wmi_operation":"Start IWbemServices::ExecQuery - root\\cimv2 : SELECT RemainingWindowsReArmCount, KeyManagementServiceListeningPort, KeyManagementServiceDnsPublishing, KeyManagementServiceLowPriority, ClientMachineId, KeyManagementServiceHostCaching, Version FROM SoftwareLicensingService","wmi_possible_cause":"Unknown","User":"win10\\vagrant","type":"wineventlog","provider_guid":"1418ef04-b0b4-4623-bf7e-d74ab47bbdaa","wmi_result_code":"0x80041032","event_original_time":"2022-01-18T16:34:13.024Z","thread_id":3612,"etl_host_agent_ephemeral_uid":"298c86f2-fe36-4c4c-88aa-2a80cc6ed89e","@version":"1","opcode":"Info","etl_pipeline":["all-filter-0098","all-add_processed_timestamp","fingerprint-winlogbeats7","winlogbeat_7_and_above-field_nest_cleanup","winlogbeat_7_and_above-field_cleanups","1500","1522","wmi-user_field_renames","wmi-all-extract_domain_and_user_name","wmi-event_id-5858-field_rename","general_rename-various_global_options","provider_guid-cleanup","winevent-hostname-cleanup","winevent-user_name-is-machine-account","final-cleanup-message_field"],"record_number":294,"event_original_message":"Id = {00000000-0000-0000-0000-000000000000}; ClientMachine = WIN10; User = WIN10\\vagrant; ClientProcessId = 4648; Component = Unknown; Operation = Start IWbemServices::ExecQuery - root\\cimv2 : SELECT RemainingWindowsReArmCount, KeyManagementServiceListeningPort, KeyManagementServiceDnsPublishing, KeyManagementServiceLowPriority, ClientMachineId, KeyManagementServiceHostCaching, Version FROM SoftwareLicensingService; ResultCode = 0x80041032; PossibleCause = Unknown","source_name":"Microsoft-Windows-WMI-Activity","process_id":"4648","etl_kafka_time":1642523653024,"host_name":"win10.windomain.local"}},{"_index":"logs-endpoint-winevent-wmiactivity-2022.01.18","_type":"_doc","_id":"cbb8ca35d426bcdac770ae87b33ac72c6ba1df6c","_score":1.0,"_source":{"level":"error","activity_id":"{f6080b4b-0c88-0001-c00c-08f6880cd801}","wmi_component":"Unknown","wmi_xml_operation":"Operation_ClientFailure","etl_processed_time":"2022-01-18T19:17:19.889Z","etl_kafka_topic":"winlogbeat","event_id":5858,"meta_user_name_is_machine":"false","task":"","etl_host_agent_type":"winlogbeat","user_domain":"nt authority","user_name":"system","wmi_client_machine":"WIN10","etl_kafka_offset":2951,"etl_version":"2020.04.19.01","etl_host_agent_uid":"8faec186-b368-44a8-a9c5-6e284dfc7aea","@timestamp":"2022-01-18T16:45:16.952Z","beat_version":"7.6.2","z_elastic_ecs":{"agent":{},"log":{},"host":{},"event":{"provider":"Microsoft-Windows-WMI-Activity","kind":"event","created":"2022-01-18T19:17:09.571Z","code":5858},"ecs":{"version":"1.4.0"},"user":{"type":"User","identifier":"S-1-5-18","domain":"NT AUTHORITY","name":"SYSTEM"},"winlog":{"process":{"thread":{}}}},"beat_hostname":"win10","log_name":"Microsoft-Windows-WMI-Activity/Operational","wmi_id":"{F6080B4B-0C88-0001-C00C-08F6880CD801}","etl_kafka_partition":0,"wmi_operation":"Start IWbemServices::ExecNotificationQuery - ROOT\\CIMV2 : SELECT * FROM Win32_ProcessStartTrace WHERE ProcessName = 'wsmprovhost.exe'","wmi_possible_cause":"Unknown","User":"nt authority\\system","type":"wineventlog","provider_guid":"1418ef04-b0b4-4623-bf7e-d74ab47bbdaa","wmi_result_code":"0x80041032","event_original_time":"2022-01-18T16:45:16.952Z","thread_id":3936,"etl_host_agent_ephemeral_uid":"298c86f2-fe36-4c4c-88aa-2a80cc6ed89e","@version":"1","opcode":"Info","etl_pipeline":["all-filter-0098","all-add_processed_timestamp","fingerprint-winlogbeats7","winlogbeat_7_and_above-field_nest_cleanup","winlogbeat_7_and_above-field_cleanups","1500","1522","wmi-user_field_renames","wmi-all-extract_domain_and_user_name","wmi-event_id-5858-field_rename","general_rename-various_global_options","provider_guid-cleanup","winevent-hostname-cleanup","winevent-user_name-is-machine-account","final-cleanup-message_field"],"record_number":299,"event_original_message":"Id = {F6080B4B-0C88-0001-C00C-08F6880CD801}; ClientMachine = WIN10; User = NT AUTHORITY\\SYSTEM; ClientProcessId = 5048; Component = Unknown; Operation = Start IWbemServices::ExecNotificationQuery - ROOT\\CIMV2 : SELECT * FROM Win32_ProcessStartTrace WHERE ProcessName = 'wsmprovhost.exe'; ResultCode = 0x80041032; PossibleCause = Unknown","source_name":"Microsoft-Windows-WMI-Activity","process_id":"5048","etl_kafka_time":1642524316952,"host_name":"win10.windomain.local"}},{"_index":"logs-endpoint-winevent-wmiactivity-2022.01.18","_type":"_doc","_id":"cf69ad99b80dde0a3d1a32ea482a83cc65f5bc1a","_score":1.0,"_source":{"level":"information","wmi_provider_path":"C:\\Windows\\System32\\wbem\\krnlprov.dll","wmi_xml_operation":"Operation_StartedOperational","etl_processed_time":"2022-01-18T19:17:19.877Z","etl_kafka_topic":"winlogbeat","event_id":5857,"task":"","etl_host_agent_type":"winlogbeat","etl_kafka_offset":2866,"etl_version":"2020.04.19.01","etl_host_agent_uid":"8faec186-b368-44a8-a9c5-6e284dfc7aea","@timestamp":"2022-01-18T16:23:26.394Z","beat_version":"7.6.2","z_elastic_ecs":{"agent":{},"log":{},"host":{},"event":{"provider":"Microsoft-Windows-WMI-Activity","kind":"event","created":"2022-01-18T19:17:09.571Z","code":5857},"ecs":{"version":"1.4.0"},"user":{"type":"User","identifier":"S-1-5-18","domain":"NT AUTHORITY","name":"SYSTEM"},"winlog":{"process":{"thread":{}}}},"beat_hostname":"win10","log_name":"Microsoft-Windows-WMI-Activity/Operational","etl_kafka_partition":0,"process_name":"wmiprvse.exe","type":"wineventlog","provider_guid":"1418ef04-b0b4-4623-bf7e-d74ab47bbdaa","wmi_result_code":"0x0","wmi_provider":"WMI Kernel Trace Event Provider","event_original_time":"2022-01-18T16:23:26.394Z","thread_id":3172,"etl_host_agent_ephemeral_uid":"298c86f2-fe36-4c4c-88aa-2a80cc6ed89e","@version":"1","opcode":"Info","etl_pipeline":["all-filter-0098","all-add_processed_timestamp","fingerprint-winlogbeats7","winlogbeat_7_and_above-field_nest_cleanup","winlogbeat_7_and_above-field_cleanups","1500","1522","wmi-user_field_renames","wmi-event_id_5857_rename","general_rename-various_global_options","provider_guid-cleanup","winevent-hostname-cleanup","final-cleanup-message_field"],"record_number":214,"event_original_message":"WMI Kernel Trace Event Provider provider started with result code 0x0. HostProcess = wmiprvse.exe; ProcessID = 3352; ProviderPath = C:\\Windows\\System32\\wbem\\krnlprov.dll","source_name":"Microsoft-Windows-WMI-Activity","process_id":"3352","etl_kafka_time":1642523006394,"host_name":"vagrant-2016"}},{"_index":"logs-endpoint-winevent-wmiactivity-2022.01.18","_type":"_doc","_id":"4a9f2897cb372f0aa7893bf72f13ecc7d355301b","_score":1.0,"_source":{"level":"information","wmi_provider_path":"%systemroot%\\system32\\wbem\\ntevt.dll","wmi_xml_operation":"Operation_StartedOperational","etl_processed_time":"2022-01-18T19:17:19.877Z","etl_kafka_topic":"winlogbeat","event_id":5857,"task":"","etl_host_agent_type":"winlogbeat","etl_kafka_offset":2868,"etl_version":"2020.04.19.01","etl_host_agent_uid":"8faec186-b368-44a8-a9c5-6e284dfc7aea","@timestamp":"2022-01-18T16:24:01.134Z","beat_version":"7.6.2","z_elastic_ecs":{"agent":{},"log":{},"host":{},"event":{"provider":"Microsoft-Windows-WMI-Activity","kind":"event","created":"2022-01-18T19:17:09.571Z","code":5857},"ecs":{"version":"1.4.0"},"user":{"type":"Well Known Group","identifier":"S-1-5-20","domain":"NT AUTHORITY","name":"NETWORK SERVICE"},"winlog":{"process":{"thread":{}}}},"beat_hostname":"win10","log_name":"Microsoft-Windows-WMI-Activity/Operational","etl_kafka_partition":0,"process_name":"wmiprvse.exe","type":"wineventlog","provider_guid":"1418ef04-b0b4-4623-bf7e-d74ab47bbdaa","wmi_result_code":"0x0","wmi_provider":"MS_NT_EVENTLOG_PROVIDER","event_original_time":"2022-01-18T16:24:01.134Z","thread_id":1092,"etl_host_agent_ephemeral_uid":"298c86f2-fe36-4c4c-88aa-2a80cc6ed89e","@version":"1","opcode":"Info","etl_pipeline":["all-filter-0098","all-add_processed_timestamp","fingerprint-winlogbeats7","winlogbeat_7_and_above-field_nest_cleanup","winlogbeat_7_and_above-field_cleanups","1500","1522","wmi-user_field_renames","wmi-event_id_5857_rename","general_rename-various_global_options","provider_guid-cleanup","winevent-hostname-cleanup","final-cleanup-message_field"],"record_number":216,"event_original_message":"MS_NT_EVENTLOG_PROVIDER provider started with result code 0x0. HostProcess = wmiprvse.exe; ProcessID = 3700; ProviderPath = %systemroot%\\system32\\wbem\\ntevt.dll","source_name":"Microsoft-Windows-WMI-Activity","process_id":"3700","etl_kafka_time":1642523041134,"host_name":"vagrant-2016"}},{"_index":"logs-endpoint-winevent-wmiactivity-2022.01.18","_type":"_doc","_id":"e51c46727198d7bb30a7ba13a4a7b09048126233","_score":1.0,"_source":{"level":"information","activity_id":"{ea9adaf6-0c8f-0002-91e1-9aea8f0cd801}","wmi_provider_path":"%systemroot%\\system32\\wbem\\wmiprov.dll","wmi_xml_operation":"Operation_StartedOperational","etl_processed_time":"2022-01-18T19:17:19.878Z","etl_kafka_topic":"winlogbeat","event_id":5857,"task":"","etl_host_agent_type":"winlogbeat","etl_kafka_offset":2869,"etl_version":"2020.04.19.01","etl_host_agent_uid":"8faec186-b368-44a8-a9c5-6e284dfc7aea","@timestamp":"2022-01-18T16:24:48.718Z","beat_version":"7.6.2","z_elastic_ecs":{"agent":{},"log":{},"host":{},"event":{"provider":"Microsoft-Windows-WMI-Activity","kind":"event","created":"2022-01-18T19:17:09.571Z","code":5857},"ecs":{"version":"1.4.0"},"user":{"identifier":"S-1-5-18","type":"User","domain":"NT AUTHORITY","name":"SYSTEM"},"winlog":{"process":{"thread":{}}}},"beat_hostname":"win10","log_name":"Microsoft-Windows-WMI-Activity/Operational","etl_kafka_partition":0,"process_name":"wmiprvse.exe","type":"wineventlog","provider_guid":"1418ef04-b0b4-4623-bf7e-d74ab47bbdaa","wmi_result_code":"0x0","wmi_provider":"WMIProv","event_original_time":"2022-01-18T16:24:48.718Z","thread_id":4840,"etl_host_agent_ephemeral_uid":"298c86f2-fe36-4c4c-88aa-2a80cc6ed89e","@version":"1","opcode":"Info","etl_pipeline":["all-filter-0098","all-add_processed_timestamp","fingerprint-winlogbeats7","winlogbeat_7_and_above-field_nest_cleanup","winlogbeat_7_and_above-field_cleanups","1500","1522","wmi-user_field_renames","wmi-event_id_5857_rename","general_rename-various_global_options","provider_guid-cleanup","winevent-hostname-cleanup","final-cleanup-message_field"],"record_number":217,"event_original_message":"WMIProv provider started with result code 0x0. HostProcess = wmiprvse.exe; ProcessID = 4788; ProviderPath = %systemroot%\\system32\\wbem\\wmiprov.dll","source_name":"Microsoft-Windows-WMI-Activity","process_id":"4788","etl_kafka_time":1642523088718,"host_name":"vagrant-2016"}},{"_index":"logs-endpoint-winevent-wmiactivity-2022.01.18","_type":"_doc","_id":"67c28bb749133428f4dc06fc7fdadda7b88f63f8","_score":1.0,"_source":{"level":"information","wmi_provider_path":"%systemroot%\\system32\\wbem\\cimwin32.dll","wmi_xml_operation":"Operation_StartedOperational","etl_processed_time":"2022-01-18T19:17:19.878Z","etl_kafka_topic":"winlogbeat","event_id":5857,"task":"","etl_host_agent_type":"winlogbeat","etl_kafka_offset":2871,"etl_version":"2020.04.19.01","etl_host_agent_uid":"8faec186-b368-44a8-a9c5-6e284dfc7aea","@timestamp":"2022-01-18T16:26:15.655Z","beat_version":"7.6.2","z_elastic_ecs":{"agent":{},"log":{},"host":{},"event":{"provider":"Microsoft-Windows-WMI-Activity","kind":"event","created":"2022-01-18T19:17:09.571Z","code":5857},"ecs":{"version":"1.4.0"},"user":{"identifier":"S-1-5-20","type":"Well Known Group","domain":"NT AUTHORITY","name":"NETWORK SERVICE"},"winlog":{"process":{"thread":{}}}},"beat_hostname":"win10","log_name":"Microsoft-Windows-WMI-Activity/Operational","etl_kafka_partition":0,"process_name":"wmiprvse.exe","type":"wineventlog","provider_guid":"1418ef04-b0b4-4623-bf7e-d74ab47bbdaa","wmi_result_code":"0x0","wmi_provider":"CIMWin32","event_original_time":"2022-01-18T16:26:15.655Z","thread_id":3908,"etl_host_agent_ephemeral_uid":"298c86f2-fe36-4c4c-88aa-2a80cc6ed89e","@version":"1","opcode":"Info","etl_pipeline":["all-filter-0098","all-add_processed_timestamp","fingerprint-winlogbeats7","winlogbeat_7_and_above-field_nest_cleanup","winlogbeat_7_and_above-field_cleanups","1500","1522","wmi-user_field_renames","wmi-event_id_5857_rename","general_rename-various_global_options","provider_guid-cleanup","winevent-hostname-cleanup","final-cleanup-message_field"],"record_number":219,"event_original_message":"CIMWin32 provider started with result code 0x0. HostProcess = wmiprvse.exe; ProcessID = 3876; ProviderPath = %systemroot%\\system32\\wbem\\cimwin32.dll","source_name":"Microsoft-Windows-WMI-Activity","process_id":"3876","etl_kafka_time":1642523175655,"host_name":"win10"}},{"_index":"logs-endpoint-winevent-wmiactivity-2022.01.18","_type":"_doc","_id":"0c4549bacc487854ed9802f726e19dae524318dc","_score":1.0,"_source":{"level":"information","wmi_provider_path":"C:\\Windows\\System32\\wbem\\WmiPerfClass.dll","wmi_xml_operation":"Operation_StartedOperational","etl_processed_time":"2022-01-18T19:17:19.878Z","etl_kafka_topic":"winlogbeat","event_id":5857,"task":"","etl_host_agent_type":"winlogbeat","etl_kafka_offset":2872,"etl_version":"2020.04.19.01","etl_host_agent_uid":"8faec186-b368-44a8-a9c5-6e284dfc7aea","@timestamp":"2022-01-18T16:26:22.361Z","beat_version":"7.6.2","z_elastic_ecs":{"agent":{},"log":{},"host":{},"event":{"provider":"Microsoft-Windows-WMI-Activity","kind":"event","created":"2022-01-18T19:17:09.571Z","code":5857},"ecs":{"version":"1.4.0"},"user":{"type":"User","identifier":"S-1-5-18","domain":"NT AUTHORITY","name":"SYSTEM"},"winlog":{"process":{"thread":{}}}},"beat_hostname":"win10","log_name":"Microsoft-Windows-WMI-Activity/Operational","etl_kafka_partition":0,"process_name":"wmiprvse.exe","type":"wineventlog","provider_guid":"1418ef04-b0b4-4623-bf7e-d74ab47bbdaa","wmi_result_code":"0x0","wmi_provider":"WmiPerfClass","event_original_time":"2022-01-18T16:26:22.361Z","thread_id":4388,"etl_host_agent_ephemeral_uid":"298c86f2-fe36-4c4c-88aa-2a80cc6ed89e","@version":"1","opcode":"Info","etl_pipeline":["all-filter-0098","all-add_processed_timestamp","fingerprint-winlogbeats7","winlogbeat_7_and_above-field_nest_cleanup","winlogbeat_7_and_above-field_cleanups","1500","1522","wmi-user_field_renames","wmi-event_id_5857_rename","general_rename-various_global_options","provider_guid-cleanup","winevent-hostname-cleanup","final-cleanup-message_field"],"record_number":220,"event_original_message":"WmiPerfClass provider started with result code 0x0. HostProcess = wmiprvse.exe; ProcessID = 4360; ProviderPath = C:\\Windows\\System32\\wbem\\WmiPerfClass.dll","source_name":"Microsoft-Windows-WMI-Activity","process_id":"4360","etl_kafka_time":1642523182361,"host_name":"win10"}},